12-07-17,03:50:00,CH1,,0, 0.00E+0,0,0,CH2,,0, 0.00E+0,0,0,CH3,,0, 0.00E+0,0,0,CH4,,0, 0.00E+0,0,0,CH5,,0, 0.00E+0,0,0,CH6,,0, 0.00E+0,0,0,
12-07-17,03:50:51,CH1,P1  ,1, 7.99E-6,0,1,CH2,P2  ,1, 5.01E-4,1,1,CH3,P3  ,1, 0.00E+0,0,1,CH4,P4  ,1, 7.44E+2,0,1,CH5,P5  ,1, 8.41E+2,0,1,CH6,P6,1, 8.38E-3,0,1,
12-07-17,03:51:51,CH1,P1  ,1, 7.97E-6,0,1,CH2,P2  ,1, 5.01E-4,1,1,CH3,P3  ,1, 0.00E+0,0,1,CH4,P4  ,1, 7.43E+2,0,1,CH5,P5  ,1, 8.41E+2,0,1,CH6,P6,1, 8.35E-3,0,1,
12-07-17,09:13:07,CH1,P1  ,1, 2.18E-5,0,1,CH2,P2  ,1, 5.01E-4,1,1,CH3,P3  ,1, 0.00E+0,0,1,CH4,P4  ,1, 7.25E+2,0,1,CH5,P5  ,1, 8.34E+2,0,1,CH6,P6,1, 1.38E-2,0,1,
12-07-17,09:14:01,CH1,P1  ,1, 2.19E-5,0,1,CH2,P2  ,1, 5.01E-4,1,1,CH3,P3  ,1, 0.00E+0,0,1,CH4,P4  ,1, 7.25E+2,0,1,CH5,P5  ,1, 8.35E+2,0,1,CH6,P6,1, 1.41E-2,0,1,
12-07-17,09:15:03,CH1,P1  ,1, 2.18E-5,0,1,CH2,P2  ,1, 5.01E-4,1,1,CH3,P3  ,1, 0.00E+0,0,1,CH4,P4  ,1, 7.25E+2,0,1,CH5,P5  ,1, 8.35E+2,0,1,CH6,P6,1, 1.44E-2,0,1,
12-07-17,09:16:03,CH1,P1  ,1, 2.18E-5,0,1,CH2,P2  ,1, 5.01E-4,1,1,CH3,P3  ,1, 0.00E+0,0,1,CH4,P4  ,1, 7.25E+2,0,1,CH5,P5  ,1, 8.33E+2,0,1,CH6,P6,1, 1.47E-2,0,1,
12-07-17,09:17:05,CH1,P1  ,1, 2.18E-5,0,1,CH2,P2  ,1, 5.01E-4,1,1,CH3,P3  ,1, 0.00E+0,0,1,CH4,P4  ,1, 7.25E+2,0,1,CH5,P5  ,1, 8.33E+2,0,1,CH6,P6,1, 1.50E-2,0,1,
12-07-17,09:18:05,CH1,P1  ,1, 2.19E-5,0,1,CH2,P2  ,1, 5.01E-4,1,1,CH3,P3  ,1, 0.00E+0,0,1,CH4,P4  ,1, 7.25E+2,0,1,CH5,P5  ,1, 8.32E+2,0,1,CH6,P6,1, 1.52E-2,0,1,
12-07-17,09:19:07,CH1,P1  ,1, 2.18E-5,0,1,CH2,P2  ,1, 5.01E-4,1,1,CH3,P3  ,1, 0.00E+0,0,1,CH4,P4  ,1, 7.24E+2,0,1,CH5,P5  ,1, 8.33E+2,0,1,CH6,P6,1, 1.55E-2,0,1,
12-07-17,09:20:09,CH1,P1  ,1, 2.18E-5,0,1,CH2,P2  ,1, 5.01E-4,1,1,CH3,P3  ,1, 0.00E+0,0,1,CH4,P4  ,1, 7.24E+2,0,1,CH5,P5  ,1, 8.33E+2,0,1,CH6,P6,1, 1.58E-2,0,1,
12-07-17,09:21:11,CH1,P1  ,1, 2.18E-5,0,1,CH2,P2  ,1, 5.01E-4,1,1,CH3,P3  ,1, 0.00E+0,0,1,CH4,P4  ,1, 7.24E+2,0,1,CH5,P5  ,1, 8.33E+2,0,1,CH6,P6,1, 1.61E-2,0,1,
12-07-17,09:22:11,CH1,P1  ,1, 2.18E-5,0,1,CH2,P2  ,1, 2.62E+1,0,1,CH3,P3  ,1, 0.00E+0,0,1,CH4,P4  ,1, 2.20E+1,0,1,CH5,P5  ,1, 8.32E+2,0,1,CH6,P6,1, 1.64E-2,0,1,
12-07-17,09:23:13,CH1,P1  ,1, 2.18E-5,0,1,CH2,P2  ,1, 2.61E+1,0,1,CH3,P3  ,1, 1.00E+0,0,1,CH4,P4  ,1, 2.20E+1,0,1,CH5,P5  ,1, 8.33E+2,0,1,CH6,P6,1, 1.67E-2,0,1,
12-07-17,09:24:13,CH1,P1  ,1, 2.19E-5,0,1,CH2,P2  ,1, 2.57E+1,0,1,CH3,P3  ,1, 0.00E+0,0,1,CH4,P4  ,1, 2.10E+1,0,1,CH5,P5  ,1, 8.32E+2,0,1,CH6,P6,1, 1.70E-2,0,1,
12-07-17,09:25:13,CH1,P1  ,1, 2.18E-5,0,1,CH2,P2  ,1, 7.02E-1,0,1,CH3,P3  ,1, 0.00E+0,0,1,CH4,P4  ,1, 7.29E+2,0,1,CH5,P5  ,1, 8.33E+2,0,1,CH6,P6,1, 1.73E-2,0,1,
12-07-17,09:26:15,CH1,P1  ,1, 2.18E-5,0,1,CH2,P2  ,1, 6.64E-2,0,1,CH3,P3  ,1, 0.00E+0,0,1,CH4,P4  ,1, 7.53E+2,0,1,CH5,P5  ,1, 8.33E+2,0,1,CH6,P6,1, 1.76E-2,0,1,
12-07-17,09:27:16,CH1,P1  ,1, 2.18E-5,0,1,CH2,P2  ,1, 5.83E-2,0,1,CH3,P3  ,1, 0.00E+0,0,1,CH4,P4  ,1, 7.78E+2,0,1,CH5,P5  ,1, 8.33E+2,0,1,CH6,P6,1, 1.79E-2,0,1,
12-07-17,09:28:16,CH1,P1  ,1, 2.18E-5,0,1,CH2,P2  ,1, 3.79E+2,0,1,CH3,P3  ,1, 3.00E+0,0,1,CH4,P4  ,1, 3.91E+2,0,1,CH5,P5  ,1, 4.24E+2,0,1,CH6,P6,1, 1.83E-2,0,1,
12-07-17,09:29:17,CH1,P1  ,1, 2.18E-5,0,1,CH2,P2  ,1, 2.69E+2,0,1,CH3,P3  ,1, 8.00E+0,0,1,CH4,P4  ,1, 7.24E+2,0,1,CH5,P5  ,1, 7.74E+2,0,1,CH6,P6,1, 1.85E-2,0,1,
12-07-17,09:30:18,CH1,P1  ,1, 2.18E-5,0,1,CH2,P2  ,1, 6.30E+2,0,1,CH3,P3  ,1, 1.30E+1,0,1,CH4,P4  ,1, 6.01E+2,0,1,CH5,P5  ,1, 6.43E+2,0,1,CH6,P6,1, 1.87E-2,0,1,
12-07-17,09:31:18,CH1,P1  ,1, 2.18E-5,0,1,CH2,P2  ,1, 1.57E+2,0,1,CH3,P3  ,1, 1.70E+1,0,1,CH4,P4  ,1, 7.44E+2,0,1,CH5,P5  ,1, 7.99E+2,0,1,CH6,P6,1, 1.90E-2,0,1,
12-07-17,09:32:19,CH1,P1  ,1, 2.18E-5,0,1,CH2,P2  ,1, 3.76E+2,0,1,CH3,P3  ,1, 2.30E+1,0,1,CH4,P4  ,1, 7.06E+2,0,1,CH5,P5  ,1, 7.54E+2,0,1,CH6,P6,1, 1.93E-2,0,1,
12-07-17,09:33:19,CH1,P1  ,1, 2.18E-5,0,1,CH2,P2  ,1, 5.55E+2,0,1,CH3,P3  ,1, 2.80E+1,0,1,CH4,P4  ,1, 5.39E+2,0,1,CH5,P5  ,1, 5.78E+2,0,1,CH6,P6,1, 1.95E-2,0,1,
12-07-17,09:34:20,CH1,P1  ,1, 2.18E-5,0,1,CH2,P2  ,1, 2.24E+2,0,1,CH3,P3  ,1, 3.30E+1,0,1,CH4,P4  ,1, 7.32E+2,0,1,CH5,P5  ,1, 7.84E+2,0,1,CH6,P6,1, 1.98E-2,0,1,
12-07-17,09:35:20,CH1,P1  ,1, 2.18E-5,0,1,CH2,P2  ,1, 5.28E+2,0,1,CH3,P3  ,1, 3.90E+1,0,1,CH4,P4  ,1, 6.72E+2,0,1,CH5,P5  ,1, 7.20E+2,0,1,CH6,P6,1, 2.00E-2,0,1,
12-07-17,09:36:21,CH1,P1  ,1, 2.18E-5,0,1,CH2,P2  ,1, 1.96E+2,0,1,CH3,P3  ,1, 4.40E+1,0,1,CH4,P4  ,1, 3.64E+2,0,1,CH5,P5  ,1, 3.62E+2,0,1,CH6,P6,1, 2.03E-2,0,1,
12-07-17,09:37:22,CH1,P1  ,1, 2.18E-5,0,1,CH2,P2  ,1, 3.14E+2,0,1,CH3,P3  ,1, 4.90E+1,0,1,CH4,P4  ,1, 7.16E+2,0,1,CH5,P5  ,1, 7.65E+2,0,1,CH6,P6,1, 2.06E-2,0,1,
12-07-17,09:38:22,CH1,P1  ,1, 2.18E-5,0,1,CH2,P2  ,1, 6.11E+2,0,1,CH3,P3  ,1, 5.40E+1,0,1,CH4,P4  ,1, 5.86E+2,0,1,CH5,P5  ,1, 6.25E+2,0,1,CH6,P6,1, 2.09E-2,0,1,
12-07-17,09:39:22,CH1,P1  ,1, 2.18E-5,0,1,CH2,P2  ,1, 1.96E+2,0,1,CH3,P3  ,1, 6.00E+1,0,1,CH4,P4  ,1, 7.36E+2,0,1,CH5,P5  ,1, 7.89E+2,0,1,CH6,P6,1, 2.12E-2,0,1,
12-07-17,09:40:23,CH1,P1  ,1, 2.18E-5,0,1,CH2,P2  ,1, 4.54E+2,0,1,CH3,P3  ,1, 6.60E+1,0,1,CH4,P4  ,1, 6.91E+2,0,1,CH5,P5  ,1, 7.38E+2,0,1,CH6,P6,1, 2.14E-2,0,1,
12-07-17,09:41:23,CH1,P1  ,1, 2.18E-5,0,1,CH2,P2  ,1, 3.91E+2,0,1,CH3,P3  ,1, 7.10E+1,0,1,CH4,P4  ,1, 4.01E+2,0,1,CH5,P5  ,1, 4.34E+2,0,1,CH6,P6,1, 2.17E-2,0,1,
12-07-17,09:42:24,CH1,P1  ,1, 2.18E-5,0,1,CH2,P2  ,1, 2.73E+2,0,1,CH3,P3  ,1, 7.70E+1,0,1,CH4,P4  ,1, 7.22E+2,0,1,CH5,P5  ,1, 7.73E+2,0,1,CH6,P6,1, 2.20E-2,0,1,
12-07-17,09:43:25,CH1,P1  ,1, 2.18E-5,0,1,CH2,P2  ,1, 6.30E+2,0,1,CH3,P3  ,1, 8.30E+1,0,1,CH4,P4  ,1, 6.01E+2,0,1,CH5,P5  ,1, 6.42E+2,0,1,CH6,P6,1, 2.24E-2,0,1,
12-07-17,09:44:25,CH1,P1  ,1, 2.17E-5,0,1,CH2,P2  ,1, 1.67E+2,0,1,CH3,P3  ,1, 8.90E+1,0,1,CH4,P4  ,1, 7.41E+2,0,1,CH5,P5  ,1, 7.95E+2,0,1,CH6,P6,1, 2.26E-2,0,1,
12-07-17,09:45:25,CH1,P1  ,1, 2.17E-5,0,1,CH2,P2  ,1, 4.08E+2,0,1,CH3,P3  ,1, 9.50E+1,0,1,CH4,P4  ,1, 6.98E+2,0,1,CH5,P5  ,1, 7.46E+2,0,1,CH6,P6,1, 2.29E-2,0,1,
12-07-17,09:46:26,CH1,P1  ,1, 2.17E-5,0,1,CH2,P2  ,1, 5.18E+2,0,1,CH3,P3  ,1, 1.00E+2,0,1,CH4,P4  ,1, 5.09E+2,0,1,CH5,P5  ,1, 5.47E+2,0,1,CH6,P6,1, 2.31E-2,0,1,
12-07-17,09:47:26,CH1,P1  ,1, 2.17E-5,0,1,CH2,P2  ,1, 2.43E+2,0,1,CH3,P3  ,1, 1.07E+2,0,1,CH4,P4  ,1, 7.27E+2,0,1,CH5,P5  ,1, 7.77E+2,0,1,CH6,P6,1, 2.34E-2,0,1,
12-07-17,09:48:27,CH1,P1  ,1, 2.16E-5,0,1,CH2,P2  ,1, 5.66E+2,0,1,CH3,P3  ,1, 1.12E+2,0,1,CH4,P4  ,1, 6.46E+2,0,1,CH5,P5  ,1, 6.92E+2,0,1,CH6,P6,1, 2.37E-2,0,1,
12-07-17,09:49:27,CH1,P1  ,1, 2.16E-5,0,1,CH2,P2  ,1, 1.44E+2,0,1,CH3,P3  ,1, 1.18E+2,0,1,CH4,P4  ,1, 7.40E+2,0,1,CH5,P5  ,1, 7.81E+2,0,1,CH6,P6,1, 2.40E-2,0,1,
12-07-17,09:50:28,CH1,P1  ,1, 2.16E-5,0,1,CH2,P2  ,1, 3.34E+2,0,1,CH3,P3  ,1, 1.24E+2,0,1,CH4,P4  ,1, 7.11E+2,0,1,CH5,P5  ,1, 7.60E+2,0,1,CH6,P6,1, 2.43E-2,0,1,
12-07-17,09:51:29,CH1,P1  ,1, 2.16E-5,0,1,CH2,P2  ,1, 6.11E+2,0,1,CH3,P3  ,1, 1.30E+2,0,1,CH4,P4  ,1, 5.86E+2,0,1,CH5,P5  ,1, 6.26E+2,0,1,CH6,P6,1, 2.47E-2,0,1,
12-07-17,09:52:29,CH1,P1  ,1, 2.16E-5,0,1,CH2,P2  ,1, 1.97E+2,0,1,CH3,P3  ,1, 1.35E+2,0,1,CH4,P4  ,1, 7.35E+2,0,1,CH5,P5  ,1, 7.87E+2,0,1,CH6,P6,1, 2.49E-2,0,1,
12-07-17,09:53:29,CH1,P1  ,1, 3.03E-5,0,1,CH2,P2  ,1, 4.77E+2,0,1,CH3,P3  ,1, 1.41E+2,0,1,CH4,P4  ,1, 6.84E+2,0,1,CH5,P5  ,1, 7.32E+2,0,1,CH6,P6,1, 2.52E-2,0,1,
12-07-17,09:54:30,CH1,P1  ,1, 2.30E-5,0,1,CH2,P2  ,1, 3.44E+2,0,1,CH3,P3  ,1, 1.47E+2,0,1,CH4,P4  ,1, 3.68E+2,0,1,CH5,P5  ,1, 3.99E+2,0,1,CH6,P6,1, 2.55E-2,0,1,
12-07-17,09:55:30,CH1,P1  ,1, 2.19E-5,0,1,CH2,P2  ,1, 3.03E+2,0,1,CH3,P3  ,1, 1.53E+2,0,1,CH4,P4  ,1, 7.16E+2,0,1,CH5,P5  ,1, 7.66E+2,0,1,CH6,P6,1, 2.59E-2,0,1,
12-07-17,09:56:30,CH1,P1  ,1, 2.18E-5,0,1,CH2,P2  ,1, 6.16E+2,0,1,CH3,P3  ,1, 1.58E+2,0,1,CH4,P4  ,1, 5.91E+2,0,1,CH5,P5  ,1, 6.30E+2,0,1,CH6,P6,1, 2.62E-2,0,1,
12-07-17,09:57:30,CH1,P1  ,1, 2.17E-5,0,1,CH2,P2  ,1, 2.03E+2,0,1,CH3,P3  ,1, 1.63E+2,0,1,CH4,P4  ,1, 7.33E+2,0,1,CH5,P5  ,1, 7.85E+2,0,1,CH6,P6,1, 2.65E-2,0,1,
12-07-17,09:58:31,CH1,P1  ,1, 2.17E-5,0,1,CH2,P2  ,1, 4.71E+2,0,1,CH3,P3  ,1, 1.70E+2,0,1,CH4,P4  ,1, 6.85E+2,0,1,CH5,P5  ,1, 7.34E+2,0,1,CH6,P6,1, 2.68E-2,0,1,
12-07-17,09:59:31,CH1,P1  ,1, 2.16E-5,0,1,CH2,P2  ,1, 3.01E+2,0,1,CH3,P3  ,1, 1.74E+2,0,1,CH4,P4  ,1, 3.41E+2,0,1,CH5,P5  ,1, 3.70E+2,0,1,CH6,P6,1, 2.70E-2,0,1,
12-07-17,10:00:31,CH1,P1  ,1, 2.16E-5,0,1,CH2,P2  ,1, 2.96E+2,0,1,CH3,P3  ,1, 1.79E+2,0,1,CH4,P4  ,1, 7.17E+2,0,1,CH5,P5  ,1, 7.67E+2,0,1,CH6,P6,1, 2.74E-2,0,1,
12-07-17,10:01:31,CH1,P1  ,1, 2.16E-5,0,1,CH2,P2  ,1, 6.21E+2,0,1,CH3,P3  ,1, 1.82E+2,0,1,CH4,P4  ,1, 5.95E+2,0,1,CH5,P5  ,1, 6.34E+2,0,1,CH6,P6,1, 2.77E-2,0,1,
12-07-17,10:02:32,CH1,P1  ,1, 2.16E-5,0,1,CH2,P2  ,1, 1.86E+2,0,1,CH3,P3  ,1, 1.86E+2,0,1,CH4,P4  ,1, 7.37E+2,0,1,CH5,P5  ,1, 7.90E+2,0,1,CH6,P6,1, 2.81E-2,0,1,
12-07-17,10:03:32,CH1,P1  ,1, 2.16E-5,0,1,CH2,P2  ,1, 4.33E+2,0,1,CH3,P3  ,1, 1.91E+2,0,1,CH4,P4  ,1, 6.92E+2,0,1,CH5,P5  ,1, 7.41E+2,0,1,CH6,P6,1, 2.83E-2,0,1,
12-07-17,10:04:33,CH1,P1  ,1, 2.16E-5,0,1,CH2,P2  ,1, 4.04E+2,0,1,CH3,P3  ,1, 1.95E+2,0,1,CH4,P4  ,1, 4.11E+2,0,1,CH5,P5  ,1, 4.44E+2,0,1,CH6,P6,1, 2.86E-2,0,1,
12-07-17,10:05:33,CH1,P1  ,1, 2.16E-5,0,1,CH2,P2  ,1, 2.70E+2,0,1,CH3,P3  ,1, 1.98E+2,0,1,CH4,P4  ,1, 7.21E+2,0,1,CH5,P5  ,1, 7.72E+2,0,1,CH6,P6,1, 2.89E-2,0,1,
12-07-17,10:06:33,CH1,P1  ,1, 2.16E-5,0,1,CH2,P2  ,1, 6.30E+2,0,1,CH3,P3  ,1, 2.02E+2,0,1,CH4,P4  ,1, 6.00E+2,0,1,CH5,P5  ,1, 6.41E+2,0,1,CH6,P6,1, 2.92E-2,0,1,
12-07-17,10:07:34,CH1,P1  ,1, 2.15E-5,0,1,CH2,P2  ,1, 1.65E+2,0,1,CH3,P3  ,1, 2.07E+2,0,1,CH4,P4  ,1, 7.40E+2,0,1,CH5,P5  ,1, 7.94E+2,0,1,CH6,P6,1, 2.95E-2,0,1,
12-07-17,10:08:34,CH1,P1  ,1, 2.15E-5,0,1,CH2,P2  ,1, 3.83E+2,0,1,CH3,P3  ,1, 2.12E+2,0,1,CH4,P4  ,1, 7.02E+2,0,1,CH5,P5  ,1, 7.50E+2,0,1,CH6,P6,1, 2.99E-2,0,1,
12-07-17,10:09:34,CH1,P1  ,1, 2.15E-5,0,1,CH2,P2  ,1, 5.43E+2,0,1,CH3,P3  ,1, 2.16E+2,0,1,CH4,P4  ,1, 5.30E+2,0,1,CH5,P5  ,1, 5.69E+2,0,1,CH6,P6,1, 3.00E-2,0,1,
12-07-17,10:10:35,CH1,P1  ,1, 2.14E-5,0,1,CH2,P2  ,1, 2.31E+2,0,1,CH3,P3  ,1, 2.18E+2,0,1,CH4,P4  ,1, 7.28E+2,0,1,CH5,P5  ,1, 7.79E+2,0,1,CH6,P6,1, 3.03E-2,0,1,
12-07-17,10:11:35,CH1,P1  ,1, 2.14E-5,0,1,CH2,P2  ,1, 5.37E+2,0,1,CH3,P3  ,1, 2.22E+2,0,1,CH4,P4  ,1, 6.64E+2,0,1,CH5,P5  ,1, 7.11E+2,0,1,CH6,P6,1, 3.06E-2,0,1,
12-07-17,10:12:35,CH1,P1  ,1, 2.14E-5,0,1,CH2,P2  ,1, 1.67E+2,0,1,CH3,P3  ,1, 2.25E+2,0,1,CH4,P4  ,1, 4.67E+2,0,1,CH5,P5  ,1, 4.20E+2,0,1,CH6,P6,1, 3.08E-2,0,1,
12-07-17,10:13:36,CH1,P1  ,1, 2.15E-5,0,1,CH2,P2  ,1, 3.28E+2,0,1,CH3,P3  ,1, 2.30E+2,0,1,CH4,P4  ,1, 7.11E+2,0,1,CH5,P5  ,1, 7.60E+2,0,1,CH6,P6,1, 3.11E-2,0,1,
12-07-17,10:14:36,CH1,P1  ,1, 2.15E-5,0,1,CH2,P2  ,1, 6.10E+2,0,1,CH3,P3  ,1, 2.33E+2,0,1,CH4,P4  ,1, 5.85E+2,0,1,CH5,P5  ,1, 6.24E+2,0,1,CH6,P6,1, 3.14E-2,0,1,
12-07-17,10:15:37,CH1,P1  ,1, 2.14E-5,0,1,CH2,P2  ,1, 2.02E+2,0,1,CH3,P3  ,1, 2.35E+2,0,1,CH4,P4  ,1, 7.33E+2,0,1,CH5,P5  ,1, 7.86E+2,0,1,CH6,P6,1, 3.18E-2,0,1,
12-07-17,10:16:37,CH1,P1  ,1, 2.14E-5,0,1,CH2,P2  ,1, 4.64E+2,0,1,CH3,P3  ,1, 2.39E+2,0,1,CH4,P4  ,1, 6.86E+2,0,1,CH5,P5  ,1, 7.34E+2,0,1,CH6,P6,1, 3.21E-2,0,1,
12-07-17,10:17:37,CH1,P1  ,1, 2.14E-5,0,1,CH2,P2  ,1, 3.62E+2,0,1,CH3,P3  ,1, 2.42E+2,0,1,CH4,P4  ,1, 3.81E+2,0,1,CH5,P5  ,1, 4.12E+2,0,1,CH6,P6,1, 3.24E-2,0,1,
12-07-17,10:18:37,CH1,P1  ,1, 2.14E-5,0,1,CH2,P2  ,1, 2.87E+2,0,1,CH3,P3  ,1, 2.45E+2,0,1,CH4,P4  ,1, 7.18E+2,0,1,CH5,P5  ,1, 7.68E+2,0,1,CH6,P6,1, 3.26E-2,0,1,
12-07-17,10:19:38,CH1,P1  ,1, 2.14E-5,0,1,CH2,P2  ,1, 6.27E+2,0,1,CH3,P3  ,1, 2.49E+2,0,1,CH4,P4  ,1, 5.99E+2,0,1,CH5,P5  ,1, 6.40E+2,0,1,CH6,P6,1, 3.29E-2,0,1,
12-07-17,10:20:38,CH1,P1  ,1, 2.14E-5,0,1,CH2,P2  ,1, 1.74E+2,0,1,CH3,P3  ,1, 2.51E+2,0,1,CH4,P4  ,1, 7.38E+2,0,1,CH5,P5  ,1, 7.91E+2,0,1,CH6,P6,1, 3.33E-2,0,1,
12-07-17,10:21:38,CH1,P1  ,1, 2.14E-5,0,1,CH2,P2  ,1, 4.10E+2,0,1,CH3,P3  ,1, 2.54E+2,0,1,CH4,P4  ,1, 6.96E+2,0,1,CH5,P5  ,1, 7.44E+2,0,1,CH6,P6,1, 3.36E-2,0,1,
12-07-17,10:22:39,CH1,P1  ,1, 2.13E-5,0,1,CH2,P2  ,1, 5.00E+2,0,1,CH3,P3  ,1, 2.55E+2,0,1,CH4,P4  ,1, 4.92E+2,0,1,CH5,P5  ,1, 5.28E+2,0,1,CH6,P6,1, 3.40E-2,0,1,
12-07-17,10:23:39,CH1,P1  ,1, 2.14E-5,0,1,CH2,P2  ,1, 2.49E+2,0,1,CH3,P3  ,1, 2.58E+2,0,1,CH4,P4  ,1, 7.24E+2,0,1,CH5,P5  ,1, 7.74E+2,0,1,CH6,P6,1, 3.42E-2,0,1,
12-07-17,10:24:39,CH1,P1  ,1, 2.13E-5,0,1,CH2,P2  ,1, 5.78E+2,0,1,CH3,P3  ,1, 2.61E+2,0,1,CH4,P4  ,1, 6.30E+2,0,1,CH5,P5  ,1, 6.79E+2,0,1,CH6,P6,1, 3.45E-2,0,1,
12-07-17,10:25:40,CH1,P1  ,1, 2.13E-5,0,1,CH2,P2  ,1, 1.49E+2,0,1,CH3,P3  ,1, 2.64E+2,0,1,CH4,P4  ,1, 7.43E+2,0,1,CH5,P5  ,1, 7.97E+2,0,1,CH6,P6,1, 3.48E-2,0,1,
12-07-17,10:26:40,CH1,P1  ,1, 2.13E-5,0,1,CH2,P2  ,1, 3.44E+2,0,1,CH3,P3  ,1, 2.66E+2,0,1,CH4,P4  ,1, 7.08E+2,0,1,CH5,P5  ,1, 7.57E+2,0,1,CH6,P6,1, 3.52E-2,0,1,
12-07-17,10:27:41,CH1,P1  ,1, 2.13E-5,0,1,CH2,P2  ,1, 6.06E+2,0,1,CH3,P3  ,1, 2.68E+2,0,1,CH4,P4  ,1, 5.83E+2,0,1,CH5,P5  ,1, 6.22E+2,0,1,CH6,P6,1, 3.56E-2,0,1,
12-07-17,10:28:41,CH1,P1  ,1, 2.12E-5,0,1,CH2,P2  ,1, 2.06E+2,0,1,CH3,P3  ,1, 2.70E+2,0,1,CH4,P4  ,1, 7.32E+2,0,1,CH5,P5  ,1, 7.84E+2,0,1,CH6,P6,1, 3.58E-2,0,1,
12-07-17,10:29:41,CH1,P1  ,1, 2.13E-5,0,1,CH2,P2  ,1, 4.72E+2,0,1,CH3,P3  ,1, 2.73E+2,0,1,CH4,P4  ,1, 6.83E+2,0,1,CH5,P5  ,1, 7.31E+2,0,1,CH6,P6,1, 3.62E-2,0,1,
12-07-17,10:30:42,CH1,P1  ,1, 2.12E-5,0,1,CH2,P2  ,1, 3.35E+2,0,1,CH3,P3  ,1, 2.74E+2,0,1,CH4,P4  ,1, 3.58E+2,0,1,CH5,P5  ,1, 3.90E+2,0,1,CH6,P6,1, 3.65E-2,0,1,
12-07-17,10:31:42,CH1,P1  ,1, 2.12E-5,0,1,CH2,P2  ,1, 2.90E+2,0,1,CH3,P3  ,1, 2.74E+2,0,1,CH4,P4  ,1, 7.17E+2,0,1,CH5,P5  ,1, 7.66E+2,0,1,CH6,P6,1, 3.69E-2,0,1,
12-07-17,10:32:42,CH1,P1  ,1, 2.12E-5,0,1,CH2,P2  ,1, 6.27E+2,0,1,CH3,P3  ,1, 2.75E+2,0,1,CH4,P4  ,1, 5.98E+2,0,1,CH5,P5  ,1, 6.38E+2,0,1,CH6,P6,1, 3.73E-2,0,1,
12-07-17,10:33:42,CH1,P1  ,1, 2.12E-5,0,1,CH2,P2  ,1, 1.78E+2,0,1,CH3,P3  ,1, 2.76E+2,0,1,CH4,P4  ,1, 7.37E+2,0,1,CH5,P5  ,1, 7.90E+2,0,1,CH6,P6,1, 3.77E-2,0,1,
12-07-17,10:34:43,CH1,P1  ,1, 2.12E-5,0,1,CH2,P2  ,1, 4.08E+2,0,1,CH3,P3  ,1, 2.79E+2,0,1,CH4,P4  ,1, 6.96E+2,0,1,CH5,P5  ,1, 7.44E+2,0,1,CH6,P6,1, 3.78E-2,0,1,
12-07-17,10:35:43,CH1,P1  ,1, 2.12E-5,0,1,CH2,P2  ,1, 5.17E+2,0,1,CH3,P3  ,1, 2.81E+2,0,1,CH4,P4  ,1, 5.07E+2,0,1,CH5,P5  ,1, 5.47E+2,0,1,CH6,P6,1, 3.82E-2,0,1,
12-07-17,10:36:44,CH1,P1  ,1, 2.11E-5,0,1,CH2,P2  ,1, 2.44E+2,0,1,CH3,P3  ,1, 2.81E+2,0,1,CH4,P4  ,1, 7.25E+2,0,1,CH5,P5  ,1, 7.75E+2,0,1,CH6,P6,1, 3.86E-2,0,1,
12-07-17,10:37:44,CH1,P1  ,1, 2.11E-5,0,1,CH2,P2  ,1, 5.77E+2,0,1,CH3,P3  ,1, 2.82E+2,0,1,CH4,P4  ,1, 6.33E+2,0,1,CH5,P5  ,1, 6.78E+2,0,1,CH6,P6,1, 3.89E-2,0,1,
12-07-17,10:38:44,CH1,P1  ,1, 2.11E-5,0,1,CH2,P2  ,1, 1.48E+2,0,1,CH3,P3  ,1, 2.82E+2,0,1,CH4,P4  ,1, 7.43E+2,0,1,CH5,P5  ,1, 7.95E+2,0,1,CH6,P6,1, 3.92E-2,0,1,
12-07-17,10:39:45,CH1,P1  ,1, 2.11E-5,0,1,CH2,P2  ,1, 3.46E+2,0,1,CH3,P3  ,1, 2.86E+2,0,1,CH4,P4  ,1, 7.07E+2,0,1,CH5,P5  ,1, 7.57E+2,0,1,CH6,P6,1, 3.95E-2,0,1,
12-07-17,10:40:45,CH1,P1  ,1, 2.11E-5,0,1,CH2,P2  ,1, 5.99E+2,0,1,CH3,P3  ,1, 2.87E+2,0,1,CH4,P4  ,1, 5.76E+2,0,1,CH5,P5  ,1, 6.15E+2,0,1,CH6,P6,1, 3.99E-2,0,1,
12-07-17,10:41:45,CH1,P1  ,1, 2.11E-5,0,1,CH2,P2  ,1, 2.09E+2,0,1,CH3,P3  ,1, 2.88E+2,0,1,CH4,P4  ,1, 7.31E+2,0,1,CH5,P5  ,1, 7.83E+2,0,1,CH6,P6,1, 4.02E-2,0,1,
12-07-17,10:42:46,CH1,P1  ,1, 2.11E-5,0,1,CH2,P2  ,1, 4.78E+2,0,1,CH3,P3  ,1, 2.88E+2,0,1,CH4,P4  ,1, 6.82E+2,0,1,CH5,P5  ,1, 7.29E+2,0,1,CH6,P6,1, 4.06E-2,0,1,
12-07-17,10:43:46,CH1,P1  ,1, 2.11E-5,0,1,CH2,P2  ,1, 3.26E+2,0,1,CH3,P3  ,1, 2.89E+2,0,1,CH4,P4  ,1, 3.52E+2,0,1,CH5,P5  ,1, 3.87E+2,0,1,CH6,P6,1, 4.09E-2,0,1,
12-07-17,10:44:46,CH1,P1  ,1, 2.11E-5,0,1,CH2,P2  ,1, 2.91E+2,0,1,CH3,P3  ,1, 2.93E+2,0,1,CH4,P4  ,1, 7.16E+2,0,1,CH5,P5  ,1, 7.66E+2,0,1,CH6,P6,1, 4.12E-2,0,1,
12-07-17,10:45:47,CH1,P1  ,1, 2.11E-5,0,1,CH2,P2  ,1, 6.26E+2,0,1,CH3,P3  ,1, 2.92E+2,0,1,CH4,P4  ,1, 5.98E+2,0,1,CH5,P5  ,1, 6.39E+2,0,1,CH6,P6,1, 4.15E-2,0,1,
12-07-17,10:46:48,CH1,P1  ,1, 2.10E-5,0,1,CH2,P2  ,1, 1.71E+2,0,1,CH3,P3  ,1, 2.95E+2,0,1,CH4,P4  ,1, 7.38E+2,0,1,CH5,P5  ,1, 7.91E+2,0,1,CH6,P6,1, 4.19E-2,0,1,
12-07-17,10:47:48,CH1,P1  ,1, 2.10E-5,0,1,CH2,P2  ,1, 3.96E+2,0,1,CH3,P3  ,1, 2.96E+2,0,1,CH4,P4  ,1, 6.97E+2,0,1,CH5,P5  ,1, 7.46E+2,0,1,CH6,P6,1, 4.23E-2,0,1,
12-07-17,10:48:48,CH1,P1  ,1, 2.10E-5,0,1,CH2,P2  ,1, 5.27E+2,0,1,CH3,P3  ,1, 2.96E+2,0,1,CH4,P4  ,1, 5.16E+2,0,1,CH5,P5  ,1, 5.53E+2,0,1,CH6,P6,1, 4.25E-2,0,1,
12-07-17,10:49:49,CH1,P1  ,1, 2.10E-5,0,1,CH2,P2  ,1, 2.39E+2,0,1,CH3,P3  ,1, 2.97E+2,0,1,CH4,P4  ,1, 7.25E+2,0,1,CH5,P5  ,1, 7.76E+2,0,1,CH6,P6,1, 4.28E-2,0,1,
12-07-17,10:50:49,CH1,P1  ,1, 2.10E-5,0,1,CH2,P2  ,1, 5.36E+2,0,1,CH3,P3  ,1, 3.00E+2,0,1,CH4,P4  ,1, 6.63E+2,0,1,CH5,P5  ,1, 7.09E+2,0,1,CH6,P6,1, 4.30E-2,0,1,
12-07-17,10:51:50,CH1,P1  ,1, 2.10E-5,0,1,CH2,P2  ,1, 2.05E+2,0,1,CH3,P3  ,1, 2.98E+2,0,1,CH4,P4  ,1, 3.57E+2,0,1,CH5,P5  ,1, 3.59E+2,0,1,CH6,P6,1, 4.33E-2,0,1,
12-07-17,10:52:50,CH1,P1  ,1, 2.10E-5,0,1,CH2,P2  ,1, 3.17E+2,0,1,CH3,P3  ,1, 3.02E+2,0,1,CH4,P4  ,1, 7.12E+2,0,1,CH5,P5  ,1, 7.62E+2,0,1,CH6,P6,1, 4.36E-2,0,1,
12-07-17,10:53:51,CH1,P1  ,1, 2.10E-5,0,1,CH2,P2  ,1, 6.18E+2,0,1,CH3,P3  ,1, 3.02E+2,0,1,CH4,P4  ,1, 5.92E+2,0,1,CH5,P5  ,1, 6.31E+2,0,1,CH6,P6,1, 4.40E-2,0,1,
12-07-17,10:54:51,CH1,P1  ,1, 2.10E-5,0,1,CH2,P2  ,1, 1.88E+2,0,1,CH3,P3  ,1, 3.02E+2,0,1,CH4,P4  ,1, 7.35E+2,0,1,CH5,P5  ,1, 7.88E+2,0,1,CH6,P6,1, 4.44E-2,0,1,
12-07-17,10:55:51,CH1,P1  ,1, 2.10E-5,0,1,CH2,P2  ,1, 4.34E+2,0,1,CH3,P3  ,1, 3.04E+2,0,1,CH4,P4  ,1, 6.91E+2,0,1,CH5,P5  ,1, 7.39E+2,0,1,CH6,P6,1, 4.47E-2,0,1,
12-07-17,10:56:52,CH1,P1  ,1, 2.09E-5,0,1,CH2,P2  ,1, 4.46E+2,0,1,CH3,P3  ,1, 3.05E+2,0,1,CH4,P4  ,1, 4.46E+2,0,1,CH5,P5  ,1, 4.80E+2,0,1,CH6,P6,1, 4.50E-2,0,1,
12-07-17,10:57:52,CH1,P1  ,1, 2.09E-5,0,1,CH2,P2  ,1, 8.29E+0,0,1,CH3,P3  ,1, 2.95E+2,0,1,CH4,P4  ,1, 7.72E+2,0,1,CH5,P5  ,1, 8.26E+2,0,1,CH6,P6,1, 4.52E-2,0,1,
12-07-17,10:58:53,CH1,P1  ,1, 2.09E-5,0,1,CH2,P2  ,1, 7.80E-1,0,1,CH3,P3  ,1, 5.20E+2,0,1,CH4,P4  ,1, 5.25E+2,0,1,CH5,P5  ,1, 8.25E+2,0,1,CH6,P6,1, 4.57E-2,0,1,
12-07-17,10:59:53,CH1,P1  ,1, 2.09E-5,0,1,CH2,P2  ,1, 3.11E-1,0,1,CH3,P3  ,1, 4.23E+2,0,1,CH4,P4  ,1, 4.24E+2,0,1,CH5,P5  ,1, 8.25E+2,0,1,CH6,P6,1, 4.61E-2,0,1,
12-07-17,11:00:55,CH1,P1  ,1, 2.09E-5,0,1,CH2,P2  ,1, 1.85E-1,0,1,CH3,P3  ,1, 3.89E+2,0,1,CH4,P4  ,1, 3.85E+2,0,1,CH5,P5  ,1, 8.24E+2,0,1,CH6,P6,1, 4.64E-2,0,1,
12-07-17,11:01:57,CH1,P1  ,1, 2.09E-5,0,1,CH2,P2  ,1, 1.46E-1,0,1,CH3,P3  ,1, 3.70E+2,0,1,CH4,P4  ,1, 3.68E+2,0,1,CH5,P5  ,1, 8.24E+2,0,1,CH6,P6,1, 4.67E-2,0,1,
12-07-17,11:02:57,CH1,P1  ,1, 2.08E-5,0,1,CH2,P2  ,1, 1.31E-1,0,1,CH3,P3  ,1, 3.65E+2,0,1,CH4,P4  ,1, 3.61E+2,0,1,CH5,P5  ,1, 8.24E+2,0,1,CH6,P6,1, 4.69E-2,0,1,
12-07-17,11:03:57,CH1,P1  ,1, 2.08E-5,0,1,CH2,P2  ,1, 1.26E-1,0,1,CH3,P3  ,1, 3.66E+2,0,1,CH4,P4  ,1, 3.60E+2,0,1,CH5,P5  ,1, 8.24E+2,0,1,CH6,P6,1, 4.73E-2,0,1,
12-07-17,11:04:59,CH1,P1  ,1, 2.08E-5,0,1,CH2,P2  ,1, 1.24E-1,0,1,CH3,P3  ,1, 3.59E+2,0,1,CH4,P4  ,1, 3.56E+2,0,1,CH5,P5  ,1, 8.25E+2,0,1,CH6,P6,1, 4.77E-2,0,1,
12-07-17,11:06:01,CH1,P1  ,1, 2.08E-5,0,1,CH2,P2  ,1, 1.20E-1,0,1,CH3,P3  ,1, 3.54E+2,0,1,CH4,P4  ,1, 3.49E+2,0,1,CH5,P5  ,1, 8.24E+2,0,1,CH6,P6,1, 4.82E-2,0,1,
12-07-17,11:07:01,CH1,P1  ,1, 2.08E-5,0,1,CH2,P2  ,1, 1.17E-1,0,1,CH3,P3  ,1, 3.48E+2,0,1,CH4,P4  ,1, 3.45E+2,0,1,CH5,P5  ,1, 8.24E+2,0,1,CH6,P6,1, 4.86E-2,0,1,
12-07-17,11:08:03,CH1,P1  ,1, 2.08E-5,0,1,CH2,P2  ,1, 1.17E-1,0,1,CH3,P3  ,1, 3.50E+2,0,1,CH4,P4  ,1, 3.45E+2,0,1,CH5,P5  ,1, 8.24E+2,0,1,CH6,P6,1, 4.88E-2,0,1,
12-07-17,11:09:05,CH1,P1  ,1, 2.08E-5,0,1,CH2,P2  ,1, 1.75E-1,0,1,CH3,P3  ,1, 6.06E+2,0,1,CH4,P4  ,1, 5.92E+2,0,1,CH5,P5  ,1, 8.24E+2,0,1,CH6,P6,1, 4.91E-2,0,1,
12-07-17,11:10:07,CH1,P1  ,1, 2.08E-5,0,1,CH2,P2  ,1, 2.87E-1,0,1,CH3,P3  ,1, 6.69E+2,0,1,CH4,P4  ,1, 6.65E+2,0,1,CH5,P5  ,1, 8.24E+2,0,1,CH6,P6,1, 4.95E-2,0,1,
12-07-17,11:11:07,CH1,P1  ,1, 2.08E-5,0,1,CH2,P2  ,1, 3.42E-1,0,1,CH3,P3  ,1, 6.69E+2,0,1,CH4,P4  ,1, 6.64E+2,0,1,CH5,P5  ,1, 8.25E+2,0,1,CH6,P6,1, 4.99E-2,0,1,
12-07-17,11:12:09,CH1,P1  ,1, 2.08E-5,0,1,CH2,P2  ,1, 3.78E-1,0,1,CH3,P3  ,1, 6.68E+2,0,1,CH4,P4  ,1, 6.63E+2,0,1,CH5,P5  ,1, 8.23E+2,0,1,CH6,P6,1, 5.04E-2,0,1,
12-07-17,11:13:11,CH1,P1  ,1, 2.08E-5,0,1,CH2,P2  ,1, 4.15E-1,0,1,CH3,P3  ,1, 6.67E+2,0,1,CH4,P4  ,1, 6.62E+2,0,1,CH5,P5  ,1, 8.24E+2,0,1,CH6,P6,1, 5.08E-2,0,1,
12-07-17,11:14:13,CH1,P1  ,1, 2.07E-5,0,1,CH2,P2  ,1, 4.61E-1,0,1,CH3,P3  ,1, 6.65E+2,0,1,CH4,P4  ,1, 6.60E+2,0,1,CH5,P5  ,1, 8.26E+2,0,1,CH6,P6,1, 5.10E-2,0,1,
12-07-17,11:15:13,CH1,P1  ,1, 2.08E-5,0,1,CH2,P2  ,1, 5.09E-1,0,1,CH3,P3  ,1, 6.57E+2,0,1,CH4,P4  ,1, 6.53E+2,0,1,CH5,P5  ,1, 8.25E+2,0,1,CH6,P6,1, 5.14E-2,0,1,
12-07-17,11:16:15,CH1,P1  ,1, 2.07E-5,0,1,CH2,P2  ,1, 5.47E-1,0,1,CH3,P3  ,1, 6.50E+2,0,1,CH4,P4  ,1, 6.44E+2,0,1,CH5,P5  ,1, 8.24E+2,0,1,CH6,P6,1, 5.18E-2,0,1,
12-07-17,11:17:17,CH1,P1  ,1, 2.07E-5,0,1,CH2,P2  ,1, 5.58E-1,0,1,CH3,P3  ,1, 6.37E+2,0,1,CH4,P4  ,1, 6.33E+2,0,1,CH5,P5  ,1, 8.26E+2,0,1,CH6,P6,1, 5.22E-2,0,1,
12-07-17,11:18:17,CH1,P1  ,1, 2.07E-5,0,1,CH2,P2  ,1, 5.33E-1,0,1,CH3,P3  ,1, 6.25E+2,0,1,CH4,P4  ,1, 6.22E+2,0,1,CH5,P5  ,1, 8.26E+2,0,1,CH6,P6,1, 5.27E-2,0,1,
12-07-17,11:19:19,CH1,P1  ,1, 2.08E-5,0,1,CH2,P2  ,1, 5.05E-1,0,1,CH3,P3  ,1, 6.13E+2,0,1,CH4,P4  ,1, 6.08E+2,0,1,CH5,P5  ,1, 8.25E+2,0,1,CH6,P6,1, 5.31E-2,0,1,
12-07-17,11:20:21,CH1,P1  ,1, 2.07E-5,0,1,CH2,P2  ,1, 5.43E-1,0,1,CH3,P3  ,1, 5.95E+2,0,1,CH4,P4  ,1, 5.92E+2,0,1,CH5,P5  ,1, 8.24E+2,0,1,CH6,P6,1, 5.34E-2,0,1,
12-07-17,11:21:23,CH1,P1  ,1, 2.07E-5,0,1,CH2,P2  ,1, 6.50E-1,0,1,CH3,P3  ,1, 5.76E+2,0,1,CH4,P4  ,1, 5.71E+2,0,1,CH5,P5  ,1, 8.25E+2,0,1,CH6,P6,1, 5.38E-2,0,1,
12-07-17,11:22:25,CH1,P1  ,1, 2.07E-5,0,1,CH2,P2  ,1, 7.38E-1,0,1,CH3,P3  ,1, 5.38E+2,0,1,CH4,P4  ,1, 5.36E+2,0,1,CH5,P5  ,1, 8.24E+2,0,1,CH6,P6,1, 5.43E-2,0,1,
12-07-17,11:23:27,CH1,P1  ,1, 2.07E-5,0,1,CH2,P2  ,1, 7.60E-1,0,1,CH3,P3  ,1, 5.00E+2,0,1,CH4,P4  ,1, 4.99E+2,0,1,CH5,P5  ,1, 8.26E+2,0,1,CH6,P6,1, 5.47E-2,0,1,
12-07-17,11:24:29,CH1,P1  ,1, 2.07E-5,0,1,CH2,P2  ,1, 7.58E-1,0,1,CH3,P3  ,1, 4.74E+2,0,1,CH4,P4  ,1, 4.71E+2,0,1,CH5,P5  ,1, 8.23E+2,0,1,CH6,P6,1, 5.51E-2,0,1,
12-07-17,11:25:31,CH1,P1  ,1, 2.07E-5,0,1,CH2,P2  ,1, 7.75E-1,0,1,CH3,P3  ,1, 4.51E+2,0,1,CH4,P4  ,1, 4.51E+2,0,1,CH5,P5  ,1, 8.24E+2,0,1,CH6,P6,1, 5.55E-2,0,1,
12-07-17,11:26:32,CH1,P1  ,1, 2.07E-5,0,1,CH2,P2  ,1, 8.91E-1,0,1,CH3,P3  ,1, 4.71E+2,0,1,CH4,P4  ,1, 8.80E+1,0,1,CH5,P5  ,1, 8.24E+2,0,1,CH6,P6,1, 5.57E-2,0,1,
12-07-17,11:27:32,CH1,P1  ,1, 2.07E-5,0,1,CH2,P2  ,1, 7.97E+0,0,1,CH3,P3  ,1, 1.88E+3,0,1,CH4,P4  ,1, 9.75E+2,0,1,CH5,P5  ,1, 7.75E+2,0,1,CH6,P6,1, 5.61E-2,0,1,
12-07-17,11:28:33,CH1,P1  ,1, 2.07E-5,0,1,CH2,P2  ,1, 1.44E+1,0,1,CH3,P3  ,1, 1.94E+3,0,1,CH4,P4  ,1, 1.03E+3,0,1,CH5,P5  ,1, 7.56E+2,0,1,CH6,P6,1, 5.65E-2,0,1,
12-07-17,11:29:34,CH1,P1  ,1, 2.07E-5,0,1,CH2,P2  ,1, 1.07E+1,0,1,CH3,P3  ,1, 1.96E+3,0,1,CH4,P4  ,1, 1.01E+3,0,1,CH5,P5  ,1, 7.59E+2,0,1,CH6,P6,1, 5.70E-2,0,1,
12-07-17,11:30:34,CH1,P1  ,1, 2.07E-5,0,1,CH2,P2  ,1, 1.07E+1,0,1,CH3,P3  ,1, 1.94E+3,0,1,CH4,P4  ,1, 9.39E+2,0,1,CH5,P5  ,1, 7.59E+2,0,1,CH6,P6,1, 5.71E-2,0,1,
12-07-17,11:31:34,CH1,P1  ,1, 2.07E-5,0,1,CH2,P2  ,1, 8.19E+0,0,1,CH3,P3  ,1, 1.85E+3,0,1,CH4,P4  ,1, 7.40E+2,0,1,CH5,P5  ,1, 7.59E+2,0,1,CH6,P6,1, 5.75E-2,0,1,
12-07-17,11:32:35,CH1,P1  ,1, 2.07E-5,0,1,CH2,P2  ,1, 8.82E+0,0,1,CH3,P3  ,1, 1.95E+3,0,1,CH4,P4  ,1, 9.50E+2,0,1,CH5,P5  ,1, 7.39E+2,0,1,CH6,P6,1, 5.78E-2,0,1,
12-07-17,11:33:35,CH1,P1  ,1, 2.07E-5,0,1,CH2,P2  ,1, 8.07E+0,0,1,CH3,P3  ,1, 1.78E+3,0,1,CH4,P4  ,1, 6.15E+2,0,1,CH5,P5  ,1, 7.39E+2,0,1,CH6,P6,1, 5.81E-2,0,1,
12-07-17,11:34:36,CH1,P1  ,1, 2.07E-5,0,1,CH2,P2  ,1, 8.14E+0,0,1,CH3,P3  ,1, 1.84E+3,0,1,CH4,P4  ,1, 7.17E+2,0,1,CH5,P5  ,1, 7.21E+2,0,1,CH6,P6,1, 5.84E-2,0,1,
12-07-17,11:35:36,CH1,P1  ,1, 2.07E-5,0,1,CH2,P2  ,1, 8.22E+0,0,1,CH3,P3  ,1, 1.90E+3,0,1,CH4,P4  ,1, 8.29E+2,0,1,CH5,P5  ,1, 7.04E+2,0,1,CH6,P6,1, 5.89E-2,0,1,
12-07-17,11:36:37,CH1,P1  ,1, 2.07E-5,0,1,CH2,P2  ,1, 8.62E+0,0,1,CH3,P3  ,1, 1.96E+3,0,1,CH4,P4  ,1, 9.18E+2,0,1,CH5,P5  ,1, 6.84E+2,0,1,CH6,P6,1, 5.93E-2,0,1,
12-07-17,11:37:37,CH1,P1  ,1, 2.06E-5,0,1,CH2,P2  ,1, 8.14E+0,0,1,CH3,P3  ,1, 1.94E+3,0,1,CH4,P4  ,1, 8.99E+2,0,1,CH5,P5  ,1, 6.68E+2,0,1,CH6,P6,1, 5.97E-2,0,1,
12-07-17,11:38:37,CH1,P1  ,1, 2.06E-5,0,1,CH2,P2  ,1, 8.07E+0,0,1,CH3,P3  ,1, 1.78E+3,0,1,CH4,P4  ,1, 6.05E+2,0,1,CH5,P5  ,1, 6.68E+2,0,1,CH6,P6,1, 6.00E-2,0,1,
12-07-17,11:39:38,CH1,P1  ,1, 2.07E-5,0,1,CH2,P2  ,1, 8.07E+0,0,1,CH3,P3  ,1, 1.87E+3,0,1,CH4,P4  ,1, 7.48E+2,0,1,CH5,P5  ,1, 6.47E+2,0,1,CH6,P6,1, 6.04E-2,0,1,
12-07-17,11:40:38,CH1,P1  ,1, 2.07E-5,0,1,CH2,P2  ,1, 8.15E+0,0,1,CH3,P3  ,1, 1.93E+3,0,1,CH4,P4  ,1, 8.52E+2,0,1,CH5,P5  ,1, 6.27E+2,0,1,CH6,P6,1, 6.08E-2,0,1,
12-07-17,11:41:38,CH1,P1  ,1, 2.06E-5,0,1,CH2,P2  ,1, 8.44E+0,0,1,CH3,P3  ,1, 1.99E+3,0,1,CH4,P4  ,1, 9.45E+2,0,1,CH5,P5  ,1, 6.09E+2,0,1,CH6,P6,1, 6.13E-2,0,1,
12-07-17,11:42:38,CH1,P1  ,1, 2.07E-5,0,1,CH2,P2  ,1, 8.06E+0,0,1,CH3,P3  ,1, 1.75E+3,0,1,CH4,P4  ,1, 5.60E+2,0,1,CH5,P5  ,1, 6.09E+2,0,1,CH6,P6,1, 6.14E-2,0,1,
12-07-17,11:43:39,CH1,P1  ,1, 2.06E-5,0,1,CH2,P2  ,1, 8.06E+0,0,1,CH3,P3  ,1, 1.85E+3,0,1,CH4,P4  ,1, 7.07E+2,0,1,CH5,P5  ,1, 5.89E+2,0,1,CH6,P6,1, 6.18E-2,0,1,
12-07-17,11:44:39,CH1,P1  ,1, 2.07E-5,0,1,CH2,P2  ,1, 8.15E+0,0,1,CH3,P3  ,1, 1.92E+3,0,1,CH4,P4  ,1, 8.29E+2,0,1,CH5,P5  ,1, 5.68E+2,0,1,CH6,P6,1, 6.22E-2,0,1,
12-07-17,11:45:39,CH1,P1  ,1, 2.06E-5,0,1,CH2,P2  ,1, 8.29E+0,0,1,CH3,P3  ,1, 1.98E+3,0,1,CH4,P4  ,1, 9.16E+2,0,1,CH5,P5  ,1, 5.53E+2,0,1,CH6,P6,1, 6.27E-2,0,1,
12-07-17,11:46:40,CH1,P1  ,1, 2.06E-5,0,1,CH2,P2  ,1, 8.21E+0,0,1,CH3,P3  ,1, 1.94E+3,0,1,CH4,P4  ,1, 8.60E+2,0,1,CH5,P5  ,1, 5.35E+2,0,1,CH6,P6,1, 6.33E-2,0,1,
12-07-17,11:47:40,CH1,P1  ,1, 2.06E-5,0,1,CH2,P2  ,1, 8.06E+0,0,1,CH3,P3  ,1, 1.80E+3,0,1,CH4,P4  ,1, 6.16E+2,0,1,CH5,P5  ,1, 5.33E+2,0,1,CH6,P6,1, 6.35E-2,0,1,
12-07-17,11:48:40,CH1,P1  ,1, 2.06E-5,0,1,CH2,P2  ,1, 8.07E+0,0,1,CH3,P3  ,1, 1.83E+3,0,1,CH4,P4  ,1, 6.70E+2,0,1,CH5,P5  ,1, 5.16E+2,0,1,CH6,P6,1, 6.37E-2,0,1,
12-07-17,11:49:41,CH1,P1  ,1, 2.06E-5,0,1,CH2,P2  ,1, 8.10E+0,0,1,CH3,P3  ,1, 1.90E+3,0,1,CH4,P4  ,1, 7.67E+2,0,1,CH5,P5  ,1, 4.97E+2,0,1,CH6,P6,1, 6.41E-2,0,1,
12-07-17,11:50:41,CH1,P1  ,1, 2.07E-5,0,1,CH2,P2  ,1, 8.20E+0,0,1,CH3,P3  ,1, 1.95E+3,0,1,CH4,P4  ,1, 8.56E+2,0,1,CH5,P5  ,1, 4.77E+2,0,1,CH6,P6,1, 6.47E-2,0,1,
12-07-17,11:51:42,CH1,P1  ,1, 2.07E-5,0,1,CH2,P2  ,1, 8.38E+0,0,1,CH3,P3  ,1, 1.98E+3,0,1,CH4,P4  ,1, 9.20E+2,0,1,CH5,P5  ,1, 4.58E+2,0,1,CH6,P6,1, 6.51E-2,0,1,
12-07-17,11:52:42,CH1,P1  ,1, 2.06E-5,0,1,CH2,P2  ,1, 8.06E+0,0,1,CH3,P3  ,1, 1.77E+3,0,1,CH4,P4  ,1, 5.70E+2,0,1,CH5,P5  ,1, 4.60E+2,0,1,CH6,P6,1, 6.54E-2,0,1,
12-07-17,11:53:42,CH1,P1  ,1, 2.06E-5,0,1,CH2,P2  ,1, 8.07E+0,0,1,CH3,P3  ,1, 1.85E+3,0,1,CH4,P4  ,1, 6.84E+2,0,1,CH5,P5  ,1, 4.39E+2,0,1,CH6,P6,1, 6.57E-2,0,1,
12-07-17,11:54:42,CH1,P1  ,1, 2.06E-5,0,1,CH2,P2  ,1, 8.11E+0,0,1,CH3,P3  ,1, 1.91E+3,0,1,CH4,P4  ,1, 7.77E+2,0,1,CH5,P5  ,1, 4.20E+2,0,1,CH6,P6,1, 6.63E-2,0,1,
12-07-17,11:55:42,CH1,P1  ,1, 2.06E-5,0,1,CH2,P2  ,1, 8.87E+0,0,1,CH3,P3  ,1, 2.00E+3,0,1,CH4,P4  ,1, 9.24E+2,0,1,CH5,P5  ,1, 3.97E+2,0,1,CH6,P6,1, 6.66E-2,0,1,
12-07-17,11:56:43,CH1,P1  ,1, 2.06E-5,0,1,CH2,P2  ,1, 8.54E+0,0,1,CH3,P3  ,1, 1.89E+3,0,1,CH4,P4  ,1, 7.48E+2,0,1,CH5,P5  ,1, 3.87E+2,0,1,CH6,P6,1, 6.70E-2,0,1,
12-07-17,11:57:43,CH1,P1  ,1, 2.06E-5,0,1,CH2,P2  ,1, 8.17E+0,0,1,CH3,P3  ,1, 1.80E+3,0,1,CH4,P4  ,1, 5.97E+2,0,1,CH5,P5  ,1, 3.78E+2,0,1,CH6,P6,1, 6.72E-2,0,1,
12-07-17,11:58:44,CH1,P1  ,1, 2.06E-5,0,1,CH2,P2  ,1, 8.33E+0,0,1,CH3,P3  ,1, 1.87E+3,0,1,CH4,P4  ,1, 7.03E+2,0,1,CH5,P5  ,1, 3.54E+2,0,1,CH6,P6,1, 6.75E-2,0,1,
12-07-17,11:59:44,CH1,P1  ,1, 2.07E-5,0,1,CH2,P2  ,1, 9.25E+0,0,1,CH3,P3  ,1, 2.03E+3,0,1,CH4,P4  ,1, 8.94E+2,0,1,CH5,P5  ,1, 3.26E+2,0,1,CH6,P6,1, 6.79E-2,0,1,
12-07-17,12:00:44,CH1,P1  ,1, 2.07E-5,0,1,CH2,P2  ,1, 9.79E+0,0,1,CH3,P3  ,1, 1.93E+3,0,1,CH4,P4  ,1, 7.00E+2,0,1,CH5,P5  ,1, 3.16E+2,0,1,CH6,P6,1, 6.83E-2,0,1,
12-07-17,12:01:44,CH1,P1  ,1, 2.06E-5,0,1,CH2,P2  ,1, 9.43E+0,0,1,CH3,P3  ,1, 1.96E+3,0,1,CH4,P4  ,1, 7.58E+2,0,1,CH5,P5  ,1, 2.95E+2,0,1,CH6,P6,1, 6.88E-2,0,1,
12-07-17,12:02:44,CH1,P1  ,1, 2.06E-5,0,1,CH2,P2  ,1, 1.12E+1,0,1,CH3,P3  ,1, 1.93E+3,0,1,CH4,P4  ,1, 6.80E+2,0,1,CH5,P5  ,1, 2.77E+2,0,1,CH6,P6,1, 6.91E-2,0,1,
12-07-17,12:03:45,CH1,P1  ,1, 2.06E-5,0,1,CH2,P2  ,1, 1.65E+1,0,1,CH3,P3  ,1, 2.03E+3,0,1,CH4,P4  ,1, 8.59E+2,0,1,CH5,P5  ,1, 2.46E+2,0,1,CH6,P6,1, 6.94E-2,0,1,
12-07-17,12:04:46,CH1,P1  ,1, 2.06E-5,0,1,CH2,P2  ,1, 2.21E+1,0,1,CH3,P3  ,1, 2.05E+3,0,1,CH4,P4  ,1, 8.87E+2,0,1,CH5,P5  ,1, 2.20E+2,0,1,CH6,P6,1, 6.99E-2,0,1,
12-07-17,12:05:46,CH1,P1  ,1, 2.06E-5,0,1,CH2,P2  ,1, 1.43E+1,0,1,CH3,P3  ,1, 2.04E+3,0,1,CH4,P4  ,1, 9.20E+2,0,1,CH5,P5  ,1, 2.08E+2,0,1,CH6,P6,1, 7.04E-2,0,1,
12-07-17,12:06:46,CH1,P1  ,1, 2.06E-5,0,1,CH2,P2  ,1, 1.00E+1,0,1,CH3,P3  ,1, 1.91E+3,0,1,CH4,P4  ,1, 7.09E+2,0,1,CH5,P5  ,1, 2.08E+2,0,1,CH6,P6,1, 7.08E-2,0,1,
12-07-17,12:07:47,CH1,P1  ,1, 2.06E-5,0,1,CH2,P2  ,1, 9.27E+0,0,1,CH3,P3  ,1, 2.01E+3,0,1,CH4,P4  ,1, 9.94E+2,0,1,CH5,P5  ,1, 1.87E+2,0,1,CH6,P6,1, 7.12E-2,0,1,
12-07-17,12:08:47,CH1,P1  ,1, 2.06E-5,0,1,CH2,P2  ,1, 8.77E+0,0,1,CH3,P3  ,1, 1.94E+3,0,1,CH4,P4  ,1, 9.47E+2,0,1,CH5,P5  ,1, 1.43E+2,0,1,CH6,P6,1, 7.16E-2,0,1,
12-07-17,12:09:48,CH1,P1  ,1, 2.06E-5,0,1,CH2,P2  ,1, 8.33E+0,0,1,CH3,P3  ,1, 1.89E+3,0,1,CH4,P4  ,1, 6.60E+2,0,1,CH5,P5  ,1, 1.64E+2,0,1,CH6,P6,1, 7.22E-2,0,1,
12-07-17,12:10:48,CH1,P1  ,1, 2.06E-5,0,1,CH2,P2  ,1, 8.24E+0,0,1,CH3,P3  ,1, 1.89E+3,0,1,CH4,P4  ,1, 6.73E+2,0,1,CH5,P5  ,1, 1.44E+2,0,1,CH6,P6,1, 7.26E-2,0,1,
12-07-17,12:11:48,CH1,P1  ,1, 2.06E-5,0,1,CH2,P2  ,1, 8.09E+0,0,1,CH3,P3  ,1, 1.94E+3,0,1,CH4,P4  ,1, 7.54E+2,0,1,CH5,P5  ,1, 1.24E+2,0,1,CH6,P6,1, 7.28E-2,0,1,
12-07-17,12:12:49,CH1,P1  ,1, 2.06E-5,0,1,CH2,P2  ,1, 8.27E+0,0,1,CH3,P3  ,1, 1.95E+3,0,1,CH4,P4  ,1, 7.75E+2,0,1,CH5,P5  ,1, 1.04E+2,0,1,CH6,P6,1, 7.32E-2,0,1,
12-07-17,12:13:49,CH1,P1  ,1, 2.06E-5,0,1,CH2,P2  ,1, 8.48E+0,0,1,CH3,P3  ,1, 1.96E+3,0,1,CH4,P4  ,1, 8.01E+2,0,1,CH5,P5  ,1, 8.55E+1,0,1,CH6,P6,1, 7.36E-2,0,1,
12-07-17,12:14:50,CH1,P1  ,1, 2.06E-5,0,1,CH2,P2  ,1, 8.68E+0,0,1,CH3,P3  ,1, 2.00E+3,0,1,CH4,P4  ,1, 8.61E+2,0,1,CH5,P5  ,1, 6.59E+1,0,1,CH6,P6,1, 7.40E-2,0,1,
12-07-17,12:15:50,CH1,P1  ,1, 2.06E-5,0,1,CH2,P2  ,1, 9.84E+0,0,1,CH3,P3  ,1, 1.98E+3,0,1,CH4,P4  ,1, 8.31E+2,0,1,CH5,P5  ,1, 3.88E+1,0,1,CH6,P6,1, 7.43E-2,0,1,
12-07-17,12:16:51,CH1,P1  ,1, 2.06E-5,0,1,CH2,P2  ,1, 1.61E+1,0,1,CH3,P3  ,1, 2.08E+3,0,1,CH4,P4  ,1, 1.05E+3,0,1,CH5,P5  ,1, 1.57E+1,0,1,CH6,P6,1, 7.47E-2,0,1,
12-07-17,12:17:51,CH1,P1  ,1, 2.06E-5,0,1,CH2,P2  ,1, 1.04E+1,0,1,CH3,P3  ,1, 1.95E+3,0,1,CH4,P4  ,1, 8.10E+2,0,1,CH5,P5  ,1, 9.70E+0,0,1,CH6,P6,1, 7.55E-2,0,1,
12-07-17,12:18:51,CH1,P1  ,1, 2.06E-5,0,1,CH2,P2  ,1, 8.62E+0,0,1,CH3,P3  ,1, 1.77E+3,0,1,CH4,P4  ,1, 4.85E+2,0,1,CH5,P5  ,1, 8.43E+0,0,1,CH6,P6,1, 7.59E-2,0,1,
12-07-17,12:19:52,CH1,P1  ,1, 2.06E-5,0,1,CH2,P2  ,1, 8.11E+0,0,1,CH3,P3  ,1, 1.48E+3,0,1,CH4,P4  ,1, 2.33E+2,0,1,CH5,P5  ,1, 8.20E+0,0,1,CH6,P6,1, 7.62E-2,0,1,
12-07-17,12:20:52,CH1,P1  ,1, 2.06E-5,0,1,CH2,P2  ,1, 8.11E+0,0,1,CH3,P3  ,1, 8.85E+2,0,1,CH4,P4  ,1, 1.60E+2,0,1,CH5,P5  ,1, 8.42E+0,0,1,CH6,P6,1, 7.65E-2,0,1,
12-07-17,12:21:53,CH1,P1  ,1, 2.06E-5,0,1,CH2,P2  ,1, 8.43E+0,0,1,CH3,P3  ,1, 4.98E+2,0,1,CH4,P4  ,1, 3.44E+2,0,1,CH5,P5  ,1, 8.27E+0,0,1,CH6,P6,1, 7.70E-2,0,1,
12-07-17,12:22:53,CH1,P1  ,1, 2.05E-5,0,1,CH2,P2  ,1, 8.38E+0,0,1,CH3,P3  ,1, 4.48E+2,0,1,CH4,P4  ,1, 4.61E+2,0,1,CH5,P5  ,1, 8.27E+0,0,1,CH6,P6,1, 7.76E-2,0,1,
12-07-17,12:23:54,CH1,P1  ,1, 2.05E-5,0,1,CH2,P2  ,1, 8.34E+0,0,1,CH3,P3  ,1, 4.79E+2,0,1,CH4,P4  ,1, 4.91E+2,0,1,CH5,P5  ,1, 8.27E+0,0,1,CH6,P6,1, 7.80E-2,0,1,
12-07-17,12:24:54,CH1,P1  ,1, 2.06E-5,0,1,CH2,P2  ,1, 8.33E+0,0,1,CH3,P3  ,1, 5.01E+2,0,1,CH4,P4  ,1, 5.16E+2,0,1,CH5,P5  ,1, 8.27E+0,0,1,CH6,P6,1, 7.85E-2,0,1,
12-07-17,12:25:55,CH1,P1  ,1, 2.04E-5,0,1,CH2,P2  ,1, 8.50E+0,0,1,CH3,P3  ,1, 5.31E+2,0,1,CH4,P4  ,1, 5.48E+2,0,1,CH5,P5  ,1, 8.27E+0,0,1,CH6,P6,1, 7.88E-2,0,1,
12-07-17,12:26:55,CH1,P1  ,1, 2.05E-5,0,1,CH2,P2  ,1, 5.19E+0,0,1,CH3,P3  ,1, 5.92E+2,0,1,CH4,P4  ,1, 6.21E+2,0,1,CH5,P5  ,1, 8.27E+0,0,1,CH6,P6,1, 7.94E-2,0,1,
12-07-17,12:27:56,CH1,P1  ,1, 2.04E-5,0,1,CH2,P2  ,1, 1.33E+0,0,1,CH3,P3  ,1, 6.04E+2,0,1,CH4,P4  ,1, 6.29E+2,0,1,CH5,P5  ,1, 8.28E+0,0,1,CH6,P6,1, 7.98E-2,0,1,
12-07-17,12:28:57,CH1,P1  ,1, 2.04E-5,0,1,CH2,P2  ,1, 5.47E-1,0,1,CH3,P3  ,1, 6.09E+2,0,1,CH4,P4  ,1, 6.33E+2,0,1,CH5,P5  ,1, 8.26E+0,0,1,CH6,P6,1, 8.03E-2,0,1,
12-07-17,12:29:57,CH1,P1  ,1, 2.04E-5,0,1,CH2,P2  ,1, 1.26E-1,0,1,CH3,P3  ,1, 5.88E+2,0,1,CH4,P4  ,1, 6.13E+2,0,1,CH5,P5  ,1, 8.26E+0,0,1,CH6,P6,1, 8.06E-2,0,1,
12-07-17,12:30:57,CH1,P1  ,1, 2.04E-5,0,1,CH2,P2  ,1, 1.02E-1,0,1,CH3,P3  ,1, 5.64E+2,0,1,CH4,P4  ,1, 5.90E+2,0,1,CH5,P5  ,1, 8.27E+0,0,1,CH6,P6,1, 8.11E-2,0,1,
12-07-17,12:31:57,CH1,P1  ,1, 2.03E-5,0,1,CH2,P2  ,1, 7.25E-2,0,1,CH3,P3  ,1, 5.55E+2,0,1,CH4,P4  ,1, 5.82E+2,0,1,CH5,P5  ,1, 8.27E+0,0,1,CH6,P6,1, 8.15E-2,0,1,
12-07-17,12:32:58,CH1,P1  ,1, 2.03E-5,0,1,CH2,P2  ,1, 1.36E+0,0,1,CH3,P3  ,1, 5.27E+2,0,1,CH4,P4  ,1, 5.42E+2,0,1,CH5,P5  ,1, 8.27E+0,0,1,CH6,P6,1, 8.20E-2,0,1,
12-07-17,12:33:58,CH1,P1  ,1, 2.03E-5,0,1,CH2,P2  ,1, 2.06E-2,0,1,CH3,P3  ,1, 5.57E+2,0,1,CH4,P4  ,1, 5.67E+2,0,1,CH5,P5  ,1, 8.27E+0,0,1,CH6,P6,1, 8.24E-2,0,1,
12-07-17,12:34:58,CH1,P1  ,1, 2.03E-5,0,1,CH2,P2  ,1, 7.09E-1,0,1,CH3,P3  ,1, 5.51E+2,0,1,CH4,P4  ,1, 5.84E+2,0,1,CH5,P5  ,1, 8.27E+0,0,1,CH6,P6,1, 8.28E-2,0,1,
12-07-17,12:35:58,CH1,P1  ,1, 2.03E-5,0,1,CH2,P2  ,1, 2.62E-2,0,1,CH3,P3  ,1, 5.24E+2,0,1,CH4,P4  ,1, 5.36E+2,0,1,CH5,P5  ,1, 8.29E+0,0,1,CH6,P6,1, 8.31E-2,0,1,
12-07-17,12:36:58,CH1,P1  ,1, 2.03E-5,0,1,CH2,P2  ,1, 2.90E-2,0,1,CH3,P3  ,1, 5.23E+2,0,1,CH4,P4  ,1, 5.37E+2,0,1,CH5,P5  ,1, 8.26E+0,0,1,CH6,P6,1, 8.39E-2,0,1,
12-07-17,12:37:58,CH1,P1  ,1, 2.03E-5,0,1,CH2,P2  ,1, 5.34E-2,0,1,CH3,P3  ,1, 5.42E+2,0,1,CH4,P4  ,1, 5.81E+2,0,1,CH5,P5  ,1, 8.28E+0,0,1,CH6,P6,1, 8.43E-2,0,1,
12-07-17,12:38:58,CH1,P1  ,1, 2.03E-5,0,1,CH2,P2  ,1, 6.45E-2,0,1,CH3,P3  ,1, 5.06E+2,0,1,CH4,P4  ,1, 5.28E+2,0,1,CH5,P5  ,1, 8.26E+0,0,1,CH6,P6,1, 8.46E-2,0,1,
12-07-17,12:39:59,CH1,P1  ,1, 2.03E-5,0,1,CH2,P2  ,1, 4.58E-2,0,1,CH3,P3  ,1, 5.18E+2,0,1,CH4,P4  ,1, 5.33E+2,0,1,CH5,P5  ,1, 8.28E+0,0,1,CH6,P6,1, 8.48E-2,0,1,
12-07-17,12:41:00,CH1,P1  ,1, 2.02E-5,0,1,CH2,P2  ,1, 1.05E-1,0,1,CH3,P3  ,1, 5.28E+2,0,1,CH4,P4  ,1, 5.56E+2,0,1,CH5,P5  ,1, 8.28E+0,0,1,CH6,P6,1, 8.56E-2,0,1,
12-07-17,12:42:00,CH1,P1  ,1, 2.02E-5,0,1,CH2,P2  ,1, 9.00E-2,0,1,CH3,P3  ,1, 5.31E+2,0,1,CH4,P4  ,1, 5.51E+2,0,1,CH5,P5  ,1, 8.27E+0,0,1,CH6,P6,1, 8.60E-2,0,1,
12-07-17,12:43:00,CH1,P1  ,1, 2.02E-5,0,1,CH2,P2  ,1, 1.05E-1,0,1,CH3,P3  ,1, 5.69E+2,0,1,CH4,P4  ,1, 5.89E+2,0,1,CH5,P5  ,1, 8.26E+0,0,1,CH6,P6,1, 8.65E-2,0,1,
12-07-17,12:44:01,CH1,P1  ,1, 2.02E-5,0,1,CH2,P2  ,1, 1.02E-1,0,1,CH3,P3  ,1, 5.92E+2,0,1,CH4,P4  ,1, 6.11E+2,0,1,CH5,P5  ,1, 8.28E+0,0,1,CH6,P6,1, 8.68E-2,0,1,
12-07-17,12:45:01,CH1,P1  ,1, 2.02E-5,0,1,CH2,P2  ,1, 9.77E-2,0,1,CH3,P3  ,1, 5.98E+2,0,1,CH4,P4  ,1, 6.16E+2,0,1,CH5,P5  ,1, 8.27E+0,0,1,CH6,P6,1, 8.72E-2,0,1,
12-07-17,12:46:01,CH1,P1  ,1, 2.01E-5,0,1,CH2,P2  ,1, 9.44E-2,0,1,CH3,P3  ,1, 5.98E+2,0,1,CH4,P4  ,1, 6.17E+2,0,1,CH5,P5  ,1, 8.27E+0,0,1,CH6,P6,1, 8.80E-2,0,1,
12-07-17,12:47:01,CH1,P1  ,1, 2.02E-5,0,1,CH2,P2  ,1, 9.07E-2,0,1,CH3,P3  ,1, 5.93E+2,0,1,CH4,P4  ,1, 6.15E+2,0,1,CH5,P5  ,1, 8.26E+0,0,1,CH6,P6,1, 8.82E-2,0,1,
12-07-17,12:48:03,CH1,P1  ,1, 2.01E-5,0,1,CH2,P2  ,1, 8.75E-2,0,1,CH3,P3  ,1, 5.96E+2,0,1,CH4,P4  ,1, 6.13E+2,0,1,CH5,P5  ,1, 8.27E+0,0,1,CH6,P6,1, 8.85E-2,0,1,
12-07-17,12:49:03,CH1,P1  ,1, 2.01E-5,0,1,CH2,P2  ,1, 8.39E-2,0,1,CH3,P3  ,1, 5.91E+2,0,1,CH4,P4  ,1, 6.10E+2,0,1,CH5,P5  ,1, 8.27E+0,0,1,CH6,P6,1, 8.89E-2,0,1,
12-07-17,12:50:03,CH1,P1  ,1, 2.01E-5,0,1,CH2,P2  ,1, 7.97E-2,0,1,CH3,P3  ,1, 5.87E+2,0,1,CH4,P4  ,1, 6.07E+2,0,1,CH5,P5  ,1, 8.28E+0,0,1,CH6,P6,1, 8.94E-2,0,1,
12-07-17,12:51:05,CH1,P1  ,1, 2.01E-5,0,1,CH2,P2  ,1, 7.44E-2,0,1,CH3,P3  ,1, 5.89E+2,0,1,CH4,P4  ,1, 6.05E+2,0,1,CH5,P5  ,1, 8.27E+0,0,1,CH6,P6,1, 8.99E-2,0,1,
12-07-17,12:52:07,CH1,P1  ,1, 2.01E-5,0,1,CH2,P2  ,1, 6.90E-2,0,1,CH3,P3  ,1, 5.82E+2,0,1,CH4,P4  ,1, 6.01E+2,0,1,CH5,P5  ,1, 8.27E+0,0,1,CH6,P6,1, 9.03E-2,0,1,
12-07-17,12:53:07,CH1,P1  ,1, 2.00E-5,0,1,CH2,P2  ,1, 6.42E-2,0,1,CH3,P3  ,1, 5.78E+2,0,1,CH4,P4  ,1, 5.97E+2,0,1,CH5,P5  ,1, 8.27E+0,0,1,CH6,P6,1, 9.05E-2,0,1,
12-07-17,12:54:07,CH1,P1  ,1, 2.00E-5,0,1,CH2,P2  ,1, 5.99E-2,0,1,CH3,P3  ,1, 5.76E+2,0,1,CH4,P4  ,1, 5.91E+2,0,1,CH5,P5  ,1, 8.28E+0,0,1,CH6,P6,1, 9.11E-2,0,1,
12-07-17,12:55:07,CH1,P1  ,1, 2.00E-5,0,1,CH2,P2  ,1, 5.61E-2,0,1,CH3,P3  ,1, 5.69E+2,0,1,CH4,P4  ,1, 5.85E+2,0,1,CH5,P5  ,1, 8.27E+0,0,1,CH6,P6,1, 9.13E-2,0,1,
12-07-17,12:56:09,CH1,P1  ,1, 2.00E-5,0,1,CH2,P2  ,1, 5.30E-2,0,1,CH3,P3  ,1, 5.62E+2,0,1,CH4,P4  ,1, 5.79E+2,0,1,CH5,P5  ,1, 8.27E+0,0,1,CH6,P6,1, 9.16E-2,0,1,
12-07-17,12:57:09,CH1,P1  ,1, 2.00E-5,0,1,CH2,P2  ,1, 5.03E-2,0,1,CH3,P3  ,1, 5.58E+2,0,1,CH4,P4  ,1, 5.72E+2,0,1,CH5,P5  ,1, 8.27E+0,0,1,CH6,P6,1, 9.23E-2,0,1,
12-07-17,12:58:11,CH1,P1  ,1, 2.00E-5,0,1,CH2,P2  ,1, 4.85E-2,0,1,CH3,P3  ,1, 5.47E+2,0,1,CH4,P4  ,1, 5.65E+2,0,1,CH5,P5  ,1, 8.27E+0,0,1,CH6,P6,1, 9.27E-2,0,1,
12-07-17,12:59:13,CH1,P1  ,1, 2.00E-5,0,1,CH2,P2  ,1, 4.66E-2,0,1,CH3,P3  ,1, 5.43E+2,0,1,CH4,P4  ,1, 5.57E+2,0,1,CH5,P5  ,1, 8.27E+0,0,1,CH6,P6,1, 9.32E-2,0,1,
12-07-17,13:00:15,CH1,P1  ,1, 1.99E-5,0,1,CH2,P2  ,1, 4.56E-2,0,1,CH3,P3  ,1, 5.33E+2,0,1,CH4,P4  ,1, 5.50E+2,0,1,CH5,P5  ,1, 8.26E+0,0,1,CH6,P6,1, 9.35E-2,0,1,
12-07-17,13:01:17,CH1,P1  ,1, 1.99E-5,0,1,CH2,P2  ,1, 4.48E-2,0,1,CH3,P3  ,1, 5.28E+2,0,1,CH4,P4  ,1, 5.44E+2,0,1,CH5,P5  ,1, 8.28E+0,0,1,CH6,P6,1, 9.37E-2,0,1,
12-07-17,13:02:19,CH1,P1  ,1, 1.99E-5,0,1,CH2,P2  ,1, 4.42E-2,0,1,CH3,P3  ,1, 5.27E+2,0,1,CH4,P4  ,1, 5.41E+2,0,1,CH5,P5  ,1, 8.27E+0,0,1,CH6,P6,1, 9.43E-2,0,1,
12-07-17,13:03:21,CH1,P1  ,1, 1.99E-5,0,1,CH2,P2  ,1, 4.38E-2,0,1,CH3,P3  ,1, 5.20E+2,0,1,CH4,P4  ,1, 5.38E+2,0,1,CH5,P5  ,1, 8.27E+0,0,1,CH6,P6,1, 9.50E-2,0,1,
12-07-17,13:04:21,CH1,P1  ,1, 1.99E-5,0,1,CH2,P2  ,1, 4.34E-2,0,1,CH3,P3  ,1, 5.20E+2,0,1,CH4,P4  ,1, 5.36E+2,0,1,CH5,P5  ,1, 8.27E+0,0,1,CH6,P6,1, 9.54E-2,0,1,
12-07-17,13:05:21,CH1,P1  ,1, 1.98E-5,0,1,CH2,P2  ,1, 4.31E-2,0,1,CH3,P3  ,1, 5.20E+2,0,1,CH4,P4  ,1, 5.34E+2,0,1,CH5,P5  ,1, 8.27E+0,0,1,CH6,P6,1, 9.58E-2,0,1,
12-07-17,13:06:21,CH1,P1  ,1, 1.99E-5,0,1,CH2,P2  ,1, 4.30E-2,0,1,CH3,P3  ,1, 5.17E+2,0,1,CH4,P4  ,1, 5.33E+2,0,1,CH5,P5  ,1, 8.29E+0,0,1,CH6,P6,1, 9.61E-2,0,1,
12-07-17,13:07:21,CH1,P1  ,1, 1.98E-5,0,1,CH2,P2  ,1, 4.30E-2,0,1,CH3,P3  ,1, 5.15E+2,0,1,CH4,P4  ,1, 5.32E+2,0,1,CH5,P5  ,1, 8.26E+0,0,1,CH6,P6,1, 9.68E-2,0,1,
12-07-17,13:08:23,CH1,P1  ,1, 1.98E-5,0,1,CH2,P2  ,1, 4.26E-2,0,1,CH3,P3  ,1, 5.17E+2,0,1,CH4,P4  ,1, 5.31E+2,0,1,CH5,P5  ,1, 8.27E+0,0,1,CH6,P6,1, 9.70E-2,0,1,
12-07-17,13:09:23,CH1,P1  ,1, 1.98E-5,0,1,CH2,P2  ,1, 4.26E-2,0,1,CH3,P3  ,1, 5.14E+2,0,1,CH4,P4  ,1, 5.30E+2,0,1,CH5,P5  ,1, 8.28E+0,0,1,CH6,P6,1, 9.73E-2,0,1,
12-07-17,13:10:25,CH1,P1  ,1, 1.98E-5,0,1,CH2,P2  ,1, 4.25E-2,0,1,CH3,P3  ,1, 5.12E+2,0,1,CH4,P4  ,1, 5.29E+2,0,1,CH5,P5  ,1, 8.27E+0,0,1,CH6,P6,1, 9.75E-2,0,1,
12-07-17,13:11:27,CH1,P1  ,1, 1.98E-5,0,1,CH2,P2  ,1, 4.23E-2,0,1,CH3,P3  ,1, 5.14E+2,0,1,CH4,P4  ,1, 5.28E+2,0,1,CH5,P5  ,1, 8.29E+0,0,1,CH6,P6,1, 9.81E-2,0,1,
12-07-17,13:12:29,CH1,P1  ,1, 1.98E-5,0,1,CH2,P2  ,1, 4.23E-2,0,1,CH3,P3  ,1, 5.11E+2,0,1,CH4,P4  ,1, 5.29E+2,0,1,CH5,P5  ,1, 8.27E+0,0,1,CH6,P6,1, 9.87E-2,0,1,
12-07-17,13:13:29,CH1,P1  ,1, 1.98E-5,0,1,CH2,P2  ,1, 4.24E-2,0,1,CH3,P3  ,1, 5.14E+2,0,1,CH4,P4  ,1, 5.29E+2,0,1,CH5,P5  ,1, 8.28E+0,0,1,CH6,P6,1, 9.92E-2,0,1,
12-07-17,13:14:31,CH1,P1  ,1, 1.98E-5,0,1,CH2,P2  ,1, 4.23E-2,0,1,CH3,P3  ,1, 5.12E+2,0,1,CH4,P4  ,1, 5.28E+2,0,1,CH5,P5  ,1, 8.28E+0,0,1,CH6,P6,1, 9.94E-2,0,1,
12-07-17,13:15:33,CH1,P1  ,1, 1.97E-5,0,1,CH2,P2  ,1, 4.23E-2,0,1,CH3,P3  ,1, 5.11E+2,0,1,CH4,P4  ,1, 5.27E+2,0,1,CH5,P5  ,1, 8.26E+0,0,1,CH6,P6,1, 9.99E-2,0,1,
12-07-17,13:16:35,CH1,P1  ,1, 1.98E-5,0,1,CH2,P2  ,1, 4.23E-2,0,1,CH3,P3  ,1, 5.13E+2,0,1,CH4,P4  ,1, 5.27E+2,0,1,CH5,P5  ,1, 8.27E+0,0,1,CH6,P6,1, 1.00E-1,0,1,
12-07-17,13:17:35,CH1,P1  ,1, 1.98E-5,0,1,CH2,P2  ,1, 4.23E-2,0,1,CH3,P3  ,1, 5.10E+2,0,1,CH4,P4  ,1, 5.27E+2,0,1,CH5,P5  ,1, 8.27E+0,0,1,CH6,P6,1, 1.01E-1,0,1,
12-07-17,13:18:37,CH1,P1  ,1, 1.98E-5,0,1,CH2,P2  ,1, 4.23E-2,0,1,CH3,P3  ,1, 5.14E+2,0,1,CH4,P4  ,1, 5.28E+2,0,1,CH5,P5  ,1, 8.28E+0,0,1,CH6,P6,1, 1.01E-1,0,1,
12-07-17,13:19:39,CH1,P1  ,1, 1.98E-5,0,1,CH2,P2  ,1, 4.23E-2,0,1,CH3,P3  ,1, 5.11E+2,0,1,CH4,P4  ,1, 5.27E+2,0,1,CH5,P5  ,1, 8.28E+0,0,1,CH6,P6,1, 1.02E-1,0,1,
12-07-17,13:20:41,CH1,P1  ,1, 1.97E-5,0,1,CH2,P2  ,1, 4.23E-2,0,1,CH3,P3  ,1, 5.12E+2,0,1,CH4,P4  ,1, 5.27E+2,0,1,CH5,P5  ,1, 8.28E+0,0,1,CH6,P6,1, 1.02E-1,0,1,
12-07-17,13:21:41,CH1,P1  ,1, 1.97E-5,0,1,CH2,P2  ,1, 4.23E-2,0,1,CH3,P3  ,1, 5.14E+2,0,1,CH4,P4  ,1, 5.27E+2,0,1,CH5,P5  ,1, 8.27E+0,0,1,CH6,P6,1, 1.03E-1,0,1,
12-07-17,13:22:43,CH1,P1  ,1, 1.97E-5,0,1,CH2,P2  ,1, 4.23E-2,0,1,CH3,P3  ,1, 5.09E+2,0,1,CH4,P4  ,1, 5.27E+2,0,1,CH5,P5  ,1, 8.29E+0,0,1,CH6,P6,1, 1.03E-1,0,1,
12-07-17,13:23:45,CH1,P1  ,1, 2.14E-5,0,1,CH2,P2  ,1, 4.22E-2,0,1,CH3,P3  ,1, 5.13E+2,0,1,CH4,P4  ,1, 5.27E+2,0,1,CH5,P5  ,1, 8.29E+0,0,1,CH6,P6,1, 1.04E-1,0,1,
12-07-17,13:24:45,CH1,P1  ,1, 2.03E-5,0,1,CH2,P2  ,1, 4.21E-2,0,1,CH3,P3  ,1, 5.11E+2,0,1,CH4,P4  ,1, 5.26E+2,0,1,CH5,P5  ,1, 8.27E+0,0,1,CH6,P6,1, 1.04E-1,0,1,
12-07-17,13:25:47,CH1,P1  ,1, 2.00E-5,0,1,CH2,P2  ,1, 4.23E-2,0,1,CH3,P3  ,1, 5.10E+2,0,1,CH4,P4  ,1, 5.27E+2,0,1,CH5,P5  ,1, 8.27E+0,0,1,CH6,P6,1, 1.05E-1,0,1,
12-07-17,13:26:47,CH1,P1  ,1, 1.98E-5,0,1,CH2,P2  ,1, 4.22E-2,0,1,CH3,P3  ,1, 5.12E+2,0,1,CH4,P4  ,1, 5.26E+2,0,1,CH5,P5  ,1, 8.28E+0,0,1,CH6,P6,1, 1.05E-1,0,1,
12-07-17,13:27:49,CH1,P1  ,1, 1.98E-5,0,1,CH2,P2  ,1, 4.22E-2,0,1,CH3,P3  ,1, 5.10E+2,0,1,CH4,P4  ,1, 5.26E+2,0,1,CH5,P5  ,1, 8.29E+0,0,1,CH6,P6,1, 1.06E-1,0,1,
12-07-17,13:28:49,CH1,P1  ,1, 1.98E-5,0,1,CH2,P2  ,1, 4.22E-2,0,1,CH3,P3  ,1, 5.09E+2,0,1,CH4,P4  ,1, 5.26E+2,0,1,CH5,P5  ,1, 8.28E+0,0,1,CH6,P6,1, 1.06E-1,0,1,
12-07-17,13:29:51,CH1,P1  ,1, 1.97E-5,0,1,CH2,P2  ,1, 4.23E-2,0,1,CH3,P3  ,1, 5.13E+2,0,1,CH4,P4  ,1, 5.26E+2,0,1,CH5,P5  ,1, 8.27E+0,0,1,CH6,P6,1, 1.07E-1,0,1,
12-07-17,13:30:51,CH1,P1  ,1, 1.97E-5,0,1,CH2,P2  ,1, 4.21E-2,0,1,CH3,P3  ,1, 5.11E+2,0,1,CH4,P4  ,1, 5.26E+2,0,1,CH5,P5  ,1, 8.27E+0,0,1,CH6,P6,1, 1.07E-1,0,1,
12-07-17,13:31:53,CH1,P1  ,1, 1.97E-5,0,1,CH2,P2  ,1, 4.23E-2,0,1,CH3,P3  ,1, 5.13E+2,0,1,CH4,P4  ,1, 5.27E+2,0,1,CH5,P5  ,1, 8.27E+0,0,1,CH6,P6,1, 1.08E-1,0,1,
12-07-17,13:32:53,CH1,P1  ,1, 1.97E-5,0,1,CH2,P2  ,1, 4.23E-2,0,1,CH3,P3  ,1, 5.15E+2,0,1,CH4,P4  ,1, 5.28E+2,0,1,CH5,P5  ,1, 8.29E+0,0,1,CH6,P6,1, 1.08E-1,0,1,
12-07-17,13:33:55,CH1,P1  ,1, 1.97E-5,0,1,CH2,P2  ,1, 4.23E-2,0,1,CH3,P3  ,1, 5.10E+2,0,1,CH4,P4  ,1, 5.27E+2,0,1,CH5,P5  ,1, 8.27E+0,0,1,CH6,P6,1, 1.09E-1,0,1,
12-07-17,13:34:57,CH1,P1  ,1, 1.96E-5,0,1,CH2,P2  ,1, 4.22E-2,0,1,CH3,P3  ,1, 5.12E+2,0,1,CH4,P4  ,1, 5.26E+2,0,1,CH5,P5  ,1, 8.28E+0,0,1,CH6,P6,1, 1.09E-1,0,1,
12-07-17,13:35:59,CH1,P1  ,1, 1.96E-5,0,1,CH2,P2  ,1, 4.22E-2,0,1,CH3,P3  ,1, 5.10E+2,0,1,CH4,P4  ,1, 5.26E+2,0,1,CH5,P5  ,1, 8.28E+0,0,1,CH6,P6,1, 1.09E-1,0,1,
12-07-17,13:36:59,CH1,P1  ,1, 1.96E-5,0,1,CH2,P2  ,1, 4.23E-2,0,1,CH3,P3  ,1, 5.09E+2,0,1,CH4,P4  ,1, 5.26E+2,0,1,CH5,P5  ,1, 8.28E+0,0,1,CH6,P6,1, 1.10E-1,0,1,
12-07-17,13:37:59,CH1,P1  ,1, 1.96E-5,0,1,CH2,P2  ,1, 4.20E-2,0,1,CH3,P3  ,1, 5.11E+2,0,1,CH4,P4  ,1, 5.25E+2,0,1,CH5,P5  ,1, 8.28E+0,0,1,CH6,P6,1, 1.10E-1,0,1,
12-07-17,13:39:01,CH1,P1  ,1, 1.96E-5,0,1,CH2,P2  ,1, 4.20E-2,0,1,CH3,P3  ,1, 5.09E+2,0,1,CH4,P4  ,1, 5.25E+2,0,1,CH5,P5  ,1, 8.28E+0,0,1,CH6,P6,1, 1.11E-1,0,1,
12-07-17,13:40:01,CH1,P1  ,1, 1.96E-5,0,1,CH2,P2  ,1, 4.20E-2,0,1,CH3,P3  ,1, 5.07E+2,0,1,CH4,P4  ,1, 5.25E+2,0,1,CH5,P5  ,1, 8.28E+0,0,1,CH6,P6,1, 1.11E-1,0,1,
12-07-17,13:41:01,CH1,P1  ,1, 1.96E-5,0,1,CH2,P2  ,1, 4.20E-2,0,1,CH3,P3  ,1, 5.11E+2,0,1,CH4,P4  ,1, 5.25E+2,0,1,CH5,P5  ,1, 8.27E+0,0,1,CH6,P6,1, 1.12E-1,0,1,
12-07-17,13:42:03,CH1,P1  ,1, 1.96E-5,0,1,CH2,P2  ,1, 4.21E-2,0,1,CH3,P3  ,1, 5.09E+2,0,1,CH4,P4  ,1, 5.25E+2,0,1,CH5,P5  ,1, 8.27E+0,0,1,CH6,P6,1, 1.12E-1,0,1,
12-07-17,13:43:05,CH1,P1  ,1, 1.96E-5,0,1,CH2,P2  ,1, 4.22E-2,0,1,CH3,P3  ,1, 5.10E+2,0,1,CH4,P4  ,1, 5.26E+2,0,1,CH5,P5  ,1, 8.26E+0,0,1,CH6,P6,1, 1.13E-1,0,1,
12-07-17,13:44:05,CH1,P1  ,1, 1.95E-5,0,1,CH2,P2  ,1, 4.21E-2,0,1,CH3,P3  ,1, 5.12E+2,0,1,CH4,P4  ,1, 5.26E+2,0,1,CH5,P5  ,1, 8.28E+0,0,1,CH6,P6,1, 1.13E-1,0,1,
12-07-17,13:45:05,CH1,P1  ,1, 1.95E-5,0,1,CH2,P2  ,1, 4.20E-2,0,1,CH3,P3  ,1, 5.09E+2,0,1,CH4,P4  ,1, 5.26E+2,0,1,CH5,P5  ,1, 8.28E+0,0,1,CH6,P6,1, 1.14E-1,0,1,
12-07-17,13:46:07,CH1,P1  ,1, 1.95E-5,0,1,CH2,P2  ,1, 4.22E-2,0,1,CH3,P3  ,1, 5.10E+2,0,1,CH4,P4  ,1, 5.26E+2,0,1,CH5,P5  ,1, 8.28E+0,0,1,CH6,P6,1, 1.14E-1,0,1,
12-07-17,13:47:09,CH1,P1  ,1, 1.94E-5,0,1,CH2,P2  ,1, 4.22E-2,0,1,CH3,P3  ,1, 5.12E+2,0,1,CH4,P4  ,1, 5.26E+2,0,1,CH5,P5  ,1, 8.27E+0,0,1,CH6,P6,1, 1.15E-1,0,1,
12-07-17,13:48:09,CH1,P1  ,1, 1.94E-5,0,1,CH2,P2  ,1, 4.22E-2,0,1,CH3,P3  ,1, 5.08E+2,0,1,CH4,P4  ,1, 5.26E+2,0,1,CH5,P5  ,1, 8.27E+0,0,1,CH6,P6,1, 1.15E-1,0,1,
12-07-17,13:49:11,CH1,P1  ,1, 1.95E-5,0,1,CH2,P2  ,1, 4.21E-2,0,1,CH3,P3  ,1, 5.12E+2,0,1,CH4,P4  ,1, 5.26E+2,0,1,CH5,P5  ,1, 8.29E+0,0,1,CH6,P6,1, 1.16E-1,0,1,
12-07-17,13:50:11,CH1,P1  ,1, 1.94E-5,0,1,CH2,P2  ,1, 4.21E-2,0,1,CH3,P3  ,1, 5.12E+2,0,1,CH4,P4  ,1, 5.26E+2,0,1,CH5,P5  ,1, 8.27E+0,0,1,CH6,P6,1, 1.16E-1,0,1,
12-07-17,13:51:13,CH1,P1  ,1, 1.95E-5,0,1,CH2,P2  ,1, 4.21E-2,0,1,CH3,P3  ,1, 5.09E+2,0,1,CH4,P4  ,1, 5.26E+2,0,1,CH5,P5  ,1, 8.27E+0,0,1,CH6,P6,1, 1.16E-1,0,1,
12-07-17,13:52:15,CH1,P1  ,1, 1.95E-5,0,1,CH2,P2  ,1, 4.22E-2,0,1,CH3,P3  ,1, 5.12E+2,0,1,CH4,P4  ,1, 5.26E+2,0,1,CH5,P5  ,1, 8.26E+0,0,1,CH6,P6,1, 1.17E-1,0,1,
12-07-17,13:53:15,CH1,P1  ,1, 1.94E-5,0,1,CH2,P2  ,1, 4.21E-2,0,1,CH3,P3  ,1, 5.10E+2,0,1,CH4,P4  ,1, 5.26E+2,0,1,CH5,P5  ,1, 8.28E+0,0,1,CH6,P6,1, 1.17E-1,0,1,
12-07-17,13:54:17,CH1,P1  ,1, 1.94E-5,0,1,CH2,P2  ,1, 4.22E-2,0,1,CH3,P3  ,1, 5.11E+2,0,1,CH4,P4  ,1, 5.26E+2,0,1,CH5,P5  ,1, 8.29E+0,0,1,CH6,P6,1, 1.18E-1,0,1,
12-07-17,13:55:17,CH1,P1  ,1, 1.94E-5,0,1,CH2,P2  ,1, 4.22E-2,0,1,CH3,P3  ,1, 5.13E+2,0,1,CH4,P4  ,1, 5.26E+2,0,1,CH5,P5  ,1, 8.27E+0,0,1,CH6,P6,1, 1.18E-1,0,1,
12-07-17,13:56:19,CH1,P1  ,1, 1.94E-5,0,1,CH2,P2  ,1, 4.20E-2,0,1,CH3,P3  ,1, 5.08E+2,0,1,CH4,P4  ,1, 5.26E+2,0,1,CH5,P5  ,1, 8.28E+0,0,1,CH6,P6,1, 1.19E-1,0,1,
12-07-17,13:57:19,CH1,P1  ,1, 1.94E-5,0,1,CH2,P2  ,1, 4.27E-2,0,1,CH3,P3  ,1, 5.11E+2,0,1,CH4,P4  ,1, 5.26E+2,0,1,CH5,P5  ,1, 8.28E+0,0,1,CH6,P6,1, 1.19E-1,0,1,
12-07-17,13:58:19,CH1,P1  ,1, 1.94E-5,0,1,CH2,P2  ,1, 2.03E-1,0,1,CH3,P3  ,1, 5.47E+2,0,1,CH4,P4  ,1, 5.73E+2,0,1,CH5,P5  ,1, 8.29E+0,0,1,CH6,P6,1, 1.20E-1,0,1,
12-07-17,13:59:21,CH1,P1  ,1, 1.94E-5,0,1,CH2,P2  ,1, 2.00E-1,0,1,CH3,P3  ,1, 5.61E+2,0,1,CH4,P4  ,1, 5.92E+2,0,1,CH5,P5  ,1, 8.28E+0,0,1,CH6,P6,1, 1.20E-1,0,1,
12-07-17,14:00:21,CH1,P1  ,1, 1.94E-5,0,1,CH2,P2  ,1, 1.85E-1,0,1,CH3,P3  ,1, 5.49E+2,0,1,CH4,P4  ,1, 5.79E+2,0,1,CH5,P5  ,1, 8.27E+0,0,1,CH6,P6,1, 1.21E-1,0,1,
12-07-17,14:01:23,CH1,P1  ,1, 1.94E-5,0,1,CH2,P2  ,1, 1.91E-1,0,1,CH3,P3  ,1, 5.47E+2,0,1,CH4,P4  ,1, 5.75E+2,0,1,CH5,P5  ,1, 8.29E+0,0,1,CH6,P6,1, 1.21E-1,0,1,
12-07-17,14:02:23,CH1,P1  ,1, 1.94E-5,0,1,CH2,P2  ,1, 1.97E-1,0,1,CH3,P3  ,1, 5.47E+2,0,1,CH4,P4  ,1, 5.79E+2,0,1,CH5,P5  ,1, 8.28E+0,0,1,CH6,P6,1, 1.22E-1,0,1,
12-07-17,14:03:25,CH1,P1  ,1, 1.94E-5,0,1,CH2,P2  ,1, 1.97E-1,0,1,CH3,P3  ,1, 5.53E+2,0,1,CH4,P4  ,1, 5.80E+2,0,1,CH5,P5  ,1, 8.27E+0,0,1,CH6,P6,1, 1.22E-1,0,1,
12-07-17,14:04:27,CH1,P1  ,1, 1.94E-5,0,1,CH2,P2  ,1, 1.95E-1,0,1,CH3,P3  ,1, 5.47E+2,0,1,CH4,P4  ,1, 5.78E+2,0,1,CH5,P5  ,1, 8.28E+0,0,1,CH6,P6,1, 1.23E-1,0,1,
12-07-17,14:05:27,CH1,P1  ,1, 1.94E-5,0,1,CH2,P2  ,1, 1.96E-1,0,1,CH3,P3  ,1, 5.48E+2,0,1,CH4,P4  ,1, 5.78E+2,0,1,CH5,P5  ,1, 8.27E+0,0,1,CH6,P6,1, 1.23E-1,0,1,
12-07-17,14:06:27,CH1,P1  ,1, 1.94E-5,0,1,CH2,P2  ,1, 1.99E-1,0,1,CH3,P3  ,1, 5.52E+2,0,1,CH4,P4  ,1, 5.79E+2,0,1,CH5,P5  ,1, 8.27E+0,0,1,CH6,P6,1, 1.24E-1,0,1,
12-07-17,14:07:29,CH1,P1  ,1, 1.94E-5,0,1,CH2,P2  ,1, 1.99E-1,0,1,CH3,P3  ,1, 5.47E+2,0,1,CH4,P4  ,1, 5.79E+2,0,1,CH5,P5  ,1, 8.28E+0,0,1,CH6,P6,1, 1.24E-1,0,1,
12-07-17,14:08:31,CH1,P1  ,1, 1.94E-5,0,1,CH2,P2  ,1, 1.99E-1,0,1,CH3,P3  ,1, 5.52E+2,0,1,CH4,P4  ,1, 5.79E+2,0,1,CH5,P5  ,1, 8.29E+0,0,1,CH6,P6,1, 1.25E-1,0,1,
12-07-17,14:09:31,CH1,P1  ,1, 1.94E-5,0,1,CH2,P2  ,1, 2.00E-1,0,1,CH3,P3  ,1, 5.51E+2,0,1,CH4,P4  ,1, 5.80E+2,0,1,CH5,P5  ,1, 8.29E+0,0,1,CH6,P6,1, 1.25E-1,0,1,
12-07-17,14:10:33,CH1,P1  ,1, 1.94E-5,0,1,CH2,P2  ,1, 2.01E-1,0,1,CH3,P3  ,1, 5.50E+2,0,1,CH4,P4  ,1, 5.81E+2,0,1,CH5,P5  ,1, 8.28E+0,0,1,CH6,P6,1, 1.25E-1,0,1,
12-07-17,14:11:35,CH1,P1  ,1, 1.93E-5,0,1,CH2,P2  ,1, 2.00E-1,0,1,CH3,P3  ,1, 5.53E+2,0,1,CH4,P4  ,1, 5.80E+2,0,1,CH5,P5  ,1, 8.30E+0,0,1,CH6,P6,1, 1.26E-1,0,1,
12-07-17,14:12:35,CH1,P1  ,1, 1.93E-5,0,1,CH2,P2  ,1, 2.01E-1,0,1,CH3,P3  ,1, 5.50E+2,0,1,CH4,P4  ,1, 5.81E+2,0,1,CH5,P5  ,1, 8.28E+0,0,1,CH6,P6,1, 1.27E-1,0,1,
12-07-17,14:13:37,CH1,P1  ,1, 1.93E-5,0,1,CH2,P2  ,1, 2.02E-1,0,1,CH3,P3  ,1, 5.52E+2,0,1,CH4,P4  ,1, 5.81E+2,0,1,CH5,P5  ,1, 8.29E+0,0,1,CH6,P6,1, 1.27E-1,0,1,
12-07-17,14:14:37,CH1,P1  ,1, 1.93E-5,0,1,CH2,P2  ,1, 2.02E-1,0,1,CH3,P3  ,1, 5.54E+2,0,1,CH4,P4  ,1, 5.81E+2,0,1,CH5,P5  ,1, 8.29E+0,0,1,CH6,P6,1, 1.27E-1,0,1,
12-07-17,14:15:39,CH1,P1  ,1, 1.93E-5,0,1,CH2,P2  ,1, 2.02E-1,0,1,CH3,P3  ,1, 5.50E+2,0,1,CH4,P4  ,1, 5.81E+2,0,1,CH5,P5  ,1, 8.27E+0,0,1,CH6,P6,1, 1.28E-1,0,1,
12-07-17,14:16:39,CH1,P1  ,1, 1.93E-5,0,1,CH2,P2  ,1, 2.02E-1,0,1,CH3,P3  ,1, 5.52E+2,0,1,CH4,P4  ,1, 5.81E+2,0,1,CH5,P5  ,1, 8.28E+0,0,1,CH6,P6,1, 1.28E-1,0,1,
12-07-17,14:17:41,CH1,P1  ,1, 1.93E-5,0,1,CH2,P2  ,1, 2.02E-1,0,1,CH3,P3  ,1, 5.51E+2,0,1,CH4,P4  ,1, 5.80E+2,0,1,CH5,P5  ,1, 8.27E+0,0,1,CH6,P6,1, 1.29E-1,0,1,
12-07-17,14:18:41,CH1,P1  ,1, 1.93E-5,0,1,CH2,P2  ,1, 2.03E-1,0,1,CH3,P3  ,1, 5.49E+2,0,1,CH4,P4  ,1, 5.80E+2,0,1,CH5,P5  ,1, 8.29E+0,0,1,CH6,P6,1, 1.29E-1,0,1,
12-07-17,14:19:43,CH1,P1  ,1, 1.92E-5,0,1,CH2,P2  ,1, 2.02E-1,0,1,CH3,P3  ,1, 5.52E+2,0,1,CH4,P4  ,1, 5.80E+2,0,1,CH5,P5  ,1, 8.29E+0,0,1,CH6,P6,1, 1.30E-1,0,1,
12-07-17,14:20:43,CH1,P1  ,1, 1.93E-5,0,1,CH2,P2  ,1, 2.03E-1,0,1,CH3,P3  ,1, 5.52E+2,0,1,CH4,P4  ,1, 5.81E+2,0,1,CH5,P5  ,1, 8.27E+0,0,1,CH6,P6,1, 1.30E-1,0,1,
12-07-17,14:21:45,CH1,P1  ,1, 1.93E-5,0,1,CH2,P2  ,1, 2.04E-1,0,1,CH3,P3  ,1, 5.51E+2,0,1,CH4,P4  ,1, 5.81E+2,0,1,CH5,P5  ,1, 8.28E+0,0,1,CH6,P6,1, 1.30E-1,0,1,
12-07-17,14:22:47,CH1,P1  ,1, 1.92E-5,0,1,CH2,P2  ,1, 2.03E-1,0,1,CH3,P3  ,1, 5.53E+2,0,1,CH4,P4  ,1, 5.81E+2,0,1,CH5,P5  ,1, 8.28E+0,0,1,CH6,P6,1, 1.31E-1,0,1,
12-07-17,14:23:47,CH1,P1  ,1, 1.92E-5,0,1,CH2,P2  ,1, 2.02E-1,0,1,CH3,P3  ,1, 5.50E+2,0,1,CH4,P4  ,1, 5.80E+2,0,1,CH5,P5  ,1, 8.27E+0,0,1,CH6,P6,1, 1.31E-1,0,1,
12-07-17,14:24:49,CH1,P1  ,1, 1.92E-5,0,1,CH2,P2  ,1, 2.04E-1,0,1,CH3,P3  ,1, 5.51E+2,0,1,CH4,P4  ,1, 5.80E+2,0,1,CH5,P5  ,1, 8.28E+0,0,1,CH6,P6,1, 1.32E-1,0,1,
12-07-17,14:25:51,CH1,P1  ,1, 1.92E-5,0,1,CH2,P2  ,1, 2.04E-1,0,1,CH3,P3  ,1, 5.53E+2,0,1,CH4,P4  ,1, 5.81E+2,0,1,CH5,P5  ,1, 8.28E+0,0,1,CH6,P6,1, 1.32E-1,0,1,
12-07-17,14:26:53,CH1,P1  ,1, 1.92E-5,0,1,CH2,P2  ,1, 2.03E-1,0,1,CH3,P3  ,1, 5.49E+2,0,1,CH4,P4  ,1, 5.81E+2,0,1,CH5,P5  ,1, 8.29E+0,0,1,CH6,P6,1, 1.33E-1,0,1,
12-07-17,14:27:55,CH1,P1  ,1, 1.92E-5,0,1,CH2,P2  ,1, 2.03E-1,0,1,CH3,P3  ,1, 5.53E+2,0,1,CH4,P4  ,1, 5.80E+2,0,1,CH5,P5  ,1, 8.28E+0,0,1,CH6,P6,1, 1.33E-1,0,1,
12-07-17,14:28:55,CH1,P1  ,1, 1.92E-5,0,1,CH2,P2  ,1, 2.03E-1,0,1,CH3,P3  ,1, 5.49E+2,0,1,CH4,P4  ,1, 5.79E+2,0,1,CH5,P5  ,1, 8.27E+0,0,1,CH6,P6,1, 1.34E-1,0,1,
12-07-17,14:29:57,CH1,P1  ,1, 1.92E-5,0,1,CH2,P2  ,1, 2.04E-1,0,1,CH3,P3  ,1, 5.49E+2,0,1,CH4,P4  ,1, 5.80E+2,0,1,CH5,P5  ,1, 8.28E+0,0,1,CH6,P6,1, 1.34E-1,0,1,
12-07-17,14:30:59,CH1,P1  ,1, 1.92E-5,0,1,CH2,P2  ,1, 2.04E-1,0,1,CH3,P3  ,1, 5.52E+2,0,1,CH4,P4  ,1, 5.80E+2,0,1,CH5,P5  ,1, 8.29E+0,0,1,CH6,P6,1, 1.34E-1,0,1,
12-07-17,14:31:59,CH1,P1  ,1, 1.91E-5,0,1,CH2,P2  ,1, 2.04E-1,0,1,CH3,P3  ,1, 5.49E+2,0,1,CH4,P4  ,1, 5.80E+2,0,1,CH5,P5  ,1, 8.28E+0,0,1,CH6,P6,1, 1.35E-1,0,1,
12-07-17,14:32:59,CH1,P1  ,1, 1.92E-5,0,1,CH2,P2  ,1, 2.04E-1,0,1,CH3,P3  ,1, 5.49E+2,0,1,CH4,P4  ,1, 5.80E+2,0,1,CH5,P5  ,1, 8.28E+0,0,1,CH6,P6,1, 1.36E-1,0,1,
12-07-17,14:34:01,CH1,P1  ,1, 1.92E-5,0,1,CH2,P2  ,1, 2.04E-1,0,1,CH3,P3  ,1, 5.52E+2,0,1,CH4,P4  ,1, 5.80E+2,0,1,CH5,P5  ,1, 8.28E+0,0,1,CH6,P6,1, 1.36E-1,0,1,
12-07-17,14:35:01,CH1,P1  ,1, 1.92E-5,0,1,CH2,P2  ,1, 2.04E-1,0,1,CH3,P3  ,1, 5.50E+2,0,1,CH4,P4  ,1, 5.80E+2,0,1,CH5,P5  ,1, 8.29E+0,0,1,CH6,P6,1, 1.36E-1,0,1,
12-07-17,14:36:03,CH1,P1  ,1, 1.91E-5,0,1,CH2,P2  ,1, 2.04E-1,0,1,CH3,P3  ,1, 5.51E+2,0,1,CH4,P4  ,1, 5.80E+2,0,1,CH5,P5  ,1, 8.29E+0,0,1,CH6,P6,1, 1.37E-1,0,1,
12-07-17,14:37:03,CH1,P1  ,1, 1.91E-5,0,1,CH2,P2  ,1, 2.05E-1,0,1,CH3,P3  ,1, 5.53E+2,0,1,CH4,P4  ,1, 5.81E+2,0,1,CH5,P5  ,1, 8.29E+0,0,1,CH6,P6,1, 1.38E-1,0,1,
12-07-17,14:38:05,CH1,P1  ,1, 1.91E-5,0,1,CH2,P2  ,1, 2.04E-1,0,1,CH3,P3  ,1, 5.48E+2,0,1,CH4,P4  ,1, 5.80E+2,0,1,CH5,P5  ,1, 8.28E+0,0,1,CH6,P6,1, 1.38E-1,0,1,
12-07-17,14:39:05,CH1,P1  ,1, 1.91E-5,0,1,CH2,P2  ,1, 2.03E-1,0,1,CH3,P3  ,1, 5.49E+2,0,1,CH4,P4  ,1, 5.79E+2,0,1,CH5,P5  ,1, 8.29E+0,0,1,CH6,P6,1, 1.38E-1,0,1,
12-07-17,14:40:05,CH1,P1  ,1, 1.91E-5,0,1,CH2,P2  ,1, 2.04E-1,0,1,CH3,P3  ,1, 5.52E+2,0,1,CH4,P4  ,1, 5.80E+2,0,1,CH5,P5  ,1, 8.27E+0,0,1,CH6,P6,1, 1.39E-1,0,1,
12-07-17,14:41:07,CH1,P1  ,1, 1.91E-5,0,1,CH2,P2  ,1, 2.14E-1,0,1,CH3,P3  ,1, 5.49E+2,0,1,CH4,P4  ,1, 5.80E+2,0,1,CH5,P5  ,1, 8.28E+0,0,1,CH6,P6,1, 1.39E-1,0,1,
12-07-17,14:42:09,CH1,P1  ,1, 1.91E-5,0,1,CH2,P2  ,1, 2.25E-1,0,1,CH3,P3  ,1, 5.54E+2,0,1,CH4,P4  ,1, 5.82E+2,0,1,CH5,P5  ,1, 8.26E+0,0,1,CH6,P6,1, 1.40E-1,0,1,
12-07-17,14:43:11,CH1,P1  ,1, 1.91E-5,0,1,CH2,P2  ,1, 2.37E-1,0,1,CH3,P3  ,1, 5.58E+2,0,1,CH4,P4  ,1, 5.87E+2,0,1,CH5,P5  ,1, 8.28E+0,0,1,CH6,P6,1, 1.40E-1,0,1,
12-07-17,14:44:11,CH1,P1  ,1, 1.91E-5,0,1,CH2,P2  ,1, 2.49E-1,0,1,CH3,P3  ,1, 5.65E+2,0,1,CH4,P4  ,1, 5.96E+2,0,1,CH5,P5  ,1, 8.29E+0,0,1,CH6,P6,1, 1.41E-1,0,1,
12-07-17,14:45:11,CH1,P1  ,1, 1.91E-5,0,1,CH2,P2  ,1, 2.54E-1,0,1,CH3,P3  ,1, 5.75E+2,0,1,CH4,P4  ,1, 6.02E+2,0,1,CH5,P5  ,1, 8.27E+0,0,1,CH6,P6,1, 1.41E-1,0,1,
12-07-17,14:46:13,CH1,P1  ,1, 1.91E-5,0,1,CH2,P2  ,1, 2.55E-1,0,1,CH3,P3  ,1, 5.77E+2,0,1,CH4,P4  ,1, 6.06E+2,0,1,CH5,P5  ,1, 8.29E+0,0,1,CH6,P6,1, 1.41E-1,0,1,
12-07-17,14:47:13,CH1,P1  ,1, 1.91E-5,0,1,CH2,P2  ,1, 2.58E-1,0,1,CH3,P3  ,1, 5.78E+2,0,1,CH4,P4  ,1, 6.09E+2,0,1,CH5,P5  ,1, 8.28E+0,0,1,CH6,P6,1, 1.42E-1,0,1,
12-07-17,14:48:15,CH1,P1  ,1, 1.90E-5,0,1,CH2,P2  ,1, 2.60E-1,0,1,CH3,P3  ,1, 5.85E+2,0,1,CH4,P4  ,1, 6.12E+2,0,1,CH5,P5  ,1, 8.27E+0,0,1,CH6,P6,1, 1.42E-1,0,1,
12-07-17,14:49:15,CH1,P1  ,1, 1.90E-5,0,1,CH2,P2  ,1, 2.59E-1,0,1,CH3,P3  ,1, 5.84E+2,0,1,CH4,P4  ,1, 6.12E+2,0,1,CH5,P5  ,1, 8.27E+0,0,1,CH6,P6,1, 1.43E-1,0,1,
12-07-17,14:50:17,CH1,P1  ,1, 1.90E-5,0,1,CH2,P2  ,1, 2.57E-1,0,1,CH3,P3  ,1, 5.82E+2,0,1,CH4,P4  ,1, 6.12E+2,0,1,CH5,P5  ,1, 8.29E+0,0,1,CH6,P6,1, 1.43E-1,0,1,
12-07-17,14:51:17,CH1,P1  ,1, 1.91E-5,0,1,CH2,P2  ,1, 2.58E-1,0,1,CH3,P3  ,1, 5.86E+2,0,1,CH4,P4  ,1, 6.13E+2,0,1,CH5,P5  ,1, 8.28E+0,0,1,CH6,P6,1, 1.44E-1,0,1,
12-07-17,14:52:19,CH1,P1  ,1, 1.91E-5,0,1,CH2,P2  ,1, 2.57E-1,0,1,CH3,P3  ,1, 5.85E+2,0,1,CH4,P4  ,1, 6.14E+2,0,1,CH5,P5  ,1, 8.27E+0,0,1,CH6,P6,1, 1.44E-1,0,1,
12-07-17,14:53:19,CH1,P1  ,1, 1.90E-5,0,1,CH2,P2  ,1, 2.56E-1,0,1,CH3,P3  ,1, 5.81E+2,0,1,CH4,P4  ,1, 6.12E+2,0,1,CH5,P5  ,1, 8.29E+0,0,1,CH6,P6,1, 1.45E-1,0,1,
12-07-17,14:54:21,CH1,P1  ,1, 1.90E-5,0,1,CH2,P2  ,1, 2.54E-1,0,1,CH3,P3  ,1, 5.84E+2,0,1,CH4,P4  ,1, 6.11E+2,0,1,CH5,P5  ,1, 8.29E+0,0,1,CH6,P6,1, 1.45E-1,0,1,
12-07-17,14:55:23,CH1,P1  ,1, 1.90E-5,0,1,CH2,P2  ,1, 2.56E-1,0,1,CH3,P3  ,1, 5.81E+2,0,1,CH4,P4  ,1, 6.11E+2,0,1,CH5,P5  ,1, 8.29E+0,0,1,CH6,P6,1, 1.46E-1,0,1,
12-07-17,14:56:25,CH1,P1  ,1, 1.90E-5,0,1,CH2,P2  ,1, 2.56E-1,0,1,CH3,P3  ,1, 5.82E+2,0,1,CH4,P4  ,1, 6.11E+2,0,1,CH5,P5  ,1, 8.28E+0,0,1,CH6,P6,1, 1.46E-1,0,1,
12-07-17,14:57:25,CH1,P1  ,1, 1.90E-5,0,1,CH2,P2  ,1, 2.55E-1,0,1,CH3,P3  ,1, 5.84E+2,0,1,CH4,P4  ,1, 6.10E+2,0,1,CH5,P5  ,1, 8.29E+0,0,1,CH6,P6,1, 1.47E-1,0,1,
12-07-17,14:58:27,CH1,P1  ,1, 1.90E-5,0,1,CH2,P2  ,1, 2.58E-1,0,1,CH3,P3  ,1, 5.80E+2,0,1,CH4,P4  ,1, 6.11E+2,0,1,CH5,P5  ,1, 8.29E+0,0,1,CH6,P6,1, 1.48E-1,0,1,
12-07-17,14:59:27,CH1,P1  ,1, 1.90E-5,0,1,CH2,P2  ,1, 2.59E-1,0,1,CH3,P3  ,1, 5.84E+2,0,1,CH4,P4  ,1, 6.12E+2,0,1,CH5,P5  ,1, 8.29E+0,0,1,CH6,P6,1, 1.48E-1,0,1,
12-07-17,15:00:27,CH1,P1  ,1, 1.90E-5,0,1,CH2,P2  ,1, 2.59E-1,0,1,CH3,P3  ,1, 5.86E+2,0,1,CH4,P4  ,1, 6.12E+2,0,1,CH5,P5  ,1, 8.28E+0,0,1,CH6,P6,1, 1.48E-1,0,1,
12-07-17,15:01:27,CH1,P1  ,1, 1.90E-5,0,1,CH2,P2  ,1, 2.58E-1,0,1,CH3,P3  ,1, 5.81E+2,0,1,CH4,P4  ,1, 6.11E+2,0,1,CH5,P5  ,1, 8.29E+0,0,1,CH6,P6,1, 1.49E-1,0,1,
12-07-17,15:02:29,CH1,P1  ,1, 1.90E-5,0,1,CH2,P2  ,1, 2.60E-1,0,1,CH3,P3  ,1, 5.84E+2,0,1,CH4,P4  ,1, 6.12E+2,0,1,CH5,P5  ,1, 8.27E+0,0,1,CH6,P6,1, 1.49E-1,0,1,
12-07-17,15:03:31,CH1,P1  ,1, 1.90E-5,0,1,CH2,P2  ,1, 2.60E-1,0,1,CH3,P3  ,1, 5.85E+2,0,1,CH4,P4  ,1, 6.12E+2,0,1,CH5,P5  ,1, 8.29E+0,0,1,CH6,P6,1, 1.50E-1,0,1,
12-07-17,15:04:33,CH1,P1  ,1, 1.90E-5,0,1,CH2,P2  ,1, 2.58E-1,0,1,CH3,P3  ,1, 5.80E+2,0,1,CH4,P4  ,1, 6.11E+2,0,1,CH5,P5  ,1, 8.29E+0,0,1,CH6,P6,1, 1.51E-1,0,1,
12-07-17,15:05:33,CH1,P1  ,1, 1.90E-5,0,1,CH2,P2  ,1, 2.58E-1,0,1,CH3,P3  ,1, 5.84E+2,0,1,CH4,P4  ,1, 6.11E+2,0,1,CH5,P5  ,1, 8.29E+0,0,1,CH6,P6,1, 1.51E-1,0,1,
12-07-17,15:06:35,CH1,P1  ,1, 1.90E-5,0,1,CH2,P2  ,1, 2.62E-1,0,1,CH3,P3  ,1, 5.84E+2,0,1,CH4,P4  ,1, 6.13E+2,0,1,CH5,P5  ,1, 8.29E+0,0,1,CH6,P6,1, 1.52E-1,0,1,
12-07-17,15:07:37,CH1,P1  ,1, 1.90E-5,0,1,CH2,P2  ,1, 2.60E-1,0,1,CH3,P3  ,1, 5.83E+2,0,1,CH4,P4  ,1, 6.13E+2,0,1,CH5,P5  ,1, 8.28E+0,0,1,CH6,P6,1, 1.52E-1,0,1,
12-07-17,15:08:39,CH1,P1  ,1, 1.90E-5,0,1,CH2,P2  ,1, 1.96E-1,0,1,CH3,P3  ,1, 5.81E+2,0,1,CH4,P4  ,1, 6.07E+2,0,1,CH5,P5  ,1, 8.29E+0,0,1,CH6,P6,1, 1.52E-1,0,1,
12-07-17,15:09:39,CH1,P1  ,1, 1.90E-5,0,1,CH2,P2  ,1, 2.00E-1,0,1,CH3,P3  ,1, 5.71E+2,0,1,CH4,P4  ,1, 6.00E+2,0,1,CH5,P5  ,1, 8.28E+0,0,1,CH6,P6,1, 1.53E-1,0,1,
12-07-17,15:10:41,CH1,P1  ,1, 1.90E-5,0,1,CH2,P2  ,1, 2.10E-1,0,1,CH3,P3  ,1, 5.81E+2,0,1,CH4,P4  ,1, 6.05E+2,0,1,CH5,P5  ,1, 8.28E+0,0,1,CH6,P6,1, 1.53E-1,0,1,
12-07-17,15:11:41,CH1,P1  ,1, 1.90E-5,0,1,CH2,P2  ,1, 2.06E-1,0,1,CH3,P3  ,1, 5.84E+2,0,1,CH4,P4  ,1, 6.09E+2,0,1,CH5,P5  ,1, 8.28E+0,0,1,CH6,P6,1, 1.54E-1,0,1,
12-07-17,15:12:41,CH1,P1  ,1, 1.89E-5,0,1,CH2,P2  ,1, 2.01E-1,0,1,CH3,P3  ,1, 5.80E+2,0,1,CH4,P4  ,1, 6.08E+2,0,1,CH5,P5  ,1, 8.29E+0,0,1,CH6,P6,1, 1.54E-1,0,1,
12-07-17,15:13:43,CH1,P1  ,1, 1.90E-5,0,1,CH2,P2  ,1, 2.01E-1,0,1,CH3,P3  ,1, 5.82E+2,0,1,CH4,P4  ,1, 6.08E+2,0,1,CH5,P5  ,1, 8.29E+0,0,1,CH6,P6,1, 1.55E-1,0,1,
12-07-17,15:14:43,CH1,P1  ,1, 1.89E-5,0,1,CH2,P2  ,1, 2.03E-1,0,1,CH3,P3  ,1, 5.84E+2,0,1,CH4,P4  ,1, 6.09E+2,0,1,CH5,P5  ,1, 8.29E+0,0,1,CH6,P6,1, 1.55E-1,0,1,
12-07-17,15:15:43,CH1,P1  ,1, 1.90E-5,0,1,CH2,P2  ,1, 2.03E-1,0,1,CH3,P3  ,1, 5.81E+2,0,1,CH4,P4  ,1, 6.10E+2,0,1,CH5,P5  ,1, 8.29E+0,0,1,CH6,P6,1, 1.56E-1,0,1,
12-07-17,15:16:45,CH1,P1  ,1, 1.89E-5,0,1,CH2,P2  ,1, 2.02E-1,0,1,CH3,P3  ,1, 5.86E+2,0,1,CH4,P4  ,1, 6.10E+2,0,1,CH5,P5  ,1, 8.28E+0,0,1,CH6,P6,1, 1.57E-1,0,1,
12-07-17,15:17:45,CH1,P1  ,1, 1.90E-5,0,1,CH2,P2  ,1, 2.01E-1,0,1,CH3,P3  ,1, 5.84E+2,0,1,CH4,P4  ,1, 6.09E+2,0,1,CH5,P5  ,1, 8.28E+0,0,1,CH6,P6,1, 1.57E-1,0,1,
12-07-17,15:18:47,CH1,P1  ,1, 1.89E-5,0,1,CH2,P2  ,1, 2.01E-1,0,1,CH3,P3  ,1, 5.79E+2,0,1,CH4,P4  ,1, 6.08E+2,0,1,CH5,P5  ,1, 8.29E+0,0,1,CH6,P6,1, 1.58E-1,0,1,
12-07-17,15:19:47,CH1,P1  ,1, 1.89E-5,0,1,CH2,P2  ,1, 2.02E-1,0,1,CH3,P3  ,1, 5.82E+2,0,1,CH4,P4  ,1, 6.08E+2,0,1,CH5,P5  ,1, 8.28E+0,0,1,CH6,P6,1, 1.58E-1,0,1,
12-07-17,15:20:47,CH1,P1  ,1, 1.89E-5,0,1,CH2,P2  ,1, 2.02E-1,0,1,CH3,P3  ,1, 5.84E+2,0,1,CH4,P4  ,1, 6.09E+2,0,1,CH5,P5  ,1, 8.29E+0,0,1,CH6,P6,1, 1.59E-1,0,1,
12-07-17,15:21:47,CH1,P1  ,1, 1.89E-5,0,1,CH2,P2  ,1, 2.01E-1,0,1,CH3,P3  ,1, 5.80E+2,0,1,CH4,P4  ,1, 6.08E+2,0,1,CH5,P5  ,1, 8.28E+0,0,1,CH6,P6,1, 1.59E-1,0,1,
12-07-17,15:22:49,CH1,P1  ,1, 1.89E-5,0,1,CH2,P2  ,1, 2.02E-1,0,1,CH3,P3  ,1, 5.84E+2,0,1,CH4,P4  ,1, 6.09E+2,0,1,CH5,P5  ,1, 8.29E+0,0,1,CH6,P6,1, 1.60E-1,0,1,
12-07-17,15:23:51,CH1,P1  ,1, 1.89E-5,0,1,CH2,P2  ,1, 2.03E-1,0,1,CH3,P3  ,1, 5.81E+2,0,1,CH4,P4  ,1, 6.09E+2,0,1,CH5,P5  ,1, 8.29E+0,0,1,CH6,P6,1, 1.61E-1,0,1,
12-07-17,15:24:53,CH1,P1  ,1, 1.89E-5,0,1,CH2,P2  ,1, 2.01E-1,0,1,CH3,P3  ,1, 5.81E+2,0,1,CH4,P4  ,1, 6.08E+2,0,1,CH5,P5  ,1, 8.29E+0,0,1,CH6,P6,1, 1.61E-1,0,1,
12-07-17,15:25:55,CH1,P1  ,1, 1.89E-5,0,1,CH2,P2  ,1, 2.01E-1,0,1,CH3,P3  ,1, 5.82E+2,0,1,CH4,P4  ,1, 6.08E+2,0,1,CH5,P5  ,1, 8.28E+0,0,1,CH6,P6,1, 1.62E-1,0,1,
12-07-17,15:26:55,CH1,P1  ,1, 1.89E-5,0,1,CH2,P2  ,1, 1.86E-1,0,1,CH3,P3  ,1, 5.80E+2,0,1,CH4,P4  ,1, 6.08E+2,0,1,CH5,P5  ,1, 8.28E+0,0,1,CH6,P6,1, 1.63E-1,0,1,
12-07-17,15:27:57,CH1,P1  ,1, 1.89E-5,0,1,CH2,P2  ,1, 1.47E-1,0,1,CH3,P3  ,1, 5.76E+2,0,1,CH4,P4  ,1, 5.98E+2,0,1,CH5,P5  ,1, 8.29E+0,0,1,CH6,P6,1, 1.63E-1,0,1,
12-07-17,15:28:57,CH1,P1  ,1, 1.89E-5,0,1,CH2,P2  ,1, 1.51E-1,0,1,CH3,P3  ,1, 5.71E+2,0,1,CH4,P4  ,1, 5.95E+2,0,1,CH5,P5  ,1, 8.29E+0,0,1,CH6,P6,1, 1.63E-1,0,1,
12-07-17,15:29:59,CH1,P1  ,1, 1.89E-5,0,1,CH2,P2  ,1, 1.50E-1,0,1,CH3,P3  ,1, 5.74E+2,0,1,CH4,P4  ,1, 5.99E+2,0,1,CH5,P5  ,1, 8.29E+0,0,1,CH6,P6,1, 1.64E-1,0,1,
12-07-17,15:30:59,CH1,P1  ,1, 1.89E-5,0,1,CH2,P2  ,1, 1.47E-1,0,1,CH3,P3  ,1, 5.78E+2,0,1,CH4,P4  ,1, 6.00E+2,0,1,CH5,P5  ,1, 8.29E+0,0,1,CH6,P6,1, 1.64E-1,0,1,
12-07-17,15:32:01,CH1,P1  ,1, 1.89E-5,0,1,CH2,P2  ,1, 1.47E-1,0,1,CH3,P3  ,1, 5.73E+2,0,1,CH4,P4  ,1, 5.99E+2,0,1,CH5,P5  ,1, 8.29E+0,0,1,CH6,P6,1, 1.65E-1,0,1,
12-07-17,15:33:01,CH1,P1  ,1, 1.89E-5,0,1,CH2,P2  ,1, 1.48E-1,0,1,CH3,P3  ,1, 5.75E+2,0,1,CH4,P4  ,1, 6.00E+2,0,1,CH5,P5  ,1, 8.28E+0,0,1,CH6,P6,1, 1.66E-1,0,1,
12-07-17,15:34:03,CH1,P1  ,1, 1.89E-5,0,1,CH2,P2  ,1, 1.47E-1,0,1,CH3,P3  ,1, 5.78E+2,0,1,CH4,P4  ,1, 6.01E+2,0,1,CH5,P5  ,1, 8.30E+0,0,1,CH6,P6,1, 1.66E-1,0,1,
12-07-17,15:35:03,CH1,P1  ,1, 1.88E-5,0,1,CH2,P2  ,1, 1.47E-1,0,1,CH3,P3  ,1, 5.75E+2,0,1,CH4,P4  ,1, 6.01E+2,0,1,CH5,P5  ,1, 8.28E+0,0,1,CH6,P6,1, 1.66E-1,0,1,
12-07-17,15:36:03,CH1,P1  ,1, 1.89E-5,0,1,CH2,P2  ,1, 1.48E-1,0,1,CH3,P3  ,1, 5.78E+2,0,1,CH4,P4  ,1, 6.02E+2,0,1,CH5,P5  ,1, 8.28E+0,0,1,CH6,P6,1, 1.67E-1,0,1,
12-07-17,15:37:05,CH1,P1  ,1, 1.89E-5,0,1,CH2,P2  ,1, 1.47E-1,0,1,CH3,P3  ,1, 5.77E+2,0,1,CH4,P4  ,1, 6.01E+2,0,1,CH5,P5  ,1, 8.30E+0,0,1,CH6,P6,1, 1.67E-1,0,1,
12-07-17,15:38:05,CH1,P1  ,1, 1.88E-5,0,1,CH2,P2  ,1, 1.46E-1,0,1,CH3,P3  ,1, 5.73E+2,0,1,CH4,P4  ,1, 5.99E+2,0,1,CH5,P5  ,1, 8.29E+0,0,1,CH6,P6,1, 1.68E-1,0,1,
12-07-17,15:39:07,CH1,P1  ,1, 1.89E-5,0,1,CH2,P2  ,1, 1.46E-1,0,1,CH3,P3  ,1, 5.77E+2,0,1,CH4,P4  ,1, 5.99E+2,0,1,CH5,P5  ,1, 8.29E+0,0,1,CH6,P6,1, 1.68E-1,0,1,
12-07-17,15:40:07,CH1,P1  ,1, 1.89E-5,0,1,CH2,P2  ,1, 1.47E-1,0,1,CH3,P3  ,1, 5.77E+2,0,1,CH4,P4  ,1, 6.00E+2,0,1,CH5,P5  ,1, 8.29E+0,0,1,CH6,P6,1, 1.69E-1,0,1,
12-07-17,15:41:09,CH1,P1  ,1, 1.88E-5,0,1,CH2,P2  ,1, 1.47E-1,0,1,CH3,P3  ,1, 5.75E+2,0,1,CH4,P4  ,1, 6.01E+2,0,1,CH5,P5  ,1, 8.27E+0,0,1,CH6,P6,1, 1.69E-1,0,1,
12-07-17,15:42:09,CH1,P1  ,1, 1.88E-5,0,1,CH2,P2  ,1, 1.47E-1,0,1,CH3,P3  ,1, 5.80E+2,0,1,CH4,P4  ,1, 6.01E+2,0,1,CH5,P5  ,1, 8.28E+0,0,1,CH6,P6,1, 1.70E-1,0,1,
12-07-17,15:43:11,CH1,P1  ,1, 1.88E-5,0,1,CH2,P2  ,1, 6.94E-2,0,1,CH3,P3  ,1, 5.63E+2,0,1,CH4,P4  ,1, 5.81E+2,0,1,CH5,P5  ,1, 8.30E+0,0,1,CH6,P6,1, 1.71E-1,0,1,
12-07-17,15:44:13,CH1,P1  ,1, 1.88E-5,0,1,CH2,P2  ,1, 8.36E-2,0,1,CH3,P3  ,1, 5.59E+2,0,1,CH4,P4  ,1, 5.80E+2,0,1,CH5,P5  ,1, 8.28E+0,0,1,CH6,P6,1, 1.71E-1,0,1,
12-07-17,15:45:13,CH1,P1  ,1, 1.88E-5,0,1,CH2,P2  ,1, 8.07E-2,0,1,CH3,P3  ,1, 5.57E+2,0,1,CH4,P4  ,1, 5.76E+2,0,1,CH5,P5  ,1, 8.29E+0,0,1,CH6,P6,1, 1.71E-1,0,1,
12-07-17,15:46:13,CH1,P1  ,1, 1.87E-5,0,1,CH2,P2  ,1, 7.88E-2,0,1,CH3,P3  ,1, 5.51E+2,0,1,CH4,P4  ,1, 5.72E+2,0,1,CH5,P5  ,1, 8.28E+0,0,1,CH6,P6,1, 1.72E-1,0,1,
12-07-17,15:47:15,CH1,P1  ,1, 1.87E-5,0,1,CH2,P2  ,1, 7.70E-2,0,1,CH3,P3  ,1, 5.49E+2,0,1,CH4,P4  ,1, 5.69E+2,0,1,CH5,P5  ,1, 8.29E+0,0,1,CH6,P6,1, 1.72E-1,0,1,
12-07-17,15:48:15,CH1,P1  ,1, 1.87E-5,0,1,CH2,P2  ,1, 7.58E-2,0,1,CH3,P3  ,1, 5.47E+2,0,1,CH4,P4  ,1, 5.66E+2,0,1,CH5,P5  ,1, 8.27E+0,0,1,CH6,P6,1, 1.73E-1,0,1,
12-07-17,15:49:17,CH1,P1  ,1, 1.87E-5,0,1,CH2,P2  ,1, 7.47E-2,0,1,CH3,P3  ,1, 5.41E+2,0,1,CH4,P4  ,1, 5.63E+2,0,1,CH5,P5  ,1, 8.28E+0,0,1,CH6,P6,1, 1.73E-1,0,1,
12-07-17,15:50:19,CH1,P1  ,1, 1.87E-5,0,1,CH2,P2  ,1, 7.38E-2,0,1,CH3,P3  ,1, 5.43E+2,0,1,CH4,P4  ,1, 5.60E+2,0,1,CH5,P5  ,1, 8.29E+0,0,1,CH6,P6,1, 1.74E-1,0,1,
12-07-17,15:51:19,CH1,P1  ,1, 1.87E-5,0,1,CH2,P2  ,1, 7.32E-2,0,1,CH3,P3  ,1, 5.38E+2,0,1,CH4,P4  ,1, 5.59E+2,0,1,CH5,P5  ,1, 8.29E+0,0,1,CH6,P6,1, 1.74E-1,0,1,
12-07-17,15:52:19,CH1,P1  ,1, 1.87E-5,0,1,CH2,P2  ,1, 7.30E-2,0,1,CH3,P3  ,1, 5.36E+2,0,1,CH4,P4  ,1, 5.58E+2,0,1,CH5,P5  ,1, 8.29E+0,0,1,CH6,P6,1, 1.75E-1,0,1,
12-07-17,15:53:21,CH1,P1  ,1, 1.87E-5,0,1,CH2,P2  ,1, 7.27E-2,0,1,CH3,P3  ,1, 5.40E+2,0,1,CH4,P4  ,1, 5.57E+2,0,1,CH5,P5  ,1, 8.29E+0,0,1,CH6,P6,1, 1.76E-1,0,1,
12-07-17,15:54:21,CH1,P1  ,1, 1.87E-5,0,1,CH2,P2  ,1, 7.22E-2,0,1,CH3,P3  ,1, 5.36E+2,0,1,CH4,P4  ,1, 5.56E+2,0,1,CH5,P5  ,1, 8.28E+0,0,1,CH6,P6,1, 1.76E-1,0,1,
12-07-17,15:55:21,CH1,P1  ,1, 1.87E-5,0,1,CH2,P2  ,1, 7.22E-2,0,1,CH3,P3  ,1, 5.34E+2,0,1,CH4,P4  ,1, 5.56E+2,0,1,CH5,P5  ,1, 8.29E+0,0,1,CH6,P6,1, 1.76E-1,0,1,
12-07-17,15:56:23,CH1,P1  ,1, 1.87E-5,0,1,CH2,P2  ,1, 7.19E-2,0,1,CH3,P3  ,1, 5.38E+2,0,1,CH4,P4  ,1, 5.55E+2,0,1,CH5,P5  ,1, 8.30E+0,0,1,CH6,P6,1, 1.76E-1,0,1,
12-07-17,15:57:23,CH1,P1  ,1, 1.87E-5,0,1,CH2,P2  ,1, 7.18E-2,0,1,CH3,P3  ,1, 5.35E+2,0,1,CH4,P4  ,1, 5.56E+2,0,1,CH5,P5  ,1, 8.29E+0,0,1,CH6,P6,1, 1.77E-1,0,1,
12-07-17,15:58:25,CH1,P1  ,1, 1.86E-5,0,1,CH2,P2  ,1, 7.16E-2,0,1,CH3,P3  ,1, 5.36E+2,0,1,CH4,P4  ,1, 5.56E+2,0,1,CH5,P5  ,1, 8.28E+0,0,1,CH6,P6,1, 1.77E-1,0,1,
12-07-17,15:59:27,CH1,P1  ,1, 2.44E-5,0,1,CH2,P2  ,1, 7.16E-2,0,1,CH3,P3  ,1, 5.36E+2,0,1,CH4,P4  ,1, 5.56E+2,0,1,CH5,P5  ,1, 8.27E+0,0,1,CH6,P6,1, 1.78E-1,0,1,
12-07-17,16:00:27,CH1,P1  ,1, 1.97E-5,0,1,CH2,P2  ,1, 7.15E-2,0,1,CH3,P3  ,1, 5.34E+2,0,1,CH4,P4  ,1, 5.56E+2,0,1,CH5,P5  ,1, 8.29E+0,0,1,CH6,P6,1, 1.79E-1,0,1,
12-07-17,16:01:27,CH1,P1  ,1, 1.89E-5,0,1,CH2,P2  ,1, 7.15E-2,0,1,CH3,P3  ,1, 5.36E+2,0,1,CH4,P4  ,1, 5.56E+2,0,1,CH5,P5  ,1, 8.28E+0,0,1,CH6,P6,1, 1.79E-1,0,1,
12-07-17,16:02:27,CH1,P1  ,1, 1.88E-5,0,1,CH2,P2  ,1, 7.13E-2,0,1,CH3,P3  ,1, 5.37E+2,0,1,CH4,P4  ,1, 5.56E+2,0,1,CH5,P5  ,1, 8.29E+0,0,1,CH6,P6,1, 1.79E-1,0,1,
12-07-17,16:03:29,CH1,P1  ,1, 1.87E-5,0,1,CH2,P2  ,1, 7.13E-2,0,1,CH3,P3  ,1, 5.34E+2,0,1,CH4,P4  ,1, 5.55E+2,0,1,CH5,P5  ,1, 8.29E+0,0,1,CH6,P6,1, 1.80E-1,0,1,
12-07-17,16:04:29,CH1,P1  ,1, 1.87E-5,0,1,CH2,P2  ,1, 7.13E-2,0,1,CH3,P3  ,1, 5.36E+2,0,1,CH4,P4  ,1, 5.56E+2,0,1,CH5,P5  ,1, 8.29E+0,0,1,CH6,P6,1, 1.80E-1,0,1,
12-07-17,16:05:31,CH1,P1  ,1, 1.87E-5,0,1,CH2,P2  ,1, 7.13E-2,0,1,CH3,P3  ,1, 5.36E+2,0,1,CH4,P4  ,1, 5.56E+2,0,1,CH5,P5  ,1, 8.30E+0,0,1,CH6,P6,1, 1.81E-1,0,1,
12-07-17,16:06:33,CH1,P1  ,1, 1.87E-5,0,1,CH2,P2  ,1, 7.11E-2,0,1,CH3,P3  ,1, 5.34E+2,0,1,CH4,P4  ,1, 5.55E+2,0,1,CH5,P5  ,1, 8.29E+0,0,1,CH6,P6,1, 1.82E-1,0,1,
12-07-17,16:07:33,CH1,P1  ,1, 1.87E-5,0,1,CH2,P2  ,1, 7.10E-2,0,1,CH3,P3  ,1, 5.37E+2,0,1,CH4,P4  ,1, 5.54E+2,0,1,CH5,P5  ,1, 8.29E+0,0,1,CH6,P6,1, 1.82E-1,0,1,
12-07-17,16:08:35,CH1,P1  ,1, 1.87E-5,0,1,CH2,P2  ,1, 7.10E-2,0,1,CH3,P3  ,1, 5.34E+2,0,1,CH4,P4  ,1, 5.55E+2,0,1,CH5,P5  ,1, 8.29E+0,0,1,CH6,P6,1, 1.82E-1,0,1,
12-07-17,16:09:35,CH1,P1  ,1, 1.87E-5,0,1,CH2,P2  ,1, 7.10E-2,0,1,CH3,P3  ,1, 5.33E+2,0,1,CH4,P4  ,1, 5.55E+2,0,1,CH5,P5  ,1, 8.29E+0,0,1,CH6,P6,1, 1.83E-1,0,1,
12-07-17,16:10:35,CH1,P1  ,1, 1.87E-5,0,1,CH2,P2  ,1, 7.10E-2,0,1,CH3,P3  ,1, 5.37E+2,0,1,CH4,P4  ,1, 5.55E+2,0,1,CH5,P5  ,1, 8.27E+0,0,1,CH6,P6,1, 1.83E-1,0,1,
12-07-17,16:11:35,CH1,P1  ,1, 1.87E-5,0,1,CH2,P2  ,1, 7.10E-2,0,1,CH3,P3  ,1, 5.36E+2,0,1,CH4,P4  ,1, 5.54E+2,0,1,CH5,P5  ,1, 8.29E+0,0,1,CH6,P6,1, 1.84E-1,0,1,
12-07-17,16:12:37,CH1,P1  ,1, 1.86E-5,0,1,CH2,P2  ,1, 7.10E-2,0,1,CH3,P3  ,1, 5.33E+2,0,1,CH4,P4  ,1, 5.54E+2,0,1,CH5,P5  ,1, 8.28E+0,0,1,CH6,P6,1, 1.84E-1,0,1,
12-07-17,16:13:37,CH1,P1  ,1, 1.86E-5,0,1,CH2,P2  ,1, 7.09E-2,0,1,CH3,P3  ,1, 5.36E+2,0,1,CH4,P4  ,1, 5.55E+2,0,1,CH5,P5  ,1, 8.29E+0,0,1,CH6,P6,1, 1.85E-1,0,1,
12-07-17,16:14:37,CH1,P1  ,1, 1.86E-5,0,1,CH2,P2  ,1, 7.08E-2,0,1,CH3,P3  ,1, 5.36E+2,0,1,CH4,P4  ,1, 5.55E+2,0,1,CH5,P5  ,1, 8.29E+0,0,1,CH6,P6,1, 1.85E-1,0,1,
12-07-17,16:15:37,CH1,P1  ,1, 1.86E-5,0,1,CH2,P2  ,1, 7.07E-2,0,1,CH3,P3  ,1, 5.32E+2,0,1,CH4,P4  ,1, 5.54E+2,0,1,CH5,P5  ,1, 8.29E+0,0,1,CH6,P6,1, 1.86E-1,0,1,
12-07-17,16:16:39,CH1,P1  ,1, 1.86E-5,0,1,CH2,P2  ,1, 7.06E-2,0,1,CH3,P3  ,1, 5.36E+2,0,1,CH4,P4  ,1, 5.54E+2,0,1,CH5,P5  ,1, 8.29E+0,0,1,CH6,P6,1, 1.86E-1,0,1,
12-07-17,16:17:41,CH1,P1  ,1, 1.86E-5,0,1,CH2,P2  ,1, 7.06E-2,0,1,CH3,P3  ,1, 5.32E+2,0,1,CH4,P4  ,1, 5.54E+2,0,1,CH5,P5  ,1, 8.27E+0,0,1,CH6,P6,1, 1.87E-1,0,1,
12-07-17,16:18:43,CH1,P1  ,1, 1.86E-5,0,1,CH2,P2  ,1, 7.06E-2,0,1,CH3,P3  ,1, 5.34E+2,0,1,CH4,P4  ,1, 5.54E+2,0,1,CH5,P5  ,1, 8.28E+0,0,1,CH6,P6,1, 1.87E-1,0,1,
12-07-17,16:19:45,CH1,P1  ,1, 1.86E-5,0,1,CH2,P2  ,1, 7.06E-2,0,1,CH3,P3  ,1, 5.35E+2,0,1,CH4,P4  ,1, 5.54E+2,0,1,CH5,P5  ,1, 8.28E+0,0,1,CH6,P6,1, 1.88E-1,0,1,
12-07-17,16:20:45,CH1,P1  ,1, 1.85E-5,0,1,CH2,P2  ,1, 7.06E-2,0,1,CH3,P3  ,1, 5.32E+2,0,1,CH4,P4  ,1, 5.54E+2,0,1,CH5,P5  ,1, 8.29E+0,0,1,CH6,P6,1, 1.88E-1,0,1,
12-07-17,16:21:47,CH1,P1  ,1, 1.85E-5,0,1,CH2,P2  ,1, 7.10E-2,0,1,CH3,P3  ,1, 5.37E+2,0,1,CH4,P4  ,1, 5.55E+2,0,1,CH5,P5  ,1, 8.29E+0,0,1,CH6,P6,1, 1.89E-1,0,1,
12-07-17,16:22:47,CH1,P1  ,1, 1.85E-5,0,1,CH2,P2  ,1, 7.06E-2,0,1,CH3,P3  ,1, 5.36E+2,0,1,CH4,P4  ,1, 5.55E+2,0,1,CH5,P5  ,1, 8.28E+0,0,1,CH6,P6,1, 1.89E-1,0,1,
12-07-17,16:23:49,CH1,P1  ,1, 1.85E-5,0,1,CH2,P2  ,1, 7.08E-2,0,1,CH3,P3  ,1, 5.34E+2,0,1,CH4,P4  ,1, 5.55E+2,0,1,CH5,P5  ,1, 8.27E+0,0,1,CH6,P6,1, 1.90E-1,0,1,
12-07-17,16:24:51,CH1,P1  ,1, 1.85E-5,0,1,CH2,P2  ,1, 7.06E-2,0,1,CH3,P3  ,1, 5.37E+2,0,1,CH4,P4  ,1, 5.55E+2,0,1,CH5,P5  ,1, 8.29E+0,0,1,CH6,P6,1, 1.90E-1,0,1,
12-07-17,16:25:51,CH1,P1  ,1, 1.85E-5,0,1,CH2,P2  ,1, 7.06E-2,0,1,CH3,P3  ,1, 5.34E+2,0,1,CH4,P4  ,1, 5.55E+2,0,1,CH5,P5  ,1, 8.29E+0,0,1,CH6,P6,1, 1.91E-1,0,1,
12-07-17,16:26:53,CH1,P1  ,1, 1.85E-5,0,1,CH2,P2  ,1, 7.08E-2,0,1,CH3,P3  ,1, 5.37E+2,0,1,CH4,P4  ,1, 5.55E+2,0,1,CH5,P5  ,1, 8.29E+0,0,1,CH6,P6,1, 1.91E-1,0,1,
12-07-17,16:27:55,CH1,P1  ,1, 1.85E-5,0,1,CH2,P2  ,1, 7.08E-2,0,1,CH3,P3  ,1, 5.35E+2,0,1,CH4,P4  ,1, 5.55E+2,0,1,CH5,P5  ,1, 8.27E+0,0,1,CH6,P6,1, 1.92E-1,0,1,
12-07-17,16:28:55,CH1,P1  ,1, 1.85E-5,0,1,CH2,P2  ,1, 7.08E-2,0,1,CH3,P3  ,1, 5.34E+2,0,1,CH4,P4  ,1, 5.56E+2,0,1,CH5,P5  ,1, 8.29E+0,0,1,CH6,P6,1, 1.92E-1,0,1,
12-07-17,16:29:57,CH1,P1  ,1, 1.85E-5,0,1,CH2,P2  ,1, 7.08E-2,0,1,CH3,P3  ,1, 5.38E+2,0,1,CH4,P4  ,1, 5.55E+2,0,1,CH5,P5  ,1, 8.28E+0,0,1,CH6,P6,1, 1.92E-1,0,1,
12-07-17,16:30:57,CH1,P1  ,1, 1.85E-5,0,1,CH2,P2  ,1, 7.06E-2,0,1,CH3,P3  ,1, 5.34E+2,0,1,CH4,P4  ,1, 5.55E+2,0,1,CH5,P5  ,1, 8.29E+0,0,1,CH6,P6,1, 1.93E-1,0,1,
12-07-17,16:31:59,CH1,P1  ,1, 1.85E-5,0,1,CH2,P2  ,1, 7.06E-2,0,1,CH3,P3  ,1, 5.36E+2,0,1,CH4,P4  ,1, 5.55E+2,0,1,CH5,P5  ,1, 8.28E+0,0,1,CH6,P6,1, 1.94E-1,0,1,
12-07-17,16:33:01,CH1,P1  ,1, 1.85E-5,0,1,CH2,P2  ,1, 7.06E-2,0,1,CH3,P3  ,1, 5.37E+2,0,1,CH4,P4  ,1, 5.55E+2,0,1,CH5,P5  ,1, 8.29E+0,0,1,CH6,P6,1, 1.94E-1,0,1,
12-07-17,16:34:01,CH1,P1  ,1, 1.85E-5,0,1,CH2,P2  ,1, 7.05E-2,0,1,CH3,P3  ,1, 5.32E+2,0,1,CH4,P4  ,1, 5.54E+2,0,1,CH5,P5  ,1, 8.29E+0,0,1,CH6,P6,1, 1.95E-1,0,1,
12-07-17,16:35:03,CH1,P1  ,1, 1.85E-5,0,1,CH2,P2  ,1, 7.05E-2,0,1,CH3,P3  ,1, 5.35E+2,0,1,CH4,P4  ,1, 5.53E+2,0,1,CH5,P5  ,1, 8.29E+0,0,1,CH6,P6,1, 1.95E-1,0,1,
12-07-17,16:36:03,CH1,P1  ,1, 1.85E-5,0,1,CH2,P2  ,1, 7.04E-2,0,1,CH3,P3  ,1, 5.36E+2,0,1,CH4,P4  ,1, 5.54E+2,0,1,CH5,P5  ,1, 8.28E+0,0,1,CH6,P6,1, 1.96E-1,0,1,
12-07-17,16:37:05,CH1,P1  ,1, 1.85E-5,0,1,CH2,P2  ,1, 7.04E-2,0,1,CH3,P3  ,1, 5.33E+2,0,1,CH4,P4  ,1, 5.55E+2,0,1,CH5,P5  ,1, 8.29E+0,0,1,CH6,P6,1, 1.96E-1,0,1,
12-07-17,16:38:07,CH1,P1  ,1, 1.84E-5,0,1,CH2,P2  ,1, 7.05E-2,0,1,CH3,P3  ,1, 5.37E+2,0,1,CH4,P4  ,1, 5.54E+2,0,1,CH5,P5  ,1, 8.29E+0,0,1,CH6,P6,1, 1.97E-1,0,1,
12-07-17,16:39:07,CH1,P1  ,1, 1.84E-5,0,1,CH2,P2  ,1, 7.04E-2,0,1,CH3,P3  ,1, 5.33E+2,0,1,CH4,P4  ,1, 5.54E+2,0,1,CH5,P5  ,1, 8.29E+0,0,1,CH6,P6,1, 1.98E-1,0,1,
12-07-17,16:40:07,CH1,P1  ,1, 1.84E-5,0,1,CH2,P2  ,1, 7.06E-2,0,1,CH3,P3  ,1, 5.33E+2,0,1,CH4,P4  ,1, 5.55E+2,0,1,CH5,P5  ,1, 8.29E+0,0,1,CH6,P6,1, 1.98E-1,0,1,
12-07-17,16:41:07,CH1,P1  ,1, 1.84E-5,0,1,CH2,P2  ,1, 7.07E-2,0,1,CH3,P3  ,1, 5.38E+2,0,1,CH4,P4  ,1, 5.56E+2,0,1,CH5,P5  ,1, 8.28E+0,0,1,CH6,P6,1, 1.98E-1,0,1,
12-07-17,16:42:09,CH1,P1  ,1, 1.84E-5,0,1,CH2,P2  ,1, 7.07E-2,0,1,CH3,P3  ,1, 5.35E+2,0,1,CH4,P4  ,1, 5.56E+2,0,1,CH5,P5  ,1, 8.29E+0,0,1,CH6,P6,1, 1.99E-1,0,1,
12-07-17,16:43:09,CH1,P1  ,1, 1.84E-5,0,1,CH2,P2  ,1, 7.08E-2,0,1,CH3,P3  ,1, 5.36E+2,0,1,CH4,P4  ,1, 5.56E+2,0,1,CH5,P5  ,1, 8.28E+0,0,1,CH6,P6,1, 1.99E-1,0,1,
12-07-17,16:44:11,CH1,P1  ,1, 1.84E-5,0,1,CH2,P2  ,1, 7.09E-2,0,1,CH3,P3  ,1, 5.39E+2,0,1,CH4,P4  ,1, 5.56E+2,0,1,CH5,P5  ,1, 8.29E+0,0,1,CH6,P6,1, 2.00E-1,0,1,
12-07-17,16:45:11,CH1,P1  ,1, 1.84E-5,0,1,CH2,P2  ,1, 7.07E-2,0,1,CH3,P3  ,1, 5.34E+2,0,1,CH4,P4  ,1, 5.56E+2,0,1,CH5,P5  ,1, 8.27E+0,0,1,CH6,P6,1, 2.00E-1,0,1,
12-07-17,16:46:11,CH1,P1  ,1, 1.83E-5,0,1,CH2,P2  ,1, 7.05E-2,0,1,CH3,P3  ,1, 5.34E+2,0,1,CH4,P4  ,1, 5.55E+2,0,1,CH5,P5  ,1, 8.29E+0,0,1,CH6,P6,1, 2.00E-1,0,1,
12-07-17,16:47:13,CH1,P1  ,1, 1.84E-5,0,1,CH2,P2  ,1, 7.06E-2,0,1,CH3,P3  ,1, 5.37E+2,0,1,CH4,P4  ,1, 5.55E+2,0,1,CH5,P5  ,1, 8.29E+0,0,1,CH6,P6,1, 2.01E-1,0,1,
12-07-17,16:48:13,CH1,P1  ,1, 1.83E-5,0,1,CH2,P2  ,1, 7.05E-2,0,1,CH3,P3  ,1, 5.33E+2,0,1,CH4,P4  ,1, 5.55E+2,0,1,CH5,P5  ,1, 8.29E+0,0,1,CH6,P6,1, 2.01E-1,0,1,
12-07-17,16:49:15,CH1,P1  ,1, 1.83E-5,0,1,CH2,P2  ,1, 7.05E-2,0,1,CH3,P3  ,1, 5.36E+2,0,1,CH4,P4  ,1, 5.55E+2,0,1,CH5,P5  ,1, 8.29E+0,0,1,CH6,P6,1, 2.01E-1,0,1,
12-07-17,16:50:17,CH1,P1  ,1, 1.83E-5,0,1,CH2,P2  ,1, 7.04E-2,0,1,CH3,P3  ,1, 5.35E+2,0,1,CH4,P4  ,1, 5.54E+2,0,1,CH5,P5  ,1, 8.28E+0,0,1,CH6,P6,1, 2.02E-1,0,1,
12-07-17,16:51:19,CH1,P1  ,1, 1.83E-5,0,1,CH2,P2  ,1, 7.03E-2,0,1,CH3,P3  ,1, 5.33E+2,0,1,CH4,P4  ,1, 5.54E+2,0,1,CH5,P5  ,1, 8.29E+0,0,1,CH6,P6,1, 2.02E-1,0,1,
12-07-17,16:52:21,CH1,P1  ,1, 1.83E-5,0,1,CH2,P2  ,1, 7.05E-2,0,1,CH3,P3  ,1, 5.36E+2,0,1,CH4,P4  ,1, 5.54E+2,0,1,CH5,P5  ,1, 8.29E+0,0,1,CH6,P6,1, 2.03E-1,0,1,
12-07-17,16:53:21,CH1,P1  ,1, 1.83E-5,0,1,CH2,P2  ,1, 7.04E-2,0,1,CH3,P3  ,1, 5.33E+2,0,1,CH4,P4  ,1, 5.54E+2,0,1,CH5,P5  ,1, 8.28E+0,0,1,CH6,P6,1, 2.03E-1,0,1,
12-07-17,16:54:21,CH1,P1  ,1, 1.83E-5,0,1,CH2,P2  ,1, 7.05E-2,0,1,CH3,P3  ,1, 5.34E+2,0,1,CH4,P4  ,1, 5.55E+2,0,1,CH5,P5  ,1, 8.28E+0,0,1,CH6,P6,1, 2.04E-1,0,1,
12-07-17,16:55:21,CH1,P1  ,1, 1.83E-5,0,1,CH2,P2  ,1, 7.05E-2,0,1,CH3,P3  ,1, 5.38E+2,0,1,CH4,P4  ,1, 5.55E+2,0,1,CH5,P5  ,1, 8.29E+0,0,1,CH6,P6,1, 2.04E-1,0,1,
12-07-17,16:56:21,CH1,P1  ,1, 1.83E-5,0,1,CH2,P2  ,1, 7.04E-2,0,1,CH3,P3  ,1, 5.36E+2,0,1,CH4,P4  ,1, 5.55E+2,0,1,CH5,P5  ,1, 8.28E+0,0,1,CH6,P6,1, 2.04E-1,0,1,
12-07-17,16:57:23,CH1,P1  ,1, 1.83E-5,0,1,CH2,P2  ,1, 7.06E-2,0,1,CH3,P3  ,1, 5.34E+2,0,1,CH4,P4  ,1, 5.55E+2,0,1,CH5,P5  ,1, 8.29E+0,0,1,CH6,P6,1, 2.05E-1,0,1,
12-07-17,16:58:23,CH1,P1  ,1, 1.82E-5,0,1,CH2,P2  ,1, 7.05E-2,0,1,CH3,P3  ,1, 5.37E+2,0,1,CH4,P4  ,1, 5.55E+2,0,1,CH5,P5  ,1, 8.29E+0,0,1,CH6,P6,1, 2.05E-1,0,1,
12-07-17,16:59:25,CH1,P1  ,1, 1.82E-5,0,1,CH2,P2  ,1, 7.05E-2,0,1,CH3,P3  ,1, 5.34E+2,0,1,CH4,P4  ,1, 5.55E+2,0,1,CH5,P5  ,1, 8.28E+0,0,1,CH6,P6,1, 2.06E-1,0,1,
12-07-17,17:00:25,CH1,P1  ,1, 1.82E-5,0,1,CH2,P2  ,1, 7.04E-2,0,1,CH3,P3  ,1, 5.33E+2,0,1,CH4,P4  ,1, 5.54E+2,0,1,CH5,P5  ,1, 8.29E+0,0,1,CH6,P6,1, 2.06E-1,0,1,
12-07-17,17:01:27,CH1,P1  ,1, 1.82E-5,0,1,CH2,P2  ,1, 7.04E-2,0,1,CH3,P3  ,1, 5.36E+2,0,1,CH4,P4  ,1, 5.54E+2,0,1,CH5,P5  ,1, 8.28E+0,0,1,CH6,P6,1, 2.07E-1,0,1,
12-07-17,17:02:29,CH1,P1  ,1, 1.82E-5,0,1,CH2,P2  ,1, 7.05E-2,0,1,CH3,P3  ,1, 5.33E+2,0,1,CH4,P4  ,1, 5.54E+2,0,1,CH5,P5  ,1, 8.28E+0,0,1,CH6,P6,1, 2.08E-1,0,1,
12-07-17,17:03:31,CH1,P1  ,1, 1.82E-5,0,1,CH2,P2  ,1, 7.05E-2,0,1,CH3,P3  ,1, 5.36E+2,0,1,CH4,P4  ,1, 5.54E+2,0,1,CH5,P5  ,1, 8.28E+0,0,1,CH6,P6,1, 2.08E-1,0,1,
12-07-17,17:04:31,CH1,P1  ,1, 1.82E-5,0,1,CH2,P2  ,1, 7.03E-2,0,1,CH3,P3  ,1, 5.36E+2,0,1,CH4,P4  ,1, 5.55E+2,0,1,CH5,P5  ,1, 8.29E+0,0,1,CH6,P6,1, 2.09E-1,0,1,
12-07-17,17:05:33,CH1,P1  ,1, 1.81E-5,0,1,CH2,P2  ,1, 7.05E-2,0,1,CH3,P3  ,1, 5.33E+2,0,1,CH4,P4  ,1, 5.55E+2,0,1,CH5,P5  ,1, 8.29E+0,0,1,CH6,P6,1, 2.09E-1,0,1,
12-07-17,17:06:35,CH1,P1  ,1, 1.82E-5,0,1,CH2,P2  ,1, 7.04E-2,0,1,CH3,P3  ,1, 5.37E+2,0,1,CH4,P4  ,1, 5.55E+2,0,1,CH5,P5  ,1, 8.29E+0,0,1,CH6,P6,1, 2.10E-1,0,1,
12-07-17,17:07:35,CH1,P1  ,1, 1.82E-5,0,1,CH2,P2  ,1, 7.05E-2,0,1,CH3,P3  ,1, 5.34E+2,0,1,CH4,P4  ,1, 5.54E+2,0,1,CH5,P5  ,1, 8.28E+0,0,1,CH6,P6,1, 2.11E-1,0,1,
12-07-17,17:08:35,CH1,P1  ,1, 1.81E-5,0,1,CH2,P2  ,1, 7.06E-2,0,1,CH3,P3  ,1, 5.33E+2,0,1,CH4,P4  ,1, 5.55E+2,0,1,CH5,P5  ,1, 8.29E+0,0,1,CH6,P6,1, 2.11E-1,0,1,
12-07-17,17:09:35,CH1,P1  ,1, 1.81E-5,0,1,CH2,P2  ,1, 7.09E-2,0,1,CH3,P3  ,1, 5.37E+2,0,1,CH4,P4  ,1, 5.56E+2,0,1,CH5,P5  ,1, 8.29E+0,0,1,CH6,P6,1, 2.11E-1,0,1,
12-07-17,17:10:37,CH1,P1  ,1, 1.81E-5,0,1,CH2,P2  ,1, 7.06E-2,0,1,CH3,P3  ,1, 5.36E+2,0,1,CH4,P4  ,1, 5.56E+2,0,1,CH5,P5  ,1, 8.29E+0,0,1,CH6,P6,1, 2.12E-1,0,1,
12-07-17,17:11:37,CH1,P1  ,1, 1.81E-5,0,1,CH2,P2  ,1, 7.06E-2,0,1,CH3,P3  ,1, 5.34E+2,0,1,CH4,P4  ,1, 5.56E+2,0,1,CH5,P5  ,1, 8.29E+0,0,1,CH6,P6,1, 2.12E-1,0,1,
12-07-17,17:12:39,CH1,P1  ,1, 1.81E-5,0,1,CH2,P2  ,1, 7.08E-2,0,1,CH3,P3  ,1, 5.38E+2,0,1,CH4,P4  ,1, 5.55E+2,0,1,CH5,P5  ,1, 8.29E+0,0,1,CH6,P6,1, 2.13E-1,0,1,
12-07-17,17:13:39,CH1,P1  ,1, 1.81E-5,0,1,CH2,P2  ,1, 7.06E-2,0,1,CH3,P3  ,1, 5.35E+2,0,1,CH4,P4  ,1, 5.55E+2,0,1,CH5,P5  ,1, 8.29E+0,0,1,CH6,P6,1, 2.14E-1,0,1,
12-07-17,17:14:39,CH1,P1  ,1, 1.81E-5,0,1,CH2,P2  ,1, 7.06E-2,0,1,CH3,P3  ,1, 5.34E+2,0,1,CH4,P4  ,1, 5.55E+2,0,1,CH5,P5  ,1, 8.29E+0,0,1,CH6,P6,1, 2.14E-1,0,1,
12-07-17,17:15:41,CH1,P1  ,1, 1.81E-5,0,1,CH2,P2  ,1, 7.04E-2,0,1,CH3,P3  ,1, 5.37E+2,0,1,CH4,P4  ,1, 5.54E+2,0,1,CH5,P5  ,1, 8.30E+0,0,1,CH6,P6,1, 2.15E-1,0,1,
