22-03-18,00:00:48,CH1,P1  ,1, 5.74E-6,0,1,CH2,P2  ,1, 4.31E-2,0,1,CH3,P3  ,1, 5.18E+2,0,1,CH4,P4  ,1, 5.39E+2,0,1,CH5,P5  ,1, 7.31E+1,0,1,CH6,P6,1, 6.37E+0,0,1,
22-03-18,00:01:48,CH1,P1  ,1, 5.74E-6,0,1,CH2,P2  ,1, 4.31E-2,0,1,CH3,P3  ,1, 5.21E+2,0,1,CH4,P4  ,1, 5.38E+2,0,1,CH5,P5  ,1, 7.31E+1,0,1,CH6,P6,1, 6.36E+0,0,1,
22-03-18,00:02:48,CH1,P1  ,1, 5.74E-6,0,1,CH2,P2  ,1, 4.31E-2,0,1,CH3,P3  ,1, 5.17E+2,0,1,CH4,P4  ,1, 5.38E+2,0,1,CH5,P5  ,1, 7.31E+1,0,1,CH6,P6,1, 6.35E+0,0,1,
22-03-18,00:03:48,CH1,P1  ,1, 5.74E-6,0,1,CH2,P2  ,1, 4.32E-2,0,1,CH3,P3  ,1, 5.20E+2,0,1,CH4,P4  ,1, 5.39E+2,0,1,CH5,P5  ,1, 7.31E+1,0,1,CH6,P6,1, 6.34E+0,0,1,
22-03-18,00:04:48,CH1,P1  ,1, 5.74E-6,0,1,CH2,P2  ,1, 4.32E-2,0,1,CH3,P3  ,1, 5.22E+2,0,1,CH4,P4  ,1, 5.39E+2,0,1,CH5,P5  ,1, 7.31E+1,0,1,CH6,P6,1, 6.36E+0,0,1,
22-03-18,00:05:50,CH1,P1  ,1, 5.74E-6,0,1,CH2,P2  ,1, 4.32E-2,0,1,CH3,P3  ,1, 5.19E+2,0,1,CH4,P4  ,1, 5.40E+2,0,1,CH5,P5  ,1, 7.31E+1,0,1,CH6,P6,1, 6.36E+0,0,1,
22-03-18,00:06:50,CH1,P1  ,1, 5.74E-6,0,1,CH2,P2  ,1, 4.31E-2,0,1,CH3,P3  ,1, 5.22E+2,0,1,CH4,P4  ,1, 5.39E+2,0,1,CH5,P5  ,1, 7.31E+1,0,1,CH6,P6,1, 6.36E+0,0,1,
22-03-18,00:07:52,CH1,P1  ,1, 5.75E-6,0,1,CH2,P2  ,1, 4.31E-2,0,1,CH3,P3  ,1, 5.18E+2,0,1,CH4,P4  ,1, 5.39E+2,0,1,CH5,P5  ,1, 7.31E+1,0,1,CH6,P6,1, 6.34E+0,0,1,
22-03-18,00:08:52,CH1,P1  ,1, 5.74E-6,0,1,CH2,P2  ,1, 4.30E-2,0,1,CH3,P3  ,1, 5.21E+2,0,1,CH4,P4  ,1, 5.39E+2,0,1,CH5,P5  ,1, 7.31E+1,0,1,CH6,P6,1, 6.36E+0,0,1,
22-03-18,00:09:54,CH1,P1  ,1, 5.76E-6,0,1,CH2,P2  ,1, 4.31E-2,0,1,CH3,P3  ,1, 5.17E+2,0,1,CH4,P4  ,1, 5.39E+2,0,1,CH5,P5  ,1, 7.31E+1,0,1,CH6,P6,1, 6.35E+0,0,1,
22-03-18,00:10:54,CH1,P1  ,1, 5.75E-6,0,1,CH2,P2  ,1, 4.30E-2,0,1,CH3,P3  ,1, 5.19E+2,0,1,CH4,P4  ,1, 5.39E+2,0,1,CH5,P5  ,1, 7.31E+1,0,1,CH6,P6,1, 6.36E+0,0,1,
22-03-18,00:11:56,CH1,P1  ,1, 5.76E-6,0,1,CH2,P2  ,1, 4.30E-2,0,1,CH3,P3  ,1, 5.20E+2,0,1,CH4,P4  ,1, 5.39E+2,0,1,CH5,P5  ,1, 7.31E+1,0,1,CH6,P6,1, 6.36E+0,0,1,
22-03-18,00:12:56,CH1,P1  ,1, 5.76E-6,0,1,CH2,P2  ,1, 4.32E-2,0,1,CH3,P3  ,1, 5.18E+2,0,1,CH4,P4  ,1, 5.39E+2,0,1,CH5,P5  ,1, 7.31E+1,0,1,CH6,P6,1, 6.37E+0,0,1,
22-03-18,00:13:58,CH1,P1  ,1, 5.76E-6,0,1,CH2,P2  ,1, 4.30E-2,0,1,CH3,P3  ,1, 5.22E+2,0,1,CH4,P4  ,1, 5.39E+2,0,1,CH5,P5  ,1, 7.31E+1,0,1,CH6,P6,1, 6.36E+0,0,1,
22-03-18,00:15:00,CH1,P1  ,1, 5.79E-6,0,1,CH2,P2  ,1, 4.32E-2,0,1,CH3,P3  ,1, 5.19E+2,0,1,CH4,P4  ,1, 5.39E+2,0,1,CH5,P5  ,1, 7.31E+1,0,1,CH6,P6,1, 6.36E+0,0,1,
22-03-18,00:16:00,CH1,P1  ,1, 5.77E-6,0,1,CH2,P2  ,1, 4.31E-2,0,1,CH3,P3  ,1, 5.22E+2,0,1,CH4,P4  ,1, 5.39E+2,0,1,CH5,P5  ,1, 7.31E+1,0,1,CH6,P6,1, 6.36E+0,0,1,
22-03-18,00:17:00,CH1,P1  ,1, 5.76E-6,0,1,CH2,P2  ,1, 4.31E-2,0,1,CH3,P3  ,1, 5.18E+2,0,1,CH4,P4  ,1, 5.39E+2,0,1,CH5,P5  ,1, 7.31E+1,0,1,CH6,P6,1, 6.36E+0,0,1,
22-03-18,00:18:02,CH1,P1  ,1, 5.77E-6,0,1,CH2,P2  ,1, 4.31E-2,0,1,CH3,P3  ,1, 5.21E+2,0,1,CH4,P4  ,1, 5.39E+2,0,1,CH5,P5  ,1, 7.31E+1,0,1,CH6,P6,1, 6.38E+0,0,1,
22-03-18,00:19:02,CH1,P1  ,1, 5.76E-6,0,1,CH2,P2  ,1, 4.31E-2,0,1,CH3,P3  ,1, 5.19E+2,0,1,CH4,P4  ,1, 5.39E+2,0,1,CH5,P5  ,1, 7.31E+1,0,1,CH6,P6,1, 6.38E+0,0,1,
22-03-18,00:20:04,CH1,P1  ,1, 5.78E-6,0,1,CH2,P2  ,1, 4.32E-2,0,1,CH3,P3  ,1, 5.21E+2,0,1,CH4,P4  ,1, 5.39E+2,0,1,CH5,P5  ,1, 7.31E+1,0,1,CH6,P6,1, 6.36E+0,0,1,
22-03-18,00:21:06,CH1,P1  ,1, 5.78E-6,0,1,CH2,P2  ,1, 4.32E-2,0,1,CH3,P3  ,1, 5.19E+2,0,1,CH4,P4  ,1, 5.40E+2,0,1,CH5,P5  ,1, 7.30E+1,0,1,CH6,P6,1, 6.37E+0,0,1,
22-03-18,00:22:06,CH1,P1  ,1, 5.76E-6,0,1,CH2,P2  ,1, 4.31E-2,0,1,CH3,P3  ,1, 5.20E+2,0,1,CH4,P4  ,1, 5.40E+2,0,1,CH5,P5  ,1, 7.31E+1,0,1,CH6,P6,1, 6.36E+0,0,1,
22-03-18,00:23:08,CH1,P1  ,1, 5.77E-6,0,1,CH2,P2  ,1, 4.32E-2,0,1,CH3,P3  ,1, 5.20E+2,0,1,CH4,P4  ,1, 5.40E+2,0,1,CH5,P5  ,1, 7.31E+1,0,1,CH6,P6,1, 6.37E+0,0,1,
22-03-18,00:24:10,CH1,P1  ,1, 5.77E-6,0,1,CH2,P2  ,1, 4.33E-2,0,1,CH3,P3  ,1, 5.21E+2,0,1,CH4,P4  ,1, 5.41E+2,0,1,CH5,P5  ,1, 7.31E+1,0,1,CH6,P6,1, 6.36E+0,0,1,
22-03-18,00:25:12,CH1,P1  ,1, 5.78E-6,0,1,CH2,P2  ,1, 4.33E-2,0,1,CH3,P3  ,1, 5.22E+2,0,1,CH4,P4  ,1, 5.42E+2,0,1,CH5,P5  ,1, 7.31E+1,0,1,CH6,P6,1, 6.36E+0,0,1,
22-03-18,00:26:12,CH1,P1  ,1, 5.77E-6,0,1,CH2,P2  ,1, 4.33E-2,0,1,CH3,P3  ,1, 5.20E+2,0,1,CH4,P4  ,1, 5.41E+2,0,1,CH5,P5  ,1, 7.31E+1,0,1,CH6,P6,1, 6.36E+0,0,1,
22-03-18,00:27:14,CH1,P1  ,1, 5.78E-6,0,1,CH2,P2  ,1, 4.33E-2,0,1,CH3,P3  ,1, 5.24E+2,0,1,CH4,P4  ,1, 5.41E+2,0,1,CH5,P5  ,1, 7.31E+1,0,1,CH6,P6,1, 6.37E+0,0,1,
22-03-18,00:28:16,CH1,P1  ,1, 5.78E-6,0,1,CH2,P2  ,1, 4.33E-2,0,1,CH3,P3  ,1, 5.20E+2,0,1,CH4,P4  ,1, 5.41E+2,0,1,CH5,P5  ,1, 7.31E+1,0,1,CH6,P6,1, 6.36E+0,0,1,
22-03-18,00:29:16,CH1,P1  ,1, 5.78E-6,0,1,CH2,P2  ,1, 4.32E-2,0,1,CH3,P3  ,1, 5.23E+2,0,1,CH4,P4  ,1, 5.40E+2,0,1,CH5,P5  ,1, 7.31E+1,0,1,CH6,P6,1, 6.36E+0,0,1,
22-03-18,00:30:18,CH1,P1  ,1, 5.78E-6,0,1,CH2,P2  ,1, 4.31E-2,0,1,CH3,P3  ,1, 5.18E+2,0,1,CH4,P4  ,1, 5.40E+2,0,1,CH5,P5  ,1, 7.31E+1,0,1,CH6,P6,1, 6.38E+0,0,1,
22-03-18,00:31:18,CH1,P1  ,1, 5.78E-6,0,1,CH2,P2  ,1, 4.32E-2,0,1,CH3,P3  ,1, 5.22E+2,0,1,CH4,P4  ,1, 5.39E+2,0,1,CH5,P5  ,1, 7.31E+1,0,1,CH6,P6,1, 6.38E+0,0,1,
22-03-18,00:32:20,CH1,P1  ,1, 5.78E-6,0,1,CH2,P2  ,1, 4.32E-2,0,1,CH3,P3  ,1, 5.18E+2,0,1,CH4,P4  ,1, 5.39E+2,0,1,CH5,P5  ,1, 7.31E+1,0,1,CH6,P6,1, 6.37E+0,0,1,
22-03-18,00:33:20,CH1,P1  ,1, 5.79E-6,0,1,CH2,P2  ,1, 4.31E-2,0,1,CH3,P3  ,1, 5.20E+2,0,1,CH4,P4  ,1, 5.39E+2,0,1,CH5,P5  ,1, 7.31E+1,0,1,CH6,P6,1, 6.36E+0,0,1,
22-03-18,00:34:20,CH1,P1  ,1, 5.78E-6,0,1,CH2,P2  ,1, 4.32E-2,0,1,CH3,P3  ,1, 5.22E+2,0,1,CH4,P4  ,1, 5.40E+2,0,1,CH5,P5  ,1, 7.31E+1,0,1,CH6,P6,1, 6.37E+0,0,1,
22-03-18,00:35:22,CH1,P1  ,1, 5.78E-6,0,1,CH2,P2  ,1, 4.33E-2,0,1,CH3,P3  ,1, 5.19E+2,0,1,CH4,P4  ,1, 5.40E+2,0,1,CH5,P5  ,1, 7.31E+1,0,1,CH6,P6,1, 6.36E+0,0,1,
22-03-18,00:36:22,CH1,P1  ,1, 5.78E-6,0,1,CH2,P2  ,1, 4.32E-2,0,1,CH3,P3  ,1, 5.22E+2,0,1,CH4,P4  ,1, 5.40E+2,0,1,CH5,P5  ,1, 7.31E+1,0,1,CH6,P6,1, 6.39E+0,0,1,
22-03-18,00:37:24,CH1,P1  ,1, 5.78E-6,0,1,CH2,P2  ,1, 4.32E-2,0,1,CH3,P3  ,1, 5.18E+2,0,1,CH4,P4  ,1, 5.40E+2,0,1,CH5,P5  ,1, 7.31E+1,0,1,CH6,P6,1, 6.38E+0,0,1,
22-03-18,00:38:26,CH1,P1  ,1, 5.79E-6,0,1,CH2,P2  ,1, 4.33E-2,0,1,CH3,P3  ,1, 5.23E+2,0,1,CH4,P4  ,1, 5.41E+2,0,1,CH5,P5  ,1, 7.31E+1,0,1,CH6,P6,1, 6.36E+0,0,1,
22-03-18,00:39:28,CH1,P1  ,1, 5.79E-6,0,1,CH2,P2  ,1, 4.32E-2,0,1,CH3,P3  ,1, 5.19E+2,0,1,CH4,P4  ,1, 5.40E+2,0,1,CH5,P5  ,1, 7.31E+1,0,1,CH6,P6,1, 6.36E+0,0,1,
22-03-18,00:40:30,CH1,P1  ,1, 5.79E-6,0,1,CH2,P2  ,1, 4.31E-2,0,1,CH3,P3  ,1, 5.22E+2,0,1,CH4,P4  ,1, 5.39E+2,0,1,CH5,P5  ,1, 7.31E+1,0,1,CH6,P6,1, 6.37E+0,0,1,
22-03-18,00:41:30,CH1,P1  ,1, 5.78E-6,0,1,CH2,P2  ,1, 4.32E-2,0,1,CH3,P3  ,1, 5.18E+2,0,1,CH4,P4  ,1, 5.40E+2,0,1,CH5,P5  ,1, 7.31E+1,0,1,CH6,P6,1, 6.37E+0,0,1,
22-03-18,00:42:30,CH1,P1  ,1, 5.79E-6,0,1,CH2,P2  ,1, 4.32E-2,0,1,CH3,P3  ,1, 5.20E+2,0,1,CH4,P4  ,1, 5.39E+2,0,1,CH5,P5  ,1, 7.31E+1,0,1,CH6,P6,1, 6.37E+0,0,1,
22-03-18,00:43:30,CH1,P1  ,1, 5.79E-6,0,1,CH2,P2  ,1, 4.32E-2,0,1,CH3,P3  ,1, 5.21E+2,0,1,CH4,P4  ,1, 5.39E+2,0,1,CH5,P5  ,1, 7.31E+1,0,1,CH6,P6,1, 6.36E+0,0,1,
22-03-18,00:44:32,CH1,P1  ,1, 5.80E-6,0,1,CH2,P2  ,1, 4.33E-2,0,1,CH3,P3  ,1, 5.20E+2,0,1,CH4,P4  ,1, 5.40E+2,0,1,CH5,P5  ,1, 7.31E+1,0,1,CH6,P6,1, 6.39E+0,0,1,
22-03-18,00:45:34,CH1,P1  ,1, 5.80E-6,0,1,CH2,P2  ,1, 4.33E-2,0,1,CH3,P3  ,1, 5.21E+2,0,1,CH4,P4  ,1, 5.40E+2,0,1,CH5,P5  ,1, 7.31E+1,0,1,CH6,P6,1, 6.37E+0,0,1,
22-03-18,00:46:36,CH1,P1  ,1, 5.80E-6,0,1,CH2,P2  ,1, 4.33E-2,0,1,CH3,P3  ,1, 5.21E+2,0,1,CH4,P4  ,1, 5.41E+2,0,1,CH5,P5  ,1, 7.31E+1,0,1,CH6,P6,1, 6.38E+0,0,1,
22-03-18,00:47:36,CH1,P1  ,1, 5.80E-6,0,1,CH2,P2  ,1, 4.33E-2,0,1,CH3,P3  ,1, 5.22E+2,0,1,CH4,P4  ,1, 5.40E+2,0,1,CH5,P5  ,1, 7.31E+1,0,1,CH6,P6,1, 6.36E+0,0,1,
22-03-18,00:48:36,CH1,P1  ,1, 5.80E-6,0,1,CH2,P2  ,1, 4.32E-2,0,1,CH3,P3  ,1, 5.18E+2,0,1,CH4,P4  ,1, 5.40E+2,0,1,CH5,P5  ,1, 7.31E+1,0,1,CH6,P6,1, 6.37E+0,0,1,
22-03-18,00:49:38,CH1,P1  ,1, 5.80E-6,0,1,CH2,P2  ,1, 4.32E-2,0,1,CH3,P3  ,1, 5.22E+2,0,1,CH4,P4  ,1, 5.40E+2,0,1,CH5,P5  ,1, 7.31E+1,0,1,CH6,P6,1, 6.39E+0,0,1,
22-03-18,00:50:38,CH1,P1  ,1, 5.81E-6,0,1,CH2,P2  ,1, 4.30E-2,0,1,CH3,P3  ,1, 5.17E+2,0,1,CH4,P4  ,1, 5.39E+2,0,1,CH5,P5  ,1, 7.31E+1,0,1,CH6,P6,1, 6.39E+0,0,1,
22-03-18,00:51:38,CH1,P1  ,1, 5.81E-6,0,1,CH2,P2  ,1, 4.32E-2,0,1,CH3,P3  ,1, 5.20E+2,0,1,CH4,P4  ,1, 5.38E+2,0,1,CH5,P5  ,1, 7.31E+1,0,1,CH6,P6,1, 6.38E+0,0,1,
22-03-18,00:52:40,CH1,P1  ,1, 5.80E-6,0,1,CH2,P2  ,1, 4.31E-2,0,1,CH3,P3  ,1, 5.17E+2,0,1,CH4,P4  ,1, 5.38E+2,0,1,CH5,P5  ,1, 7.31E+1,0,1,CH6,P6,1, 6.36E+0,0,1,
22-03-18,00:53:40,CH1,P1  ,1, 6.34E-6,0,1,CH2,P2  ,1, 4.31E-2,0,1,CH3,P3  ,1, 5.17E+2,0,1,CH4,P4  ,1, 5.38E+2,0,1,CH5,P5  ,1, 7.31E+1,0,1,CH6,P6,1, 6.39E+0,0,1,
22-03-18,00:54:42,CH1,P1  ,1, 5.84E-6,0,1,CH2,P2  ,1, 4.32E-2,0,1,CH3,P3  ,1, 5.19E+2,0,1,CH4,P4  ,1, 5.38E+2,0,1,CH5,P5  ,1, 7.31E+1,0,1,CH6,P6,1, 6.39E+0,0,1,
22-03-18,00:55:44,CH1,P1  ,1, 5.83E-6,0,1,CH2,P2  ,1, 4.31E-2,0,1,CH3,P3  ,1, 5.19E+2,0,1,CH4,P4  ,1, 5.39E+2,0,1,CH5,P5  ,1, 7.31E+1,0,1,CH6,P6,1, 6.37E+0,0,1,
22-03-18,00:56:44,CH1,P1  ,1, 5.83E-6,0,1,CH2,P2  ,1, 4.32E-2,0,1,CH3,P3  ,1, 5.20E+2,0,1,CH4,P4  ,1, 5.38E+2,0,1,CH5,P5  ,1, 7.31E+1,0,1,CH6,P6,1, 6.37E+0,0,1,
22-03-18,00:57:46,CH1,P1  ,1, 5.83E-6,0,1,CH2,P2  ,1, 4.31E-2,0,1,CH3,P3  ,1, 5.17E+2,0,1,CH4,P4  ,1, 5.38E+2,0,1,CH5,P5  ,1, 7.31E+1,0,1,CH6,P6,1, 6.39E+0,0,1,
22-03-18,00:58:48,CH1,P1  ,1, 5.82E-6,0,1,CH2,P2  ,1, 4.30E-2,0,1,CH3,P3  ,1, 5.20E+2,0,1,CH4,P4  ,1, 5.38E+2,0,1,CH5,P5  ,1, 7.31E+1,0,1,CH6,P6,1, 6.38E+0,0,1,
22-03-18,00:59:50,CH1,P1  ,1, 5.83E-6,0,1,CH2,P2  ,1, 4.31E-2,0,1,CH3,P3  ,1, 5.17E+2,0,1,CH4,P4  ,1, 5.39E+2,0,1,CH5,P5  ,1, 7.31E+1,0,1,CH6,P6,1, 6.39E+0,0,1,
22-03-18,01:00:50,CH1,P1  ,1, 5.83E-6,0,1,CH2,P2  ,1, 4.32E-2,0,1,CH3,P3  ,1, 5.22E+2,0,1,CH4,P4  ,1, 5.39E+2,0,1,CH5,P5  ,1, 7.31E+1,0,1,CH6,P6,1, 6.39E+0,0,1,
22-03-18,01:01:52,CH1,P1  ,1, 5.85E-6,0,1,CH2,P2  ,1, 4.32E-2,0,1,CH3,P3  ,1, 5.18E+2,0,1,CH4,P4  ,1, 5.39E+2,0,1,CH5,P5  ,1, 7.30E+1,0,1,CH6,P6,1, 6.38E+0,0,1,
22-03-18,01:02:52,CH1,P1  ,1, 5.83E-6,0,1,CH2,P2  ,1, 4.32E-2,0,1,CH3,P3  ,1, 5.21E+2,0,1,CH4,P4  ,1, 5.40E+2,0,1,CH5,P5  ,1, 7.31E+1,0,1,CH6,P6,1, 6.38E+0,0,1,
22-03-18,01:03:54,CH1,P1  ,1, 5.85E-6,0,1,CH2,P2  ,1, 4.30E-2,0,1,CH3,P3  ,1, 5.18E+2,0,1,CH4,P4  ,1, 5.39E+2,0,1,CH5,P5  ,1, 7.31E+1,0,1,CH6,P6,1, 6.40E+0,0,1,
22-03-18,01:04:54,CH1,P1  ,1, 5.85E-6,0,1,CH2,P2  ,1, 4.31E-2,0,1,CH3,P3  ,1, 5.18E+2,0,1,CH4,P4  ,1, 5.38E+2,0,1,CH5,P5  ,1, 7.31E+1,0,1,CH6,P6,1, 6.39E+0,0,1,
22-03-18,01:05:57,CH1,P1  ,1, 5.84E-6,0,1,CH2,P2  ,1, 4.32E-2,0,1,CH3,P3  ,1, 5.18E+2,0,1,CH4,P4  ,1, 5.38E+2,0,1,CH5,P5  ,1, 7.31E+1,0,1,CH6,P6,1, 6.40E+0,0,1,
22-03-18,01:06:57,CH1,P1  ,1, 5.85E-6,0,1,CH2,P2  ,1, 4.30E-2,0,1,CH3,P3  ,1, 5.17E+2,0,1,CH4,P4  ,1, 5.37E+2,0,1,CH5,P5  ,1, 7.30E+1,0,1,CH6,P6,1, 6.40E+0,0,1,
22-03-18,01:07:56,CH1,P1  ,1, 5.84E-6,0,1,CH2,P2  ,1, 4.30E-2,0,1,CH3,P3  ,1, 5.20E+2,0,1,CH4,P4  ,1, 5.38E+2,0,1,CH5,P5  ,1, 7.31E+1,0,1,CH6,P6,1, 6.39E+0,0,1,
22-03-18,01:08:58,CH1,P1  ,1, 5.84E-6,0,1,CH2,P2  ,1, 4.30E-2,0,1,CH3,P3  ,1, 5.16E+2,0,1,CH4,P4  ,1, 5.37E+2,0,1,CH5,P5  ,1, 7.31E+1,0,1,CH6,P6,1, 6.39E+0,0,1,
22-03-18,01:09:58,CH1,P1  ,1, 5.84E-6,0,1,CH2,P2  ,1, 4.31E-2,0,1,CH3,P3  ,1, 5.20E+2,0,1,CH4,P4  ,1, 5.38E+2,0,1,CH5,P5  ,1, 7.31E+1,0,1,CH6,P6,1, 6.39E+0,0,1,
22-03-18,01:10:58,CH1,P1  ,1, 5.85E-6,0,1,CH2,P2  ,1, 4.31E-2,0,1,CH3,P3  ,1, 5.17E+2,0,1,CH4,P4  ,1, 5.38E+2,0,1,CH5,P5  ,1, 7.31E+1,0,1,CH6,P6,1, 6.39E+0,0,1,
22-03-18,01:12:00,CH1,P1  ,1, 5.84E-6,0,1,CH2,P2  ,1, 4.31E-2,0,1,CH3,P3  ,1, 5.20E+2,0,1,CH4,P4  ,1, 5.38E+2,0,1,CH5,P5  ,1, 7.32E+1,0,1,CH6,P6,1, 6.40E+0,0,1,
22-03-18,01:13:00,CH1,P1  ,1, 5.85E-6,0,1,CH2,P2  ,1, 4.31E-2,0,1,CH3,P3  ,1, 5.18E+2,0,1,CH4,P4  ,1, 5.38E+2,0,1,CH5,P5  ,1, 7.31E+1,0,1,CH6,P6,1, 6.39E+0,0,1,
22-03-18,01:14:02,CH1,P1  ,1, 5.85E-6,0,1,CH2,P2  ,1, 4.31E-2,0,1,CH3,P3  ,1, 5.20E+2,0,1,CH4,P4  ,1, 5.38E+2,0,1,CH5,P5  ,1, 7.31E+1,0,1,CH6,P6,1, 6.39E+0,0,1,
22-03-18,01:15:04,CH1,P1  ,1, 5.85E-6,0,1,CH2,P2  ,1, 4.31E-2,0,1,CH3,P3  ,1, 5.18E+2,0,1,CH4,P4  ,1, 5.39E+2,0,1,CH5,P5  ,1, 7.31E+1,0,1,CH6,P6,1, 6.39E+0,0,1,
22-03-18,01:16:04,CH1,P1  ,1, 5.84E-6,0,1,CH2,P2  ,1, 4.31E-2,0,1,CH3,P3  ,1, 5.18E+2,0,1,CH4,P4  ,1, 5.39E+2,0,1,CH5,P5  ,1, 7.31E+1,0,1,CH6,P6,1, 6.41E+0,0,1,
22-03-18,01:17:04,CH1,P1  ,1, 5.85E-6,0,1,CH2,P2  ,1, 4.30E-2,0,1,CH3,P3  ,1, 5.20E+2,0,1,CH4,P4  ,1, 5.38E+2,0,1,CH5,P5  ,1, 7.31E+1,0,1,CH6,P6,1, 6.39E+0,0,1,
22-03-18,01:18:06,CH1,P1  ,1, 5.85E-6,0,1,CH2,P2  ,1, 4.31E-2,0,1,CH3,P3  ,1, 5.17E+2,0,1,CH4,P4  ,1, 5.38E+2,0,1,CH5,P5  ,1, 7.31E+1,0,1,CH6,P6,1, 6.39E+0,0,1,
22-03-18,01:19:06,CH1,P1  ,1, 5.85E-6,0,1,CH2,P2  ,1, 4.31E-2,0,1,CH3,P3  ,1, 5.21E+2,0,1,CH4,P4  ,1, 5.38E+2,0,1,CH5,P5  ,1, 7.31E+1,0,1,CH6,P6,1, 6.39E+0,0,1,
22-03-18,01:20:08,CH1,P1  ,1, 5.83E-6,0,1,CH2,P2  ,1, 4.30E-2,0,1,CH3,P3  ,1, 5.17E+2,0,1,CH4,P4  ,1, 5.39E+2,0,1,CH5,P5  ,1, 7.31E+1,0,1,CH6,P6,1, 6.38E+0,0,1,
22-03-18,01:21:08,CH1,P1  ,1, 5.85E-6,0,1,CH2,P2  ,1, 4.32E-2,0,1,CH3,P3  ,1, 5.21E+2,0,1,CH4,P4  ,1, 5.39E+2,0,1,CH5,P5  ,1, 7.31E+1,0,1,CH6,P6,1, 6.40E+0,0,1,
22-03-18,01:22:08,CH1,P1  ,1, 5.85E-6,0,1,CH2,P2  ,1, 4.31E-2,0,1,CH3,P3  ,1, 5.17E+2,0,1,CH4,P4  ,1, 5.38E+2,0,1,CH5,P5  ,1, 7.31E+1,0,1,CH6,P6,1, 6.38E+0,0,1,
22-03-18,01:23:10,CH1,P1  ,1, 5.86E-6,0,1,CH2,P2  ,1, 4.31E-2,0,1,CH3,P3  ,1, 5.19E+2,0,1,CH4,P4  ,1, 5.38E+2,0,1,CH5,P5  ,1, 7.31E+1,0,1,CH6,P6,1, 6.40E+0,0,1,
22-03-18,01:24:12,CH1,P1  ,1, 5.85E-6,0,1,CH2,P2  ,1, 4.30E-2,0,1,CH3,P3  ,1, 5.18E+2,0,1,CH4,P4  ,1, 5.38E+2,0,1,CH5,P5  ,1, 7.31E+1,0,1,CH6,P6,1, 6.38E+0,0,1,
22-03-18,01:25:12,CH1,P1  ,1, 5.86E-6,0,1,CH2,P2  ,1, 4.31E-2,0,1,CH3,P3  ,1, 5.17E+2,0,1,CH4,P4  ,1, 5.38E+2,0,1,CH5,P5  ,1, 7.31E+1,0,1,CH6,P6,1, 6.40E+0,0,1,
22-03-18,01:26:14,CH1,P1  ,1, 5.86E-6,0,1,CH2,P2  ,1, 4.31E-2,0,1,CH3,P3  ,1, 5.19E+2,0,1,CH4,P4  ,1, 5.37E+2,0,1,CH5,P5  ,1, 7.31E+1,0,1,CH6,P6,1, 6.39E+0,0,1,
22-03-18,01:27:16,CH1,P1  ,1, 5.85E-6,0,1,CH2,P2  ,1, 4.30E-2,0,1,CH3,P3  ,1, 5.17E+2,0,1,CH4,P4  ,1, 5.38E+2,0,1,CH5,P5  ,1, 7.31E+1,0,1,CH6,P6,1, 6.40E+0,0,1,
22-03-18,01:28:16,CH1,P1  ,1, 5.87E-6,0,1,CH2,P2  ,1, 4.32E-2,0,1,CH3,P3  ,1, 5.21E+2,0,1,CH4,P4  ,1, 5.39E+2,0,1,CH5,P5  ,1, 7.31E+1,0,1,CH6,P6,1, 6.40E+0,0,1,
22-03-18,01:29:16,CH1,P1  ,1, 5.87E-6,0,1,CH2,P2  ,1, 4.32E-2,0,1,CH3,P3  ,1, 5.18E+2,0,1,CH4,P4  ,1, 5.39E+2,0,1,CH5,P5  ,1, 7.31E+1,0,1,CH6,P6,1, 6.38E+0,0,1,
22-03-18,01:30:16,CH1,P1  ,1, 5.86E-6,0,1,CH2,P2  ,1, 4.31E-2,0,1,CH3,P3  ,1, 5.19E+2,0,1,CH4,P4  ,1, 5.39E+2,0,1,CH5,P5  ,1, 7.31E+1,0,1,CH6,P6,1, 6.40E+0,0,1,
22-03-18,01:31:18,CH1,P1  ,1, 5.88E-6,0,1,CH2,P2  ,1, 4.32E-2,0,1,CH3,P3  ,1, 5.19E+2,0,1,CH4,P4  ,1, 5.39E+2,0,1,CH5,P5  ,1, 7.31E+1,0,1,CH6,P6,1, 6.40E+0,0,1,
22-03-18,01:32:18,CH1,P1  ,1, 5.89E-6,0,1,CH2,P2  ,1, 4.31E-2,0,1,CH3,P3  ,1, 5.18E+2,0,1,CH4,P4  ,1, 5.39E+2,0,1,CH5,P5  ,1, 7.31E+1,0,1,CH6,P6,1, 6.39E+0,0,1,
22-03-18,01:33:18,CH1,P1  ,1, 5.88E-6,0,1,CH2,P2  ,1, 4.32E-2,0,1,CH3,P3  ,1, 5.21E+2,0,1,CH4,P4  ,1, 5.39E+2,0,1,CH5,P5  ,1, 7.31E+1,0,1,CH6,P6,1, 6.41E+0,0,1,
22-03-18,01:34:20,CH1,P1  ,1, 5.89E-6,0,1,CH2,P2  ,1, 4.31E-2,0,1,CH3,P3  ,1, 5.16E+2,0,1,CH4,P4  ,1, 5.38E+2,0,1,CH5,P5  ,1, 7.31E+1,0,1,CH6,P6,1, 6.40E+0,0,1,
22-03-18,01:35:20,CH1,P1  ,1, 6.15E-6,0,1,CH2,P2  ,1, 4.31E-2,0,1,CH3,P3  ,1, 5.20E+2,0,1,CH4,P4  ,1, 5.38E+2,0,1,CH5,P5  ,1, 7.32E+1,0,1,CH6,P6,1, 6.39E+0,0,1,
22-03-18,01:36:20,CH1,P1  ,1, 5.89E-6,0,1,CH2,P2  ,1, 4.30E-2,0,1,CH3,P3  ,1, 5.17E+2,0,1,CH4,P4  ,1, 5.37E+2,0,1,CH5,P5  ,1, 7.31E+1,0,1,CH6,P6,1, 6.40E+0,0,1,
22-03-18,01:37:22,CH1,P1  ,1, 5.89E-6,0,1,CH2,P2  ,1, 4.31E-2,0,1,CH3,P3  ,1, 5.17E+2,0,1,CH4,P4  ,1, 5.37E+2,0,1,CH5,P5  ,1, 7.32E+1,0,1,CH6,P6,1, 6.42E+0,0,1,
22-03-18,01:38:22,CH1,P1  ,1, 5.90E-6,0,1,CH2,P2  ,1, 4.30E-2,0,1,CH3,P3  ,1, 5.19E+2,0,1,CH4,P4  ,1, 5.37E+2,0,1,CH5,P5  ,1, 7.31E+1,0,1,CH6,P6,1, 6.42E+0,0,1,
22-03-18,01:39:24,CH1,P1  ,1, 5.90E-6,0,1,CH2,P2  ,1, 4.30E-2,0,1,CH3,P3  ,1, 5.15E+2,0,1,CH4,P4  ,1, 5.37E+2,0,1,CH5,P5  ,1, 7.31E+1,0,1,CH6,P6,1, 6.39E+0,0,1,
22-03-18,01:40:26,CH1,P1  ,1, 5.90E-6,0,1,CH2,P2  ,1, 4.31E-2,0,1,CH3,P3  ,1, 5.18E+2,0,1,CH4,P4  ,1, 5.36E+2,0,1,CH5,P5  ,1, 7.31E+1,0,1,CH6,P6,1, 6.39E+0,0,1,
22-03-18,01:41:28,CH1,P1  ,1, 5.90E-6,0,1,CH2,P2  ,1, 4.30E-2,0,1,CH3,P3  ,1, 5.15E+2,0,1,CH4,P4  ,1, 5.36E+2,0,1,CH5,P5  ,1, 7.31E+1,0,1,CH6,P6,1, 6.40E+0,0,1,
22-03-18,01:42:30,CH1,P1  ,1, 5.90E-6,0,1,CH2,P2  ,1, 4.31E-2,0,1,CH3,P3  ,1, 5.19E+2,0,1,CH4,P4  ,1, 5.37E+2,0,1,CH5,P5  ,1, 7.31E+1,0,1,CH6,P6,1, 6.42E+0,0,1,
22-03-18,01:43:32,CH1,P1  ,1, 5.91E-6,0,1,CH2,P2  ,1, 4.30E-2,0,1,CH3,P3  ,1, 5.16E+2,0,1,CH4,P4  ,1, 5.37E+2,0,1,CH5,P5  ,1, 7.31E+1,0,1,CH6,P6,1, 6.39E+0,0,1,
22-03-18,01:44:32,CH1,P1  ,1, 5.90E-6,0,1,CH2,P2  ,1, 4.30E-2,0,1,CH3,P3  ,1, 5.20E+2,0,1,CH4,P4  ,1, 5.37E+2,0,1,CH5,P5  ,1, 7.31E+1,0,1,CH6,P6,1, 6.40E+0,0,1,
22-03-18,01:45:34,CH1,P1  ,1, 5.90E-6,0,1,CH2,P2  ,1, 4.32E-2,0,1,CH3,P3  ,1, 5.16E+2,0,1,CH4,P4  ,1, 5.38E+2,0,1,CH5,P5  ,1, 7.31E+1,0,1,CH6,P6,1, 6.39E+0,0,1,
22-03-18,01:46:36,CH1,P1  ,1, 5.90E-6,0,1,CH2,P2  ,1, 4.30E-2,0,1,CH3,P3  ,1, 5.20E+2,0,1,CH4,P4  ,1, 5.38E+2,0,1,CH5,P5  ,1, 7.31E+1,0,1,CH6,P6,1, 6.41E+0,0,1,
22-03-18,01:47:38,CH1,P1  ,1, 5.90E-6,0,1,CH2,P2  ,1, 4.30E-2,0,1,CH3,P3  ,1, 5.15E+2,0,1,CH4,P4  ,1, 5.37E+2,0,1,CH5,P5  ,1, 7.30E+1,0,1,CH6,P6,1, 6.40E+0,0,1,
22-03-18,01:48:38,CH1,P1  ,1, 5.90E-6,0,1,CH2,P2  ,1, 4.30E-2,0,1,CH3,P3  ,1, 5.19E+2,0,1,CH4,P4  ,1, 5.36E+2,0,1,CH5,P5  ,1, 7.31E+1,0,1,CH6,P6,1, 6.40E+0,0,1,
22-03-18,01:49:40,CH1,P1  ,1, 5.91E-6,0,1,CH2,P2  ,1, 4.30E-2,0,1,CH3,P3  ,1, 5.14E+2,0,1,CH4,P4  ,1, 5.36E+2,0,1,CH5,P5  ,1, 7.32E+1,0,1,CH6,P6,1, 6.40E+0,0,1,
22-03-18,01:50:42,CH1,P1  ,1, 5.90E-6,0,1,CH2,P2  ,1, 4.30E-2,0,1,CH3,P3  ,1, 5.18E+2,0,1,CH4,P4  ,1, 5.36E+2,0,1,CH5,P5  ,1, 7.32E+1,0,1,CH6,P6,1, 6.41E+0,0,1,
22-03-18,01:51:42,CH1,P1  ,1, 5.91E-6,0,1,CH2,P2  ,1, 4.30E-2,0,1,CH3,P3  ,1, 5.14E+2,0,1,CH4,P4  ,1, 5.35E+2,0,1,CH5,P5  ,1, 7.32E+1,0,1,CH6,P6,1, 6.41E+0,0,1,
22-03-18,01:52:44,CH1,P1  ,1, 5.91E-6,0,1,CH2,P2  ,1, 4.30E-2,0,1,CH3,P3  ,1, 5.17E+2,0,1,CH4,P4  ,1, 5.36E+2,0,1,CH5,P5  ,1, 7.31E+1,0,1,CH6,P6,1, 6.40E+0,0,1,
22-03-18,01:53:46,CH1,P1  ,1, 5.90E-6,0,1,CH2,P2  ,1, 4.30E-2,0,1,CH3,P3  ,1, 5.14E+2,0,1,CH4,P4  ,1, 5.36E+2,0,1,CH5,P5  ,1, 7.31E+1,0,1,CH6,P6,1, 6.44E+0,0,1,
22-03-18,01:54:46,CH1,P1  ,1, 5.90E-6,0,1,CH2,P2  ,1, 4.30E-2,0,1,CH3,P3  ,1, 5.16E+2,0,1,CH4,P4  ,1, 5.36E+2,0,1,CH5,P5  ,1, 7.31E+1,0,1,CH6,P6,1, 6.43E+0,0,1,
22-03-18,01:55:46,CH1,P1  ,1, 5.90E-6,0,1,CH2,P2  ,1, 4.31E-2,0,1,CH3,P3  ,1, 5.20E+2,0,1,CH4,P4  ,1, 5.37E+2,0,1,CH5,P5  ,1, 7.32E+1,0,1,CH6,P6,1, 6.42E+0,0,1,
22-03-18,01:56:48,CH1,P1  ,1, 5.91E-6,0,1,CH2,P2  ,1, 4.31E-2,0,1,CH3,P3  ,1, 5.16E+2,0,1,CH4,P4  ,1, 5.38E+2,0,1,CH5,P5  ,1, 7.31E+1,0,1,CH6,P6,1, 6.40E+0,0,1,
22-03-18,01:57:50,CH1,P1  ,1, 5.90E-6,0,1,CH2,P2  ,1, 4.30E-2,0,1,CH3,P3  ,1, 5.19E+2,0,1,CH4,P4  ,1, 5.38E+2,0,1,CH5,P5  ,1, 7.32E+1,0,1,CH6,P6,1, 6.41E+0,0,1,
22-03-18,01:58:52,CH1,P1  ,1, 5.90E-6,0,1,CH2,P2  ,1, 4.31E-2,0,1,CH3,P3  ,1, 5.16E+2,0,1,CH4,P4  ,1, 5.38E+2,0,1,CH5,P5  ,1, 7.31E+1,0,1,CH6,P6,1, 6.41E+0,0,1,
22-03-18,01:59:52,CH1,P1  ,1, 5.90E-6,0,1,CH2,P2  ,1, 4.30E-2,0,1,CH3,P3  ,1, 5.20E+2,0,1,CH4,P4  ,1, 5.37E+2,0,1,CH5,P5  ,1, 7.31E+1,0,1,CH6,P6,1, 6.42E+0,0,1,
22-03-18,02:00:52,CH1,P1  ,1, 5.90E-6,0,1,CH2,P2  ,1, 4.31E-2,0,1,CH3,P3  ,1, 5.16E+2,0,1,CH4,P4  ,1, 5.37E+2,0,1,CH5,P5  ,1, 7.31E+1,0,1,CH6,P6,1, 6.42E+0,0,1,
22-03-18,02:01:54,CH1,P1  ,1, 5.90E-6,0,1,CH2,P2  ,1, 4.30E-2,0,1,CH3,P3  ,1, 5.20E+2,0,1,CH4,P4  ,1, 5.37E+2,0,1,CH5,P5  ,1, 7.31E+1,0,1,CH6,P6,1, 6.41E+0,0,1,
22-03-18,02:02:54,CH1,P1  ,1, 5.91E-6,0,1,CH2,P2  ,1, 4.30E-2,0,1,CH3,P3  ,1, 5.18E+2,0,1,CH4,P4  ,1, 5.37E+2,0,1,CH5,P5  ,1, 7.31E+1,0,1,CH6,P6,1, 6.41E+0,0,1,
22-03-18,02:03:56,CH1,P1  ,1, 5.92E-6,0,1,CH2,P2  ,1, 4.30E-2,0,1,CH3,P3  ,1, 5.17E+2,0,1,CH4,P4  ,1, 5.37E+2,0,1,CH5,P5  ,1, 7.32E+1,0,1,CH6,P6,1, 6.42E+0,0,1,
22-03-18,02:04:56,CH1,P1  ,1, 5.90E-6,0,1,CH2,P2  ,1, 4.31E-2,0,1,CH3,P3  ,1, 5.19E+2,0,1,CH4,P4  ,1, 5.37E+2,0,1,CH5,P5  ,1, 7.32E+1,0,1,CH6,P6,1, 6.42E+0,0,1,
22-03-18,02:05:58,CH1,P1  ,1, 5.91E-6,0,1,CH2,P2  ,1, 4.31E-2,0,1,CH3,P3  ,1, 5.16E+2,0,1,CH4,P4  ,1, 5.37E+2,0,1,CH5,P5  ,1, 7.31E+1,0,1,CH6,P6,1, 6.42E+0,0,1,
22-03-18,02:06:58,CH1,P1  ,1, 5.90E-6,0,1,CH2,P2  ,1, 4.30E-2,0,1,CH3,P3  ,1, 5.19E+2,0,1,CH4,P4  ,1, 5.37E+2,0,1,CH5,P5  ,1, 7.31E+1,0,1,CH6,P6,1, 6.42E+0,0,1,
22-03-18,02:08:00,CH1,P1  ,1, 5.90E-6,0,1,CH2,P2  ,1, 4.30E-2,0,1,CH3,P3  ,1, 5.15E+2,0,1,CH4,P4  ,1, 5.37E+2,0,1,CH5,P5  ,1, 7.31E+1,0,1,CH6,P6,1, 6.42E+0,0,1,
22-03-18,02:09:00,CH1,P1  ,1, 5.90E-6,0,1,CH2,P2  ,1, 4.30E-2,0,1,CH3,P3  ,1, 5.19E+2,0,1,CH4,P4  ,1, 5.37E+2,0,1,CH5,P5  ,1, 7.31E+1,0,1,CH6,P6,1, 6.42E+0,0,1,
22-03-18,02:10:02,CH1,P1  ,1, 5.90E-6,0,1,CH2,P2  ,1, 4.31E-2,0,1,CH3,P3  ,1, 5.16E+2,0,1,CH4,P4  ,1, 5.37E+2,0,1,CH5,P5  ,1, 7.31E+1,0,1,CH6,P6,1, 6.42E+0,0,1,
22-03-18,02:11:02,CH1,P1  ,1, 5.89E-6,0,1,CH2,P2  ,1, 4.31E-2,0,1,CH3,P3  ,1, 5.18E+2,0,1,CH4,P4  ,1, 5.37E+2,0,1,CH5,P5  ,1, 7.31E+1,0,1,CH6,P6,1, 6.41E+0,0,1,
22-03-18,02:12:04,CH1,P1  ,1, 5.88E-6,0,1,CH2,P2  ,1, 4.30E-2,0,1,CH3,P3  ,1, 5.17E+2,0,1,CH4,P4  ,1, 5.38E+2,0,1,CH5,P5  ,1, 7.31E+1,0,1,CH6,P6,1, 6.41E+0,0,1,
22-03-18,02:13:06,CH1,P1  ,1, 5.88E-6,0,1,CH2,P2  ,1, 4.30E-2,0,1,CH3,P3  ,1, 5.19E+2,0,1,CH4,P4  ,1, 5.38E+2,0,1,CH5,P5  ,1, 7.31E+1,0,1,CH6,P6,1, 6.40E+0,0,1,
22-03-18,02:14:08,CH1,P1  ,1, 5.89E-6,0,1,CH2,P2  ,1, 4.30E-2,0,1,CH3,P3  ,1, 5.17E+2,0,1,CH4,P4  ,1, 5.38E+2,0,1,CH5,P5  ,1, 7.31E+1,0,1,CH6,P6,1, 6.41E+0,0,1,
22-03-18,02:15:10,CH1,P1  ,1, 5.91E-6,0,1,CH2,P2  ,1, 4.30E-2,0,1,CH3,P3  ,1, 5.20E+2,0,1,CH4,P4  ,1, 5.38E+2,0,1,CH5,P5  ,1, 7.32E+1,0,1,CH6,P6,1, 6.41E+0,0,1,
22-03-18,02:16:12,CH1,P1  ,1, 5.87E-6,0,1,CH2,P2  ,1, 4.31E-2,0,1,CH3,P3  ,1, 5.17E+2,0,1,CH4,P4  ,1, 5.39E+2,0,1,CH5,P5  ,1, 7.31E+1,0,1,CH6,P6,1, 6.41E+0,0,1,
22-03-18,02:17:12,CH1,P1  ,1, 5.87E-6,0,1,CH2,P2  ,1, 4.32E-2,0,1,CH3,P3  ,1, 5.18E+2,0,1,CH4,P4  ,1, 5.39E+2,0,1,CH5,P5  ,1, 7.31E+1,0,1,CH6,P6,1, 6.43E+0,0,1,
22-03-18,02:18:12,CH1,P1  ,1, 5.87E-6,0,1,CH2,P2  ,1, 4.30E-2,0,1,CH3,P3  ,1, 5.21E+2,0,1,CH4,P4  ,1, 5.39E+2,0,1,CH5,P5  ,1, 7.31E+1,0,1,CH6,P6,1, 6.42E+0,0,1,
22-03-18,02:19:14,CH1,P1  ,1, 5.87E-6,0,1,CH2,P2  ,1, 4.31E-2,0,1,CH3,P3  ,1, 5.17E+2,0,1,CH4,P4  ,1, 5.39E+2,0,1,CH5,P5  ,1, 7.31E+1,0,1,CH6,P6,1, 6.41E+0,0,1,
22-03-18,02:20:16,CH1,P1  ,1, 5.88E-6,0,1,CH2,P2  ,1, 4.32E-2,0,1,CH3,P3  ,1, 5.22E+2,0,1,CH4,P4  ,1, 5.39E+2,0,1,CH5,P5  ,1, 7.31E+1,0,1,CH6,P6,1, 6.40E+0,0,1,
22-03-18,02:21:18,CH1,P1  ,1, 5.87E-6,0,1,CH2,P2  ,1, 4.31E-2,0,1,CH3,P3  ,1, 5.17E+2,0,1,CH4,P4  ,1, 5.39E+2,0,1,CH5,P5  ,1, 7.31E+1,0,1,CH6,P6,1, 6.42E+0,0,1,
22-03-18,02:22:20,CH1,P1  ,1, 5.87E-6,0,1,CH2,P2  ,1, 4.31E-2,0,1,CH3,P3  ,1, 5.22E+2,0,1,CH4,P4  ,1, 5.39E+2,0,1,CH5,P5  ,1, 7.31E+1,0,1,CH6,P6,1, 6.42E+0,0,1,
22-03-18,02:23:21,CH1,P1  ,1, 5.87E-6,0,1,CH2,P2  ,1, 4.31E-2,0,1,CH3,P3  ,1, 5.17E+2,0,1,CH4,P4  ,1, 5.39E+2,0,1,CH5,P5  ,1, 7.31E+1,0,1,CH6,P6,1, 6.43E+0,0,1,
22-03-18,02:24:21,CH1,P1  ,1, 5.87E-6,0,1,CH2,P2  ,1, 4.32E-2,0,1,CH3,P3  ,1, 5.20E+2,0,1,CH4,P4  ,1, 5.39E+2,0,1,CH5,P5  ,1, 7.31E+1,0,1,CH6,P6,1, 6.42E+0,0,1,
22-03-18,02:25:22,CH1,P1  ,1, 5.88E-6,0,1,CH2,P2  ,1, 4.32E-2,0,1,CH3,P3  ,1, 5.19E+2,0,1,CH4,P4  ,1, 5.40E+2,0,1,CH5,P5  ,1, 7.31E+1,0,1,CH6,P6,1, 6.41E+0,0,1,
22-03-18,02:26:24,CH1,P1  ,1, 5.86E-6,0,1,CH2,P2  ,1, 4.30E-2,0,1,CH3,P3  ,1, 5.21E+2,0,1,CH4,P4  ,1, 5.40E+2,0,1,CH5,P5  ,1, 7.31E+1,0,1,CH6,P6,1, 6.42E+0,0,1,
22-03-18,02:27:26,CH1,P1  ,1, 5.87E-6,0,1,CH2,P2  ,1, 4.32E-2,0,1,CH3,P3  ,1, 5.18E+2,0,1,CH4,P4  ,1, 5.40E+2,0,1,CH5,P5  ,1, 7.31E+1,0,1,CH6,P6,1, 6.42E+0,0,1,
22-03-18,02:28:26,CH1,P1  ,1, 5.86E-6,0,1,CH2,P2  ,1, 4.32E-2,0,1,CH3,P3  ,1, 5.21E+2,0,1,CH4,P4  ,1, 5.40E+2,0,1,CH5,P5  ,1, 7.31E+1,0,1,CH6,P6,1, 6.40E+0,0,1,
22-03-18,02:29:28,CH1,P1  ,1, 5.85E-6,0,1,CH2,P2  ,1, 4.32E-2,0,1,CH3,P3  ,1, 5.19E+2,0,1,CH4,P4  ,1, 5.40E+2,0,1,CH5,P5  ,1, 7.31E+1,0,1,CH6,P6,1, 6.42E+0,0,1,
22-03-18,02:30:28,CH1,P1  ,1, 5.85E-6,0,1,CH2,P2  ,1, 4.32E-2,0,1,CH3,P3  ,1, 5.20E+2,0,1,CH4,P4  ,1, 5.40E+2,0,1,CH5,P5  ,1, 7.31E+1,0,1,CH6,P6,1, 6.43E+0,0,1,
22-03-18,02:31:28,CH1,P1  ,1, 5.85E-6,0,1,CH2,P2  ,1, 4.31E-2,0,1,CH3,P3  ,1, 5.20E+2,0,1,CH4,P4  ,1, 5.39E+2,0,1,CH5,P5  ,1, 7.31E+1,0,1,CH6,P6,1, 6.41E+0,0,1,
22-03-18,02:32:30,CH1,P1  ,1, 5.85E-6,0,1,CH2,P2  ,1, 4.31E-2,0,1,CH3,P3  ,1, 5.17E+2,0,1,CH4,P4  ,1, 5.38E+2,0,1,CH5,P5  ,1, 7.32E+1,0,1,CH6,P6,1, 6.42E+0,0,1,
22-03-18,02:33:30,CH1,P1  ,1, 5.85E-6,0,1,CH2,P2  ,1, 4.31E-2,0,1,CH3,P3  ,1, 5.20E+2,0,1,CH4,P4  ,1, 5.38E+2,0,1,CH5,P5  ,1, 7.31E+1,0,1,CH6,P6,1, 6.42E+0,0,1,
22-03-18,02:34:30,CH1,P1  ,1, 5.85E-6,0,1,CH2,P2  ,1, 4.31E-2,0,1,CH3,P3  ,1, 5.16E+2,0,1,CH4,P4  ,1, 5.38E+2,0,1,CH5,P5  ,1, 7.31E+1,0,1,CH6,P6,1, 6.41E+0,0,1,
22-03-18,02:35:32,CH1,P1  ,1, 5.84E-6,0,1,CH2,P2  ,1, 4.31E-2,0,1,CH3,P3  ,1, 5.20E+2,0,1,CH4,P4  ,1, 5.38E+2,0,1,CH5,P5  ,1, 7.31E+1,0,1,CH6,P6,1, 6.40E+0,0,1,
22-03-18,02:36:34,CH1,P1  ,1, 5.84E-6,0,1,CH2,P2  ,1, 4.31E-2,0,1,CH3,P3  ,1, 5.17E+2,0,1,CH4,P4  ,1, 5.39E+2,0,1,CH5,P5  ,1, 7.31E+1,0,1,CH6,P6,1, 6.42E+0,0,1,
22-03-18,02:37:34,CH1,P1  ,1, 5.84E-6,0,1,CH2,P2  ,1, 4.30E-2,0,1,CH3,P3  ,1, 5.19E+2,0,1,CH4,P4  ,1, 5.39E+2,0,1,CH5,P5  ,1, 7.32E+1,0,1,CH6,P6,1, 6.42E+0,0,1,
22-03-18,02:38:34,CH1,P1  ,1, 5.84E-6,0,1,CH2,P2  ,1, 4.31E-2,0,1,CH3,P3  ,1, 5.19E+2,0,1,CH4,P4  ,1, 5.38E+2,0,1,CH5,P5  ,1, 7.31E+1,0,1,CH6,P6,1, 6.42E+0,0,1,
22-03-18,02:39:36,CH1,P1  ,1, 5.84E-6,0,1,CH2,P2  ,1, 4.31E-2,0,1,CH3,P3  ,1, 5.17E+2,0,1,CH4,P4  ,1, 5.38E+2,0,1,CH5,P5  ,1, 7.31E+1,0,1,CH6,P6,1, 6.44E+0,0,1,
22-03-18,02:40:36,CH1,P1  ,1, 5.83E-6,0,1,CH2,P2  ,1, 4.31E-2,0,1,CH3,P3  ,1, 5.19E+2,0,1,CH4,P4  ,1, 5.37E+2,0,1,CH5,P5  ,1, 7.32E+1,0,1,CH6,P6,1, 6.42E+0,0,1,
22-03-18,02:41:36,CH1,P1  ,1, 5.83E-6,0,1,CH2,P2  ,1, 4.31E-2,0,1,CH3,P3  ,1, 5.15E+2,0,1,CH4,P4  ,1, 5.37E+2,0,1,CH5,P5  ,1, 7.31E+1,0,1,CH6,P6,1, 6.42E+0,0,1,
22-03-18,02:42:38,CH1,P1  ,1, 5.81E-6,0,1,CH2,P2  ,1, 4.30E-2,0,1,CH3,P3  ,1, 5.18E+2,0,1,CH4,P4  ,1, 5.36E+2,0,1,CH5,P5  ,1, 7.30E+1,0,1,CH6,P6,1, 6.42E+0,0,1,
22-03-18,02:43:40,CH1,P1  ,1, 5.83E-6,0,1,CH2,P2  ,1, 4.30E-2,0,1,CH3,P3  ,1, 5.14E+2,0,1,CH4,P4  ,1, 5.36E+2,0,1,CH5,P5  ,1, 7.31E+1,0,1,CH6,P6,1, 6.42E+0,0,1,
22-03-18,02:44:40,CH1,P1  ,1, 5.82E-6,0,1,CH2,P2  ,1, 4.30E-2,0,1,CH3,P3  ,1, 5.16E+2,0,1,CH4,P4  ,1, 5.35E+2,0,1,CH5,P5  ,1, 7.31E+1,0,1,CH6,P6,1, 6.41E+0,0,1,
22-03-18,02:45:42,CH1,P1  ,1, 5.83E-6,0,1,CH2,P2  ,1, 4.30E-2,0,1,CH3,P3  ,1, 5.16E+2,0,1,CH4,P4  ,1, 5.36E+2,0,1,CH5,P5  ,1, 7.31E+1,0,1,CH6,P6,1, 6.41E+0,0,1,
22-03-18,02:46:42,CH1,P1  ,1, 5.81E-6,0,1,CH2,P2  ,1, 4.30E-2,0,1,CH3,P3  ,1, 5.14E+2,0,1,CH4,P4  ,1, 5.36E+2,0,1,CH5,P5  ,1, 7.31E+1,0,1,CH6,P6,1, 6.42E+0,0,1,
22-03-18,02:47:44,CH1,P1  ,1, 5.82E-6,0,1,CH2,P2  ,1, 4.30E-2,0,1,CH3,P3  ,1, 5.18E+2,0,1,CH4,P4  ,1, 5.36E+2,0,1,CH5,P5  ,1, 7.32E+1,0,1,CH6,P6,1, 6.42E+0,0,1,
22-03-18,02:48:44,CH1,P1  ,1, 5.81E-6,0,1,CH2,P2  ,1, 4.30E-2,0,1,CH3,P3  ,1, 5.15E+2,0,1,CH4,P4  ,1, 5.37E+2,0,1,CH5,P5  ,1, 7.31E+1,0,1,CH6,P6,1, 6.42E+0,0,1,
22-03-18,02:49:47,CH1,P1  ,1, 5.80E-6,0,1,CH2,P2  ,1, 4.30E-2,0,1,CH3,P3  ,1, 5.19E+2,0,1,CH4,P4  ,1, 5.36E+2,0,1,CH5,P5  ,1, 7.31E+1,0,1,CH6,P6,1, 6.41E+0,0,1,
22-03-18,02:50:48,CH1,P1  ,1, 5.80E-6,0,1,CH2,P2  ,1, 4.28E-2,0,1,CH3,P3  ,1, 5.13E+2,0,1,CH4,P4  ,1, 5.35E+2,0,1,CH5,P5  ,1, 7.31E+1,0,1,CH6,P6,1, 6.42E+0,0,1,
22-03-18,02:51:48,CH1,P1  ,1, 5.80E-6,0,1,CH2,P2  ,1, 4.29E-2,0,1,CH3,P3  ,1, 5.16E+2,0,1,CH4,P4  ,1, 5.35E+2,0,1,CH5,P5  ,1, 7.31E+1,0,1,CH6,P6,1, 6.42E+0,0,1,
22-03-18,02:52:50,CH1,P1  ,1, 5.81E-6,0,1,CH2,P2  ,1, 4.30E-2,0,1,CH3,P3  ,1, 5.12E+2,0,1,CH4,P4  ,1, 5.35E+2,0,1,CH5,P5  ,1, 7.31E+1,0,1,CH6,P6,1, 6.42E+0,0,1,
22-03-18,02:53:50,CH1,P1  ,1, 5.80E-6,0,1,CH2,P2  ,1, 4.30E-2,0,1,CH3,P3  ,1, 5.18E+2,0,1,CH4,P4  ,1, 5.36E+2,0,1,CH5,P5  ,1, 7.31E+1,0,1,CH6,P6,1, 6.42E+0,0,1,
22-03-18,02:54:52,CH1,P1  ,1, 5.79E-6,0,1,CH2,P2  ,1, 4.30E-2,0,1,CH3,P3  ,1, 5.16E+2,0,1,CH4,P4  ,1, 5.37E+2,0,1,CH5,P5  ,1, 7.31E+1,0,1,CH6,P6,1, 6.42E+0,0,1,
22-03-18,02:55:52,CH1,P1  ,1, 5.79E-6,0,1,CH2,P2  ,1, 4.30E-2,0,1,CH3,P3  ,1, 5.17E+2,0,1,CH4,P4  ,1, 5.38E+2,0,1,CH5,P5  ,1, 7.31E+1,0,1,CH6,P6,1, 6.42E+0,0,1,
22-03-18,02:56:52,CH1,P1  ,1, 5.79E-6,0,1,CH2,P2  ,1, 4.30E-2,0,1,CH3,P3  ,1, 5.20E+2,0,1,CH4,P4  ,1, 5.38E+2,0,1,CH5,P5  ,1, 7.31E+1,0,1,CH6,P6,1, 6.40E+0,0,1,
22-03-18,02:57:54,CH1,P1  ,1, 5.78E-6,0,1,CH2,P2  ,1, 4.31E-2,0,1,CH3,P3  ,1, 5.16E+2,0,1,CH4,P4  ,1, 5.38E+2,0,1,CH5,P5  ,1, 7.31E+1,0,1,CH6,P6,1, 6.42E+0,0,1,
22-03-18,02:58:54,CH1,P1  ,1, 5.79E-6,0,1,CH2,P2  ,1, 4.31E-2,0,1,CH3,P3  ,1, 5.20E+2,0,1,CH4,P4  ,1, 5.37E+2,0,1,CH5,P5  ,1, 7.31E+1,0,1,CH6,P6,1, 6.42E+0,0,1,
22-03-18,02:59:56,CH1,P1  ,1, 5.79E-6,0,1,CH2,P2  ,1, 4.30E-2,0,1,CH3,P3  ,1, 5.15E+2,0,1,CH4,P4  ,1, 5.37E+2,0,1,CH5,P5  ,1, 7.31E+1,0,1,CH6,P6,1, 6.42E+0,0,1,
22-03-18,03:00:56,CH1,P1  ,1, 6.23E-6,0,1,CH2,P2  ,1, 4.30E-2,0,1,CH3,P3  ,1, 5.17E+2,0,1,CH4,P4  ,1, 5.36E+2,0,1,CH5,P5  ,1, 7.31E+1,0,1,CH6,P6,1, 6.41E+0,0,1,
22-03-18,03:01:56,CH1,P1  ,1, 5.80E-6,0,1,CH2,P2  ,1, 4.31E-2,0,1,CH3,P3  ,1, 5.17E+2,0,1,CH4,P4  ,1, 5.36E+2,0,1,CH5,P5  ,1, 7.31E+1,0,1,CH6,P6,1, 6.42E+0,0,1,
22-03-18,03:02:58,CH1,P1  ,1, 5.79E-6,0,1,CH2,P2  ,1, 4.30E-2,0,1,CH3,P3  ,1, 5.14E+2,0,1,CH4,P4  ,1, 5.36E+2,0,1,CH5,P5  ,1, 7.30E+1,0,1,CH6,P6,1, 6.42E+0,0,1,
22-03-18,03:03:58,CH1,P1  ,1, 5.78E-6,0,1,CH2,P2  ,1, 4.31E-2,0,1,CH3,P3  ,1, 5.19E+2,0,1,CH4,P4  ,1, 5.36E+2,0,1,CH5,P5  ,1, 7.31E+1,0,1,CH6,P6,1, 6.43E+0,0,1,
22-03-18,03:04:58,CH1,P1  ,1, 5.78E-6,0,1,CH2,P2  ,1, 4.30E-2,0,1,CH3,P3  ,1, 5.16E+2,0,1,CH4,P4  ,1, 5.37E+2,0,1,CH5,P5  ,1, 7.32E+1,0,1,CH6,P6,1, 6.42E+0,0,1,
22-03-18,03:06:00,CH1,P1  ,1, 5.78E-6,0,1,CH2,P2  ,1, 4.31E-2,0,1,CH3,P3  ,1, 5.19E+2,0,1,CH4,P4  ,1, 5.37E+2,0,1,CH5,P5  ,1, 7.31E+1,0,1,CH6,P6,1, 6.42E+0,0,1,
22-03-18,03:07:02,CH1,P1  ,1, 5.80E-6,0,1,CH2,P2  ,1, 4.31E-2,0,1,CH3,P3  ,1, 5.16E+2,0,1,CH4,P4  ,1, 5.38E+2,0,1,CH5,P5  ,1, 7.31E+1,0,1,CH6,P6,1, 6.42E+0,0,1,
22-03-18,03:08:02,CH1,P1  ,1, 5.80E-6,0,1,CH2,P2  ,1, 4.30E-2,0,1,CH3,P3  ,1, 5.17E+2,0,1,CH4,P4  ,1, 5.37E+2,0,1,CH5,P5  ,1, 7.31E+1,0,1,CH6,P6,1, 6.42E+0,0,1,
22-03-18,03:09:04,CH1,P1  ,1, 5.79E-6,0,1,CH2,P2  ,1, 4.30E-2,0,1,CH3,P3  ,1, 5.17E+2,0,1,CH4,P4  ,1, 5.36E+2,0,1,CH5,P5  ,1, 7.31E+1,0,1,CH6,P6,1, 6.42E+0,0,1,
22-03-18,03:10:06,CH1,P1  ,1, 5.80E-6,0,1,CH2,P2  ,1, 4.31E-2,0,1,CH3,P3  ,1, 5.16E+2,0,1,CH4,P4  ,1, 5.37E+2,0,1,CH5,P5  ,1, 7.31E+1,0,1,CH6,P6,1, 6.43E+0,0,1,
22-03-18,03:11:06,CH1,P1  ,1, 5.80E-6,0,1,CH2,P2  ,1, 4.30E-2,0,1,CH3,P3  ,1, 5.19E+2,0,1,CH4,P4  ,1, 5.37E+2,0,1,CH5,P5  ,1, 7.31E+1,0,1,CH6,P6,1, 6.43E+0,0,1,
22-03-18,03:12:06,CH1,P1  ,1, 5.82E-6,0,1,CH2,P2  ,1, 4.31E-2,0,1,CH3,P3  ,1, 5.15E+2,0,1,CH4,P4  ,1, 5.37E+2,0,1,CH5,P5  ,1, 7.31E+1,0,1,CH6,P6,1, 6.42E+0,0,1,
22-03-18,03:13:08,CH1,P1  ,1, 5.80E-6,0,1,CH2,P2  ,1, 4.30E-2,0,1,CH3,P3  ,1, 5.17E+2,0,1,CH4,P4  ,1, 5.36E+2,0,1,CH5,P5  ,1, 7.31E+1,0,1,CH6,P6,1, 6.44E+0,0,1,
22-03-18,03:14:08,CH1,P1  ,1, 5.81E-6,0,1,CH2,P2  ,1, 4.29E-2,0,1,CH3,P3  ,1, 5.17E+2,0,1,CH4,P4  ,1, 5.35E+2,0,1,CH5,P5  ,1, 7.31E+1,0,1,CH6,P6,1, 6.44E+0,0,1,
22-03-18,03:15:10,CH1,P1  ,1, 5.81E-6,0,1,CH2,P2  ,1, 4.29E-2,0,1,CH3,P3  ,1, 5.15E+2,0,1,CH4,P4  ,1, 5.36E+2,0,1,CH5,P5  ,1, 7.31E+1,0,1,CH6,P6,1, 6.43E+0,0,1,
22-03-18,03:16:11,CH1,P1  ,1, 5.81E-6,0,1,CH2,P2  ,1, 4.30E-2,0,1,CH3,P3  ,1, 5.19E+2,0,1,CH4,P4  ,1, 5.37E+2,0,1,CH5,P5  ,1, 7.32E+1,0,1,CH6,P6,1, 6.42E+0,0,1,
22-03-18,03:17:13,CH1,P1  ,1, 5.83E-6,0,1,CH2,P2  ,1, 4.30E-2,0,1,CH3,P3  ,1, 5.15E+2,0,1,CH4,P4  ,1, 5.37E+2,0,1,CH5,P5  ,1, 7.31E+1,0,1,CH6,P6,1, 6.43E+0,0,1,
22-03-18,03:18:12,CH1,P1  ,1, 5.82E-6,0,1,CH2,P2  ,1, 4.30E-2,0,1,CH3,P3  ,1, 5.19E+2,0,1,CH4,P4  ,1, 5.37E+2,0,1,CH5,P5  ,1, 7.31E+1,0,1,CH6,P6,1, 6.42E+0,0,1,
22-03-18,03:19:14,CH1,P1  ,1, 5.82E-6,0,1,CH2,P2  ,1, 4.30E-2,0,1,CH3,P3  ,1, 5.16E+2,0,1,CH4,P4  ,1, 5.38E+2,0,1,CH5,P5  ,1, 7.32E+1,0,1,CH6,P6,1, 6.44E+0,0,1,
22-03-18,03:20:14,CH1,P1  ,1, 5.83E-6,0,1,CH2,P2  ,1, 4.31E-2,0,1,CH3,P3  ,1, 5.18E+2,0,1,CH4,P4  ,1, 5.38E+2,0,1,CH5,P5  ,1, 7.31E+1,0,1,CH6,P6,1, 6.45E+0,0,1,
22-03-18,03:21:14,CH1,P1  ,1, 5.83E-6,0,1,CH2,P2  ,1, 4.30E-2,0,1,CH3,P3  ,1, 5.19E+2,0,1,CH4,P4  ,1, 5.37E+2,0,1,CH5,P5  ,1, 7.31E+1,0,1,CH6,P6,1, 6.44E+0,0,1,
22-03-18,03:22:16,CH1,P1  ,1, 5.83E-6,0,1,CH2,P2  ,1, 4.30E-2,0,1,CH3,P3  ,1, 5.16E+2,0,1,CH4,P4  ,1, 5.37E+2,0,1,CH5,P5  ,1, 7.31E+1,0,1,CH6,P6,1, 6.43E+0,0,1,
22-03-18,03:23:18,CH1,P1  ,1, 5.84E-6,0,1,CH2,P2  ,1, 4.30E-2,0,1,CH3,P3  ,1, 5.19E+2,0,1,CH4,P4  ,1, 5.37E+2,0,1,CH5,P5  ,1, 7.31E+1,0,1,CH6,P6,1, 6.45E+0,0,1,
22-03-18,03:24:18,CH1,P1  ,1, 5.84E-6,0,1,CH2,P2  ,1, 4.30E-2,0,1,CH3,P3  ,1, 5.15E+2,0,1,CH4,P4  ,1, 5.38E+2,0,1,CH5,P5  ,1, 7.31E+1,0,1,CH6,P6,1, 6.44E+0,0,1,
22-03-18,03:25:20,CH1,P1  ,1, 5.84E-6,0,1,CH2,P2  ,1, 4.31E-2,0,1,CH3,P3  ,1, 5.20E+2,0,1,CH4,P4  ,1, 5.38E+2,0,1,CH5,P5  ,1, 7.31E+1,0,1,CH6,P6,1, 6.43E+0,0,1,
22-03-18,03:26:22,CH1,P1  ,1, 5.85E-6,0,1,CH2,P2  ,1, 4.31E-2,0,1,CH3,P3  ,1, 5.15E+2,0,1,CH4,P4  ,1, 5.38E+2,0,1,CH5,P5  ,1, 7.31E+1,0,1,CH6,P6,1, 6.43E+0,0,1,
22-03-18,03:27:24,CH1,P1  ,1, 5.84E-6,0,1,CH2,P2  ,1, 4.31E-2,0,1,CH3,P3  ,1, 5.21E+2,0,1,CH4,P4  ,1, 5.39E+2,0,1,CH5,P5  ,1, 7.31E+1,0,1,CH6,P6,1, 6.43E+0,0,1,
22-03-18,03:28:26,CH1,P1  ,1, 5.83E-6,0,1,CH2,P2  ,1, 4.31E-2,0,1,CH3,P3  ,1, 5.17E+2,0,1,CH4,P4  ,1, 5.39E+2,0,1,CH5,P5  ,1, 7.31E+1,0,1,CH6,P6,1, 6.44E+0,0,1,
22-03-18,03:29:28,CH1,P1  ,1, 5.84E-6,0,1,CH2,P2  ,1, 4.30E-2,0,1,CH3,P3  ,1, 5.21E+2,0,1,CH4,P4  ,1, 5.39E+2,0,1,CH5,P5  ,1, 7.31E+1,0,1,CH6,P6,1, 6.43E+0,0,1,
22-03-18,03:30:30,CH1,P1  ,1, 5.83E-6,0,1,CH2,P2  ,1, 4.31E-2,0,1,CH3,P3  ,1, 5.17E+2,0,1,CH4,P4  ,1, 5.39E+2,0,1,CH5,P5  ,1, 7.31E+1,0,1,CH6,P6,1, 6.43E+0,0,1,
22-03-18,03:31:30,CH1,P1  ,1, 5.83E-6,0,1,CH2,P2  ,1, 4.30E-2,0,1,CH3,P3  ,1, 5.20E+2,0,1,CH4,P4  ,1, 5.38E+2,0,1,CH5,P5  ,1, 7.31E+1,0,1,CH6,P6,1, 6.43E+0,0,1,
22-03-18,03:32:32,CH1,P1  ,1, 5.83E-6,0,1,CH2,P2  ,1, 4.30E-2,0,1,CH3,P3  ,1, 5.16E+2,0,1,CH4,P4  ,1, 5.38E+2,0,1,CH5,P5  ,1, 7.31E+1,0,1,CH6,P6,1, 6.43E+0,0,1,
22-03-18,03:33:32,CH1,P1  ,1, 5.83E-6,0,1,CH2,P2  ,1, 4.30E-2,0,1,CH3,P3  ,1, 5.18E+2,0,1,CH4,P4  ,1, 5.38E+2,0,1,CH5,P5  ,1, 7.30E+1,0,1,CH6,P6,1, 6.43E+0,0,1,
22-03-18,03:34:32,CH1,P1  ,1, 5.84E-6,0,1,CH2,P2  ,1, 4.31E-2,0,1,CH3,P3  ,1, 5.20E+2,0,1,CH4,P4  ,1, 5.38E+2,0,1,CH5,P5  ,1, 7.31E+1,0,1,CH6,P6,1, 6.43E+0,0,1,
22-03-18,03:35:32,CH1,P1  ,1, 5.81E-6,0,1,CH2,P2  ,1, 4.30E-2,0,1,CH3,P3  ,1, 5.15E+2,0,1,CH4,P4  ,1, 5.37E+2,0,1,CH5,P5  ,1, 7.33E+1,0,1,CH6,P6,1, 6.44E+0,0,1,
22-03-18,03:36:32,CH1,P1  ,1, 5.83E-6,0,1,CH2,P2  ,1, 4.31E-2,0,1,CH3,P3  ,1, 5.18E+2,0,1,CH4,P4  ,1, 5.37E+2,0,1,CH5,P5  ,1, 7.32E+1,0,1,CH6,P6,1, 6.45E+0,0,1,
22-03-18,03:37:34,CH1,P1  ,1, 5.82E-6,0,1,CH2,P2  ,1, 4.30E-2,0,1,CH3,P3  ,1, 5.16E+2,0,1,CH4,P4  ,1, 5.38E+2,0,1,CH5,P5  ,1, 7.31E+1,0,1,CH6,P6,1, 6.45E+0,0,1,
22-03-18,03:38:36,CH1,P1  ,1, 5.81E-6,0,1,CH2,P2  ,1, 4.31E-2,0,1,CH3,P3  ,1, 5.19E+2,0,1,CH4,P4  ,1, 5.38E+2,0,1,CH5,P5  ,1, 7.31E+1,0,1,CH6,P6,1, 6.45E+0,0,1,
22-03-18,03:39:36,CH1,P1  ,1, 5.80E-6,0,1,CH2,P2  ,1, 4.30E-2,0,1,CH3,P3  ,1, 5.18E+2,0,1,CH4,P4  ,1, 5.37E+2,0,1,CH5,P5  ,1, 7.31E+1,0,1,CH6,P6,1, 6.45E+0,0,1,
22-03-18,03:40:38,CH1,P1  ,1, 5.83E-6,0,1,CH2,P2  ,1, 4.30E-2,0,1,CH3,P3  ,1, 5.15E+2,0,1,CH4,P4  ,1, 5.37E+2,0,1,CH5,P5  ,1, 7.31E+1,0,1,CH6,P6,1, 6.44E+0,0,1,
22-03-18,03:41:39,CH1,P1  ,1, 5.81E-6,0,1,CH2,P2  ,1, 4.30E-2,0,1,CH3,P3  ,1, 5.19E+2,0,1,CH4,P4  ,1, 5.36E+2,0,1,CH5,P5  ,1, 7.31E+1,0,1,CH6,P6,1, 6.45E+0,0,1,
22-03-18,03:42:40,CH1,P1  ,1, 5.82E-6,0,1,CH2,P2  ,1, 4.32E-2,0,1,CH3,P3  ,1, 5.15E+2,0,1,CH4,P4  ,1, 5.37E+2,0,1,CH5,P5  ,1, 7.31E+1,0,1,CH6,P6,1, 6.44E+0,0,1,
22-03-18,03:43:40,CH1,P1  ,1, 5.82E-6,0,1,CH2,P2  ,1, 4.30E-2,0,1,CH3,P3  ,1, 5.20E+2,0,1,CH4,P4  ,1, 5.37E+2,0,1,CH5,P5  ,1, 7.31E+1,0,1,CH6,P6,1, 6.44E+0,0,1,
22-03-18,03:44:40,CH1,P1  ,1, 5.81E-6,0,1,CH2,P2  ,1, 4.30E-2,0,1,CH3,P3  ,1, 5.17E+2,0,1,CH4,P4  ,1, 5.37E+2,0,1,CH5,P5  ,1, 7.32E+1,0,1,CH6,P6,1, 6.43E+0,0,1,
22-03-18,03:45:40,CH1,P1  ,1, 5.83E-6,0,1,CH2,P2  ,1, 4.30E-2,0,1,CH3,P3  ,1, 5.15E+2,0,1,CH4,P4  ,1, 5.36E+2,0,1,CH5,P5  ,1, 7.31E+1,0,1,CH6,P6,1, 6.45E+0,0,1,
22-03-18,03:46:40,CH1,P1  ,1, 5.81E-6,0,1,CH2,P2  ,1, 4.30E-2,0,1,CH3,P3  ,1, 5.19E+2,0,1,CH4,P4  ,1, 5.37E+2,0,1,CH5,P5  ,1, 7.31E+1,0,1,CH6,P6,1, 6.45E+0,0,1,
22-03-18,03:47:42,CH1,P1  ,1, 5.81E-6,0,1,CH2,P2  ,1, 4.30E-2,0,1,CH3,P3  ,1, 5.14E+2,0,1,CH4,P4  ,1, 5.36E+2,0,1,CH5,P5  ,1, 7.31E+1,0,1,CH6,P6,1, 6.45E+0,0,1,
22-03-18,03:48:44,CH1,P1  ,1, 5.80E-6,0,1,CH2,P2  ,1, 4.30E-2,0,1,CH3,P3  ,1, 5.19E+2,0,1,CH4,P4  ,1, 5.37E+2,0,1,CH5,P5  ,1, 7.31E+1,0,1,CH6,P6,1, 6.44E+0,0,1,
22-03-18,03:49:44,CH1,P1  ,1, 5.80E-6,0,1,CH2,P2  ,1, 4.30E-2,0,1,CH3,P3  ,1, 5.16E+2,0,1,CH4,P4  ,1, 5.37E+2,0,1,CH5,P5  ,1, 7.31E+1,0,1,CH6,P6,1, 6.44E+0,0,1,
22-03-18,03:50:46,CH1,P1  ,1, 5.80E-6,0,1,CH2,P2  ,1, 4.32E-2,0,1,CH3,P3  ,1, 5.19E+2,0,1,CH4,P4  ,1, 5.38E+2,0,1,CH5,P5  ,1, 7.32E+1,0,1,CH6,P6,1, 6.43E+0,0,1,
22-03-18,03:51:46,CH1,P1  ,1, 5.81E-6,0,1,CH2,P2  ,1, 4.31E-2,0,1,CH3,P3  ,1, 5.18E+2,0,1,CH4,P4  ,1, 5.38E+2,0,1,CH5,P5  ,1, 7.31E+1,0,1,CH6,P6,1, 6.44E+0,0,1,
22-03-18,03:52:48,CH1,P1  ,1, 5.80E-6,0,1,CH2,P2  ,1, 4.30E-2,0,1,CH3,P3  ,1, 5.18E+2,0,1,CH4,P4  ,1, 5.38E+2,0,1,CH5,P5  ,1, 7.31E+1,0,1,CH6,P6,1, 6.43E+0,0,1,
22-03-18,03:53:50,CH1,P1  ,1, 5.80E-6,0,1,CH2,P2  ,1, 4.31E-2,0,1,CH3,P3  ,1, 5.18E+2,0,1,CH4,P4  ,1, 5.37E+2,0,1,CH5,P5  ,1, 7.31E+1,0,1,CH6,P6,1, 6.45E+0,0,1,
22-03-18,03:54:50,CH1,P1  ,1, 5.81E-6,0,1,CH2,P2  ,1, 4.30E-2,0,1,CH3,P3  ,1, 5.15E+2,0,1,CH4,P4  ,1, 5.37E+2,0,1,CH5,P5  ,1, 7.31E+1,0,1,CH6,P6,1, 6.42E+0,0,1,
22-03-18,03:55:52,CH1,P1  ,1, 5.80E-6,0,1,CH2,P2  ,1, 4.30E-2,0,1,CH3,P3  ,1, 5.19E+2,0,1,CH4,P4  ,1, 5.37E+2,0,1,CH5,P5  ,1, 7.31E+1,0,1,CH6,P6,1, 6.47E+0,0,1,
22-03-18,03:56:52,CH1,P1  ,1, 5.80E-6,0,1,CH2,P2  ,1, 4.31E-2,0,1,CH3,P3  ,1, 5.15E+2,0,1,CH4,P4  ,1, 5.37E+2,0,1,CH5,P5  ,1, 7.31E+1,0,1,CH6,P6,1, 6.43E+0,0,1,
22-03-18,03:57:52,CH1,P1  ,1, 5.81E-6,0,1,CH2,P2  ,1, 4.30E-2,0,1,CH3,P3  ,1, 5.19E+2,0,1,CH4,P4  ,1, 5.37E+2,0,1,CH5,P5  ,1, 7.31E+1,0,1,CH6,P6,1, 6.45E+0,0,1,
22-03-18,03:58:54,CH1,P1  ,1, 5.82E-6,0,1,CH2,P2  ,1, 4.31E-2,0,1,CH3,P3  ,1, 5.16E+2,0,1,CH4,P4  ,1, 5.38E+2,0,1,CH5,P5  ,1, 7.31E+1,0,1,CH6,P6,1, 6.43E+0,0,1,
22-03-18,03:59:54,CH1,P1  ,1, 5.81E-6,0,1,CH2,P2  ,1, 4.31E-2,0,1,CH3,P3  ,1, 5.17E+2,0,1,CH4,P4  ,1, 5.38E+2,0,1,CH5,P5  ,1, 7.31E+1,0,1,CH6,P6,1, 6.45E+0,0,1,
22-03-18,04:00:54,CH1,P1  ,1, 5.82E-6,0,1,CH2,P2  ,1, 4.31E-2,0,1,CH3,P3  ,1, 5.20E+2,0,1,CH4,P4  ,1, 5.38E+2,0,1,CH5,P5  ,1, 7.31E+1,0,1,CH6,P6,1, 6.43E+0,0,1,
22-03-18,04:01:54,CH1,P1  ,1, 5.81E-6,0,1,CH2,P2  ,1, 4.31E-2,0,1,CH3,P3  ,1, 5.17E+2,0,1,CH4,P4  ,1, 5.38E+2,0,1,CH5,P5  ,1, 7.31E+1,0,1,CH6,P6,1, 6.44E+0,0,1,
22-03-18,04:02:56,CH1,P1  ,1, 5.81E-6,0,1,CH2,P2  ,1, 4.30E-2,0,1,CH3,P3  ,1, 5.20E+2,0,1,CH4,P4  ,1, 5.38E+2,0,1,CH5,P5  ,1, 7.31E+1,0,1,CH6,P6,1, 6.44E+0,0,1,
22-03-18,04:03:56,CH1,P1  ,1, 5.80E-6,0,1,CH2,P2  ,1, 4.31E-2,0,1,CH3,P3  ,1, 5.17E+2,0,1,CH4,P4  ,1, 5.38E+2,0,1,CH5,P5  ,1, 7.31E+1,0,1,CH6,P6,1, 6.43E+0,0,1,
22-03-18,04:04:58,CH1,P1  ,1, 5.83E-6,0,1,CH2,P2  ,1, 4.30E-2,0,1,CH3,P3  ,1, 5.17E+2,0,1,CH4,P4  ,1, 5.37E+2,0,1,CH5,P5  ,1, 7.31E+1,0,1,CH6,P6,1, 6.45E+0,0,1,
22-03-18,04:06:00,CH1,P1  ,1, 5.82E-6,0,1,CH2,P2  ,1, 4.30E-2,0,1,CH3,P3  ,1, 5.17E+2,0,1,CH4,P4  ,1, 5.37E+2,0,1,CH5,P5  ,1, 7.31E+1,0,1,CH6,P6,1, 6.45E+0,0,1,
22-03-18,04:07:00,CH1,P1  ,1, 5.83E-6,0,1,CH2,P2  ,1, 4.30E-2,0,1,CH3,P3  ,1, 5.15E+2,0,1,CH4,P4  ,1, 5.37E+2,0,1,CH5,P5  ,1, 7.31E+1,0,1,CH6,P6,1, 6.45E+0,0,1,
22-03-18,04:08:02,CH1,P1  ,1, 5.82E-6,0,1,CH2,P2  ,1, 4.31E-2,0,1,CH3,P3  ,1, 5.19E+2,0,1,CH4,P4  ,1, 5.37E+2,0,1,CH5,P5  ,1, 7.31E+1,0,1,CH6,P6,1, 6.43E+0,0,1,
22-03-18,04:09:02,CH1,P1  ,1, 5.82E-6,0,1,CH2,P2  ,1, 4.30E-2,0,1,CH3,P3  ,1, 5.15E+2,0,1,CH4,P4  ,1, 5.37E+2,0,1,CH5,P5  ,1, 7.31E+1,0,1,CH6,P6,1, 6.44E+0,0,1,
22-03-18,04:10:02,CH1,P1  ,1, 5.82E-6,0,1,CH2,P2  ,1, 4.31E-2,0,1,CH3,P3  ,1, 5.19E+2,0,1,CH4,P4  ,1, 5.37E+2,0,1,CH5,P5  ,1, 7.31E+1,0,1,CH6,P6,1, 6.45E+0,0,1,
22-03-18,04:11:04,CH1,P1  ,1, 5.82E-6,0,1,CH2,P2  ,1, 4.30E-2,0,1,CH3,P3  ,1, 5.15E+2,0,1,CH4,P4  ,1, 5.37E+2,0,1,CH5,P5  ,1, 7.31E+1,0,1,CH6,P6,1, 6.46E+0,0,1,
22-03-18,04:12:04,CH1,P1  ,1, 5.82E-6,0,1,CH2,P2  ,1, 4.30E-2,0,1,CH3,P3  ,1, 5.20E+2,0,1,CH4,P4  ,1, 5.38E+2,0,1,CH5,P5  ,1, 7.31E+1,0,1,CH6,P6,1, 6.43E+0,0,1,
22-03-18,04:13:06,CH1,P1  ,1, 5.83E-6,0,1,CH2,P2  ,1, 4.31E-2,0,1,CH3,P3  ,1, 5.17E+2,0,1,CH4,P4  ,1, 5.39E+2,0,1,CH5,P5  ,1, 7.31E+1,0,1,CH6,P6,1, 6.44E+0,0,1,
22-03-18,04:14:06,CH1,P1  ,1, 5.81E-6,0,1,CH2,P2  ,1, 4.31E-2,0,1,CH3,P3  ,1, 5.17E+2,0,1,CH4,P4  ,1, 5.38E+2,0,1,CH5,P5  ,1, 7.32E+1,0,1,CH6,P6,1, 6.45E+0,0,1,
22-03-18,04:15:08,CH1,P1  ,1, 5.84E-6,0,1,CH2,P2  ,1, 4.31E-2,0,1,CH3,P3  ,1, 5.19E+2,0,1,CH4,P4  ,1, 5.38E+2,0,1,CH5,P5  ,1, 7.31E+1,0,1,CH6,P6,1, 6.46E+0,0,1,
22-03-18,04:16:08,CH1,P1  ,1, 5.84E-6,0,1,CH2,P2  ,1, 4.31E-2,0,1,CH3,P3  ,1, 5.16E+2,0,1,CH4,P4  ,1, 5.38E+2,0,1,CH5,P5  ,1, 7.31E+1,0,1,CH6,P6,1, 6.47E+0,0,1,
22-03-18,04:17:10,CH1,P1  ,1, 5.84E-6,0,1,CH2,P2  ,1, 4.31E-2,0,1,CH3,P3  ,1, 5.21E+2,0,1,CH4,P4  ,1, 5.38E+2,0,1,CH5,P5  ,1, 7.31E+1,0,1,CH6,P6,1, 6.46E+0,0,1,
22-03-18,04:18:10,CH1,P1  ,1, 5.84E-6,0,1,CH2,P2  ,1, 4.30E-2,0,1,CH3,P3  ,1, 5.17E+2,0,1,CH4,P4  ,1, 5.39E+2,0,1,CH5,P5  ,1, 7.31E+1,0,1,CH6,P6,1, 6.45E+0,0,1,
22-03-18,04:19:12,CH1,P1  ,1, 5.83E-6,0,1,CH2,P2  ,1, 4.30E-2,0,1,CH3,P3  ,1, 5.21E+2,0,1,CH4,P4  ,1, 5.39E+2,0,1,CH5,P5  ,1, 7.31E+1,0,1,CH6,P6,1, 6.45E+0,0,1,
22-03-18,04:20:14,CH1,P1  ,1, 5.83E-6,0,1,CH2,P2  ,1, 4.30E-2,0,1,CH3,P3  ,1, 5.17E+2,0,1,CH4,P4  ,1, 5.39E+2,0,1,CH5,P5  ,1, 7.31E+1,0,1,CH6,P6,1, 6.45E+0,0,1,
22-03-18,04:21:14,CH1,P1  ,1, 5.83E-6,0,1,CH2,P2  ,1, 4.32E-2,0,1,CH3,P3  ,1, 5.19E+2,0,1,CH4,P4  ,1, 5.39E+2,0,1,CH5,P5  ,1, 7.31E+1,0,1,CH6,P6,1, 6.45E+0,0,1,
22-03-18,04:22:16,CH1,P1  ,1, 5.83E-6,0,1,CH2,P2  ,1, 4.30E-2,0,1,CH3,P3  ,1, 5.18E+2,0,1,CH4,P4  ,1, 5.39E+2,0,1,CH5,P5  ,1, 7.31E+1,0,1,CH6,P6,1, 6.46E+0,0,1,
22-03-18,04:23:16,CH1,P1  ,1, 5.84E-6,0,1,CH2,P2  ,1, 4.31E-2,0,1,CH3,P3  ,1, 5.18E+2,0,1,CH4,P4  ,1, 5.39E+2,0,1,CH5,P5  ,1, 7.31E+1,0,1,CH6,P6,1, 6.46E+0,0,1,
22-03-18,04:24:18,CH1,P1  ,1, 5.84E-6,0,1,CH2,P2  ,1, 4.31E-2,0,1,CH3,P3  ,1, 5.19E+2,0,1,CH4,P4  ,1, 5.39E+2,0,1,CH5,P5  ,1, 7.31E+1,0,1,CH6,P6,1, 6.45E+0,0,1,
22-03-18,04:25:20,CH1,P1  ,1, 5.84E-6,0,1,CH2,P2  ,1, 4.31E-2,0,1,CH3,P3  ,1, 5.18E+2,0,1,CH4,P4  ,1, 5.38E+2,0,1,CH5,P5  ,1, 7.31E+1,0,1,CH6,P6,1, 6.47E+0,0,1,
22-03-18,04:26:22,CH1,P1  ,1, 5.83E-6,0,1,CH2,P2  ,1, 4.30E-2,0,1,CH3,P3  ,1, 5.18E+2,0,1,CH4,P4  ,1, 5.38E+2,0,1,CH5,P5  ,1, 7.31E+1,0,1,CH6,P6,1, 6.46E+0,0,1,
22-03-18,04:27:24,CH1,P1  ,1, 5.84E-6,0,1,CH2,P2  ,1, 4.30E-2,0,1,CH3,P3  ,1, 5.17E+2,0,1,CH4,P4  ,1, 5.38E+2,0,1,CH5,P5  ,1, 7.31E+1,0,1,CH6,P6,1, 6.47E+0,0,1,
22-03-18,04:28:24,CH1,P1  ,1, 5.85E-6,0,1,CH2,P2  ,1, 4.31E-2,0,1,CH3,P3  ,1, 5.21E+2,0,1,CH4,P4  ,1, 5.39E+2,0,1,CH5,P5  ,1, 7.31E+1,0,1,CH6,P6,1, 6.45E+0,0,1,
22-03-18,04:29:26,CH1,P1  ,1, 5.86E-6,0,1,CH2,P2  ,1, 4.31E-2,0,1,CH3,P3  ,1, 5.17E+2,0,1,CH4,P4  ,1, 5.39E+2,0,1,CH5,P5  ,1, 7.31E+1,0,1,CH6,P6,1, 6.47E+0,0,1,
22-03-18,04:30:28,CH1,P1  ,1, 5.85E-6,0,1,CH2,P2  ,1, 4.31E-2,0,1,CH3,P3  ,1, 5.19E+2,0,1,CH4,P4  ,1, 5.38E+2,0,1,CH5,P5  ,1, 7.31E+1,0,1,CH6,P6,1, 6.47E+0,0,1,
22-03-18,04:31:30,CH1,P1  ,1, 5.85E-6,0,1,CH2,P2  ,1, 4.31E-2,0,1,CH3,P3  ,1, 5.15E+2,0,1,CH4,P4  ,1, 5.37E+2,0,1,CH5,P5  ,1, 7.31E+1,0,1,CH6,P6,1, 6.47E+0,0,1,
22-03-18,04:32:30,CH1,P1  ,1, 6.36E-6,0,1,CH2,P2  ,1, 4.31E-2,0,1,CH3,P3  ,1, 5.20E+2,0,1,CH4,P4  ,1, 5.37E+2,0,1,CH5,P5  ,1, 7.31E+1,0,1,CH6,P6,1, 6.45E+0,0,1,
22-03-18,04:33:32,CH1,P1  ,1, 5.86E-6,0,1,CH2,P2  ,1, 4.32E-2,0,1,CH3,P3  ,1, 5.15E+2,0,1,CH4,P4  ,1, 5.38E+2,0,1,CH5,P5  ,1, 7.31E+1,0,1,CH6,P6,1, 6.46E+0,0,1,
22-03-18,04:34:34,CH1,P1  ,1, 5.87E-6,0,1,CH2,P2  ,1, 4.31E-2,0,1,CH3,P3  ,1, 5.20E+2,0,1,CH4,P4  ,1, 5.38E+2,0,1,CH5,P5  ,1, 7.31E+1,0,1,CH6,P6,1, 6.45E+0,0,1,
22-03-18,04:35:34,CH1,P1  ,1, 5.88E-6,0,1,CH2,P2  ,1, 4.31E-2,0,1,CH3,P3  ,1, 5.16E+2,0,1,CH4,P4  ,1, 5.38E+2,0,1,CH5,P5  ,1, 7.31E+1,0,1,CH6,P6,1, 6.46E+0,0,1,
22-03-18,04:36:36,CH1,P1  ,1, 5.89E-6,0,1,CH2,P2  ,1, 4.30E-2,0,1,CH3,P3  ,1, 5.20E+2,0,1,CH4,P4  ,1, 5.38E+2,0,1,CH5,P5  ,1, 7.32E+1,0,1,CH6,P6,1, 6.49E+0,0,1,
22-03-18,04:37:36,CH1,P1  ,1, 1.14E-5,0,1,CH2,P2  ,1, 4.31E-2,0,1,CH3,P3  ,1, 5.16E+2,0,1,CH4,P4  ,1, 5.37E+2,0,1,CH5,P5  ,1, 7.31E+1,0,1,CH6,P6,1, 6.47E+0,0,1,
22-03-18,04:38:38,CH1,P1  ,1, 6.18E-6,0,1,CH2,P2  ,1, 4.31E-2,0,1,CH3,P3  ,1, 5.18E+2,0,1,CH4,P4  ,1, 5.37E+2,0,1,CH5,P5  ,1, 7.31E+1,0,1,CH6,P6,1, 6.47E+0,0,1,
22-03-18,04:39:38,CH1,P1  ,1, 5.98E-6,0,1,CH2,P2  ,1, 4.30E-2,0,1,CH3,P3  ,1, 5.17E+2,0,1,CH4,P4  ,1, 5.37E+2,0,1,CH5,P5  ,1, 7.32E+1,0,1,CH6,P6,1, 6.47E+0,0,1,
22-03-18,04:40:38,CH1,P1  ,1, 5.95E-6,0,1,CH2,P2  ,1, 4.30E-2,0,1,CH3,P3  ,1, 5.15E+2,0,1,CH4,P4  ,1, 5.37E+2,0,1,CH5,P5  ,1, 7.31E+1,0,1,CH6,P6,1, 6.47E+0,0,1,
22-03-18,04:41:40,CH1,P1  ,1, 5.93E-6,0,1,CH2,P2  ,1, 4.31E-2,0,1,CH3,P3  ,1, 5.18E+2,0,1,CH4,P4  ,1, 5.36E+2,0,1,CH5,P5  ,1, 7.31E+1,0,1,CH6,P6,1, 6.48E+0,0,1,
22-03-18,04:42:40,CH1,P1  ,1, 5.92E-6,0,1,CH2,P2  ,1, 4.30E-2,0,1,CH3,P3  ,1, 5.14E+2,0,1,CH4,P4  ,1, 5.37E+2,0,1,CH5,P5  ,1, 7.31E+1,0,1,CH6,P6,1, 6.46E+0,0,1,
22-03-18,04:43:42,CH1,P1  ,1, 5.93E-6,0,1,CH2,P2  ,1, 4.30E-2,0,1,CH3,P3  ,1, 5.19E+2,0,1,CH4,P4  ,1, 5.37E+2,0,1,CH5,P5  ,1, 7.31E+1,0,1,CH6,P6,1, 6.47E+0,0,1,
22-03-18,04:44:42,CH1,P1  ,1, 5.93E-6,0,1,CH2,P2  ,1, 4.31E-2,0,1,CH3,P3  ,1, 5.16E+2,0,1,CH4,P4  ,1, 5.37E+2,0,1,CH5,P5  ,1, 7.31E+1,0,1,CH6,P6,1, 6.48E+0,0,1,
22-03-18,04:45:44,CH1,P1  ,1, 5.91E-6,0,1,CH2,P2  ,1, 4.31E-2,0,1,CH3,P3  ,1, 5.19E+2,0,1,CH4,P4  ,1, 5.37E+2,0,1,CH5,P5  ,1, 7.31E+1,0,1,CH6,P6,1, 6.49E+0,0,1,
22-03-18,04:46:44,CH1,P1  ,1, 5.91E-6,0,1,CH2,P2  ,1, 4.30E-2,0,1,CH3,P3  ,1, 5.17E+2,0,1,CH4,P4  ,1, 5.37E+2,0,1,CH5,P5  ,1, 7.31E+1,0,1,CH6,P6,1, 6.47E+0,0,1,
22-03-18,04:47:46,CH1,P1  ,1, 5.91E-6,0,1,CH2,P2  ,1, 4.31E-2,0,1,CH3,P3  ,1, 5.17E+2,0,1,CH4,P4  ,1, 5.38E+2,0,1,CH5,P5  ,1, 7.31E+1,0,1,CH6,P6,1, 6.48E+0,0,1,
22-03-18,04:48:46,CH1,P1  ,1, 5.90E-6,0,1,CH2,P2  ,1, 4.31E-2,0,1,CH3,P3  ,1, 5.20E+2,0,1,CH4,P4  ,1, 5.39E+2,0,1,CH5,P5  ,1, 7.31E+1,0,1,CH6,P6,1, 6.47E+0,0,1,
22-03-18,04:49:46,CH1,P1  ,1, 5.90E-6,0,1,CH2,P2  ,1, 4.30E-2,0,1,CH3,P3  ,1, 5.16E+2,0,1,CH4,P4  ,1, 5.39E+2,0,1,CH5,P5  ,1, 7.31E+1,0,1,CH6,P6,1, 6.45E+0,0,1,
22-03-18,04:50:46,CH1,P1  ,1, 5.91E-6,0,1,CH2,P2  ,1, 4.31E-2,0,1,CH3,P3  ,1, 5.21E+2,0,1,CH4,P4  ,1, 5.39E+2,0,1,CH5,P5  ,1, 7.31E+1,0,1,CH6,P6,1, 6.47E+0,0,1,
22-03-18,04:51:48,CH1,P1  ,1, 5.89E-6,0,1,CH2,P2  ,1, 4.31E-2,0,1,CH3,P3  ,1, 5.17E+2,0,1,CH4,P4  ,1, 5.39E+2,0,1,CH5,P5  ,1, 7.31E+1,0,1,CH6,P6,1, 6.49E+0,0,1,
22-03-18,04:52:48,CH1,P1  ,1, 5.87E-6,0,1,CH2,P2  ,1, 4.31E-2,0,1,CH3,P3  ,1, 5.18E+2,0,1,CH4,P4  ,1, 5.38E+2,0,1,CH5,P5  ,1, 7.31E+1,0,1,CH6,P6,1, 6.46E+0,0,1,
22-03-18,04:53:50,CH1,P1  ,1, 5.88E-6,0,1,CH2,P2  ,1, 4.32E-2,0,1,CH3,P3  ,1, 5.18E+2,0,1,CH4,P4  ,1, 5.38E+2,0,1,CH5,P5  ,1, 7.31E+1,0,1,CH6,P6,1, 6.46E+0,0,1,
22-03-18,04:54:52,CH1,P1  ,1, 5.87E-6,0,1,CH2,P2  ,1, 4.32E-2,0,1,CH3,P3  ,1, 5.20E+2,0,1,CH4,P4  ,1, 5.39E+2,0,1,CH5,P5  ,1, 7.31E+1,0,1,CH6,P6,1, 6.47E+0,0,1,
22-03-18,04:55:52,CH1,P1  ,1, 5.85E-6,0,1,CH2,P2  ,1, 4.31E-2,0,1,CH3,P3  ,1, 5.20E+2,0,1,CH4,P4  ,1, 5.39E+2,0,1,CH5,P5  ,1, 7.31E+1,0,1,CH6,P6,1, 6.48E+0,0,1,
22-03-18,04:56:54,CH1,P1  ,1, 5.85E-6,0,1,CH2,P2  ,1, 4.32E-2,0,1,CH3,P3  ,1, 5.18E+2,0,1,CH4,P4  ,1, 5.39E+2,0,1,CH5,P5  ,1, 7.31E+1,0,1,CH6,P6,1, 6.47E+0,0,1,
22-03-18,04:57:54,CH1,P1  ,1, 5.84E-6,0,1,CH2,P2  ,1, 4.30E-2,0,1,CH3,P3  ,1, 5.21E+2,0,1,CH4,P4  ,1, 5.39E+2,0,1,CH5,P5  ,1, 7.31E+1,0,1,CH6,P6,1, 6.47E+0,0,1,
22-03-18,04:58:56,CH1,P1  ,1, 5.85E-6,0,1,CH2,P2  ,1, 4.30E-2,0,1,CH3,P3  ,1, 5.16E+2,0,1,CH4,P4  ,1, 5.39E+2,0,1,CH5,P5  ,1, 7.31E+1,0,1,CH6,P6,1, 6.48E+0,0,1,
22-03-18,04:59:58,CH1,P1  ,1, 5.83E-6,0,1,CH2,P2  ,1, 4.31E-2,0,1,CH3,P3  ,1, 5.20E+2,0,1,CH4,P4  ,1, 5.39E+2,0,1,CH5,P5  ,1, 7.31E+1,0,1,CH6,P6,1, 6.47E+0,0,1,
22-03-18,05:01:01,CH1,P1  ,1, 5.81E-6,0,1,CH2,P2  ,1, 4.32E-2,0,1,CH3,P3  ,1, 5.17E+2,0,1,CH4,P4  ,1, 5.39E+2,0,1,CH5,P5  ,1, 7.32E+1,0,1,CH6,P6,1, 6.47E+0,0,1,
22-03-18,05:02:02,CH1,P1  ,1, 5.78E-6,0,1,CH2,P2  ,1, 4.32E-2,0,1,CH3,P3  ,1, 5.21E+2,0,1,CH4,P4  ,1, 5.39E+2,0,1,CH5,P5  ,1, 7.31E+1,0,1,CH6,P6,1, 6.47E+0,0,1,
22-03-18,05:03:04,CH1,P1  ,1, 5.78E-6,0,1,CH2,P2  ,1, 4.32E-2,0,1,CH3,P3  ,1, 5.17E+2,0,1,CH4,P4  ,1, 5.39E+2,0,1,CH5,P5  ,1, 7.31E+1,0,1,CH6,P6,1, 6.47E+0,0,1,
22-03-18,05:04:04,CH1,P1  ,1, 5.77E-6,0,1,CH2,P2  ,1, 4.30E-2,0,1,CH3,P3  ,1, 5.20E+2,0,1,CH4,P4  ,1, 5.38E+2,0,1,CH5,P5  ,1, 7.31E+1,0,1,CH6,P6,1, 6.48E+0,0,1,
22-03-18,05:05:06,CH1,P1  ,1, 5.74E-6,0,1,CH2,P2  ,1, 4.30E-2,0,1,CH3,P3  ,1, 5.16E+2,0,1,CH4,P4  ,1, 5.38E+2,0,1,CH5,P5  ,1, 7.30E+1,0,1,CH6,P6,1, 6.47E+0,0,1,
22-03-18,05:06:06,CH1,P1  ,1, 5.75E-6,0,1,CH2,P2  ,1, 4.30E-2,0,1,CH3,P3  ,1, 5.20E+2,0,1,CH4,P4  ,1, 5.39E+2,0,1,CH5,P5  ,1, 7.31E+1,0,1,CH6,P6,1, 6.49E+0,0,1,
22-03-18,05:07:06,CH1,P1  ,1, 5.74E-6,0,1,CH2,P2  ,1, 4.30E-2,0,1,CH3,P3  ,1, 5.19E+2,0,1,CH4,P4  ,1, 5.39E+2,0,1,CH5,P5  ,1, 7.32E+1,0,1,CH6,P6,1, 6.47E+0,0,1,
22-03-18,05:08:08,CH1,P1  ,1, 5.74E-6,0,1,CH2,P2  ,1, 4.30E-2,0,1,CH3,P3  ,1, 5.18E+2,0,1,CH4,P4  ,1, 5.39E+2,0,1,CH5,P5  ,1, 7.31E+1,0,1,CH6,P6,1, 6.47E+0,0,1,
22-03-18,05:09:10,CH1,P1  ,1, 5.74E-6,0,1,CH2,P2  ,1, 4.32E-2,0,1,CH3,P3  ,1, 5.18E+2,0,1,CH4,P4  ,1, 5.39E+2,0,1,CH5,P5  ,1, 7.31E+1,0,1,CH6,P6,1, 6.47E+0,0,1,
22-03-18,05:10:12,CH1,P1  ,1, 6.00E-6,0,1,CH2,P2  ,1, 4.31E-2,0,1,CH3,P3  ,1, 5.19E+2,0,1,CH4,P4  ,1, 5.39E+2,0,1,CH5,P5  ,1, 7.31E+1,0,1,CH6,P6,1, 6.47E+0,0,1,
22-03-18,05:11:14,CH1,P1  ,1, 5.74E-6,0,1,CH2,P2  ,1, 4.31E-2,0,1,CH3,P3  ,1, 5.18E+2,0,1,CH4,P4  ,1, 5.39E+2,0,1,CH5,P5  ,1, 7.32E+1,0,1,CH6,P6,1, 6.47E+0,0,1,
22-03-18,05:12:14,CH1,P1  ,1, 5.74E-6,0,1,CH2,P2  ,1, 4.31E-2,0,1,CH3,P3  ,1, 5.18E+2,0,1,CH4,P4  ,1, 5.39E+2,0,1,CH5,P5  ,1, 7.31E+1,0,1,CH6,P6,1, 6.49E+0,0,1,
22-03-18,05:13:16,CH1,P1  ,1, 5.73E-6,0,1,CH2,P2  ,1, 4.31E-2,0,1,CH3,P3  ,1, 5.20E+2,0,1,CH4,P4  ,1, 5.39E+2,0,1,CH5,P5  ,1, 7.30E+1,0,1,CH6,P6,1, 6.45E+0,0,1,
22-03-18,05:14:18,CH1,P1  ,1, 5.73E-6,0,1,CH2,P2  ,1, 4.31E-2,0,1,CH3,P3  ,1, 5.18E+2,0,1,CH4,P4  ,1, 5.39E+2,0,1,CH5,P5  ,1, 7.31E+1,0,1,CH6,P6,1, 6.47E+0,0,1,
22-03-18,05:15:18,CH1,P1  ,1, 5.71E-6,0,1,CH2,P2  ,1, 4.32E-2,0,1,CH3,P3  ,1, 5.21E+2,0,1,CH4,P4  ,1, 5.39E+2,0,1,CH5,P5  ,1, 7.31E+1,0,1,CH6,P6,1, 6.46E+0,0,1,
22-03-18,05:16:18,CH1,P1  ,1, 5.72E-6,0,1,CH2,P2  ,1, 4.31E-2,0,1,CH3,P3  ,1, 5.16E+2,0,1,CH4,P4  ,1, 5.39E+2,0,1,CH5,P5  ,1, 7.31E+1,0,1,CH6,P6,1, 6.48E+0,0,1,
22-03-18,05:17:20,CH1,P1  ,1, 5.70E-6,0,1,CH2,P2  ,1, 4.31E-2,0,1,CH3,P3  ,1, 5.20E+2,0,1,CH4,P4  ,1, 5.39E+2,0,1,CH5,P5  ,1, 7.31E+1,0,1,CH6,P6,1, 6.47E+0,0,1,
22-03-18,05:18:20,CH1,P1  ,1, 5.69E-6,0,1,CH2,P2  ,1, 4.30E-2,0,1,CH3,P3  ,1, 5.17E+2,0,1,CH4,P4  ,1, 5.38E+2,0,1,CH5,P5  ,1, 7.31E+1,0,1,CH6,P6,1, 6.47E+0,0,1,
22-03-18,05:19:22,CH1,P1  ,1, 5.69E-6,0,1,CH2,P2  ,1, 4.31E-2,0,1,CH3,P3  ,1, 5.18E+2,0,1,CH4,P4  ,1, 5.38E+2,0,1,CH5,P5  ,1, 7.31E+1,0,1,CH6,P6,1, 6.45E+0,0,1,
22-03-18,05:20:22,CH1,P1  ,1, 5.68E-6,0,1,CH2,P2  ,1, 4.31E-2,0,1,CH3,P3  ,1, 5.18E+2,0,1,CH4,P4  ,1, 5.38E+2,0,1,CH5,P5  ,1, 7.31E+1,0,1,CH6,P6,1, 6.46E+0,0,1,
22-03-18,05:21:22,CH1,P1  ,1, 5.68E-6,0,1,CH2,P2  ,1, 4.31E-2,0,1,CH3,P3  ,1, 5.16E+2,0,1,CH4,P4  ,1, 5.38E+2,0,1,CH5,P5  ,1, 7.31E+1,0,1,CH6,P6,1, 6.46E+0,0,1,
22-03-18,05:22:24,CH1,P1  ,1, 5.68E-6,0,1,CH2,P2  ,1, 4.30E-2,0,1,CH3,P3  ,1, 5.18E+2,0,1,CH4,P4  ,1, 5.37E+2,0,1,CH5,P5  ,1, 7.31E+1,0,1,CH6,P6,1, 6.45E+0,0,1,
22-03-18,05:23:24,CH1,P1  ,1, 5.68E-6,0,1,CH2,P2  ,1, 4.30E-2,0,1,CH3,P3  ,1, 5.15E+2,0,1,CH4,P4  ,1, 5.37E+2,0,1,CH5,P5  ,1, 7.31E+1,0,1,CH6,P6,1, 6.46E+0,0,1,
22-03-18,05:24:26,CH1,P1  ,1, 5.68E-6,0,1,CH2,P2  ,1, 4.30E-2,0,1,CH3,P3  ,1, 5.19E+2,0,1,CH4,P4  ,1, 5.37E+2,0,1,CH5,P5  ,1, 7.30E+1,0,1,CH6,P6,1, 6.47E+0,0,1,
22-03-18,05:25:26,CH1,P1  ,1, 5.67E-6,0,1,CH2,P2  ,1, 4.30E-2,0,1,CH3,P3  ,1, 5.16E+2,0,1,CH4,P4  ,1, 5.37E+2,0,1,CH5,P5  ,1, 7.30E+1,0,1,CH6,P6,1, 6.47E+0,0,1,
22-03-18,05:26:28,CH1,P1  ,1, 5.65E-6,0,1,CH2,P2  ,1, 4.31E-2,0,1,CH3,P3  ,1, 5.18E+2,0,1,CH4,P4  ,1, 5.37E+2,0,1,CH5,P5  ,1, 7.31E+1,0,1,CH6,P6,1, 6.47E+0,0,1,
22-03-18,05:27:28,CH1,P1  ,1, 5.66E-6,0,1,CH2,P2  ,1, 4.30E-2,0,1,CH3,P3  ,1, 5.18E+2,0,1,CH4,P4  ,1, 5.38E+2,0,1,CH5,P5  ,1, 7.31E+1,0,1,CH6,P6,1, 6.47E+0,0,1,
22-03-18,05:28:30,CH1,P1  ,1, 5.65E-6,0,1,CH2,P2  ,1, 4.30E-2,0,1,CH3,P3  ,1, 5.18E+2,0,1,CH4,P4  ,1, 5.38E+2,0,1,CH5,P5  ,1, 7.31E+1,0,1,CH6,P6,1, 6.45E+0,0,1,
22-03-18,05:29:30,CH1,P1  ,1, 5.67E-6,0,1,CH2,P2  ,1, 4.30E-2,0,1,CH3,P3  ,1, 5.20E+2,0,1,CH4,P4  ,1, 5.38E+2,0,1,CH5,P5  ,1, 7.31E+1,0,1,CH6,P6,1, 6.47E+0,0,1,
22-03-18,05:30:30,CH1,P1  ,1, 5.66E-6,0,1,CH2,P2  ,1, 4.31E-2,0,1,CH3,P3  ,1, 5.16E+2,0,1,CH4,P4  ,1, 5.39E+2,0,1,CH5,P5  ,1, 7.31E+1,0,1,CH6,P6,1, 6.47E+0,0,1,
22-03-18,05:31:30,CH1,P1  ,1, 5.66E-6,0,1,CH2,P2  ,1, 4.31E-2,0,1,CH3,P3  ,1, 5.21E+2,0,1,CH4,P4  ,1, 5.39E+2,0,1,CH5,P5  ,1, 7.31E+1,0,1,CH6,P6,1, 6.48E+0,0,1,
22-03-18,05:32:32,CH1,P1  ,1, 5.67E-6,0,1,CH2,P2  ,1, 4.31E-2,0,1,CH3,P3  ,1, 5.16E+2,0,1,CH4,P4  ,1, 5.39E+2,0,1,CH5,P5  ,1, 7.31E+1,0,1,CH6,P6,1, 6.47E+0,0,1,
22-03-18,05:33:34,CH1,P1  ,1, 5.65E-6,0,1,CH2,P2  ,1, 4.30E-2,0,1,CH3,P3  ,1, 5.20E+2,0,1,CH4,P4  ,1, 5.38E+2,0,1,CH5,P5  ,1, 7.31E+1,0,1,CH6,P6,1, 6.47E+0,0,1,
22-03-18,05:34:34,CH1,P1  ,1, 5.64E-6,0,1,CH2,P2  ,1, 4.30E-2,0,1,CH3,P3  ,1, 5.16E+2,0,1,CH4,P4  ,1, 5.38E+2,0,1,CH5,P5  ,1, 7.31E+1,0,1,CH6,P6,1, 6.47E+0,0,1,
22-03-18,05:35:34,CH1,P1  ,1, 5.63E-6,0,1,CH2,P2  ,1, 4.31E-2,0,1,CH3,P3  ,1, 5.17E+2,0,1,CH4,P4  ,1, 5.37E+2,0,1,CH5,P5  ,1, 7.31E+1,0,1,CH6,P6,1, 6.47E+0,0,1,
22-03-18,05:36:36,CH1,P1  ,1, 5.65E-6,0,1,CH2,P2  ,1, 4.31E-2,0,1,CH3,P3  ,1, 5.17E+2,0,1,CH4,P4  ,1, 5.37E+2,0,1,CH5,P5  ,1, 7.31E+1,0,1,CH6,P6,1, 6.47E+0,0,1,
22-03-18,05:37:38,CH1,P1  ,1, 5.64E-6,0,1,CH2,P2  ,1, 4.30E-2,0,1,CH3,P3  ,1, 5.17E+2,0,1,CH4,P4  ,1, 5.37E+2,0,1,CH5,P5  ,1, 7.31E+1,0,1,CH6,P6,1, 6.47E+0,0,1,
22-03-18,05:38:40,CH1,P1  ,1, 5.65E-6,0,1,CH2,P2  ,1, 4.30E-2,0,1,CH3,P3  ,1, 5.16E+2,0,1,CH4,P4  ,1, 5.36E+2,0,1,CH5,P5  ,1, 7.31E+1,0,1,CH6,P6,1, 6.47E+0,0,1,
22-03-18,05:39:42,CH1,P1  ,1, 5.65E-6,0,1,CH2,P2  ,1, 4.30E-2,0,1,CH3,P3  ,1, 5.17E+2,0,1,CH4,P4  ,1, 5.37E+2,0,1,CH5,P5  ,1, 7.31E+1,0,1,CH6,P6,1, 6.47E+0,0,1,
22-03-18,05:40:44,CH1,P1  ,1, 5.63E-6,0,1,CH2,P2  ,1, 4.30E-2,0,1,CH3,P3  ,1, 5.16E+2,0,1,CH4,P4  ,1, 5.38E+2,0,1,CH5,P5  ,1, 7.31E+1,0,1,CH6,P6,1, 6.48E+0,0,1,
22-03-18,05:41:44,CH1,P1  ,1, 5.63E-6,0,1,CH2,P2  ,1, 4.30E-2,0,1,CH3,P3  ,1, 5.17E+2,0,1,CH4,P4  ,1, 5.38E+2,0,1,CH5,P5  ,1, 7.31E+1,0,1,CH6,P6,1, 6.46E+0,0,1,
22-03-18,05:42:44,CH1,P1  ,1, 5.65E-6,0,1,CH2,P2  ,1, 4.30E-2,0,1,CH3,P3  ,1, 5.19E+2,0,1,CH4,P4  ,1, 5.38E+2,0,1,CH5,P5  ,1, 7.31E+1,0,1,CH6,P6,1, 6.47E+0,0,1,
22-03-18,05:43:46,CH1,P1  ,1, 5.63E-6,0,1,CH2,P2  ,1, 4.30E-2,0,1,CH3,P3  ,1, 5.16E+2,0,1,CH4,P4  ,1, 5.38E+2,0,1,CH5,P5  ,1, 7.31E+1,0,1,CH6,P6,1, 6.47E+0,0,1,
22-03-18,05:44:46,CH1,P1  ,1, 5.63E-6,0,1,CH2,P2  ,1, 4.31E-2,0,1,CH3,P3  ,1, 5.20E+2,0,1,CH4,P4  ,1, 5.38E+2,0,1,CH5,P5  ,1, 7.30E+1,0,1,CH6,P6,1, 6.47E+0,0,1,
22-03-18,05:45:48,CH1,P1  ,1, 5.63E-6,0,1,CH2,P2  ,1, 4.30E-2,0,1,CH3,P3  ,1, 5.15E+2,0,1,CH4,P4  ,1, 5.38E+2,0,1,CH5,P5  ,1, 7.31E+1,0,1,CH6,P6,1, 6.47E+0,0,1,
22-03-18,05:46:48,CH1,P1  ,1, 5.63E-6,0,1,CH2,P2  ,1, 4.30E-2,0,1,CH3,P3  ,1, 5.19E+2,0,1,CH4,P4  ,1, 5.38E+2,0,1,CH5,P5  ,1, 7.31E+1,0,1,CH6,P6,1, 6.47E+0,0,1,
22-03-18,05:47:50,CH1,P1  ,1, 5.63E-6,0,1,CH2,P2  ,1, 4.30E-2,0,1,CH3,P3  ,1, 5.16E+2,0,1,CH4,P4  ,1, 5.38E+2,0,1,CH5,P5  ,1, 7.31E+1,0,1,CH6,P6,1, 6.44E+0,0,1,
22-03-18,05:48:50,CH1,P1  ,1, 5.63E-6,0,1,CH2,P2  ,1, 4.30E-2,0,1,CH3,P3  ,1, 5.18E+2,0,1,CH4,P4  ,1, 5.37E+2,0,1,CH5,P5  ,1, 7.31E+1,0,1,CH6,P6,1, 6.47E+0,0,1,
22-03-18,05:49:52,CH1,P1  ,1, 5.63E-6,0,1,CH2,P2  ,1, 4.30E-2,0,1,CH3,P3  ,1, 5.17E+2,0,1,CH4,P4  ,1, 5.37E+2,0,1,CH5,P5  ,1, 7.31E+1,0,1,CH6,P6,1, 6.49E+0,0,1,
22-03-18,05:50:52,CH1,P1  ,1, 5.63E-6,0,1,CH2,P2  ,1, 4.31E-2,0,1,CH3,P3  ,1, 5.16E+2,0,1,CH4,P4  ,1, 5.38E+2,0,1,CH5,P5  ,1, 7.31E+1,0,1,CH6,P6,1, 6.46E+0,0,1,
22-03-18,05:51:54,CH1,P1  ,1, 5.62E-6,0,1,CH2,P2  ,1, 4.30E-2,0,1,CH3,P3  ,1, 5.20E+2,0,1,CH4,P4  ,1, 5.39E+2,0,1,CH5,P5  ,1, 7.31E+1,0,1,CH6,P6,1, 6.47E+0,0,1,
22-03-18,05:52:54,CH1,P1  ,1, 5.63E-6,0,1,CH2,P2  ,1, 4.31E-2,0,1,CH3,P3  ,1, 5.16E+2,0,1,CH4,P4  ,1, 5.39E+2,0,1,CH5,P5  ,1, 7.31E+1,0,1,CH6,P6,1, 6.46E+0,0,1,
22-03-18,05:53:57,CH1,P1  ,1, 5.63E-6,0,1,CH2,P2  ,1, 4.30E-2,0,1,CH3,P3  ,1, 5.20E+2,0,1,CH4,P4  ,1, 5.39E+2,0,1,CH5,P5  ,1, 7.32E+1,0,1,CH6,P6,1, 6.48E+0,0,1,
22-03-18,05:54:56,CH1,P1  ,1, 5.63E-6,0,1,CH2,P2  ,1, 4.31E-2,0,1,CH3,P3  ,1, 5.17E+2,0,1,CH4,P4  ,1, 5.39E+2,0,1,CH5,P5  ,1, 7.31E+1,0,1,CH6,P6,1, 6.46E+0,0,1,
22-03-18,05:55:58,CH1,P1  ,1, 5.62E-6,0,1,CH2,P2  ,1, 4.30E-2,0,1,CH3,P3  ,1, 5.20E+2,0,1,CH4,P4  ,1, 5.38E+2,0,1,CH5,P5  ,1, 7.31E+1,0,1,CH6,P6,1, 6.47E+0,0,1,
22-03-18,05:56:58,CH1,P1  ,1, 5.61E-6,0,1,CH2,P2  ,1, 4.30E-2,0,1,CH3,P3  ,1, 5.16E+2,0,1,CH4,P4  ,1, 5.38E+2,0,1,CH5,P5  ,1, 7.31E+1,0,1,CH6,P6,1, 6.47E+0,0,1,
22-03-18,05:57:58,CH1,P1  ,1, 5.62E-6,0,1,CH2,P2  ,1, 4.30E-2,0,1,CH3,P3  ,1, 5.18E+2,0,1,CH4,P4  ,1, 5.38E+2,0,1,CH5,P5  ,1, 7.31E+1,0,1,CH6,P6,1, 6.47E+0,0,1,
22-03-18,05:59:00,CH1,P1  ,1, 5.61E-6,0,1,CH2,P2  ,1, 4.30E-2,0,1,CH3,P3  ,1, 5.16E+2,0,1,CH4,P4  ,1, 5.37E+2,0,1,CH5,P5  ,1, 7.31E+1,0,1,CH6,P6,1, 6.46E+0,0,1,
22-03-18,06:00:00,CH1,P1  ,1, 5.61E-6,0,1,CH2,P2  ,1, 4.31E-2,0,1,CH3,P3  ,1, 5.17E+2,0,1,CH4,P4  ,1, 5.37E+2,0,1,CH5,P5  ,1, 7.31E+1,0,1,CH6,P6,1, 6.47E+0,0,1,
22-03-18,06:01:00,CH1,P1  ,1, 5.61E-6,0,1,CH2,P2  ,1, 4.30E-2,0,1,CH3,P3  ,1, 5.19E+2,0,1,CH4,P4  ,1, 5.38E+2,0,1,CH5,P5  ,1, 7.30E+1,0,1,CH6,P6,1, 6.47E+0,0,1,
22-03-18,06:02:00,CH1,P1  ,1, 5.61E-6,0,1,CH2,P2  ,1, 4.30E-2,0,1,CH3,P3  ,1, 5.15E+2,0,1,CH4,P4  ,1, 5.38E+2,0,1,CH5,P5  ,1, 7.31E+1,0,1,CH6,P6,1, 6.47E+0,0,1,
22-03-18,06:03:02,CH1,P1  ,1, 5.61E-6,0,1,CH2,P2  ,1, 4.30E-2,0,1,CH3,P3  ,1, 5.20E+2,0,1,CH4,P4  ,1, 5.38E+2,0,1,CH5,P5  ,1, 7.31E+1,0,1,CH6,P6,1, 6.47E+0,0,1,
22-03-18,06:04:02,CH1,P1  ,1, 5.60E-6,0,1,CH2,P2  ,1, 4.30E-2,0,1,CH3,P3  ,1, 5.17E+2,0,1,CH4,P4  ,1, 5.39E+2,0,1,CH5,P5  ,1, 7.31E+1,0,1,CH6,P6,1, 6.47E+0,0,1,
22-03-18,06:05:04,CH1,P1  ,1, 5.57E-6,0,1,CH2,P2  ,1, 4.30E-2,0,1,CH3,P3  ,1, 5.20E+2,0,1,CH4,P4  ,1, 5.38E+2,0,1,CH5,P5  ,1, 7.31E+1,0,1,CH6,P6,1, 6.47E+0,0,1,
22-03-18,06:06:06,CH1,P1  ,1, 5.56E-6,0,1,CH2,P2  ,1, 4.30E-2,0,1,CH3,P3  ,1, 5.15E+2,0,1,CH4,P4  ,1, 5.37E+2,0,1,CH5,P5  ,1, 7.31E+1,0,1,CH6,P6,1, 6.47E+0,0,1,
22-03-18,06:07:08,CH1,P1  ,1, 5.54E-6,0,1,CH2,P2  ,1, 4.30E-2,0,1,CH3,P3  ,1, 5.19E+2,0,1,CH4,P4  ,1, 5.37E+2,0,1,CH5,P5  ,1, 7.31E+1,0,1,CH6,P6,1, 6.46E+0,0,1,
22-03-18,06:08:08,CH1,P1  ,1, 5.53E-6,0,1,CH2,P2  ,1, 4.30E-2,0,1,CH3,P3  ,1, 5.16E+2,0,1,CH4,P4  ,1, 5.38E+2,0,1,CH5,P5  ,1, 7.31E+1,0,1,CH6,P6,1, 6.49E+0,0,1,
22-03-18,06:09:10,CH1,P1  ,1, 5.53E-6,0,1,CH2,P2  ,1, 4.30E-2,0,1,CH3,P3  ,1, 5.20E+2,0,1,CH4,P4  ,1, 5.38E+2,0,1,CH5,P5  ,1, 7.31E+1,0,1,CH6,P6,1, 6.45E+0,0,1,
22-03-18,06:10:12,CH1,P1  ,1, 5.53E-6,0,1,CH2,P2  ,1, 4.30E-2,0,1,CH3,P3  ,1, 5.17E+2,0,1,CH4,P4  ,1, 5.38E+2,0,1,CH5,P5  ,1, 7.31E+1,0,1,CH6,P6,1, 6.46E+0,0,1,
22-03-18,06:11:12,CH1,P1  ,1, 5.52E-6,0,1,CH2,P2  ,1, 4.30E-2,0,1,CH3,P3  ,1, 5.18E+2,0,1,CH4,P4  ,1, 5.38E+2,0,1,CH5,P5  ,1, 7.31E+1,0,1,CH6,P6,1, 6.46E+0,0,1,
22-03-18,06:12:12,CH1,P1  ,1, 5.52E-6,0,1,CH2,P2  ,1, 4.30E-2,0,1,CH3,P3  ,1, 5.19E+2,0,1,CH4,P4  ,1, 5.37E+2,0,1,CH5,P5  ,1, 7.31E+1,0,1,CH6,P6,1, 6.46E+0,0,1,
22-03-18,06:13:14,CH1,P1  ,1, 5.51E-6,0,1,CH2,P2  ,1, 4.30E-2,0,1,CH3,P3  ,1, 5.16E+2,0,1,CH4,P4  ,1, 5.37E+2,0,1,CH5,P5  ,1, 7.31E+1,0,1,CH6,P6,1, 6.47E+0,0,1,
22-03-18,06:14:14,CH1,P1  ,1, 5.51E-6,0,1,CH2,P2  ,1, 4.30E-2,0,1,CH3,P3  ,1, 5.19E+2,0,1,CH4,P4  ,1, 5.37E+2,0,1,CH5,P5  ,1, 7.31E+1,0,1,CH6,P6,1, 6.45E+0,0,1,
22-03-18,06:15:16,CH1,P1  ,1, 5.50E-6,0,1,CH2,P2  ,1, 4.30E-2,0,1,CH3,P3  ,1, 5.15E+2,0,1,CH4,P4  ,1, 5.37E+2,0,1,CH5,P5  ,1, 7.31E+1,0,1,CH6,P6,1, 6.46E+0,0,1,
22-03-18,06:16:18,CH1,P1  ,1, 5.51E-6,0,1,CH2,P2  ,1, 4.30E-2,0,1,CH3,P3  ,1, 5.20E+2,0,1,CH4,P4  ,1, 5.38E+2,0,1,CH5,P5  ,1, 7.31E+1,0,1,CH6,P6,1, 6.47E+0,0,1,
22-03-18,06:17:18,CH1,P1  ,1, 5.51E-6,0,1,CH2,P2  ,1, 4.30E-2,0,1,CH3,P3  ,1, 5.16E+2,0,1,CH4,P4  ,1, 5.38E+2,0,1,CH5,P5  ,1, 7.32E+1,0,1,CH6,P6,1, 6.45E+0,0,1,
22-03-18,06:18:20,CH1,P1  ,1, 5.51E-6,0,1,CH2,P2  ,1, 4.31E-2,0,1,CH3,P3  ,1, 5.21E+2,0,1,CH4,P4  ,1, 5.39E+2,0,1,CH5,P5  ,1, 7.31E+1,0,1,CH6,P6,1, 6.45E+0,0,1,
22-03-18,06:19:20,CH1,P1  ,1, 5.49E-6,0,1,CH2,P2  ,1, 4.32E-2,0,1,CH3,P3  ,1, 5.18E+2,0,1,CH4,P4  ,1, 5.39E+2,0,1,CH5,P5  ,1, 7.31E+1,0,1,CH6,P6,1, 6.46E+0,0,1,
22-03-18,06:20:20,CH1,P1  ,1, 5.49E-6,0,1,CH2,P2  ,1, 4.30E-2,0,1,CH3,P3  ,1, 5.18E+2,0,1,CH4,P4  ,1, 5.40E+2,0,1,CH5,P5  ,1, 7.31E+1,0,1,CH6,P6,1, 6.47E+0,0,1,
22-03-18,06:21:20,CH1,P1  ,1, 5.48E-6,0,1,CH2,P2  ,1, 4.31E-2,0,1,CH3,P3  ,1, 5.21E+2,0,1,CH4,P4  ,1, 5.39E+2,0,1,CH5,P5  ,1, 7.31E+1,0,1,CH6,P6,1, 6.44E+0,0,1,
22-03-18,06:22:20,CH1,P1  ,1, 5.48E-6,0,1,CH2,P2  ,1, 4.31E-2,0,1,CH3,P3  ,1, 5.17E+2,0,1,CH4,P4  ,1, 5.39E+2,0,1,CH5,P5  ,1, 7.31E+1,0,1,CH6,P6,1, 6.44E+0,0,1,
22-03-18,06:23:22,CH1,P1  ,1, 5.48E-6,0,1,CH2,P2  ,1, 4.31E-2,0,1,CH3,P3  ,1, 5.22E+2,0,1,CH4,P4  ,1, 5.39E+2,0,1,CH5,P5  ,1, 7.31E+1,0,1,CH6,P6,1, 6.44E+0,0,1,
22-03-18,06:24:24,CH1,P1  ,1, 5.48E-6,0,1,CH2,P2  ,1, 4.32E-2,0,1,CH3,P3  ,1, 5.18E+2,0,1,CH4,P4  ,1, 5.40E+2,0,1,CH5,P5  ,1, 7.31E+1,0,1,CH6,P6,1, 6.45E+0,0,1,
22-03-18,06:25:24,CH1,P1  ,1, 5.48E-6,0,1,CH2,P2  ,1, 4.30E-2,0,1,CH3,P3  ,1, 5.21E+2,0,1,CH4,P4  ,1, 5.40E+2,0,1,CH5,P5  ,1, 7.31E+1,0,1,CH6,P6,1, 6.46E+0,0,1,
22-03-18,06:26:26,CH1,P1  ,1, 5.47E-6,0,1,CH2,P2  ,1, 4.31E-2,0,1,CH3,P3  ,1, 5.19E+2,0,1,CH4,P4  ,1, 5.40E+2,0,1,CH5,P5  ,1, 7.31E+1,0,1,CH6,P6,1, 6.45E+0,0,1,
22-03-18,06:27:26,CH1,P1  ,1, 5.47E-6,0,1,CH2,P2  ,1, 4.31E-2,0,1,CH3,P3  ,1, 5.20E+2,0,1,CH4,P4  ,1, 5.41E+2,0,1,CH5,P5  ,1, 7.32E+1,0,1,CH6,P6,1, 6.45E+0,0,1,
22-03-18,06:28:26,CH1,P1  ,1, 5.47E-6,0,1,CH2,P2  ,1, 4.31E-2,0,1,CH3,P3  ,1, 5.22E+2,0,1,CH4,P4  ,1, 5.40E+2,0,1,CH5,P5  ,1, 7.31E+1,0,1,CH6,P6,1, 6.43E+0,0,1,
22-03-18,06:29:28,CH1,P1  ,1, 5.47E-6,0,1,CH2,P2  ,1, 4.30E-2,0,1,CH3,P3  ,1, 5.19E+2,0,1,CH4,P4  ,1, 5.41E+2,0,1,CH5,P5  ,1, 7.31E+1,0,1,CH6,P6,1, 6.45E+0,0,1,
22-03-18,06:30:30,CH1,P1  ,1, 5.47E-6,0,1,CH2,P2  ,1, 4.32E-2,0,1,CH3,P3  ,1, 5.22E+2,0,1,CH4,P4  ,1, 5.41E+2,0,1,CH5,P5  ,1, 7.31E+1,0,1,CH6,P6,1, 6.42E+0,0,1,
22-03-18,06:31:32,CH1,P1  ,1, 5.47E-6,0,1,CH2,P2  ,1, 4.31E-2,0,1,CH3,P3  ,1, 5.19E+2,0,1,CH4,P4  ,1, 5.41E+2,0,1,CH5,P5  ,1, 7.31E+1,0,1,CH6,P6,1, 6.46E+0,0,1,
22-03-18,06:32:34,CH1,P1  ,1, 5.47E-6,0,1,CH2,P2  ,1, 4.31E-2,0,1,CH3,P3  ,1, 5.21E+2,0,1,CH4,P4  ,1, 5.40E+2,0,1,CH5,P5  ,1, 7.32E+1,0,1,CH6,P6,1, 6.44E+0,0,1,
22-03-18,06:33:36,CH1,P1  ,1, 5.47E-6,0,1,CH2,P2  ,1, 4.30E-2,0,1,CH3,P3  ,1, 5.18E+2,0,1,CH4,P4  ,1, 5.40E+2,0,1,CH5,P5  ,1, 7.31E+1,0,1,CH6,P6,1, 6.43E+0,0,1,
22-03-18,06:34:36,CH1,P1  ,1, 5.47E-6,0,1,CH2,P2  ,1, 4.32E-2,0,1,CH3,P3  ,1, 5.22E+2,0,1,CH4,P4  ,1, 5.40E+2,0,1,CH5,P5  ,1, 7.31E+1,0,1,CH6,P6,1, 6.47E+0,0,1,
22-03-18,06:35:38,CH1,P1  ,1, 5.47E-6,0,1,CH2,P2  ,1, 4.30E-2,0,1,CH3,P3  ,1, 5.18E+2,0,1,CH4,P4  ,1, 5.40E+2,0,1,CH5,P5  ,1, 7.31E+1,0,1,CH6,P6,1, 6.42E+0,0,1,
22-03-18,06:36:40,CH1,P1  ,1, 5.46E-6,0,1,CH2,P2  ,1, 4.31E-2,0,1,CH3,P3  ,1, 5.22E+2,0,1,CH4,P4  ,1, 5.40E+2,0,1,CH5,P5  ,1, 7.31E+1,0,1,CH6,P6,1, 6.47E+0,0,1,
22-03-18,06:37:42,CH1,P1  ,1, 5.47E-6,0,1,CH2,P2  ,1, 4.31E-2,0,1,CH3,P3  ,1, 5.18E+2,0,1,CH4,P4  ,1, 5.40E+2,0,1,CH5,P5  ,1, 7.31E+1,0,1,CH6,P6,1, 6.44E+0,0,1,
22-03-18,06:38:42,CH1,P1  ,1, 5.46E-6,0,1,CH2,P2  ,1, 4.31E-2,0,1,CH3,P3  ,1, 5.22E+2,0,1,CH4,P4  ,1, 5.41E+2,0,1,CH5,P5  ,1, 7.31E+1,0,1,CH6,P6,1, 6.45E+0,0,1,
22-03-18,06:39:44,CH1,P1  ,1, 5.47E-6,0,1,CH2,P2  ,1, 4.31E-2,0,1,CH3,P3  ,1, 5.18E+2,0,1,CH4,P4  ,1, 5.40E+2,0,1,CH5,P5  ,1, 7.31E+1,0,1,CH6,P6,1, 6.43E+0,0,1,
22-03-18,06:40:46,CH1,P1  ,1, 5.45E-6,0,1,CH2,P2  ,1, 4.31E-2,0,1,CH3,P3  ,1, 5.22E+2,0,1,CH4,P4  ,1, 5.40E+2,0,1,CH5,P5  ,1, 7.31E+1,0,1,CH6,P6,1, 6.45E+0,0,1,
22-03-18,06:41:46,CH1,P1  ,1, 5.47E-6,0,1,CH2,P2  ,1, 4.32E-2,0,1,CH3,P3  ,1, 5.21E+2,0,1,CH4,P4  ,1, 5.40E+2,0,1,CH5,P5  ,1, 7.31E+1,0,1,CH6,P6,1, 6.45E+0,0,1,
22-03-18,06:42:48,CH1,P1  ,1, 5.47E-6,0,1,CH2,P2  ,1, 4.31E-2,0,1,CH3,P3  ,1, 5.19E+2,0,1,CH4,P4  ,1, 5.40E+2,0,1,CH5,P5  ,1, 7.30E+1,0,1,CH6,P6,1, 6.44E+0,0,1,
22-03-18,06:43:48,CH1,P1  ,1, 5.47E-6,0,1,CH2,P2  ,1, 4.31E-2,0,1,CH3,P3  ,1, 5.22E+2,0,1,CH4,P4  ,1, 5.40E+2,0,1,CH5,P5  ,1, 7.31E+1,0,1,CH6,P6,1, 6.45E+0,0,1,
22-03-18,06:44:50,CH1,P1  ,1, 5.47E-6,0,1,CH2,P2  ,1, 4.31E-2,0,1,CH3,P3  ,1, 5.19E+2,0,1,CH4,P4  ,1, 5.41E+2,0,1,CH5,P5  ,1, 7.31E+1,0,1,CH6,P6,1, 6.43E+0,0,1,
22-03-18,06:45:52,CH1,P1  ,1, 5.46E-6,0,1,CH2,P2  ,1, 4.32E-2,0,1,CH3,P3  ,1, 5.22E+2,0,1,CH4,P4  ,1, 5.41E+2,0,1,CH5,P5  ,1, 7.31E+1,0,1,CH6,P6,1, 6.44E+0,0,1,
22-03-18,06:46:52,CH1,P1  ,1, 5.46E-6,0,1,CH2,P2  ,1, 4.31E-2,0,1,CH3,P3  ,1, 5.18E+2,0,1,CH4,P4  ,1, 5.40E+2,0,1,CH5,P5  ,1, 7.31E+1,0,1,CH6,P6,1, 6.44E+0,0,1,
22-03-18,06:47:54,CH1,P1  ,1, 5.46E-6,0,1,CH2,P2  ,1, 4.31E-2,0,1,CH3,P3  ,1, 5.23E+2,0,1,CH4,P4  ,1, 5.41E+2,0,1,CH5,P5  ,1, 7.31E+1,0,1,CH6,P6,1, 6.44E+0,0,1,
22-03-18,06:48:56,CH1,P1  ,1, 5.45E-6,0,1,CH2,P2  ,1, 4.33E-2,0,1,CH3,P3  ,1, 5.20E+2,0,1,CH4,P4  ,1, 5.42E+2,0,1,CH5,P5  ,1, 7.31E+1,0,1,CH6,P6,1, 6.46E+0,0,1,
22-03-18,06:49:56,CH1,P1  ,1, 5.44E-6,0,1,CH2,P2  ,1, 4.32E-2,0,1,CH3,P3  ,1, 5.24E+2,0,1,CH4,P4  ,1, 5.42E+2,0,1,CH5,P5  ,1, 7.31E+1,0,1,CH6,P6,1, 6.43E+0,0,1,
22-03-18,06:50:58,CH1,P1  ,1, 5.45E-6,0,1,CH2,P2  ,1, 4.33E-2,0,1,CH3,P3  ,1, 5.20E+2,0,1,CH4,P4  ,1, 5.42E+2,0,1,CH5,P5  ,1, 7.31E+1,0,1,CH6,P6,1, 6.44E+0,0,1,
22-03-18,06:52:00,CH1,P1  ,1, 5.45E-6,0,1,CH2,P2  ,1, 4.32E-2,0,1,CH3,P3  ,1, 5.24E+2,0,1,CH4,P4  ,1, 5.42E+2,0,1,CH5,P5  ,1, 7.32E+1,0,1,CH6,P6,1, 6.45E+0,0,1,
22-03-18,06:53:02,CH1,P1  ,1, 5.47E-6,0,1,CH2,P2  ,1, 4.33E-2,0,1,CH3,P3  ,1, 5.20E+2,0,1,CH4,P4  ,1, 5.42E+2,0,1,CH5,P5  ,1, 7.31E+1,0,1,CH6,P6,1, 6.45E+0,0,1,
22-03-18,06:54:02,CH1,P1  ,1, 5.44E-6,0,1,CH2,P2  ,1, 4.35E-2,0,1,CH3,P3  ,1, 5.24E+2,0,1,CH4,P4  ,1, 5.43E+2,0,1,CH5,P5  ,1, 7.31E+1,0,1,CH6,P6,1, 6.45E+0,0,1,
22-03-18,06:55:04,CH1,P1  ,1, 5.44E-6,0,1,CH2,P2  ,1, 4.35E-2,0,1,CH3,P3  ,1, 5.21E+2,0,1,CH4,P4  ,1, 5.43E+2,0,1,CH5,P5  ,1, 7.31E+1,0,1,CH6,P6,1, 6.44E+0,0,1,
22-03-18,06:56:04,CH1,P1  ,1, 5.45E-6,0,1,CH2,P2  ,1, 4.33E-2,0,1,CH3,P3  ,1, 5.23E+2,0,1,CH4,P4  ,1, 5.43E+2,0,1,CH5,P5  ,1, 7.31E+1,0,1,CH6,P6,1, 6.44E+0,0,1,
22-03-18,06:57:04,CH1,P1  ,1, 5.43E-6,0,1,CH2,P2  ,1, 4.34E-2,0,1,CH3,P3  ,1, 5.25E+2,0,1,CH4,P4  ,1, 5.44E+2,0,1,CH5,P5  ,1, 7.31E+1,0,1,CH6,P6,1, 6.44E+0,0,1,
22-03-18,06:58:06,CH1,P1  ,1, 5.45E-6,0,1,CH2,P2  ,1, 4.35E-2,0,1,CH3,P3  ,1, 5.23E+2,0,1,CH4,P4  ,1, 5.44E+2,0,1,CH5,P5  ,1, 7.31E+1,0,1,CH6,P6,1, 6.44E+0,0,1,
22-03-18,06:59:08,CH1,P1  ,1, 5.45E-6,0,1,CH2,P2  ,1, 4.35E-2,0,1,CH3,P3  ,1, 5.25E+2,0,1,CH4,P4  ,1, 5.44E+2,0,1,CH5,P5  ,1, 7.31E+1,0,1,CH6,P6,1, 6.44E+0,0,1,
22-03-18,07:00:10,CH1,P1  ,1, 5.46E-6,0,1,CH2,P2  ,1, 4.34E-2,0,1,CH3,P3  ,1, 5.22E+2,0,1,CH4,P4  ,1, 5.43E+2,0,1,CH5,P5  ,1, 7.31E+1,0,1,CH6,P6,1, 6.46E+0,0,1,
22-03-18,07:01:12,CH1,P1  ,1, 5.46E-6,0,1,CH2,P2  ,1, 4.34E-2,0,1,CH3,P3  ,1, 5.23E+2,0,1,CH4,P4  ,1, 5.43E+2,0,1,CH5,P5  ,1, 7.31E+1,0,1,CH6,P6,1, 6.44E+0,0,1,
22-03-18,07:02:12,CH1,P1  ,1, 5.47E-6,0,1,CH2,P2  ,1, 4.34E-2,0,1,CH3,P3  ,1, 5.21E+2,0,1,CH4,P4  ,1, 5.43E+2,0,1,CH5,P5  ,1, 7.31E+1,0,1,CH6,P6,1, 6.45E+0,0,1,
22-03-18,07:03:12,CH1,P1  ,1, 5.45E-6,0,1,CH2,P2  ,1, 4.34E-2,0,1,CH3,P3  ,1, 5.25E+2,0,1,CH4,P4  ,1, 5.43E+2,0,1,CH5,P5  ,1, 7.31E+1,0,1,CH6,P6,1, 6.44E+0,0,1,
22-03-18,07:04:14,CH1,P1  ,1, 5.44E-6,0,1,CH2,P2  ,1, 4.33E-2,0,1,CH3,P3  ,1, 5.20E+2,0,1,CH4,P4  ,1, 5.43E+2,0,1,CH5,P5  ,1, 7.32E+1,0,1,CH6,P6,1, 6.45E+0,0,1,
22-03-18,07:05:14,CH1,P1  ,1, 5.46E-6,0,1,CH2,P2  ,1, 4.34E-2,0,1,CH3,P3  ,1, 5.24E+2,0,1,CH4,P4  ,1, 5.43E+2,0,1,CH5,P5  ,1, 7.31E+1,0,1,CH6,P6,1, 6.45E+0,0,1,
22-03-18,07:06:16,CH1,P1  ,1, 5.47E-6,0,1,CH2,P2  ,1, 4.35E-2,0,1,CH3,P3  ,1, 5.22E+2,0,1,CH4,P4  ,1, 5.43E+2,0,1,CH5,P5  ,1, 7.31E+1,0,1,CH6,P6,1, 6.46E+0,0,1,
22-03-18,07:07:18,CH1,P1  ,1, 5.45E-6,0,1,CH2,P2  ,1, 4.35E-2,0,1,CH3,P3  ,1, 5.25E+2,0,1,CH4,P4  ,1, 5.44E+2,0,1,CH5,P5  ,1, 7.31E+1,0,1,CH6,P6,1, 6.44E+0,0,1,
22-03-18,07:08:18,CH1,P1  ,1, 5.45E-6,0,1,CH2,P2  ,1, 4.34E-2,0,1,CH3,P3  ,1, 5.24E+2,0,1,CH4,P4  ,1, 5.43E+2,0,1,CH5,P5  ,1, 7.31E+1,0,1,CH6,P6,1, 6.44E+0,0,1,
22-03-18,07:09:18,CH1,P1  ,1, 5.43E-6,0,1,CH2,P2  ,1, 4.34E-2,0,1,CH3,P3  ,1, 5.21E+2,0,1,CH4,P4  ,1, 5.43E+2,0,1,CH5,P5  ,1, 7.31E+1,0,1,CH6,P6,1, 6.44E+0,0,1,
22-03-18,07:10:20,CH1,P1  ,1, 5.43E-6,0,1,CH2,P2  ,1, 4.34E-2,0,1,CH3,P3  ,1, 5.25E+2,0,1,CH4,P4  ,1, 5.43E+2,0,1,CH5,P5  ,1, 7.31E+1,0,1,CH6,P6,1, 6.44E+0,0,1,
22-03-18,07:11:22,CH1,P1  ,1, 5.44E-6,0,1,CH2,P2  ,1, 4.34E-2,0,1,CH3,P3  ,1, 5.20E+2,0,1,CH4,P4  ,1, 5.42E+2,0,1,CH5,P5  ,1, 7.30E+1,0,1,CH6,P6,1, 6.45E+0,0,1,
22-03-18,07:12:24,CH1,P1  ,1, 5.44E-6,0,1,CH2,P2  ,1, 4.35E-2,0,1,CH3,P3  ,1, 5.24E+2,0,1,CH4,P4  ,1, 5.43E+2,0,1,CH5,P5  ,1, 7.31E+1,0,1,CH6,P6,1, 6.45E+0,0,1,
22-03-18,07:13:24,CH1,P1  ,1, 5.45E-6,0,1,CH2,P2  ,1, 4.34E-2,0,1,CH3,P3  ,1, 5.20E+2,0,1,CH4,P4  ,1, 5.43E+2,0,1,CH5,P5  ,1, 7.30E+1,0,1,CH6,P6,1, 6.45E+0,0,1,
22-03-18,07:14:26,CH1,P1  ,1, 5.43E-6,0,1,CH2,P2  ,1, 4.34E-2,0,1,CH3,P3  ,1, 5.25E+2,0,1,CH4,P4  ,1, 5.43E+2,0,1,CH5,P5  ,1, 7.31E+1,0,1,CH6,P6,1, 6.46E+0,0,1,
22-03-18,07:15:26,CH1,P1  ,1, 5.43E-6,0,1,CH2,P2  ,1, 4.34E-2,0,1,CH3,P3  ,1, 5.22E+2,0,1,CH4,P4  ,1, 5.43E+2,0,1,CH5,P5  ,1, 7.31E+1,0,1,CH6,P6,1, 6.47E+0,0,1,
22-03-18,07:16:26,CH1,P1  ,1, 5.45E-6,0,1,CH2,P2  ,1, 4.35E-2,0,1,CH3,P3  ,1, 5.23E+2,0,1,CH4,P4  ,1, 5.43E+2,0,1,CH5,P5  ,1, 7.31E+1,0,1,CH6,P6,1, 6.46E+0,0,1,
22-03-18,07:17:26,CH1,P1  ,1, 5.70E-6,0,1,CH2,P2  ,1, 4.34E-2,0,1,CH3,P3  ,1, 5.25E+2,0,1,CH4,P4  ,1, 5.43E+2,0,1,CH5,P5  ,1, 7.31E+1,0,1,CH6,P6,1, 6.46E+0,0,1,
22-03-18,07:18:26,CH1,P1  ,1, 5.51E-6,0,1,CH2,P2  ,1, 4.33E-2,0,1,CH3,P3  ,1, 5.21E+2,0,1,CH4,P4  ,1, 5.43E+2,0,1,CH5,P5  ,1, 7.31E+1,0,1,CH6,P6,1, 6.45E+0,0,1,
22-03-18,07:19:26,CH1,P1  ,1, 5.45E-6,0,1,CH2,P2  ,1, 4.34E-2,0,1,CH3,P3  ,1, 5.23E+2,0,1,CH4,P4  ,1, 5.43E+2,0,1,CH5,P5  ,1, 7.31E+1,0,1,CH6,P6,1, 6.46E+0,0,1,
22-03-18,07:20:28,CH1,P1  ,1, 5.45E-6,0,1,CH2,P2  ,1, 4.35E-2,0,1,CH3,P3  ,1, 5.22E+2,0,1,CH4,P4  ,1, 5.43E+2,0,1,CH5,P5  ,1, 7.32E+1,0,1,CH6,P6,1, 6.47E+0,0,1,
22-03-18,07:21:28,CH1,P1  ,1, 5.46E-6,0,1,CH2,P2  ,1, 4.35E-2,0,1,CH3,P3  ,1, 5.22E+2,0,1,CH4,P4  ,1, 5.44E+2,0,1,CH5,P5  ,1, 7.32E+1,0,1,CH6,P6,1, 6.45E+0,0,1,
22-03-18,07:22:30,CH1,P1  ,1, 5.45E-6,0,1,CH2,P2  ,1, 4.35E-2,0,1,CH3,P3  ,1, 5.25E+2,0,1,CH4,P4  ,1, 5.44E+2,0,1,CH5,P5  ,1, 7.31E+1,0,1,CH6,P6,1, 6.45E+0,0,1,
22-03-18,07:23:30,CH1,P1  ,1, 5.44E-6,0,1,CH2,P2  ,1, 4.34E-2,0,1,CH3,P3  ,1, 5.21E+2,0,1,CH4,P4  ,1, 5.44E+2,0,1,CH5,P5  ,1, 7.31E+1,0,1,CH6,P6,1, 6.46E+0,0,1,
22-03-18,07:24:32,CH1,P1  ,1, 5.44E-6,0,1,CH2,P2  ,1, 4.35E-2,0,1,CH3,P3  ,1, 5.25E+2,0,1,CH4,P4  ,1, 5.43E+2,0,1,CH5,P5  ,1, 7.31E+1,0,1,CH6,P6,1, 6.45E+0,0,1,
22-03-18,07:25:32,CH1,P1  ,1, 5.45E-6,0,1,CH2,P2  ,1, 4.35E-2,0,1,CH3,P3  ,1, 5.21E+2,0,1,CH4,P4  ,1, 5.43E+2,0,1,CH5,P5  ,1, 7.31E+1,0,1,CH6,P6,1, 6.46E+0,0,1,
22-03-18,07:26:34,CH1,P1  ,1, 5.43E-6,0,1,CH2,P2  ,1, 4.35E-2,0,1,CH3,P3  ,1, 5.26E+2,0,1,CH4,P4  ,1, 5.43E+2,0,1,CH5,P5  ,1, 7.31E+1,0,1,CH6,P6,1, 6.47E+0,0,1,
22-03-18,07:27:36,CH1,P1  ,1, 5.44E-6,0,1,CH2,P2  ,1, 4.34E-2,0,1,CH3,P3  ,1, 5.21E+2,0,1,CH4,P4  ,1, 5.43E+2,0,1,CH5,P5  ,1, 7.31E+1,0,1,CH6,P6,1, 6.46E+0,0,1,
22-03-18,07:28:38,CH1,P1  ,1, 5.45E-6,0,1,CH2,P2  ,1, 4.34E-2,0,1,CH3,P3  ,1, 5.24E+2,0,1,CH4,P4  ,1, 5.42E+2,0,1,CH5,P5  ,1, 7.31E+1,0,1,CH6,P6,1, 6.45E+0,0,1,
22-03-18,07:29:40,CH1,P1  ,1, 5.44E-6,0,1,CH2,P2  ,1, 4.35E-2,0,1,CH3,P3  ,1, 5.21E+2,0,1,CH4,P4  ,1, 5.43E+2,0,1,CH5,P5  ,1, 7.31E+1,0,1,CH6,P6,1, 6.45E+0,0,1,
22-03-18,07:30:40,CH1,P1  ,1, 5.45E-6,0,1,CH2,P2  ,1, 4.35E-2,0,1,CH3,P3  ,1, 5.22E+2,0,1,CH4,P4  ,1, 5.44E+2,0,1,CH5,P5  ,1, 7.31E+1,0,1,CH6,P6,1, 6.47E+0,0,1,
22-03-18,07:31:42,CH1,P1  ,1, 5.45E-6,0,1,CH2,P2  ,1, 4.35E-2,0,1,CH3,P3  ,1, 5.24E+2,0,1,CH4,P4  ,1, 5.44E+2,0,1,CH5,P5  ,1, 7.30E+1,0,1,CH6,P6,1, 6.47E+0,0,1,
22-03-18,07:32:42,CH1,P1  ,1, 5.45E-6,0,1,CH2,P2  ,1, 4.35E-2,0,1,CH3,P3  ,1, 5.22E+2,0,1,CH4,P4  ,1, 5.44E+2,0,1,CH5,P5  ,1, 7.31E+1,0,1,CH6,P6,1, 6.47E+0,0,1,
22-03-18,07:33:44,CH1,P1  ,1, 5.43E-6,0,1,CH2,P2  ,1, 4.35E-2,0,1,CH3,P3  ,1, 5.25E+2,0,1,CH4,P4  ,1, 5.43E+2,0,1,CH5,P5  ,1, 7.31E+1,0,1,CH6,P6,1, 6.45E+0,0,1,
22-03-18,07:34:44,CH1,P1  ,1, 5.45E-6,0,1,CH2,P2  ,1, 4.35E-2,0,1,CH3,P3  ,1, 5.21E+2,0,1,CH4,P4  ,1, 5.43E+2,0,1,CH5,P5  ,1, 7.31E+1,0,1,CH6,P6,1, 6.47E+0,0,1,
22-03-18,07:35:46,CH1,P1  ,1, 5.47E-6,0,1,CH2,P2  ,1, 4.35E-2,0,1,CH3,P3  ,1, 5.25E+2,0,1,CH4,P4  ,1, 5.44E+2,0,1,CH5,P5  ,1, 7.31E+1,0,1,CH6,P6,1, 6.46E+0,0,1,
22-03-18,07:36:48,CH1,P1  ,1, 5.45E-6,0,1,CH2,P2  ,1, 4.35E-2,0,1,CH3,P3  ,1, 5.22E+2,0,1,CH4,P4  ,1, 5.43E+2,0,1,CH5,P5  ,1, 7.31E+1,0,1,CH6,P6,1, 6.46E+0,0,1,
22-03-18,07:37:48,CH1,P1  ,1, 5.45E-6,0,1,CH2,P2  ,1, 4.34E-2,0,1,CH3,P3  ,1, 5.23E+2,0,1,CH4,P4  ,1, 5.43E+2,0,1,CH5,P5  ,1, 7.30E+1,0,1,CH6,P6,1, 6.46E+0,0,1,
22-03-18,07:38:48,CH1,P1  ,1, 5.46E-6,0,1,CH2,P2  ,1, 4.34E-2,0,1,CH3,P3  ,1, 5.25E+2,0,1,CH4,P4  ,1, 5.43E+2,0,1,CH5,P5  ,1, 7.31E+1,0,1,CH6,P6,1, 6.45E+0,0,1,
22-03-18,07:39:50,CH1,P1  ,1, 5.46E-6,0,1,CH2,P2  ,1, 4.34E-2,0,1,CH3,P3  ,1, 5.21E+2,0,1,CH4,P4  ,1, 5.43E+2,0,1,CH5,P5  ,1, 7.31E+1,0,1,CH6,P6,1, 6.46E+0,0,1,
22-03-18,07:40:52,CH1,P1  ,1, 5.45E-6,0,1,CH2,P2  ,1, 4.35E-2,0,1,CH3,P3  ,1, 5.25E+2,0,1,CH4,P4  ,1, 5.43E+2,0,1,CH5,P5  ,1, 7.31E+1,0,1,CH6,P6,1, 6.45E+0,0,1,
22-03-18,07:41:52,CH1,P1  ,1, 5.46E-6,0,1,CH2,P2  ,1, 4.35E-2,0,1,CH3,P3  ,1, 5.21E+2,0,1,CH4,P4  ,1, 5.44E+2,0,1,CH5,P5  ,1, 7.31E+1,0,1,CH6,P6,1, 6.47E+0,0,1,
22-03-18,07:42:54,CH1,P1  ,1, 5.47E-6,0,1,CH2,P2  ,1, 4.35E-2,0,1,CH3,P3  ,1, 5.26E+2,0,1,CH4,P4  ,1, 5.44E+2,0,1,CH5,P5  ,1, 7.31E+1,0,1,CH6,P6,1, 6.47E+0,0,1,
22-03-18,07:43:54,CH1,P1  ,1, 5.46E-6,0,1,CH2,P2  ,1, 4.34E-2,0,1,CH3,P3  ,1, 5.21E+2,0,1,CH4,P4  ,1, 5.43E+2,0,1,CH5,P5  ,1, 7.31E+1,0,1,CH6,P6,1, 6.47E+0,0,1,
22-03-18,07:44:54,CH1,P1  ,1, 5.46E-6,0,1,CH2,P2  ,1, 4.34E-2,0,1,CH3,P3  ,1, 5.22E+2,0,1,CH4,P4  ,1, 5.43E+2,0,1,CH5,P5  ,1, 7.31E+1,0,1,CH6,P6,1, 6.46E+0,0,1,
22-03-18,07:45:56,CH1,P1  ,1, 5.46E-6,0,1,CH2,P2  ,1, 4.34E-2,0,1,CH3,P3  ,1, 5.23E+2,0,1,CH4,P4  ,1, 5.43E+2,0,1,CH5,P5  ,1, 7.31E+1,0,1,CH6,P6,1, 6.47E+0,0,1,
22-03-18,07:46:58,CH1,P1  ,1, 5.45E-6,0,1,CH2,P2  ,1, 4.33E-2,0,1,CH3,P3  ,1, 5.21E+2,0,1,CH4,P4  ,1, 5.42E+2,0,1,CH5,P5  ,1, 7.32E+1,0,1,CH6,P6,1, 6.47E+0,0,1,
22-03-18,07:47:58,CH1,P1  ,1, 5.47E-6,0,1,CH2,P2  ,1, 4.33E-2,0,1,CH3,P3  ,1, 5.24E+2,0,1,CH4,P4  ,1, 5.41E+2,0,1,CH5,P5  ,1, 7.31E+1,0,1,CH6,P6,1, 6.46E+0,0,1,
22-03-18,07:49:00,CH1,P1  ,1, 5.47E-6,0,1,CH2,P2  ,1, 4.33E-2,0,1,CH3,P3  ,1, 5.20E+2,0,1,CH4,P4  ,1, 5.42E+2,0,1,CH5,P5  ,1, 7.30E+1,0,1,CH6,P6,1, 6.47E+0,0,1,
22-03-18,07:50:02,CH1,P1  ,1, 5.45E-6,0,1,CH2,P2  ,1, 4.33E-2,0,1,CH3,P3  ,1, 5.25E+2,0,1,CH4,P4  ,1, 5.43E+2,0,1,CH5,P5  ,1, 7.31E+1,0,1,CH6,P6,1, 6.47E+0,0,1,
22-03-18,07:51:02,CH1,P1  ,1, 5.45E-6,0,1,CH2,P2  ,1, 4.32E-2,0,1,CH3,P3  ,1, 5.20E+2,0,1,CH4,P4  ,1, 5.42E+2,0,1,CH5,P5  ,1, 7.31E+1,0,1,CH6,P6,1, 6.47E+0,0,1,
22-03-18,07:52:04,CH1,P1  ,1, 5.45E-6,0,1,CH2,P2  ,1, 4.33E-2,0,1,CH3,P3  ,1, 5.23E+2,0,1,CH4,P4  ,1, 5.42E+2,0,1,CH5,P5  ,1, 7.31E+1,0,1,CH6,P6,1, 6.47E+0,0,1,
22-03-18,07:53:04,CH1,P1  ,1, 5.45E-6,0,1,CH2,P2  ,1, 4.33E-2,0,1,CH3,P3  ,1, 5.22E+2,0,1,CH4,P4  ,1, 5.42E+2,0,1,CH5,P5  ,1, 7.31E+1,0,1,CH6,P6,1, 6.47E+0,0,1,
22-03-18,07:54:06,CH1,P1  ,1, 5.45E-6,0,1,CH2,P2  ,1, 4.33E-2,0,1,CH3,P3  ,1, 5.21E+2,0,1,CH4,P4  ,1, 5.42E+2,0,1,CH5,P5  ,1, 7.31E+1,0,1,CH6,P6,1, 6.46E+0,0,1,
22-03-18,07:55:06,CH1,P1  ,1, 5.45E-6,0,1,CH2,P2  ,1, 4.32E-2,0,1,CH3,P3  ,1, 5.24E+2,0,1,CH4,P4  ,1, 5.42E+2,0,1,CH5,P5  ,1, 7.31E+1,0,1,CH6,P6,1, 6.46E+0,0,1,
22-03-18,07:56:06,CH1,P1  ,1, 5.46E-6,0,1,CH2,P2  ,1, 4.34E-2,0,1,CH3,P3  ,1, 5.21E+2,0,1,CH4,P4  ,1, 5.43E+2,0,1,CH5,P5  ,1, 7.31E+1,0,1,CH6,P6,1, 6.46E+0,0,1,
22-03-18,07:57:08,CH1,P1  ,1, 5.46E-6,0,1,CH2,P2  ,1, 4.35E-2,0,1,CH3,P3  ,1, 5.26E+2,0,1,CH4,P4  ,1, 5.44E+2,0,1,CH5,P5  ,1, 7.31E+1,0,1,CH6,P6,1, 6.47E+0,0,1,
22-03-18,07:58:08,CH1,P1  ,1, 5.46E-6,0,1,CH2,P2  ,1, 4.35E-2,0,1,CH3,P3  ,1, 5.24E+2,0,1,CH4,P4  ,1, 5.44E+2,0,1,CH5,P5  ,1, 7.31E+1,0,1,CH6,P6,1, 6.49E+0,0,1,
22-03-18,07:59:10,CH1,P1  ,1, 5.45E-6,0,1,CH2,P2  ,1, 4.35E-2,0,1,CH3,P3  ,1, 5.23E+2,0,1,CH4,P4  ,1, 5.44E+2,0,1,CH5,P5  ,1, 7.31E+1,0,1,CH6,P6,1, 6.47E+0,0,1,
22-03-18,08:00:12,CH1,P1  ,1, 5.45E-6,0,1,CH2,P2  ,1, 4.35E-2,0,1,CH3,P3  ,1, 5.25E+2,0,1,CH4,P4  ,1, 5.44E+2,0,1,CH5,P5  ,1, 7.31E+1,0,1,CH6,P6,1, 6.48E+0,0,1,
22-03-18,08:01:14,CH1,P1  ,1, 5.47E-6,0,1,CH2,P2  ,1, 4.35E-2,0,1,CH3,P3  ,1, 5.22E+2,0,1,CH4,P4  ,1, 5.43E+2,0,1,CH5,P5  ,1, 7.31E+1,0,1,CH6,P6,1, 6.47E+0,0,1,
22-03-18,08:02:16,CH1,P1  ,1, 5.46E-6,0,1,CH2,P2  ,1, 4.35E-2,0,1,CH3,P3  ,1, 5.24E+2,0,1,CH4,P4  ,1, 5.43E+2,0,1,CH5,P5  ,1, 7.30E+1,0,1,CH6,P6,1, 6.46E+0,0,1,
22-03-18,08:03:17,CH1,P1  ,1, 5.45E-6,0,1,CH2,P2  ,1, 4.34E-2,0,1,CH3,P3  ,1, 5.20E+2,0,1,CH4,P4  ,1, 5.43E+2,0,1,CH5,P5  ,1, 7.31E+1,0,1,CH6,P6,1, 6.46E+0,0,1,
22-03-18,08:04:18,CH1,P1  ,1, 5.47E-6,0,1,CH2,P2  ,1, 4.35E-2,0,1,CH3,P3  ,1, 5.25E+2,0,1,CH4,P4  ,1, 5.43E+2,0,1,CH5,P5  ,1, 7.31E+1,0,1,CH6,P6,1, 6.46E+0,0,1,
22-03-18,08:05:18,CH1,P1  ,1, 5.46E-6,0,1,CH2,P2  ,1, 4.35E-2,0,1,CH3,P3  ,1, 5.22E+2,0,1,CH4,P4  ,1, 5.44E+2,0,1,CH5,P5  ,1, 7.31E+1,0,1,CH6,P6,1, 6.47E+0,0,1,
22-03-18,08:06:20,CH1,P1  ,1, 5.47E-6,0,1,CH2,P2  ,1, 4.35E-2,0,1,CH3,P3  ,1, 5.26E+2,0,1,CH4,P4  ,1, 5.44E+2,0,1,CH5,P5  ,1, 7.31E+1,0,1,CH6,P6,1, 6.47E+0,0,1,
22-03-18,08:07:20,CH1,P1  ,1, 5.45E-6,0,1,CH2,P2  ,1, 4.35E-2,0,1,CH3,P3  ,1, 5.22E+2,0,1,CH4,P4  ,1, 5.43E+2,0,1,CH5,P5  ,1, 7.31E+1,0,1,CH6,P6,1, 6.46E+0,0,1,
22-03-18,08:08:20,CH1,P1  ,1, 5.45E-6,0,1,CH2,P2  ,1, 4.34E-2,0,1,CH3,P3  ,1, 5.21E+2,0,1,CH4,P4  ,1, 5.43E+2,0,1,CH5,P5  ,1, 7.31E+1,0,1,CH6,P6,1, 6.47E+0,0,1,
22-03-18,08:09:20,CH1,P1  ,1, 5.46E-6,0,1,CH2,P2  ,1, 4.34E-2,0,1,CH3,P3  ,1, 5.24E+2,0,1,CH4,P4  ,1, 5.42E+2,0,1,CH5,P5  ,1, 7.31E+1,0,1,CH6,P6,1, 6.47E+0,0,1,
22-03-18,08:10:22,CH1,P1  ,1, 5.47E-6,0,1,CH2,P2  ,1, 4.34E-2,0,1,CH3,P3  ,1, 5.20E+2,0,1,CH4,P4  ,1, 5.42E+2,0,1,CH5,P5  ,1, 7.31E+1,0,1,CH6,P6,1, 6.47E+0,0,1,
22-03-18,08:11:22,CH1,P1  ,1, 5.45E-6,0,1,CH2,P2  ,1, 4.33E-2,0,1,CH3,P3  ,1, 5.22E+2,0,1,CH4,P4  ,1, 5.42E+2,0,1,CH5,P5  ,1, 7.31E+1,0,1,CH6,P6,1, 6.48E+0,0,1,
22-03-18,08:12:24,CH1,P1  ,1, 5.46E-6,0,1,CH2,P2  ,1, 4.33E-2,0,1,CH3,P3  ,1, 5.20E+2,0,1,CH4,P4  ,1, 5.41E+2,0,1,CH5,P5  ,1, 7.31E+1,0,1,CH6,P6,1, 6.47E+0,0,1,
22-03-18,08:13:26,CH1,P1  ,1, 5.46E-6,0,1,CH2,P2  ,1, 4.33E-2,0,1,CH3,P3  ,1, 5.22E+2,0,1,CH4,P4  ,1, 5.41E+2,0,1,CH5,P5  ,1, 7.31E+1,0,1,CH6,P6,1, 6.48E+0,0,1,
22-03-18,08:14:28,CH1,P1  ,1, 5.45E-6,0,1,CH2,P2  ,1, 4.32E-2,0,1,CH3,P3  ,1, 5.20E+2,0,1,CH4,P4  ,1, 5.41E+2,0,1,CH5,P5  ,1, 7.32E+1,0,1,CH6,P6,1, 6.47E+0,0,1,
22-03-18,08:15:28,CH1,P1  ,1, 5.47E-6,0,1,CH2,P2  ,1, 4.33E-2,0,1,CH3,P3  ,1, 5.19E+2,0,1,CH4,P4  ,1, 5.41E+2,0,1,CH5,P5  ,1, 7.31E+1,0,1,CH6,P6,1, 6.49E+0,0,1,
22-03-18,08:16:30,CH1,P1  ,1, 5.47E-6,0,1,CH2,P2  ,1, 4.34E-2,0,1,CH3,P3  ,1, 5.24E+2,0,1,CH4,P4  ,1, 5.42E+2,0,1,CH5,P5  ,1, 7.31E+1,0,1,CH6,P6,1, 6.47E+0,0,1,
22-03-18,08:17:32,CH1,P1  ,1, 5.46E-6,0,1,CH2,P2  ,1, 4.34E-2,0,1,CH3,P3  ,1, 5.21E+2,0,1,CH4,P4  ,1, 5.43E+2,0,1,CH5,P5  ,1, 7.31E+1,0,1,CH6,P6,1, 6.47E+0,0,1,
22-03-18,08:18:34,CH1,P1  ,1, 5.47E-6,0,1,CH2,P2  ,1, 4.34E-2,0,1,CH3,P3  ,1, 5.25E+2,0,1,CH4,P4  ,1, 5.43E+2,0,1,CH5,P5  ,1, 7.31E+1,0,1,CH6,P6,1, 6.47E+0,0,1,
22-03-18,08:19:36,CH1,P1  ,1, 5.46E-6,0,1,CH2,P2  ,1, 4.34E-2,0,1,CH3,P3  ,1, 5.20E+2,0,1,CH4,P4  ,1, 5.43E+2,0,1,CH5,P5  ,1, 7.31E+1,0,1,CH6,P6,1, 6.47E+0,0,1,
22-03-18,08:20:36,CH1,P1  ,1, 5.45E-6,0,1,CH2,P2  ,1, 4.33E-2,0,1,CH3,P3  ,1, 5.22E+2,0,1,CH4,P4  ,1, 5.41E+2,0,1,CH5,P5  ,1, 7.31E+1,0,1,CH6,P6,1, 6.47E+0,0,1,
22-03-18,08:21:38,CH1,P1  ,1, 5.46E-6,0,1,CH2,P2  ,1, 4.32E-2,0,1,CH3,P3  ,1, 5.19E+2,0,1,CH4,P4  ,1, 5.41E+2,0,1,CH5,P5  ,1, 7.31E+1,0,1,CH6,P6,1, 6.47E+0,0,1,
22-03-18,08:22:38,CH1,P1  ,1, 5.46E-6,0,1,CH2,P2  ,1, 4.33E-2,0,1,CH3,P3  ,1, 5.20E+2,0,1,CH4,P4  ,1, 5.41E+2,0,1,CH5,P5  ,1, 7.30E+1,0,1,CH6,P6,1, 6.47E+0,0,1,
22-03-18,08:23:38,CH1,P1  ,1, 5.46E-6,0,1,CH2,P2  ,1, 4.32E-2,0,1,CH3,P3  ,1, 5.23E+2,0,1,CH4,P4  ,1, 5.41E+2,0,1,CH5,P5  ,1, 7.31E+1,0,1,CH6,P6,1, 6.47E+0,0,1,
22-03-18,08:24:40,CH1,P1  ,1, 5.46E-6,0,1,CH2,P2  ,1, 4.32E-2,0,1,CH3,P3  ,1, 5.18E+2,0,1,CH4,P4  ,1, 5.40E+2,0,1,CH5,P5  ,1, 7.31E+1,0,1,CH6,P6,1, 6.47E+0,0,1,
22-03-18,08:25:42,CH1,P1  ,1, 5.47E-6,0,1,CH2,P2  ,1, 4.33E-2,0,1,CH3,P3  ,1, 5.23E+2,0,1,CH4,P4  ,1, 5.41E+2,0,1,CH5,P5  ,1, 7.31E+1,0,1,CH6,P6,1, 6.47E+0,0,1,
22-03-18,08:26:42,CH1,P1  ,1, 5.45E-6,0,1,CH2,P2  ,1, 4.32E-2,0,1,CH3,P3  ,1, 5.20E+2,0,1,CH4,P4  ,1, 5.41E+2,0,1,CH5,P5  ,1, 7.31E+1,0,1,CH6,P6,1, 6.47E+0,0,1,
22-03-18,08:27:42,CH1,P1  ,1, 5.46E-6,0,1,CH2,P2  ,1, 4.33E-2,0,1,CH3,P3  ,1, 5.19E+2,0,1,CH4,P4  ,1, 5.41E+2,0,1,CH5,P5  ,1, 7.31E+1,0,1,CH6,P6,1, 6.49E+0,0,1,
22-03-18,08:28:44,CH1,P1  ,1, 5.45E-6,0,1,CH2,P2  ,1, 4.34E-2,0,1,CH3,P3  ,1, 5.24E+2,0,1,CH4,P4  ,1, 5.42E+2,0,1,CH5,P5  ,1, 7.31E+1,0,1,CH6,P6,1, 6.49E+0,0,1,
22-03-18,08:29:46,CH1,P1  ,1, 5.46E-6,0,1,CH2,P2  ,1, 4.33E-2,0,1,CH3,P3  ,1, 5.20E+2,0,1,CH4,P4  ,1, 5.42E+2,0,1,CH5,P5  ,1, 7.31E+1,0,1,CH6,P6,1, 6.48E+0,0,1,
22-03-18,08:30:48,CH1,P1  ,1, 5.47E-6,0,1,CH2,P2  ,1, 4.33E-2,0,1,CH3,P3  ,1, 5.24E+2,0,1,CH4,P4  ,1, 5.42E+2,0,1,CH5,P5  ,1, 7.32E+1,0,1,CH6,P6,1, 6.47E+0,0,1,
22-03-18,08:31:50,CH1,P1  ,1, 5.47E-6,0,1,CH2,P2  ,1, 4.34E-2,0,1,CH3,P3  ,1, 5.20E+2,0,1,CH4,P4  ,1, 5.42E+2,0,1,CH5,P5  ,1, 7.31E+1,0,1,CH6,P6,1, 6.47E+0,0,1,
22-03-18,08:32:52,CH1,P1  ,1, 5.47E-6,0,1,CH2,P2  ,1, 4.33E-2,0,1,CH3,P3  ,1, 5.23E+2,0,1,CH4,P4  ,1, 5.42E+2,0,1,CH5,P5  ,1, 7.31E+1,0,1,CH6,P6,1, 6.47E+0,0,1,
22-03-18,08:33:52,CH1,P1  ,1, 5.47E-6,0,1,CH2,P2  ,1, 4.32E-2,0,1,CH3,P3  ,1, 5.19E+2,0,1,CH4,P4  ,1, 5.41E+2,0,1,CH5,P5  ,1, 7.31E+1,0,1,CH6,P6,1, 6.48E+0,0,1,
22-03-18,08:34:54,CH1,P1  ,1, 5.47E-6,0,1,CH2,P2  ,1, 4.32E-2,0,1,CH3,P3  ,1, 5.23E+2,0,1,CH4,P4  ,1, 5.41E+2,0,1,CH5,P5  ,1, 7.31E+1,0,1,CH6,P6,1, 6.47E+0,0,1,
22-03-18,08:35:54,CH1,P1  ,1, 5.45E-6,0,1,CH2,P2  ,1, 4.32E-2,0,1,CH3,P3  ,1, 5.20E+2,0,1,CH4,P4  ,1, 5.41E+2,0,1,CH5,P5  ,1, 7.31E+1,0,1,CH6,P6,1, 6.47E+0,0,1,
22-03-18,08:36:56,CH1,P1  ,1, 5.47E-6,0,1,CH2,P2  ,1, 4.33E-2,0,1,CH3,P3  ,1, 5.21E+2,0,1,CH4,P4  ,1, 5.41E+2,0,1,CH5,P5  ,1, 7.31E+1,0,1,CH6,P6,1, 6.49E+0,0,1,
22-03-18,08:37:58,CH1,P1  ,1, 5.47E-6,0,1,CH2,P2  ,1, 4.31E-2,0,1,CH3,P3  ,1, 5.20E+2,0,1,CH4,P4  ,1, 5.41E+2,0,1,CH5,P5  ,1, 7.31E+1,0,1,CH6,P6,1, 6.48E+0,0,1,
22-03-18,08:38:58,CH1,P1  ,1, 5.47E-6,0,1,CH2,P2  ,1, 4.32E-2,0,1,CH3,P3  ,1, 5.20E+2,0,1,CH4,P4  ,1, 5.41E+2,0,1,CH5,P5  ,1, 7.31E+1,0,1,CH6,P6,1, 6.46E+0,0,1,
22-03-18,08:39:58,CH1,P1  ,1, 5.47E-6,0,1,CH2,P2  ,1, 4.33E-2,0,1,CH3,P3  ,1, 5.23E+2,0,1,CH4,P4  ,1, 5.41E+2,0,1,CH5,P5  ,1, 7.30E+1,0,1,CH6,P6,1, 6.47E+0,0,1,
22-03-18,08:40:58,CH1,P1  ,1, 5.47E-6,0,1,CH2,P2  ,1, 4.33E-2,0,1,CH3,P3  ,1, 5.20E+2,0,1,CH4,P4  ,1, 5.41E+2,0,1,CH5,P5  ,1, 7.31E+1,0,1,CH6,P6,1, 6.47E+0,0,1,
22-03-18,08:42:00,CH1,P1  ,1, 5.47E-6,0,1,CH2,P2  ,1, 4.34E-2,0,1,CH3,P3  ,1, 5.23E+2,0,1,CH4,P4  ,1, 5.42E+2,0,1,CH5,P5  ,1, 7.31E+1,0,1,CH6,P6,1, 6.49E+0,0,1,
22-03-18,08:43:00,CH1,P1  ,1, 5.47E-6,0,1,CH2,P2  ,1, 4.34E-2,0,1,CH3,P3  ,1, 5.23E+2,0,1,CH4,P4  ,1, 5.43E+2,0,1,CH5,P5  ,1, 7.31E+1,0,1,CH6,P6,1, 6.49E+0,0,1,
22-03-18,08:44:02,CH1,P1  ,1, 5.47E-6,0,1,CH2,P2  ,1, 4.33E-2,0,1,CH3,P3  ,1, 5.22E+2,0,1,CH4,P4  ,1, 5.43E+2,0,1,CH5,P5  ,1, 7.31E+1,0,1,CH6,P6,1, 6.47E+0,0,1,
22-03-18,08:45:02,CH1,P1  ,1, 5.47E-6,0,1,CH2,P2  ,1, 4.34E-2,0,1,CH3,P3  ,1, 5.24E+2,0,1,CH4,P4  ,1, 5.43E+2,0,1,CH5,P5  ,1, 7.31E+1,0,1,CH6,P6,1, 6.49E+0,0,1,
22-03-18,08:46:04,CH1,P1  ,1, 5.47E-6,0,1,CH2,P2  ,1, 4.35E-2,0,1,CH3,P3  ,1, 5.21E+2,0,1,CH4,P4  ,1, 5.43E+2,0,1,CH5,P5  ,1, 7.31E+1,0,1,CH6,P6,1, 6.49E+0,0,1,
22-03-18,08:47:04,CH1,P1  ,1, 5.46E-6,0,1,CH2,P2  ,1, 4.34E-2,0,1,CH3,P3  ,1, 5.24E+2,0,1,CH4,P4  ,1, 5.43E+2,0,1,CH5,P5  ,1, 7.31E+1,0,1,CH6,P6,1, 6.49E+0,0,1,
22-03-18,08:48:06,CH1,P1  ,1, 5.46E-6,0,1,CH2,P2  ,1, 4.34E-2,0,1,CH3,P3  ,1, 5.20E+2,0,1,CH4,P4  ,1, 5.42E+2,0,1,CH5,P5  ,1, 7.31E+1,0,1,CH6,P6,1, 6.47E+0,0,1,
22-03-18,08:49:06,CH1,P1  ,1, 5.46E-6,0,1,CH2,P2  ,1, 4.33E-2,0,1,CH3,P3  ,1, 5.21E+2,0,1,CH4,P4  ,1, 5.42E+2,0,1,CH5,P5  ,1, 7.31E+1,0,1,CH6,P6,1, 6.49E+0,0,1,
22-03-18,08:50:06,CH1,P1  ,1, 5.45E-6,0,1,CH2,P2  ,1, 4.34E-2,0,1,CH3,P3  ,1, 5.23E+2,0,1,CH4,P4  ,1, 5.42E+2,0,1,CH5,P5  ,1, 7.31E+1,0,1,CH6,P6,1, 6.49E+0,0,1,
22-03-18,08:51:06,CH1,P1  ,1, 5.47E-6,0,1,CH2,P2  ,1, 4.33E-2,0,1,CH3,P3  ,1, 5.19E+2,0,1,CH4,P4  ,1, 5.41E+2,0,1,CH5,P5  ,1, 7.31E+1,0,1,CH6,P6,1, 6.50E+0,0,1,
22-03-18,08:52:08,CH1,P1  ,1, 5.47E-6,0,1,CH2,P2  ,1, 4.33E-2,0,1,CH3,P3  ,1, 5.22E+2,0,1,CH4,P4  ,1, 5.41E+2,0,1,CH5,P5  ,1, 7.31E+1,0,1,CH6,P6,1, 6.48E+0,0,1,
22-03-18,08:53:10,CH1,P1  ,1, 5.47E-6,0,1,CH2,P2  ,1, 4.33E-2,0,1,CH3,P3  ,1, 5.20E+2,0,1,CH4,P4  ,1, 5.41E+2,0,1,CH5,P5  ,1, 7.31E+1,0,1,CH6,P6,1, 6.49E+0,0,1,
22-03-18,08:54:13,CH1,P1  ,1, 5.49E-6,0,1,CH2,P2  ,1, 4.33E-2,0,1,CH3,P3  ,1, 5.22E+2,0,1,CH4,P4  ,1, 5.42E+2,0,1,CH5,P5  ,1, 7.31E+1,0,1,CH6,P6,1, 6.49E+0,0,1,
22-03-18,08:55:12,CH1,P1  ,1, 5.47E-6,0,1,CH2,P2  ,1, 4.34E-2,0,1,CH3,P3  ,1, 5.22E+2,0,1,CH4,P4  ,1, 5.42E+2,0,1,CH5,P5  ,1, 7.32E+1,0,1,CH6,P6,1, 6.49E+0,0,1,
22-03-18,08:56:14,CH1,P1  ,1, 5.47E-6,0,1,CH2,P2  ,1, 4.33E-2,0,1,CH3,P3  ,1, 5.21E+2,0,1,CH4,P4  ,1, 5.42E+2,0,1,CH5,P5  ,1, 7.31E+1,0,1,CH6,P6,1, 6.48E+0,0,1,
22-03-18,08:57:14,CH1,P1  ,1, 5.47E-6,0,1,CH2,P2  ,1, 4.34E-2,0,1,CH3,P3  ,1, 5.24E+2,0,1,CH4,P4  ,1, 5.42E+2,0,1,CH5,P5  ,1, 7.31E+1,0,1,CH6,P6,1, 6.50E+0,0,1,
22-03-18,08:58:16,CH1,P1  ,1, 5.47E-6,0,1,CH2,P2  ,1, 4.34E-2,0,1,CH3,P3  ,1, 5.20E+2,0,1,CH4,P4  ,1, 5.42E+2,0,1,CH5,P5  ,1, 7.30E+1,0,1,CH6,P6,1, 6.49E+0,0,1,
22-03-18,08:59:18,CH1,P1  ,1, 5.47E-6,0,1,CH2,P2  ,1, 4.34E-2,0,1,CH3,P3  ,1, 5.23E+2,0,1,CH4,P4  ,1, 5.42E+2,0,1,CH5,P5  ,1, 7.31E+1,0,1,CH6,P6,1, 6.49E+0,0,1,
22-03-18,09:00:20,CH1,P1  ,1, 5.47E-6,0,1,CH2,P2  ,1, 4.33E-2,0,1,CH3,P3  ,1, 5.19E+2,0,1,CH4,P4  ,1, 5.41E+2,0,1,CH5,P5  ,1, 7.31E+1,0,1,CH6,P6,1, 6.50E+0,0,1,
22-03-18,09:01:20,CH1,P1  ,1, 5.47E-6,0,1,CH2,P2  ,1, 4.32E-2,0,1,CH3,P3  ,1, 5.23E+2,0,1,CH4,P4  ,1, 5.41E+2,0,1,CH5,P5  ,1, 7.31E+1,0,1,CH6,P6,1, 6.49E+0,0,1,
22-03-18,09:02:20,CH1,P1  ,1, 5.47E-6,0,1,CH2,P2  ,1, 4.31E-2,0,1,CH3,P3  ,1, 5.19E+2,0,1,CH4,P4  ,1, 5.40E+2,0,1,CH5,P5  ,1, 7.31E+1,0,1,CH6,P6,1, 6.49E+0,0,1,
22-03-18,09:03:22,CH1,P1  ,1, 5.47E-6,0,1,CH2,P2  ,1, 4.31E-2,0,1,CH3,P3  ,1, 5.20E+2,0,1,CH4,P4  ,1, 5.39E+2,0,1,CH5,P5  ,1, 7.31E+1,0,1,CH6,P6,1, 6.49E+0,0,1,
22-03-18,09:04:22,CH1,P1  ,1, 5.67E-6,0,1,CH2,P2  ,1, 4.31E-2,0,1,CH3,P3  ,1, 5.20E+2,0,1,CH4,P4  ,1, 5.40E+2,0,1,CH5,P5  ,1, 7.31E+1,0,1,CH6,P6,1, 6.49E+0,0,1,
22-03-18,09:05:24,CH1,P1  ,1, 5.67E-6,0,1,CH2,P2  ,1, 4.32E-2,0,1,CH3,P3  ,1, 5.20E+2,0,1,CH4,P4  ,1, 5.41E+2,0,1,CH5,P5  ,1, 7.31E+1,0,1,CH6,P6,1, 6.49E+0,0,1,
22-03-18,09:06:24,CH1,P1  ,1, 5.65E-6,0,1,CH2,P2  ,1, 4.33E-2,0,1,CH3,P3  ,1, 5.23E+2,0,1,CH4,P4  ,1, 5.42E+2,0,1,CH5,P5  ,1, 7.31E+1,0,1,CH6,P6,1, 6.49E+0,0,1,
22-03-18,09:07:26,CH1,P1  ,1, 5.62E-6,0,1,CH2,P2  ,1, 4.32E-2,0,1,CH3,P3  ,1, 5.19E+2,0,1,CH4,P4  ,1, 5.41E+2,0,1,CH5,P5  ,1, 7.31E+1,0,1,CH6,P6,1, 6.49E+0,0,1,
22-03-18,09:08:28,CH1,P1  ,1, 5.61E-6,0,1,CH2,P2  ,1, 4.32E-2,0,1,CH3,P3  ,1, 5.23E+2,0,1,CH4,P4  ,1, 5.41E+2,0,1,CH5,P5  ,1, 7.31E+1,0,1,CH6,P6,1, 6.49E+0,0,1,
22-03-18,09:09:30,CH1,P1  ,1, 5.59E-6,0,1,CH2,P2  ,1, 4.32E-2,0,1,CH3,P3  ,1, 5.19E+2,0,1,CH4,P4  ,1, 5.41E+2,0,1,CH5,P5  ,1, 7.31E+1,0,1,CH6,P6,1, 6.49E+0,0,1,
22-03-18,09:10:32,CH1,P1  ,1, 5.59E-6,0,1,CH2,P2  ,1, 4.33E-2,0,1,CH3,P3  ,1, 5.22E+2,0,1,CH4,P4  ,1, 5.41E+2,0,1,CH5,P5  ,1, 7.31E+1,0,1,CH6,P6,1, 6.49E+0,0,1,
22-03-18,09:11:34,CH1,P1  ,1, 5.57E-6,0,1,CH2,P2  ,1, 4.33E-2,0,1,CH3,P3  ,1, 5.20E+2,0,1,CH4,P4  ,1, 5.41E+2,0,1,CH5,P5  ,1, 7.31E+1,0,1,CH6,P6,1, 6.48E+0,0,1,
22-03-18,09:12:36,CH1,P1  ,1, 5.57E-6,0,1,CH2,P2  ,1, 4.34E-2,0,1,CH3,P3  ,1, 5.23E+2,0,1,CH4,P4  ,1, 5.43E+2,0,1,CH5,P5  ,1, 7.31E+1,0,1,CH6,P6,1, 6.49E+0,0,1,
22-03-18,09:13:36,CH1,P1  ,1, 5.57E-6,0,1,CH2,P2  ,1, 4.33E-2,0,1,CH3,P3  ,1, 5.20E+2,0,1,CH4,P4  ,1, 5.42E+2,0,1,CH5,P5  ,1, 7.31E+1,0,1,CH6,P6,1, 6.50E+0,0,1,
22-03-18,09:14:38,CH1,P1  ,1, 5.57E-6,0,1,CH2,P2  ,1, 4.33E-2,0,1,CH3,P3  ,1, 5.24E+2,0,1,CH4,P4  ,1, 5.43E+2,0,1,CH5,P5  ,1, 7.31E+1,0,1,CH6,P6,1, 6.50E+0,0,1,
22-03-18,09:15:38,CH1,P1  ,1, 5.57E-6,0,1,CH2,P2  ,1, 4.34E-2,0,1,CH3,P3  ,1, 5.20E+2,0,1,CH4,P4  ,1, 5.42E+2,0,1,CH5,P5  ,1, 7.31E+1,0,1,CH6,P6,1, 6.50E+0,0,1,
22-03-18,09:16:40,CH1,P1  ,1, 5.55E-6,0,1,CH2,P2  ,1, 4.35E-2,0,1,CH3,P3  ,1, 5.25E+2,0,1,CH4,P4  ,1, 5.43E+2,0,1,CH5,P5  ,1, 7.31E+1,0,1,CH6,P6,1, 6.49E+0,0,1,
22-03-18,09:17:42,CH1,P1  ,1, 5.55E-6,0,1,CH2,P2  ,1, 4.34E-2,0,1,CH3,P3  ,1, 5.22E+2,0,1,CH4,P4  ,1, 5.44E+2,0,1,CH5,P5  ,1, 7.31E+1,0,1,CH6,P6,1, 6.50E+0,0,1,
22-03-18,09:18:42,CH1,P1  ,1, 5.54E-6,0,1,CH2,P2  ,1, 4.34E-2,0,1,CH3,P3  ,1, 5.22E+2,0,1,CH4,P4  ,1, 5.43E+2,0,1,CH5,P5  ,1, 7.31E+1,0,1,CH6,P6,1, 6.47E+0,0,1,
22-03-18,09:19:44,CH1,P1  ,1, 5.76E-6,0,1,CH2,P2  ,1, 4.34E-2,0,1,CH3,P3  ,1, 5.24E+2,0,1,CH4,P4  ,1, 5.43E+2,0,1,CH5,P5  ,1, 7.31E+1,0,1,CH6,P6,1, 6.51E+0,0,1,
22-03-18,09:20:44,CH1,P1  ,1, 5.54E-6,0,1,CH2,P2  ,1, 4.34E-2,0,1,CH3,P3  ,1, 5.20E+2,0,1,CH4,P4  ,1, 5.43E+2,0,1,CH5,P5  ,1, 7.30E+1,0,1,CH6,P6,1, 6.49E+0,0,1,
22-03-18,09:21:46,CH1,P1  ,1, 5.53E-6,0,1,CH2,P2  ,1, 4.34E-2,0,1,CH3,P3  ,1, 5.24E+2,0,1,CH4,P4  ,1, 5.42E+2,0,1,CH5,P5  ,1, 7.31E+1,0,1,CH6,P6,1, 6.50E+0,0,1,
22-03-18,09:22:49,CH1,P1  ,1, 5.53E-6,0,1,CH2,P2  ,1, 4.34E-2,0,1,CH3,P3  ,1, 5.20E+2,0,1,CH4,P4  ,1, 5.42E+2,0,1,CH5,P5  ,1, 7.31E+1,0,1,CH6,P6,1, 6.50E+0,0,1,
22-03-18,09:23:50,CH1,P1  ,1, 5.54E-6,0,1,CH2,P2  ,1, 4.33E-2,0,1,CH3,P3  ,1, 5.23E+2,0,1,CH4,P4  ,1, 5.42E+2,0,1,CH5,P5  ,1, 7.31E+1,0,1,CH6,P6,1, 6.50E+0,0,1,
22-03-18,09:24:50,CH1,P1  ,1, 5.54E-6,0,1,CH2,P2  ,1, 4.34E-2,0,1,CH3,P3  ,1, 5.20E+2,0,1,CH4,P4  ,1, 5.42E+2,0,1,CH5,P5  ,1, 7.31E+1,0,1,CH6,P6,1, 6.50E+0,0,1,
22-03-18,09:25:50,CH1,P1  ,1, 5.52E-6,0,1,CH2,P2  ,1, 4.34E-2,0,1,CH3,P3  ,1, 5.24E+2,0,1,CH4,P4  ,1, 5.43E+2,0,1,CH5,P5  ,1, 7.31E+1,0,1,CH6,P6,1, 6.49E+0,0,1,
22-03-18,09:26:52,CH1,P1  ,1, 5.53E-6,0,1,CH2,P2  ,1, 4.33E-2,0,1,CH3,P3  ,1, 5.20E+2,0,1,CH4,P4  ,1, 5.43E+2,0,1,CH5,P5  ,1, 7.31E+1,0,1,CH6,P6,1, 6.50E+0,0,1,
22-03-18,09:27:52,CH1,P1  ,1, 5.53E-6,0,1,CH2,P2  ,1, 4.34E-2,0,1,CH3,P3  ,1, 5.22E+2,0,1,CH4,P4  ,1, 5.43E+2,0,1,CH5,P5  ,1, 7.31E+1,0,1,CH6,P6,1, 6.50E+0,0,1,
22-03-18,09:28:52,CH1,P1  ,1, 5.53E-6,0,1,CH2,P2  ,1, 4.34E-2,0,1,CH3,P3  ,1, 5.25E+2,0,1,CH4,P4  ,1, 5.43E+2,0,1,CH5,P5  ,1, 7.31E+1,0,1,CH6,P6,1, 6.49E+0,0,1,
22-03-18,09:29:52,CH1,P1  ,1, 5.53E-6,0,1,CH2,P2  ,1, 4.34E-2,0,1,CH3,P3  ,1, 5.20E+2,0,1,CH4,P4  ,1, 5.43E+2,0,1,CH5,P5  ,1, 7.31E+1,0,1,CH6,P6,1, 6.50E+0,0,1,
22-03-18,09:30:52,CH1,P1  ,1, 5.53E-6,0,1,CH2,P2  ,1, 4.34E-2,0,1,CH3,P3  ,1, 5.24E+2,0,1,CH4,P4  ,1, 5.43E+2,0,1,CH5,P5  ,1, 7.31E+1,0,1,CH6,P6,1, 6.50E+0,0,1,
22-03-18,09:31:54,CH1,P1  ,1, 5.53E-6,0,1,CH2,P2  ,1, 4.34E-2,0,1,CH3,P3  ,1, 5.21E+2,0,1,CH4,P4  ,1, 5.43E+2,0,1,CH5,P5  ,1, 7.32E+1,0,1,CH6,P6,1, 6.50E+0,0,1,
22-03-18,09:32:56,CH1,P1  ,1, 5.53E-6,0,1,CH2,P2  ,1, 4.32E-2,0,1,CH3,P3  ,1, 5.21E+2,0,1,CH4,P4  ,1, 5.42E+2,0,1,CH5,P5  ,1, 7.31E+1,0,1,CH6,P6,1, 6.50E+0,0,1,
22-03-18,09:33:56,CH1,P1  ,1, 5.53E-6,0,1,CH2,P2  ,1, 4.33E-2,0,1,CH3,P3  ,1, 5.22E+2,0,1,CH4,P4  ,1, 5.41E+2,0,1,CH5,P5  ,1, 7.31E+1,0,1,CH6,P6,1, 6.50E+0,0,1,
22-03-18,09:34:56,CH1,P1  ,1, 5.52E-6,0,1,CH2,P2  ,1, 4.32E-2,0,1,CH3,P3  ,1, 5.19E+2,0,1,CH4,P4  ,1, 5.41E+2,0,1,CH5,P5  ,1, 7.31E+1,0,1,CH6,P6,1, 6.49E+0,0,1,
22-03-18,09:35:56,CH1,P1  ,1, 5.51E-6,0,1,CH2,P2  ,1, 4.32E-2,0,1,CH3,P3  ,1, 5.23E+2,0,1,CH4,P4  ,1, 5.41E+2,0,1,CH5,P5  ,1, 7.31E+1,0,1,CH6,P6,1, 6.49E+0,0,1,
22-03-18,09:36:58,CH1,P1  ,1, 5.52E-6,0,1,CH2,P2  ,1, 4.32E-2,0,1,CH3,P3  ,1, 5.20E+2,0,1,CH4,P4  ,1, 5.42E+2,0,1,CH5,P5  ,1, 7.31E+1,0,1,CH6,P6,1, 6.51E+0,0,1,
22-03-18,09:38:00,CH1,P1  ,1, 5.52E-6,0,1,CH2,P2  ,1, 4.32E-2,0,1,CH3,P3  ,1, 5.24E+2,0,1,CH4,P4  ,1, 5.42E+2,0,1,CH5,P5  ,1, 7.31E+1,0,1,CH6,P6,1, 6.50E+0,0,1,
22-03-18,09:39:02,CH1,P1  ,1, 5.51E-6,0,1,CH2,P2  ,1, 4.33E-2,0,1,CH3,P3  ,1, 5.20E+2,0,1,CH4,P4  ,1, 5.42E+2,0,1,CH5,P5  ,1, 7.31E+1,0,1,CH6,P6,1, 6.49E+0,0,1,
22-03-18,09:40:04,CH1,P1  ,1, 5.53E-6,0,1,CH2,P2  ,1, 4.34E-2,0,1,CH3,P3  ,1, 5.24E+2,0,1,CH4,P4  ,1, 5.43E+2,0,1,CH5,P5  ,1, 7.31E+1,0,1,CH6,P6,1, 6.49E+0,0,1,
22-03-18,09:41:04,CH1,P1  ,1, 5.51E-6,0,1,CH2,P2  ,1, 4.34E-2,0,1,CH3,P3  ,1, 5.23E+2,0,1,CH4,P4  ,1, 5.43E+2,0,1,CH5,P5  ,1, 7.31E+1,0,1,CH6,P6,1, 6.50E+0,0,1,
22-03-18,09:42:06,CH1,P1  ,1, 5.51E-6,0,1,CH2,P2  ,1, 4.34E-2,0,1,CH3,P3  ,1, 5.22E+2,0,1,CH4,P4  ,1, 5.44E+2,0,1,CH5,P5  ,1, 7.31E+1,0,1,CH6,P6,1, 6.49E+0,0,1,
22-03-18,09:43:06,CH1,P1  ,1, 5.51E-6,0,1,CH2,P2  ,1, 4.33E-2,0,1,CH3,P3  ,1, 5.25E+2,0,1,CH4,P4  ,1, 5.44E+2,0,1,CH5,P5  ,1, 7.31E+1,0,1,CH6,P6,1, 6.52E+0,0,1,
22-03-18,09:44:08,CH1,P1  ,1, 5.51E-6,0,1,CH2,P2  ,1, 4.34E-2,0,1,CH3,P3  ,1, 5.21E+2,0,1,CH4,P4  ,1, 5.43E+2,0,1,CH5,P5  ,1, 7.31E+1,0,1,CH6,P6,1, 6.50E+0,0,1,
22-03-18,09:45:08,CH1,P1  ,1, 5.51E-6,0,1,CH2,P2  ,1, 4.34E-2,0,1,CH3,P3  ,1, 5.25E+2,0,1,CH4,P4  ,1, 5.43E+2,0,1,CH5,P5  ,1, 7.31E+1,0,1,CH6,P6,1, 6.50E+0,0,1,
22-03-18,09:46:08,CH1,P1  ,1, 5.51E-6,0,1,CH2,P2  ,1, 4.32E-2,0,1,CH3,P3  ,1, 5.21E+2,0,1,CH4,P4  ,1, 5.43E+2,0,1,CH5,P5  ,1, 7.31E+1,0,1,CH6,P6,1, 6.50E+0,0,1,
22-03-18,09:47:08,CH1,P1  ,1, 5.51E-6,0,1,CH2,P2  ,1, 4.34E-2,0,1,CH3,P3  ,1, 5.22E+2,0,1,CH4,P4  ,1, 5.43E+2,0,1,CH5,P5  ,1, 7.32E+1,0,1,CH6,P6,1, 6.50E+0,0,1,
22-03-18,09:48:10,CH1,P1  ,1, 5.51E-6,0,1,CH2,P2  ,1, 4.33E-2,0,1,CH3,P3  ,1, 5.22E+2,0,1,CH4,P4  ,1, 5.43E+2,0,1,CH5,P5  ,1, 7.30E+1,0,1,CH6,P6,1, 6.51E+0,0,1,
22-03-18,09:49:13,CH1,P1  ,1, 5.51E-6,0,1,CH2,P2  ,1, 4.33E-2,0,1,CH3,P3  ,1, 5.21E+2,0,1,CH4,P4  ,1, 5.42E+2,0,1,CH5,P5  ,1, 7.31E+1,0,1,CH6,P6,1, 6.51E+0,0,1,
22-03-18,09:50:12,CH1,P1  ,1, 5.51E-6,0,1,CH2,P2  ,1, 4.34E-2,0,1,CH3,P3  ,1, 5.24E+2,0,1,CH4,P4  ,1, 5.43E+2,0,1,CH5,P5  ,1, 7.30E+1,0,1,CH6,P6,1, 6.51E+0,0,1,
22-03-18,09:51:14,CH1,P1  ,1, 5.51E-6,0,1,CH2,P2  ,1, 4.35E-2,0,1,CH3,P3  ,1, 5.23E+2,0,1,CH4,P4  ,1, 5.44E+2,0,1,CH5,P5  ,1, 7.31E+1,0,1,CH6,P6,1, 6.49E+0,0,1,
22-03-18,09:52:14,CH1,P1  ,1, 5.53E-6,0,1,CH2,P2  ,1, 4.35E-2,0,1,CH3,P3  ,1, 5.26E+2,0,1,CH4,P4  ,1, 5.44E+2,0,1,CH5,P5  ,1, 7.31E+1,0,1,CH6,P6,1, 6.52E+0,0,1,
22-03-18,09:53:16,CH1,P1  ,1, 5.53E-6,0,1,CH2,P2  ,1, 4.35E-2,0,1,CH3,P3  ,1, 5.21E+2,0,1,CH4,P4  ,1, 5.44E+2,0,1,CH5,P5  ,1, 7.31E+1,0,1,CH6,P6,1, 6.51E+0,0,1,
22-03-18,09:54:16,CH1,P1  ,1, 5.54E-6,0,1,CH2,P2  ,1, 4.35E-2,0,1,CH3,P3  ,1, 5.25E+2,0,1,CH4,P4  ,1, 5.44E+2,0,1,CH5,P5  ,1, 7.31E+1,0,1,CH6,P6,1, 6.51E+0,0,1,
22-03-18,09:55:18,CH1,P1  ,1, 5.53E-6,0,1,CH2,P2  ,1, 4.34E-2,0,1,CH3,P3  ,1, 5.21E+2,0,1,CH4,P4  ,1, 5.43E+2,0,1,CH5,P5  ,1, 7.32E+1,0,1,CH6,P6,1, 6.50E+0,0,1,
22-03-18,09:56:20,CH1,P1  ,1, 5.53E-6,0,1,CH2,P2  ,1, 4.34E-2,0,1,CH3,P3  ,1, 5.24E+2,0,1,CH4,P4  ,1, 5.43E+2,0,1,CH5,P5  ,1, 7.31E+1,0,1,CH6,P6,1, 6.53E+0,0,1,
22-03-18,09:57:22,CH1,P1  ,1, 5.53E-6,0,1,CH2,P2  ,1, 4.34E-2,0,1,CH3,P3  ,1, 5.20E+2,0,1,CH4,P4  ,1, 5.43E+2,0,1,CH5,P5  ,1, 7.31E+1,0,1,CH6,P6,1, 6.52E+0,0,1,
22-03-18,09:58:22,CH1,P1  ,1, 5.53E-6,0,1,CH2,P2  ,1, 4.78E-2,0,1,CH3,P3  ,1, 5.62E+2,0,1,CH4,P4  ,1, 5.79E+2,0,1,CH5,P5  ,1, 7.31E+1,0,1,CH6,P6,1, 6.52E+0,0,1,
22-03-18,09:59:24,CH1,P1  ,1, 5.52E-6,0,1,CH2,P2  ,1, 4.98E-2,0,1,CH3,P3  ,1, 5.79E+2,0,1,CH4,P4  ,1, 5.99E+2,0,1,CH5,P5  ,1, 7.31E+1,0,1,CH6,P6,1, 6.50E+0,0,1,
22-03-18,10:00:26,CH1,P1  ,1, 5.55E-6,0,1,CH2,P2  ,1, 4.95E-2,0,1,CH3,P3  ,1, 5.84E+2,0,1,CH4,P4  ,1, 6.02E+2,0,1,CH5,P5  ,1, 7.31E+1,0,1,CH6,P6,1, 6.52E+0,0,1,
22-03-18,10:01:28,CH1,P1  ,1, 5.53E-6,0,1,CH2,P2  ,1, 4.79E-2,0,1,CH3,P3  ,1, 5.81E+2,0,1,CH4,P4  ,1, 6.03E+2,0,1,CH5,P5  ,1, 7.32E+1,0,1,CH6,P6,1, 6.53E+0,0,1,
22-03-18,10:02:28,CH1,P1  ,1, 5.53E-6,0,1,CH2,P2  ,1, 4.75E-2,0,1,CH3,P3  ,1, 5.80E+2,0,1,CH4,P4  ,1, 5.99E+2,0,1,CH5,P5  ,1, 7.31E+1,0,1,CH6,P6,1, 6.52E+0,0,1,
22-03-18,10:03:28,CH1,P1  ,1, 5.53E-6,0,1,CH2,P2  ,1, 4.71E-2,0,1,CH3,P3  ,1, 5.77E+2,0,1,CH4,P4  ,1, 5.96E+2,0,1,CH5,P5  ,1, 7.31E+1,0,1,CH6,P6,1, 6.51E+0,0,1,
22-03-18,10:04:30,CH1,P1  ,1, 5.52E-6,0,1,CH2,P2  ,1, 4.70E-2,0,1,CH3,P3  ,1, 5.71E+2,0,1,CH4,P4  ,1, 5.92E+2,0,1,CH5,P5  ,1, 7.31E+1,0,1,CH6,P6,1, 6.52E+0,0,1,
22-03-18,10:05:30,CH1,P1  ,1, 5.52E-6,0,1,CH2,P2  ,1, 4.71E-2,0,1,CH3,P3  ,1, 5.71E+2,0,1,CH4,P4  ,1, 5.88E+2,0,1,CH5,P5  ,1, 7.31E+1,0,1,CH6,P6,1, 6.51E+0,0,1,
22-03-18,10:06:32,CH1,P1  ,1, 5.52E-6,0,1,CH2,P2  ,1, 4.71E-2,0,1,CH3,P3  ,1, 5.65E+2,0,1,CH4,P4  ,1, 5.87E+2,0,1,CH5,P5  ,1, 7.31E+1,0,1,CH6,P6,1, 6.53E+0,0,1,
22-03-18,10:07:34,CH1,P1  ,1, 5.53E-6,0,1,CH2,P2  ,1, 4.70E-2,0,1,CH3,P3  ,1, 5.69E+2,0,1,CH4,P4  ,1, 5.86E+2,0,1,CH5,P5  ,1, 7.32E+1,0,1,CH6,P6,1, 6.50E+0,0,1,
22-03-18,10:08:36,CH1,P1  ,1, 5.53E-6,0,1,CH2,P2  ,1, 4.70E-2,0,1,CH3,P3  ,1, 5.64E+2,0,1,CH4,P4  ,1, 5.86E+2,0,1,CH5,P5  ,1, 7.31E+1,0,1,CH6,P6,1, 6.51E+0,0,1,
22-03-18,10:09:38,CH1,P1  ,1, 5.53E-6,0,1,CH2,P2  ,1, 4.56E-2,0,1,CH3,P3  ,1, 5.46E+2,0,1,CH4,P4  ,1, 5.67E+2,0,1,CH5,P5  ,1, 7.31E+1,0,1,CH6,P6,1, 6.53E+0,0,1,
22-03-18,10:10:40,CH1,P1  ,1, 5.55E-6,0,1,CH2,P2  ,1, 4.49E-2,0,1,CH3,P3  ,1, 5.15E+2,0,1,CH4,P4  ,1, 5.40E+2,0,1,CH5,P5  ,1, 7.31E+1,0,1,CH6,P6,1, 6.51E+0,0,1,
22-03-18,10:11:40,CH1,P1  ,1, 5.53E-6,0,1,CH2,P2  ,1, 4.56E-2,0,1,CH3,P3  ,1, 5.11E+2,0,1,CH4,P4  ,1, 5.31E+2,0,1,CH5,P5  ,1, 7.31E+1,0,1,CH6,P6,1, 6.52E+0,0,1,
