12-04-18,16:25:17,CH1,P1  ,0, 2.00E-2,4,1,CH2,P2  ,1, 4.34E-1,0,1,CH3,P3  ,1, 5.00E+0,0,1,CH4,P4  ,1, 2.32E+2,0,1,CH5,P5  ,1, 8.15E+2,0,1,CH6,P6,1, 1.09E+3,0,1,
12-04-18,16:26:19,CH1,P1  ,0, 2.00E-2,4,1,CH2,P2  ,1, 4.35E-1,0,1,CH3,P3  ,1, 5.00E+0,0,1,CH4,P4  ,1, 2.32E+2,0,1,CH5,P5  ,1, 8.13E+2,0,1,CH6,P6,1, 1.09E+3,0,1,
12-04-18,16:28:15,CH1,P1  ,0, 2.00E-2,4,1,CH2,P2  ,1, 3.86E+0,0,1,CH3,P3  ,1, 5.00E+0,0,1,CH4,P4  ,1, 2.32E+2,0,1,CH5,P5  ,1, 8.14E+2,0,1,CH6,P6,1, 1.09E+3,0,1,
12-04-18,16:29:17,CH1,P1  ,0, 2.00E-2,4,1,CH2,P2  ,1, 3.71E+0,0,1,CH3,P3  ,1, 5.00E+0,0,1,CH4,P4  ,1, 2.32E+2,0,1,CH5,P5  ,1, 8.14E+2,0,1,CH6,P6,1, 1.09E+3,0,1,
12-04-18,16:30:19,CH1,P1  ,0, 2.00E-2,4,1,CH2,P2  ,1, 3.60E+0,0,1,CH3,P3  ,1, 5.00E+0,0,1,CH4,P4  ,1, 2.32E+2,0,1,CH5,P5  ,1, 8.13E+2,0,1,CH6,P6,1, 1.09E+3,0,1,
12-04-18,16:31:19,CH1,P1  ,0, 2.00E-2,4,1,CH2,P2  ,1, 3.52E+0,0,1,CH3,P3  ,1, 5.00E+0,0,1,CH4,P4  ,1, 2.32E+2,0,1,CH5,P5  ,1, 8.14E+2,0,1,CH6,P6,1, 4.92E-2,0,1,
12-04-18,16:32:21,CH1,P1  ,0, 2.00E-2,4,1,CH2,P2  ,1, 3.45E+0,0,1,CH3,P3  ,1, 5.00E+0,0,1,CH4,P4  ,1, 2.32E+2,0,1,CH5,P5  ,1, 8.14E+2,0,1,CH6,P6,1, 3.79E-2,0,1,
12-04-18,16:33:23,CH1,P1  ,0, 2.00E-2,4,1,CH2,P2  ,1, 3.39E+0,0,1,CH3,P3  ,1, 5.00E+0,0,1,CH4,P4  ,1, 2.32E+2,0,1,CH5,P5  ,1, 8.14E+2,0,1,CH6,P6,1, 3.28E-2,0,1,
12-04-18,16:34:23,CH1,P1  ,0, 2.00E-2,4,1,CH2,P2  ,1, 3.35E+0,0,1,CH3,P3  ,1, 5.00E+0,0,1,CH4,P4  ,1, 2.33E+2,0,1,CH5,P5  ,1, 8.14E+2,0,1,CH6,P6,1, 2.99E-2,0,1,
12-04-18,16:35:23,CH1,P1  ,0, 2.00E-2,4,1,CH2,P2  ,1, 3.66E+0,0,1,CH3,P3  ,1, 5.00E+0,0,1,CH4,P4  ,1, 2.33E+2,0,1,CH5,P5  ,1, 8.14E+2,0,1,CH6,P6,1, 2.78E-2,0,1,
12-04-18,16:36:25,CH1,P1  ,0, 2.00E-2,4,1,CH2,P2  ,1, 3.65E+0,0,1,CH3,P3  ,1, 5.00E+0,0,1,CH4,P4  ,1, 2.33E+2,0,1,CH5,P5  ,1, 8.15E+2,0,1,CH6,P6,1, 2.78E-2,0,1,
12-04-18,16:37:25,CH1,P1  ,0, 2.00E-2,4,1,CH2,P2  ,1, 2.17E+0,0,1,CH3,P3  ,1, 3.00E+0,0,1,CH4,P4  ,1, 2.33E+2,0,1,CH5,P5  ,1, 8.14E+2,0,1,CH6,P6,1, 1.44E+0,0,1,
12-04-18,16:38:27,CH1,P1  ,0, 2.00E-2,4,1,CH2,P2  ,1, 1.28E-1,0,1,CH3,P3  ,1, 2.00E+0,0,1,CH4,P4  ,1, 2.33E+2,0,1,CH5,P5  ,1, 8.15E+2,0,1,CH6,P6,1, 1.17E+0,0,1,
12-04-18,16:39:27,CH1,P1  ,0, 2.00E-2,4,1,CH2,P2  ,1, 7.05E-4,0,1,CH3,P3  ,1, 2.00E+0,0,1,CH4,P4  ,1, 2.33E+2,0,1,CH5,P5  ,1, 8.16E+2,0,1,CH6,P6,1, 1.51E-1,0,1,
12-04-18,16:40:29,CH1,P1  ,0, 2.00E-2,4,1,CH2,P2  ,1, 5.25E-4,0,1,CH3,P3  ,1, 1.00E+0,0,1,CH4,P4  ,1, 2.33E+2,0,1,CH5,P5  ,1, 8.14E+2,0,1,CH6,P6,1, 1.26E-1,0,1,
12-04-18,16:41:31,CH1,P1  ,0, 2.00E-2,4,1,CH2,P2  ,1, 5.01E-4,1,1,CH3,P3  ,1, 1.00E+0,0,1,CH4,P4  ,1, 2.33E+2,0,1,CH5,P5  ,1, 8.17E+2,0,1,CH6,P6,1, 1.10E-1,0,1,
12-04-18,16:42:33,CH1,P1  ,0, 2.00E-2,4,1,CH2,P2  ,1, 5.01E-4,1,1,CH3,P3  ,1, 1.00E+0,0,1,CH4,P4  ,1, 2.33E+2,0,1,CH5,P5  ,1, 8.16E+2,0,1,CH6,P6,1, 9.88E-2,0,1,
12-04-18,16:43:33,CH1,P1  ,0, 2.00E-2,4,1,CH2,P2  ,1, 5.01E-4,1,1,CH3,P3  ,1, 1.00E+0,0,1,CH4,P4  ,1, 2.33E+2,0,1,CH5,P5  ,1, 8.14E+2,0,1,CH6,P6,1, 9.06E-2,0,1,
12-04-18,16:44:35,CH1,P1  ,0, 2.00E-2,4,1,CH2,P2  ,1, 5.01E-4,1,1,CH3,P3  ,1, 1.00E+0,0,1,CH4,P4  ,1, 2.33E+2,0,1,CH5,P5  ,1, 8.16E+2,0,1,CH6,P6,1, 8.30E-2,0,1,
12-04-18,16:45:37,CH1,P1  ,0, 2.00E-2,4,1,CH2,P2  ,1, 5.01E-4,1,1,CH3,P3  ,1, 0.00E+0,0,1,CH4,P4  ,1, 2.33E+2,0,1,CH5,P5  ,1, 8.15E+2,0,1,CH6,P6,1, 7.65E-2,0,1,
12-04-18,16:46:39,CH1,P1  ,0, 2.00E-2,4,1,CH2,P2  ,1, 5.01E-4,1,1,CH3,P3  ,1, 0.00E+0,0,1,CH4,P4  ,1, 2.33E+2,0,1,CH5,P5  ,1, 8.16E+2,0,1,CH6,P6,1, 7.10E-2,0,1,
12-04-18,16:47:41,CH1,P1  ,0, 2.00E-2,4,1,CH2,P2  ,1, 5.01E-4,1,1,CH3,P3  ,1, 0.00E+0,0,1,CH4,P4  ,1, 2.33E+2,0,1,CH5,P5  ,1, 8.16E+2,0,1,CH6,P6,1, 6.67E-2,0,1,
12-04-18,16:48:41,CH1,P1  ,0, 2.00E-2,4,1,CH2,P2  ,1, 5.01E-4,1,1,CH3,P3  ,1, 0.00E+0,0,1,CH4,P4  ,1, 2.33E+2,0,1,CH5,P5  ,1, 8.16E+2,0,1,CH6,P6,1, 6.29E-2,0,1,
12-04-18,16:49:43,CH1,P1  ,0, 2.00E-2,4,1,CH2,P2  ,1, 5.01E-4,1,1,CH3,P3  ,1, 0.00E+0,0,1,CH4,P4  ,1, 2.33E+2,0,1,CH5,P5  ,1, 8.16E+2,0,1,CH6,P6,1, 5.99E-2,0,1,
12-04-18,16:50:45,CH1,P1  ,0, 2.00E-2,4,1,CH2,P2  ,1, 5.01E-4,1,1,CH3,P3  ,1, 0.00E+0,0,1,CH4,P4  ,1, 2.33E+2,0,1,CH5,P5  ,1, 8.16E+2,0,1,CH6,P6,1, 5.71E-2,0,1,
12-04-18,16:51:45,CH1,P1  ,0, 2.00E-2,4,1,CH2,P2  ,1, 5.01E-4,1,1,CH3,P3  ,1, 0.00E+0,0,1,CH4,P4  ,1, 2.33E+2,0,1,CH5,P5  ,1, 8.17E+2,0,1,CH6,P6,1, 5.47E-2,0,1,
12-04-18,16:52:45,CH1,P1  ,0, 2.00E-2,4,1,CH2,P2  ,1, 5.01E-4,1,1,CH3,P3  ,1, 0.00E+0,0,1,CH4,P4  ,1, 2.33E+2,0,1,CH5,P5  ,1, 8.16E+2,0,1,CH6,P6,1, 5.29E-2,0,1,
12-04-18,16:53:47,CH1,P1  ,0, 2.00E-2,4,1,CH2,P2  ,1, 5.01E-4,1,1,CH3,P3  ,1, 0.00E+0,0,1,CH4,P4  ,1, 2.33E+2,0,1,CH5,P5  ,1, 8.15E+2,0,1,CH6,P6,1, 5.00E-2,0,1,
12-04-18,16:54:47,CH1,P1  ,0, 2.00E-2,4,1,CH2,P2  ,1, 5.01E-4,1,1,CH3,P3  ,1, 0.00E+0,0,1,CH4,P4  ,1, 2.33E+2,0,1,CH5,P5  ,1, 8.17E+2,0,1,CH6,P6,1, 4.83E-2,0,1,
12-04-18,16:55:49,CH1,P1  ,0, 2.00E-2,4,1,CH2,P2  ,1, 5.01E-4,1,1,CH3,P3  ,1, 0.00E+0,0,1,CH4,P4  ,1, 2.33E+2,0,1,CH5,P5  ,1, 8.15E+2,0,1,CH6,P6,1, 4.66E-2,0,1,
12-04-18,16:56:51,CH1,P1  ,0, 2.00E-2,4,1,CH2,P2  ,1, 5.01E-4,1,1,CH3,P3  ,1, 0.00E+0,0,1,CH4,P4  ,1, 2.33E+2,0,1,CH5,P5  ,1, 8.16E+2,0,1,CH6,P6,1, 4.54E-2,0,1,
12-04-18,16:57:53,CH1,P1  ,0, 2.00E-2,4,1,CH2,P2  ,1, 5.01E-4,1,1,CH3,P3  ,1, 0.00E+0,0,1,CH4,P4  ,1, 2.33E+2,0,1,CH5,P5  ,1, 8.16E+2,0,1,CH6,P6,1, 4.03E-2,0,1,
12-04-18,16:58:55,CH1,P1  ,0, 2.00E-2,4,1,CH2,P2  ,1, 5.01E-4,1,1,CH3,P3  ,1, 0.00E+0,0,1,CH4,P4  ,1, 2.33E+2,0,1,CH5,P5  ,1, 8.17E+2,0,1,CH6,P6,1, 5.01E-2,0,1,
12-04-18,16:59:55,CH1,P1  ,0, 2.00E-2,4,1,CH2,P2  ,1, 5.01E-4,1,1,CH3,P3  ,1, 0.00E+0,0,1,CH4,P4  ,1, 2.33E+2,0,1,CH5,P5  ,1, 8.16E+2,0,1,CH6,P6,1, 6.00E-2,0,1,
12-04-18,17:00:57,CH1,P1  ,0, 2.00E-2,4,1,CH2,P2  ,1, 5.01E-4,1,1,CH3,P3  ,1, 0.00E+0,0,1,CH4,P4  ,1, 2.33E+2,0,1,CH5,P5  ,1, 8.17E+2,0,1,CH6,P6,1, 7.06E-2,0,1,
12-04-18,17:01:59,CH1,P1  ,0, 2.00E-2,4,1,CH2,P2  ,1, 5.01E-4,1,1,CH3,P3  ,1, 0.00E+0,0,1,CH4,P4  ,1, 2.33E+2,0,1,CH5,P5  ,1, 8.17E+2,0,1,CH6,P6,1, 8.26E-2,0,1,
12-04-18,17:02:59,CH1,P1  ,0, 2.00E-2,4,1,CH2,P2  ,1, 5.01E-4,1,1,CH3,P3  ,1, 0.00E+0,0,1,CH4,P4  ,1, 2.33E+2,0,1,CH5,P5  ,1, 8.17E+2,0,1,CH6,P6,1, 9.34E-2,0,1,
12-04-18,17:03:59,CH1,P1  ,0, 2.00E-2,4,1,CH2,P2  ,1, 5.01E-4,1,1,CH3,P3  ,1, 0.00E+0,0,1,CH4,P4  ,1, 2.33E+2,0,1,CH5,P5  ,1, 8.17E+2,0,1,CH6,P6,1, 1.04E-1,0,1,
12-04-18,17:05:01,CH1,P1  ,0, 2.00E-2,4,1,CH2,P2  ,1, 5.01E-4,1,1,CH3,P3  ,1, 0.00E+0,0,1,CH4,P4  ,1, 2.33E+2,0,1,CH5,P5  ,1, 8.16E+2,0,1,CH6,P6,1, 1.15E-1,0,1,
12-04-18,17:06:03,CH1,P1  ,0, 2.00E-2,4,1,CH2,P2  ,1, 5.01E-4,1,1,CH3,P3  ,1, 0.00E+0,0,1,CH4,P4  ,1, 2.33E+2,0,1,CH5,P5  ,1, 8.17E+2,0,1,CH6,P6,1, 1.26E-1,0,1,
12-04-18,17:07:05,CH1,P1  ,0, 2.00E-2,4,1,CH2,P2  ,1, 5.01E-4,1,1,CH3,P3  ,1, 0.00E+0,0,1,CH4,P4  ,1, 2.33E+2,0,1,CH5,P5  ,1, 8.14E+2,0,1,CH6,P6,1, 1.35E-1,0,1,
12-04-18,17:08:05,CH1,P1  ,0, 2.00E-2,4,1,CH2,P2  ,1, 5.01E-4,1,1,CH3,P3  ,1, 0.00E+0,0,1,CH4,P4  ,1, 2.33E+2,0,1,CH5,P5  ,1, 8.16E+2,0,1,CH6,P6,1, 1.43E-1,0,1,
12-04-18,17:10:05,CH1,P1  ,1, 1.00E+3,2,1,CH2,P2  ,1, 5.01E-4,1,1,CH3,P3  ,1, 0.00E+0,0,1,CH4,P4  ,1, 2.33E+2,0,1,CH5,P5  ,1, 8.16E+2,0,1,CH6,P6,1, 1.61E-1,0,1,
12-04-18,17:11:06,CH1,P1  ,1, 1.00E+3,2,1,CH2,P2  ,1, 5.01E-4,1,1,CH3,P3  ,1, 0.00E+0,0,1,CH4,P4  ,1, 2.33E+2,0,1,CH5,P5  ,1, 8.32E+2,0,1,CH6,P6,1, 6.87E+2,0,1,
12-04-18,17:12:06,CH1,P1  ,1, 1.00E+3,2,1,CH2,P2  ,1, 5.01E-4,1,1,CH3,P3  ,1, 0.00E+0,0,1,CH4,P4  ,1, 2.33E+2,0,1,CH5,P5  ,1, 8.33E+2,0,1,CH6,P6,1, 3.62E+2,0,1,
12-04-18,17:13:06,CH1,P1  ,1, 1.00E+3,2,1,CH2,P2  ,1, 5.01E-4,1,1,CH3,P3  ,1, 0.00E+0,0,1,CH4,P4  ,1, 2.33E+2,0,1,CH5,P5  ,1, 8.33E+2,0,1,CH6,P6,1, 1.87E+2,0,1,
12-04-18,17:14:06,CH1,P1  ,1, 1.64E+2,0,1,CH2,P2  ,1, 5.01E-4,1,1,CH3,P3  ,1, 0.00E+0,0,1,CH4,P4  ,1, 2.33E+2,0,1,CH5,P5  ,1, 8.33E+2,0,1,CH6,P6,1, 9.70E+1,0,1,
12-04-18,17:15:07,CH1,P1  ,1, 5.63E+1,0,1,CH2,P2  ,1, 5.01E-4,1,1,CH3,P3  ,1, 0.00E+0,0,1,CH4,P4  ,1, 2.33E+2,0,1,CH5,P5  ,1, 8.33E+2,0,1,CH6,P6,1, 4.95E+1,0,1,
12-04-18,17:16:07,CH1,P1  ,1, 2.64E+1,0,1,CH2,P2  ,1, 5.01E-4,1,1,CH3,P3  ,1, 0.00E+0,0,1,CH4,P4  ,1, 2.33E+2,0,1,CH5,P5  ,1, 8.33E+2,0,1,CH6,P6,1, 2.52E+1,0,1,
12-04-18,17:17:08,CH1,P1  ,1, 1.29E+1,0,1,CH2,P2  ,1, 5.01E-4,1,1,CH3,P3  ,1, 0.00E+0,0,1,CH4,P4  ,1, 2.33E+2,0,1,CH5,P5  ,1, 8.33E+2,0,1,CH6,P6,1, 1.34E+1,0,1,
12-04-18,17:18:08,CH1,P1  ,1, 6.66E+0,0,1,CH2,P2  ,1, 5.01E-4,1,1,CH3,P3  ,1, 0.00E+0,0,1,CH4,P4  ,1, 2.33E+2,0,1,CH5,P5  ,1, 8.33E+2,0,1,CH6,P6,1, 7.41E+0,0,1,
12-04-18,17:19:09,CH1,P1  ,1, 3.77E+0,0,1,CH2,P2  ,1, 5.01E-4,1,1,CH3,P3  ,1, 0.00E+0,0,1,CH4,P4  ,1, 2.33E+2,0,1,CH5,P5  ,1, 8.33E+2,0,1,CH6,P6,1, 4.17E+0,0,1,
12-04-18,17:20:09,CH1,P1  ,1, 2.24E+0,0,1,CH2,P2  ,1, 5.01E-4,1,1,CH3,P3  ,1, 0.00E+0,0,1,CH4,P4  ,1, 2.33E+2,0,1,CH5,P5  ,1, 8.33E+2,0,1,CH6,P6,1, 2.45E+0,0,1,
12-04-18,17:21:09,CH1,P1  ,1, 1.42E+0,0,1,CH2,P2  ,1, 5.01E-4,1,1,CH3,P3  ,1, 0.00E+0,0,1,CH4,P4  ,1, 2.33E+2,0,1,CH5,P5  ,1, 8.33E+2,0,1,CH6,P6,1, 1.57E+0,0,1,
12-04-18,17:22:10,CH1,P1  ,1, 9.79E-1,0,1,CH2,P2  ,1, 5.01E-4,1,1,CH3,P3  ,1, 0.00E+0,0,1,CH4,P4  ,1, 2.33E+2,0,1,CH5,P5  ,1, 8.33E+2,0,1,CH6,P6,1, 1.08E+0,0,1,
12-04-18,17:23:11,CH1,P1  ,1, 5.31E-2,0,1,CH2,P2  ,1, 1.33E-2,0,1,CH3,P3  ,1, 0.00E+0,0,1,CH4,P4  ,1, 2.33E+2,0,1,CH5,P5  ,1, 8.33E+2,0,1,CH6,P6,1, 8.64E-1,0,1,
12-04-18,17:24:11,CH1,P1  ,1, 2.47E-2,0,1,CH2,P2  ,1, 4.98E-3,0,1,CH3,P3  ,1, 0.00E+0,0,1,CH4,P4  ,1, 2.33E+2,0,1,CH5,P5  ,1, 8.33E+2,0,1,CH6,P6,1, 4.24E-1,0,1,
12-04-18,17:25:11,CH1,P1  ,1, 1.51E-2,0,1,CH2,P2  ,1, 2.79E-3,0,1,CH3,P3  ,1, 0.00E+0,0,1,CH4,P4  ,1, 2.33E+2,0,1,CH5,P5  ,1, 8.33E+2,0,1,CH6,P6,1, 2.86E-1,0,1,
12-04-18,17:26:12,CH1,P1  ,1, 1.14E-2,0,1,CH2,P2  ,1, 1.92E-3,0,1,CH3,P3  ,1, 0.00E+0,0,1,CH4,P4  ,1, 2.33E+2,0,1,CH5,P5  ,1, 8.33E+2,0,1,CH6,P6,1, 2.23E-1,0,1,
12-04-18,17:27:12,CH1,P1  ,1, 9.20E-3,0,1,CH2,P2  ,1, 1.53E-3,0,1,CH3,P3  ,1, 0.00E+0,0,1,CH4,P4  ,1, 2.33E+2,0,1,CH5,P5  ,1, 8.33E+2,0,1,CH6,P6,1, 1.89E-1,0,1,
12-04-18,17:28:13,CH1,P1  ,1, 7.89E-3,0,1,CH2,P2  ,1, 1.24E-3,0,1,CH3,P3  ,1, 0.00E+0,0,1,CH4,P4  ,1, 2.33E+2,0,1,CH5,P5  ,1, 8.33E+2,0,1,CH6,P6,1, 1.68E-1,0,1,
12-04-18,17:29:14,CH1,P1  ,1, 7.14E-3,0,1,CH2,P2  ,1, 1.10E-3,0,1,CH3,P3  ,1, 0.00E+0,0,1,CH4,P4  ,1, 2.33E+2,0,1,CH5,P5  ,1, 8.34E+2,0,1,CH6,P6,1, 1.54E-1,0,1,
12-04-18,17:30:14,CH1,P1  ,1, 6.74E-3,0,1,CH2,P2  ,1, 1.02E-3,0,1,CH3,P3  ,1, 0.00E+0,0,1,CH4,P4  ,1, 2.33E+2,0,1,CH5,P5  ,1, 8.34E+2,0,1,CH6,P6,1, 1.43E-1,0,1,
12-04-18,17:31:14,CH1,P1  ,1, 6.28E-3,0,1,CH2,P2  ,1, 9.04E-4,0,1,CH3,P3  ,1, 0.00E+0,0,1,CH4,P4  ,1, 2.33E+2,0,1,CH5,P5  ,1, 8.33E+2,0,1,CH6,P6,1, 1.36E-1,0,1,
12-04-18,17:32:15,CH1,P1  ,1, 5.78E-3,0,1,CH2,P2  ,1, 8.59E-4,0,1,CH3,P3  ,1, 0.00E+0,0,1,CH4,P4  ,1, 2.33E+2,0,1,CH5,P5  ,1, 8.33E+2,0,1,CH6,P6,1, 1.30E-1,0,1,
12-04-18,17:33:15,CH1,P1  ,1, 5.61E-3,0,1,CH2,P2  ,1, 8.08E-4,0,1,CH3,P3  ,1, 0.00E+0,0,1,CH4,P4  ,1, 2.33E+2,0,1,CH5,P5  ,1, 8.34E+2,0,1,CH6,P6,1, 1.25E-1,0,1,
12-04-18,17:34:15,CH1,P1  ,1, 5.44E-3,0,1,CH2,P2  ,1, 7.32E-4,0,1,CH3,P3  ,1, 0.00E+0,0,1,CH4,P4  ,1, 2.33E+2,0,1,CH5,P5  ,1, 8.35E+2,0,1,CH6,P6,1, 1.20E-1,0,1,
12-04-18,17:35:15,CH1,P1  ,1, 5.15E-3,0,1,CH2,P2  ,1, 6.95E-4,0,1,CH3,P3  ,1, 0.00E+0,0,1,CH4,P4  ,1, 2.33E+2,0,1,CH5,P5  ,1, 8.33E+2,0,1,CH6,P6,1, 1.16E-1,0,1,
12-04-18,17:36:16,CH1,P1  ,1, 4.94E-3,0,1,CH2,P2  ,1, 6.95E-4,0,1,CH3,P3  ,1, 0.00E+0,0,1,CH4,P4  ,1, 2.33E+2,0,1,CH5,P5  ,1, 8.36E+2,0,1,CH6,P6,1, 1.12E-1,0,1,
12-04-18,17:37:16,CH1,P1  ,1, 4.76E-3,0,1,CH2,P2  ,1, 6.65E-4,0,1,CH3,P3  ,1, 0.00E+0,0,1,CH4,P4  ,1, 2.33E+2,0,1,CH5,P5  ,1, 8.35E+2,0,1,CH6,P6,1, 1.08E-1,0,1,
12-04-18,17:38:16,CH1,P1  ,1, 4.46E-3,0,1,CH2,P2  ,1, 5.84E-4,0,1,CH3,P3  ,1, 0.00E+0,0,1,CH4,P4  ,1, 2.33E+2,0,1,CH5,P5  ,1, 8.35E+2,0,1,CH6,P6,1, 1.04E-1,0,1,
12-04-18,17:39:16,CH1,P1  ,1, 4.20E-3,0,1,CH2,P2  ,1, 5.36E-4,0,1,CH3,P3  ,1, 0.00E+0,0,1,CH4,P4  ,1, 2.33E+2,0,1,CH5,P5  ,1, 8.35E+2,0,1,CH6,P6,1, 9.92E-2,0,1,
12-04-18,17:40:17,CH1,P1  ,1, 4.07E-3,0,1,CH2,P2  ,1, 5.25E-4,0,1,CH3,P3  ,1, 0.00E+0,0,1,CH4,P4  ,1, 2.33E+2,0,1,CH5,P5  ,1, 8.35E+2,0,1,CH6,P6,1, 9.58E-2,0,1,
12-04-18,17:41:18,CH1,P1  ,1, 3.83E-3,0,1,CH2,P2  ,1, 5.24E-4,0,1,CH3,P3  ,1, 0.00E+0,0,1,CH4,P4  ,1, 2.33E+2,0,1,CH5,P5  ,1, 8.36E+2,0,1,CH6,P6,1, 9.23E-2,0,1,
12-04-18,17:42:18,CH1,P1  ,1, 3.64E-3,0,1,CH2,P2  ,1, 5.01E-4,1,1,CH3,P3  ,1, 0.00E+0,0,1,CH4,P4  ,1, 2.33E+2,0,1,CH5,P5  ,1, 8.35E+2,0,1,CH6,P6,1, 8.96E-2,0,1,
12-04-18,17:43:19,CH1,P1  ,1, 3.47E-3,0,1,CH2,P2  ,1, 5.01E-4,1,1,CH3,P3  ,1,-1.00E+0,0,1,CH4,P4  ,1, 2.33E+2,0,1,CH5,P5  ,1, 8.35E+2,0,1,CH6,P6,1, 8.69E-2,0,1,
12-04-18,17:44:19,CH1,P1  ,1, 3.32E-3,0,1,CH2,P2  ,1, 5.01E-4,1,1,CH3,P3  ,1, 0.00E+0,0,1,CH4,P4  ,1, 2.33E+2,0,1,CH5,P5  ,1, 8.34E+2,0,1,CH6,P6,1, 8.45E-2,0,1,
12-04-18,17:45:19,CH1,P1  ,1, 3.18E-3,0,1,CH2,P2  ,1, 5.01E-4,1,1,CH3,P3  ,1, 0.00E+0,0,1,CH4,P4  ,1, 2.33E+2,0,1,CH5,P5  ,1, 8.34E+2,0,1,CH6,P6,1, 8.23E-2,0,1,
12-04-18,17:46:19,CH1,P1  ,1, 3.05E-3,0,1,CH2,P2  ,1, 5.01E-4,1,1,CH3,P3  ,1, 0.00E+0,0,1,CH4,P4  ,1, 2.33E+2,0,1,CH5,P5  ,1, 8.35E+2,0,1,CH6,P6,1, 8.01E-2,0,1,
12-04-18,17:47:19,CH1,P1  ,1, 2.95E-3,0,1,CH2,P2  ,1, 5.01E-4,1,1,CH3,P3  ,1, 0.00E+0,0,1,CH4,P4  ,1, 2.33E+2,0,1,CH5,P5  ,1, 8.36E+2,0,1,CH6,P6,1, 7.81E-2,0,1,
12-04-18,17:48:20,CH1,P1  ,1, 2.84E-3,0,1,CH2,P2  ,1, 5.01E-4,1,1,CH3,P3  ,1, 0.00E+0,0,1,CH4,P4  ,1, 2.33E+2,0,1,CH5,P5  ,1, 8.36E+2,0,1,CH6,P6,1, 7.60E-2,0,1,
12-04-18,17:49:20,CH1,P1  ,1, 2.72E-3,0,1,CH2,P2  ,1, 5.01E-4,1,1,CH3,P3  ,1, 0.00E+0,0,1,CH4,P4  ,1, 2.33E+2,0,1,CH5,P5  ,1, 8.36E+2,0,1,CH6,P6,1, 7.39E-2,0,1,
12-04-18,17:50:21,CH1,P1  ,1, 2.63E-3,0,1,CH2,P2  ,1, 5.01E-4,1,1,CH3,P3  ,1, 0.00E+0,0,1,CH4,P4  ,1, 2.33E+2,0,1,CH5,P5  ,1, 8.35E+2,0,1,CH6,P6,1, 7.22E-2,0,1,
12-04-18,17:51:21,CH1,P1  ,1, 1.90E-3,0,1,CH2,P2  ,1, 5.01E-4,1,1,CH3,P3  ,1, 0.00E+0,0,1,CH4,P4  ,1, 2.33E+2,0,1,CH5,P5  ,1, 8.35E+2,0,1,CH6,P6,1, 6.22E-2,0,1,
12-04-18,17:52:21,CH1,P1  ,1, 1.29E-3,0,1,CH2,P2  ,1, 5.01E-4,1,1,CH3,P3  ,1,-1.00E+0,0,1,CH4,P4  ,1, 2.33E+2,0,1,CH5,P5  ,1, 8.35E+2,0,1,CH6,P6,1, 5.24E-2,0,1,
12-04-18,17:53:21,CH1,P1  ,1, 9.42E-4,0,1,CH2,P2  ,1, 5.01E-4,1,1,CH3,P3  ,1, 0.00E+0,0,1,CH4,P4  ,1, 2.33E+2,0,1,CH5,P5  ,1, 8.34E+2,0,1,CH6,P6,1, 4.62E-2,0,1,
12-04-18,17:54:21,CH1,P1  ,1, 6.95E-4,0,1,CH2,P2  ,1, 5.01E-4,1,1,CH3,P3  ,1, 0.00E+0,0,1,CH4,P4  ,1, 2.33E+2,0,1,CH5,P5  ,1, 8.36E+2,0,1,CH6,P6,1, 4.13E-2,0,1,
12-04-18,17:55:21,CH1,P1  ,1, 5.31E-4,0,1,CH2,P2  ,1, 5.01E-4,1,1,CH3,P3  ,1, 0.00E+0,0,1,CH4,P4  ,1, 2.33E+2,0,1,CH5,P5  ,1, 8.36E+2,0,1,CH6,P6,1, 3.73E-2,0,1,
12-04-18,17:56:22,CH1,P1  ,1, 4.11E-4,0,1,CH2,P2  ,1, 5.01E-4,1,1,CH3,P3  ,1, 0.00E+0,0,1,CH4,P4  ,1, 2.34E+2,0,1,CH5,P5  ,1, 8.36E+2,0,1,CH6,P6,1, 3.41E-2,0,1,
12-04-18,17:57:22,CH1,P1  ,1, 3.30E-4,0,1,CH2,P2  ,1, 5.01E-4,1,1,CH3,P3  ,1,-1.00E+0,0,1,CH4,P4  ,1, 2.33E+2,0,1,CH5,P5  ,1, 8.37E+2,0,1,CH6,P6,1, 3.16E-2,0,1,
12-04-18,17:58:23,CH1,P1  ,1, 2.63E-4,0,1,CH2,P2  ,1, 5.01E-4,1,1,CH3,P3  ,1,-1.00E+0,0,1,CH4,P4  ,1, 2.33E+2,0,1,CH5,P5  ,1, 8.36E+2,0,1,CH6,P6,1, 2.97E-2,0,1,
12-04-18,17:59:23,CH1,P1  ,1, 2.20E-4,0,1,CH2,P2  ,1, 5.01E-4,1,1,CH3,P3  ,1, 0.00E+0,0,1,CH4,P4  ,1, 2.34E+2,0,1,CH5,P5  ,1, 8.36E+2,0,1,CH6,P6,1, 2.80E-2,0,1,
12-04-18,18:00:23,CH1,P1  ,1, 1.87E-4,0,1,CH2,P2  ,1, 5.01E-4,1,1,CH3,P3  ,1, 0.00E+0,0,1,CH4,P4  ,1, 2.34E+2,0,1,CH5,P5  ,1, 8.36E+2,0,1,CH6,P6,1, 2.67E-2,0,1,
12-04-18,18:01:24,CH1,P1  ,1, 1.64E-4,0,1,CH2,P2  ,1, 5.01E-4,1,1,CH3,P3  ,1,-1.00E+0,0,1,CH4,P4  ,1, 2.34E+2,0,1,CH5,P5  ,1, 8.36E+2,0,1,CH6,P6,1, 2.59E-2,0,1,
12-04-18,18:02:24,CH1,P1  ,1, 1.44E-4,0,1,CH2,P2  ,1, 5.01E-4,1,1,CH3,P3  ,1, 0.00E+0,0,1,CH4,P4  ,1, 2.34E+2,0,1,CH5,P5  ,1, 8.36E+2,0,1,CH6,P6,1, 2.46E-2,0,1,
12-04-18,18:03:25,CH1,P1  ,1, 1.33E-4,0,1,CH2,P2  ,1, 5.01E-4,1,1,CH3,P3  ,1, 0.00E+0,0,1,CH4,P4  ,1, 2.33E+2,0,1,CH5,P5  ,1, 8.36E+2,0,1,CH6,P6,1, 2.40E-2,0,1,
12-04-18,18:04:25,CH1,P1  ,1, 1.21E-4,0,1,CH2,P2  ,1, 5.01E-4,1,1,CH3,P3  ,1,-1.00E+0,0,1,CH4,P4  ,1, 2.33E+2,0,1,CH5,P5  ,1, 8.36E+2,0,1,CH6,P6,1, 2.31E-2,0,1,
12-04-18,18:05:25,CH1,P1  ,1, 1.12E-4,0,1,CH2,P2  ,1, 5.01E-4,1,1,CH3,P3  ,1, 0.00E+0,0,1,CH4,P4  ,1, 2.34E+2,0,1,CH5,P5  ,1, 8.36E+2,0,1,CH6,P6,1, 2.26E-2,0,1,
12-04-18,18:06:26,CH1,P1  ,1, 1.04E-4,0,1,CH2,P2  ,1, 5.01E-4,1,1,CH3,P3  ,1, 0.00E+0,0,1,CH4,P4  ,1, 2.34E+2,0,1,CH5,P5  ,1, 8.37E+2,0,1,CH6,P6,1, 2.20E-2,0,1,
12-04-18,18:07:26,CH1,P1  ,1, 9.77E-5,0,1,CH2,P2  ,1, 5.01E-4,1,1,CH3,P3  ,1, 0.00E+0,0,1,CH4,P4  ,1, 2.34E+2,0,1,CH5,P5  ,1, 8.36E+2,0,1,CH6,P6,1, 2.16E-2,0,1,
12-04-18,18:08:27,CH1,P1  ,1, 9.16E-5,0,1,CH2,P2  ,1, 5.01E-4,1,1,CH3,P3  ,1, 0.00E+0,0,1,CH4,P4  ,1, 2.34E+2,0,1,CH5,P5  ,1, 8.36E+2,0,1,CH6,P6,1, 2.12E-2,0,1,
12-04-18,18:09:27,CH1,P1  ,1, 8.70E-5,0,1,CH2,P2  ,1, 5.01E-4,1,1,CH3,P3  ,1,-1.00E+0,0,1,CH4,P4  ,1, 2.34E+2,0,1,CH5,P5  ,1, 8.35E+2,0,1,CH6,P6,1, 2.08E-2,0,1,
12-04-18,18:10:27,CH1,P1  ,1, 8.34E-5,0,1,CH2,P2  ,1, 5.01E-4,1,1,CH3,P3  ,1,-1.00E+0,0,1,CH4,P4  ,1, 2.33E+2,0,1,CH5,P5  ,1, 8.36E+2,0,1,CH6,P6,1, 2.04E-2,0,1,
12-04-18,18:11:28,CH1,P1  ,1, 7.98E-5,0,1,CH2,P2  ,1, 5.01E-4,1,1,CH3,P3  ,1, 0.00E+0,0,1,CH4,P4  ,1, 2.34E+2,0,1,CH5,P5  ,1, 8.36E+2,0,1,CH6,P6,1, 2.01E-2,0,1,
12-04-18,18:12:29,CH1,P1  ,1, 7.68E-5,0,1,CH2,P2  ,1, 5.01E-4,1,1,CH3,P3  ,1, 0.00E+0,0,1,CH4,P4  ,1, 2.34E+2,0,1,CH5,P5  ,1, 8.37E+2,0,1,CH6,P6,1, 1.99E-2,0,1,
12-04-18,18:13:29,CH1,P1  ,1, 7.40E-5,0,1,CH2,P2  ,1, 5.01E-4,1,1,CH3,P3  ,1,-1.00E+0,0,1,CH4,P4  ,1, 2.34E+2,0,1,CH5,P5  ,1, 8.36E+2,0,1,CH6,P6,1, 1.97E-2,0,1,
12-04-18,18:14:29,CH1,P1  ,1, 7.25E-5,0,1,CH2,P2  ,1, 5.01E-4,1,1,CH3,P3  ,1, 0.00E+0,0,1,CH4,P4  ,1, 2.34E+2,0,1,CH5,P5  ,1, 8.37E+2,0,1,CH6,P6,1, 1.94E-2,0,1,
12-04-18,18:15:29,CH1,P1  ,1, 7.01E-5,0,1,CH2,P2  ,1, 5.01E-4,1,1,CH3,P3  ,1, 0.00E+0,0,1,CH4,P4  ,1, 2.34E+2,0,1,CH5,P5  ,1, 8.36E+2,0,1,CH6,P6,1, 1.92E-2,0,1,
12-04-18,18:16:29,CH1,P1  ,1, 6.77E-5,0,1,CH2,P2  ,1, 5.01E-4,1,1,CH3,P3  ,1, 0.00E+0,0,1,CH4,P4  ,1, 2.34E+2,0,1,CH5,P5  ,1, 8.36E+2,0,1,CH6,P6,1, 1.90E-2,0,1,
12-04-18,18:17:30,CH1,P1  ,1, 6.59E-5,0,1,CH2,P2  ,1, 5.01E-4,1,1,CH3,P3  ,1,-1.00E+0,0,1,CH4,P4  ,1, 2.34E+2,0,1,CH5,P5  ,1, 8.37E+2,0,1,CH6,P6,1, 1.88E-2,0,1,
12-04-18,18:18:30,CH1,P1  ,1, 6.44E-5,0,1,CH2,P2  ,1, 5.01E-4,1,1,CH3,P3  ,1,-1.00E+0,0,1,CH4,P4  ,1, 2.34E+2,0,1,CH5,P5  ,1, 8.37E+2,0,1,CH6,P6,1, 1.86E-2,0,1,
12-04-18,18:19:30,CH1,P1  ,1, 6.26E-5,0,1,CH2,P2  ,1, 5.01E-4,1,1,CH3,P3  ,1,-1.00E+0,0,1,CH4,P4  ,1, 2.34E+2,0,1,CH5,P5  ,1, 8.36E+2,0,1,CH6,P6,1, 1.86E-2,0,1,
12-04-18,18:20:31,CH1,P1  ,1, 6.14E-5,0,1,CH2,P2  ,1, 5.01E-4,1,1,CH3,P3  ,1, 0.00E+0,0,1,CH4,P4  ,1, 2.34E+2,0,1,CH5,P5  ,1, 8.37E+2,0,1,CH6,P6,1, 1.84E-2,0,1,
12-04-18,18:21:31,CH1,P1  ,1, 6.01E-5,0,1,CH2,P2  ,1, 5.01E-4,1,1,CH3,P3  ,1,-1.00E+0,0,1,CH4,P4  ,1, 2.34E+2,0,1,CH5,P5  ,1, 8.36E+2,0,1,CH6,P6,1, 1.82E-2,0,1,
12-04-18,18:22:31,CH1,P1  ,1, 5.92E-5,0,1,CH2,P2  ,1, 5.01E-4,1,1,CH3,P3  ,1,-1.00E+0,0,1,CH4,P4  ,1, 2.34E+2,0,1,CH5,P5  ,1, 8.36E+2,0,1,CH6,P6,1, 1.80E-2,0,1,
12-04-18,18:23:31,CH1,P1  ,1, 5.82E-5,0,1,CH2,P2  ,1, 5.01E-4,1,1,CH3,P3  ,1, 0.00E+0,0,1,CH4,P4  ,1, 2.34E+2,0,1,CH5,P5  ,1, 8.37E+2,0,1,CH6,P6,1, 1.83E-2,0,1,
12-04-18,18:24:32,CH1,P1  ,1, 5.73E-5,0,1,CH2,P2  ,1, 5.01E-4,1,1,CH3,P3  ,1,-1.00E+0,0,1,CH4,P4  ,1, 2.34E+2,0,1,CH5,P5  ,1, 8.36E+2,0,1,CH6,P6,1, 1.80E-2,0,1,
12-04-18,18:25:32,CH1,P1  ,1, 5.62E-5,0,1,CH2,P2  ,1, 5.01E-4,1,1,CH3,P3  ,1,-1.00E+0,0,1,CH4,P4  ,1, 2.34E+2,0,1,CH5,P5  ,1, 8.36E+2,0,1,CH6,P6,1, 1.78E-2,0,1,
12-04-18,18:26:32,CH1,P1  ,1, 5.52E-5,0,1,CH2,P2  ,1, 5.01E-4,1,1,CH3,P3  ,1, 0.00E+0,0,1,CH4,P4  ,1, 2.34E+2,0,1,CH5,P5  ,1, 8.36E+2,0,1,CH6,P6,1, 1.76E-2,0,1,
12-04-18,18:27:32,CH1,P1  ,1, 5.43E-5,0,1,CH2,P2  ,1, 5.01E-4,1,1,CH3,P3  ,1, 0.00E+0,0,1,CH4,P4  ,1, 2.34E+2,0,1,CH5,P5  ,1, 8.36E+2,0,1,CH6,P6,1, 1.75E-2,0,1,
12-04-18,18:28:32,CH1,P1  ,1, 5.32E-5,0,1,CH2,P2  ,1, 5.01E-4,1,1,CH3,P3  ,1,-1.00E+0,0,1,CH4,P4  ,1, 2.34E+2,0,1,CH5,P5  ,1, 8.36E+2,0,1,CH6,P6,1, 1.73E-2,0,1,
12-04-18,18:29:33,CH1,P1  ,1, 5.25E-5,0,1,CH2,P2  ,1, 5.01E-4,1,1,CH3,P3  ,1,-1.00E+0,0,1,CH4,P4  ,1, 2.34E+2,0,1,CH5,P5  ,1, 8.38E+2,0,1,CH6,P6,1, 1.72E-2,0,1,
12-04-18,18:30:33,CH1,P1  ,1, 5.17E-5,0,1,CH2,P2  ,1, 5.01E-4,1,1,CH3,P3  ,1, 0.00E+0,0,1,CH4,P4  ,1, 2.34E+2,0,1,CH5,P5  ,1, 8.37E+2,0,1,CH6,P6,1, 1.70E-2,0,1,
12-04-18,18:31:33,CH1,P1  ,1, 5.09E-5,0,1,CH2,P2  ,1, 5.01E-4,1,1,CH3,P3  ,1, 0.00E+0,0,1,CH4,P4  ,1, 2.34E+2,0,1,CH5,P5  ,1, 8.37E+2,0,1,CH6,P6,1, 1.70E-2,0,1,
12-04-18,18:32:34,CH1,P1  ,1, 5.02E-5,0,1,CH2,P2  ,1, 5.01E-4,1,1,CH3,P3  ,1, 0.00E+0,0,1,CH4,P4  ,1, 2.34E+2,0,1,CH5,P5  ,1, 8.38E+2,0,1,CH6,P6,1, 1.69E-2,0,1,
12-04-18,18:33:34,CH1,P1  ,1, 4.94E-5,0,1,CH2,P2  ,1, 5.01E-4,1,1,CH3,P3  ,1, 0.00E+0,0,1,CH4,P4  ,1, 2.34E+2,0,1,CH5,P5  ,1, 8.38E+2,0,1,CH6,P6,1, 1.67E-2,0,1,
12-04-18,18:34:34,CH1,P1  ,1, 4.88E-5,0,1,CH2,P2  ,1, 5.01E-4,1,1,CH3,P3  ,1,-1.00E+0,0,1,CH4,P4  ,1, 2.34E+2,0,1,CH5,P5  ,1, 8.38E+2,0,1,CH6,P6,1, 1.66E-2,0,1,
12-04-18,18:35:34,CH1,P1  ,1, 4.82E-5,0,1,CH2,P2  ,1, 5.01E-4,1,1,CH3,P3  ,1,-1.00E+0,0,1,CH4,P4  ,1, 2.34E+2,0,1,CH5,P5  ,1, 8.37E+2,0,1,CH6,P6,1, 1.66E-2,0,1,
12-04-18,18:36:34,CH1,P1  ,1, 4.76E-5,0,1,CH2,P2  ,1, 5.01E-4,1,1,CH3,P3  ,1,-1.00E+0,0,1,CH4,P4  ,1, 2.34E+2,0,1,CH5,P5  ,1, 8.38E+2,0,1,CH6,P6,1, 1.64E-2,0,1,
12-04-18,18:37:34,CH1,P1  ,1, 4.70E-5,0,1,CH2,P2  ,1, 5.01E-4,1,1,CH3,P3  ,1,-1.00E+0,0,1,CH4,P4  ,1, 2.34E+2,0,1,CH5,P5  ,1, 8.38E+2,0,1,CH6,P6,1, 1.63E-2,0,1,
12-04-18,18:38:34,CH1,P1  ,1, 4.65E-5,0,1,CH2,P2  ,1, 5.01E-4,1,1,CH3,P3  ,1,-1.00E+0,0,1,CH4,P4  ,1, 2.34E+2,0,1,CH5,P5  ,1, 8.37E+2,0,1,CH6,P6,1, 1.63E-2,0,1,
12-04-18,18:39:34,CH1,P1  ,1, 4.60E-5,0,1,CH2,P2  ,1, 5.01E-4,1,1,CH3,P3  ,1,-1.00E+0,0,1,CH4,P4  ,1, 2.34E+2,0,1,CH5,P5  ,1, 8.38E+2,0,1,CH6,P6,1, 1.63E-2,0,1,
12-04-18,18:40:35,CH1,P1  ,1, 4.53E-5,0,1,CH2,P2  ,1, 5.01E-4,1,1,CH3,P3  ,1,-1.00E+0,0,1,CH4,P4  ,1, 2.34E+2,0,1,CH5,P5  ,1, 8.38E+2,0,1,CH6,P6,1, 1.61E-2,0,1,
12-04-18,18:41:36,CH1,P1  ,1, 4.47E-5,0,1,CH2,P2  ,1, 5.01E-4,1,1,CH3,P3  ,1, 0.00E+0,0,1,CH4,P4  ,1, 2.34E+2,0,1,CH5,P5  ,1, 8.38E+2,0,1,CH6,P6,1, 1.60E-2,0,1,
12-04-18,18:42:36,CH1,P1  ,1, 4.41E-5,0,1,CH2,P2  ,1, 5.01E-4,1,1,CH3,P3  ,1, 0.00E+0,0,1,CH4,P4  ,1, 2.34E+2,0,1,CH5,P5  ,1, 8.38E+2,0,1,CH6,P6,1, 1.59E-2,0,1,
12-04-18,18:43:36,CH1,P1  ,1, 4.36E-5,0,1,CH2,P2  ,1, 5.01E-4,1,1,CH3,P3  ,1,-1.00E+0,0,1,CH4,P4  ,1, 2.34E+2,0,1,CH5,P5  ,1, 8.38E+2,0,1,CH6,P6,1, 1.58E-2,0,1,
12-04-18,18:44:36,CH1,P1  ,1, 4.31E-5,0,1,CH2,P2  ,1, 5.01E-4,1,1,CH3,P3  ,1,-1.00E+0,0,1,CH4,P4  ,1, 2.34E+2,0,1,CH5,P5  ,1, 8.37E+2,0,1,CH6,P6,1, 1.57E-2,0,1,
12-04-18,18:45:36,CH1,P1  ,1, 4.26E-5,0,1,CH2,P2  ,1, 5.01E-4,1,1,CH3,P3  ,1,-1.00E+0,0,1,CH4,P4  ,1, 2.34E+2,0,1,CH5,P5  ,1, 8.38E+2,0,1,CH6,P6,1, 1.57E-2,0,1,
12-04-18,18:46:37,CH1,P1  ,1, 4.20E-5,0,1,CH2,P2  ,1, 5.01E-4,1,1,CH3,P3  ,1,-1.00E+0,0,1,CH4,P4  ,1, 2.34E+2,0,1,CH5,P5  ,1, 8.39E+2,0,1,CH6,P6,1, 1.56E-2,0,1,
12-04-18,18:47:37,CH1,P1  ,1, 4.17E-5,0,1,CH2,P2  ,1, 5.01E-4,1,1,CH3,P3  ,1, 0.00E+0,0,1,CH4,P4  ,1, 2.34E+2,0,1,CH5,P5  ,1, 8.38E+2,0,1,CH6,P6,1, 1.55E-2,0,1,
12-04-18,18:48:37,CH1,P1  ,1, 4.13E-5,0,1,CH2,P2  ,1, 5.01E-4,1,1,CH3,P3  ,1,-1.00E+0,0,1,CH4,P4  ,1, 2.34E+2,0,1,CH5,P5  ,1, 8.38E+2,0,1,CH6,P6,1, 1.54E-2,0,1,
12-04-18,18:49:37,CH1,P1  ,1, 4.10E-5,0,1,CH2,P2  ,1, 5.01E-4,1,1,CH3,P3  ,1,-1.00E+0,0,1,CH4,P4  ,1, 2.34E+2,0,1,CH5,P5  ,1, 8.37E+2,0,1,CH6,P6,1, 1.54E-2,0,1,
12-04-18,18:50:37,CH1,P1  ,1, 4.05E-5,0,1,CH2,P2  ,1, 5.01E-4,1,1,CH3,P3  ,1, 0.00E+0,0,1,CH4,P4  ,1, 2.34E+2,0,1,CH5,P5  ,1, 8.39E+2,0,1,CH6,P6,1, 1.53E-2,0,1,
12-04-18,18:51:38,CH1,P1  ,1, 4.03E-5,0,1,CH2,P2  ,1, 5.01E-4,1,1,CH3,P3  ,1, 0.00E+0,0,1,CH4,P4  ,1, 2.34E+2,0,1,CH5,P5  ,1, 8.38E+2,0,1,CH6,P6,1, 1.52E-2,0,1,
12-04-18,18:52:38,CH1,P1  ,1, 3.99E-5,0,1,CH2,P2  ,1, 5.01E-4,1,1,CH3,P3  ,1, 0.00E+0,0,1,CH4,P4  ,1, 2.34E+2,0,1,CH5,P5  ,1, 8.38E+2,0,1,CH6,P6,1, 1.51E-2,0,1,
12-04-18,18:53:39,CH1,P1  ,1, 3.95E-5,0,1,CH2,P2  ,1, 5.01E-4,1,1,CH3,P3  ,1,-1.00E+0,0,1,CH4,P4  ,1, 2.34E+2,0,1,CH5,P5  ,1, 8.37E+2,0,1,CH6,P6,1, 1.51E-2,0,1,
12-04-18,18:54:39,CH1,P1  ,1, 3.91E-5,0,1,CH2,P2  ,1, 5.01E-4,1,1,CH3,P3  ,1, 0.00E+0,0,1,CH4,P4  ,1, 2.34E+2,0,1,CH5,P5  ,1, 8.38E+2,0,1,CH6,P6,1, 1.50E-2,0,1,
12-04-18,18:55:39,CH1,P1  ,1, 3.87E-5,0,1,CH2,P2  ,1, 5.01E-4,1,1,CH3,P3  ,1,-1.00E+0,0,1,CH4,P4  ,1, 2.34E+2,0,1,CH5,P5  ,1, 8.38E+2,0,1,CH6,P6,1, 1.49E-2,0,1,
12-04-18,18:56:40,CH1,P1  ,1, 3.84E-5,0,1,CH2,P2  ,1, 5.01E-4,1,1,CH3,P3  ,1,-1.00E+0,0,1,CH4,P4  ,1, 2.34E+2,0,1,CH5,P5  ,1, 8.38E+2,0,1,CH6,P6,1, 1.48E-2,0,1,
12-04-18,18:57:40,CH1,P1  ,1, 3.80E-5,0,1,CH2,P2  ,1, 5.01E-4,1,1,CH3,P3  ,1, 0.00E+0,0,1,CH4,P4  ,1, 2.34E+2,0,1,CH5,P5  ,1, 8.37E+2,0,1,CH6,P6,1, 1.47E-2,0,1,
12-04-18,18:58:40,CH1,P1  ,1, 3.92E-5,0,1,CH2,P2  ,1, 5.01E-4,1,1,CH3,P3  ,1,-1.00E+0,0,1,CH4,P4  ,1, 2.34E+2,0,1,CH5,P5  ,1, 8.38E+2,0,1,CH6,P6,1, 1.47E-2,0,1,
12-04-18,18:59:40,CH1,P1  ,1, 4.02E-5,0,1,CH2,P2  ,1, 5.01E-4,1,1,CH3,P3  ,1, 0.00E+0,0,1,CH4,P4  ,1, 2.34E+2,0,1,CH5,P5  ,1, 8.37E+2,0,1,CH6,P6,1, 1.47E-2,0,1,
12-04-18,19:00:40,CH1,P1  ,1, 3.99E-5,0,1,CH2,P2  ,1, 5.01E-4,1,1,CH3,P3  ,1,-1.00E+0,0,1,CH4,P4  ,1, 2.34E+2,0,1,CH5,P5  ,1, 8.37E+2,0,1,CH6,P6,1, 1.47E-2,0,1,
12-04-18,19:01:41,CH1,P1  ,1, 3.94E-5,0,1,CH2,P2  ,1, 5.01E-4,1,1,CH3,P3  ,1, 0.00E+0,0,1,CH4,P4  ,1, 2.34E+2,0,1,CH5,P5  ,1, 8.38E+2,0,1,CH6,P6,1, 1.46E-2,0,1,
12-04-18,19:02:41,CH1,P1  ,1, 3.87E-5,0,1,CH2,P2  ,1, 5.01E-4,1,1,CH3,P3  ,1, 0.00E+0,0,1,CH4,P4  ,1, 2.34E+2,0,1,CH5,P5  ,1, 8.38E+2,0,1,CH6,P6,1, 1.45E-2,0,1,
12-04-18,19:03:41,CH1,P1  ,1, 3.81E-5,0,1,CH2,P2  ,1, 5.01E-4,1,1,CH3,P3  ,1,-1.00E+0,0,1,CH4,P4  ,1, 2.34E+2,0,1,CH5,P5  ,1, 8.38E+2,0,1,CH6,P6,1, 1.45E-2,0,1,
12-04-18,19:04:42,CH1,P1  ,1, 3.88E-5,0,1,CH2,P2  ,1, 5.01E-4,1,1,CH3,P3  ,1,-1.00E+0,0,1,CH4,P4  ,1, 2.34E+2,0,1,CH5,P5  ,1, 8.37E+2,0,1,CH6,P6,1, 1.46E-2,0,1,
12-04-18,19:05:42,CH1,P1  ,1, 3.73E-5,0,1,CH2,P2  ,1, 5.01E-4,1,1,CH3,P3  ,1, 0.00E+0,0,1,CH4,P4  ,1, 2.34E+2,0,1,CH5,P5  ,1, 8.38E+2,0,1,CH6,P6,1, 1.45E-2,0,1,
12-04-18,19:06:42,CH1,P1  ,1, 3.70E-5,0,1,CH2,P2  ,1, 5.01E-4,1,1,CH3,P3  ,1, 0.00E+0,0,1,CH4,P4  ,1, 2.34E+2,0,1,CH5,P5  ,1, 8.38E+2,0,1,CH6,P6,1, 1.44E-2,0,1,
12-04-18,19:07:43,CH1,P1  ,1, 3.64E-5,0,1,CH2,P2  ,1, 5.01E-4,1,1,CH3,P3  ,1,-1.00E+0,0,1,CH4,P4  ,1, 2.34E+2,0,1,CH5,P5  ,1, 8.38E+2,0,1,CH6,P6,1, 1.43E-2,0,1,
12-04-18,19:08:43,CH1,P1  ,1, 3.59E-5,0,1,CH2,P2  ,1, 5.01E-4,1,1,CH3,P3  ,1,-1.00E+0,0,1,CH4,P4  ,1, 2.34E+2,0,1,CH5,P5  ,1, 8.38E+2,0,1,CH6,P6,1, 1.42E-2,0,1,
12-04-18,19:09:43,CH1,P1  ,1, 3.55E-5,0,1,CH2,P2  ,1, 5.01E-4,1,1,CH3,P3  ,1,-1.00E+0,0,1,CH4,P4  ,1, 2.34E+2,0,1,CH5,P5  ,1, 8.38E+2,0,1,CH6,P6,1, 1.42E-2,0,1,
12-04-18,19:10:43,CH1,P1  ,1, 3.49E-5,0,1,CH2,P2  ,1, 5.01E-4,1,1,CH3,P3  ,1,-1.00E+0,0,1,CH4,P4  ,1, 2.34E+2,0,1,CH5,P5  ,1, 8.37E+2,0,1,CH6,P6,1, 1.41E-2,0,1,
12-04-18,19:11:44,CH1,P1  ,1, 3.46E-5,0,1,CH2,P2  ,1, 5.01E-4,1,1,CH3,P3  ,1,-1.00E+0,0,1,CH4,P4  ,1, 2.34E+2,0,1,CH5,P5  ,1, 8.37E+2,0,1,CH6,P6,1, 1.41E-2,0,1,
12-04-18,19:12:44,CH1,P1  ,1, 3.42E-5,0,1,CH2,P2  ,1, 5.01E-4,1,1,CH3,P3  ,1, 0.00E+0,0,1,CH4,P4  ,1, 2.34E+2,0,1,CH5,P5  ,1, 8.38E+2,0,1,CH6,P6,1, 1.40E-2,0,1,
12-04-18,19:13:45,CH1,P1  ,1, 3.39E-5,0,1,CH2,P2  ,1, 5.01E-4,1,1,CH3,P3  ,1,-1.00E+0,0,1,CH4,P4  ,1, 2.34E+2,0,1,CH5,P5  ,1, 8.37E+2,0,1,CH6,P6,1, 1.39E-2,0,1,
12-04-18,19:14:45,CH1,P1  ,1, 3.36E-5,0,1,CH2,P2  ,1, 5.01E-4,1,1,CH3,P3  ,1,-1.00E+0,0,1,CH4,P4  ,1, 2.34E+2,0,1,CH5,P5  ,1, 8.38E+2,0,1,CH6,P6,1, 1.39E-2,0,1,
12-04-18,19:15:46,CH1,P1  ,1, 3.33E-5,0,1,CH2,P2  ,1, 5.01E-4,1,1,CH3,P3  ,1,-1.00E+0,0,1,CH4,P4  ,1, 2.34E+2,0,1,CH5,P5  ,1, 8.37E+2,0,1,CH6,P6,1, 1.38E-2,0,1,
12-04-18,19:16:46,CH1,P1  ,1, 3.30E-5,0,1,CH2,P2  ,1, 5.01E-4,1,1,CH3,P3  ,1, 0.00E+0,0,1,CH4,P4  ,1, 2.34E+2,0,1,CH5,P5  ,1, 8.38E+2,0,1,CH6,P6,1, 1.38E-2,0,1,
12-04-18,19:17:46,CH1,P1  ,1, 3.26E-5,0,1,CH2,P2  ,1, 5.01E-4,1,1,CH3,P3  ,1, 0.00E+0,0,1,CH4,P4  ,1, 2.34E+2,0,1,CH5,P5  ,1, 8.38E+2,0,1,CH6,P6,1, 1.37E-2,0,1,
12-04-18,19:18:46,CH1,P1  ,1, 3.24E-5,0,1,CH2,P2  ,1, 5.01E-4,1,1,CH3,P3  ,1,-1.00E+0,0,1,CH4,P4  ,1, 2.34E+2,0,1,CH5,P5  ,1, 8.38E+2,0,1,CH6,P6,1, 1.36E-2,0,1,
12-04-18,19:19:47,CH1,P1  ,1, 3.22E-5,0,1,CH2,P2  ,1, 5.01E-4,1,1,CH3,P3  ,1, 0.00E+0,0,1,CH4,P4  ,1, 2.34E+2,0,1,CH5,P5  ,1, 8.38E+2,0,1,CH6,P6,1, 1.35E-2,0,1,
12-04-18,19:20:47,CH1,P1  ,1, 3.20E-5,0,1,CH2,P2  ,1, 5.01E-4,1,1,CH3,P3  ,1, 0.00E+0,0,1,CH4,P4  ,1, 2.34E+2,0,1,CH5,P5  ,1, 8.38E+2,0,1,CH6,P6,1, 1.35E-2,0,1,
12-04-18,19:21:47,CH1,P1  ,1, 3.17E-5,0,1,CH2,P2  ,1, 5.01E-4,1,1,CH3,P3  ,1, 0.00E+0,0,1,CH4,P4  ,1, 2.34E+2,0,1,CH5,P5  ,1, 8.37E+2,0,1,CH6,P6,1, 1.35E-2,0,1,
12-04-18,19:22:47,CH1,P1  ,1, 3.14E-5,0,1,CH2,P2  ,1, 5.01E-4,1,1,CH3,P3  ,1, 0.00E+0,0,1,CH4,P4  ,1, 2.34E+2,0,1,CH5,P5  ,1, 8.38E+2,0,1,CH6,P6,1, 1.35E-2,0,1,
12-04-18,19:23:48,CH1,P1  ,1, 3.11E-5,0,1,CH2,P2  ,1, 5.01E-4,1,1,CH3,P3  ,1,-1.00E+0,0,1,CH4,P4  ,1, 2.34E+2,0,1,CH5,P5  ,1, 8.37E+2,0,1,CH6,P6,1, 1.34E-2,0,1,
12-04-18,19:24:49,CH1,P1  ,1, 3.08E-5,0,1,CH2,P2  ,1, 5.01E-4,1,1,CH3,P3  ,1,-1.00E+0,0,1,CH4,P4  ,1, 2.34E+2,0,1,CH5,P5  ,1, 8.38E+2,0,1,CH6,P6,1, 1.33E-2,0,1,
12-04-18,19:25:49,CH1,P1  ,1, 3.07E-5,0,1,CH2,P2  ,1, 5.01E-4,1,1,CH3,P3  ,1, 0.00E+0,0,1,CH4,P4  ,1, 2.34E+2,0,1,CH5,P5  ,1, 8.38E+2,0,1,CH6,P6,1, 1.33E-2,0,1,
12-04-18,19:26:49,CH1,P1  ,1, 3.06E-5,0,1,CH2,P2  ,1, 5.01E-4,1,1,CH3,P3  ,1, 0.00E+0,0,1,CH4,P4  ,1, 2.34E+2,0,1,CH5,P5  ,1, 8.37E+2,0,1,CH6,P6,1, 1.32E-2,0,1,
12-04-18,19:27:50,CH1,P1  ,1, 3.02E-5,0,1,CH2,P2  ,1, 5.01E-4,1,1,CH3,P3  ,1,-1.00E+0,0,1,CH4,P4  ,1, 2.34E+2,0,1,CH5,P5  ,1, 8.38E+2,0,1,CH6,P6,1, 1.32E-2,0,1,
12-04-18,19:28:50,CH1,P1  ,1, 3.01E-5,0,1,CH2,P2  ,1, 5.01E-4,1,1,CH3,P3  ,1, 0.00E+0,0,1,CH4,P4  ,1, 2.34E+2,0,1,CH5,P5  ,1, 8.38E+2,0,1,CH6,P6,1, 1.32E-2,0,1,
12-04-18,19:29:50,CH1,P1  ,1, 2.99E-5,0,1,CH2,P2  ,1, 5.01E-4,1,1,CH3,P3  ,1, 0.00E+0,0,1,CH4,P4  ,1, 2.34E+2,0,1,CH5,P5  ,1, 8.38E+2,0,1,CH6,P6,1, 1.31E-2,0,1,
12-04-18,19:30:50,CH1,P1  ,1, 2.96E-5,0,1,CH2,P2  ,1, 5.01E-4,1,1,CH3,P3  ,1,-1.00E+0,0,1,CH4,P4  ,1, 2.34E+2,0,1,CH5,P5  ,1, 8.38E+2,0,1,CH6,P6,1, 1.30E-2,0,1,
12-04-18,19:31:50,CH1,P1  ,1, 2.95E-5,0,1,CH2,P2  ,1, 5.01E-4,1,1,CH3,P3  ,1, 0.00E+0,0,1,CH4,P4  ,1, 2.34E+2,0,1,CH5,P5  ,1, 8.38E+2,0,1,CH6,P6,1, 1.29E-2,0,1,
12-04-18,19:32:51,CH1,P1  ,1, 2.93E-5,0,1,CH2,P2  ,1, 5.01E-4,1,1,CH3,P3  ,1,-1.00E+0,0,1,CH4,P4  ,1, 2.34E+2,0,1,CH5,P5  ,1, 8.37E+2,0,1,CH6,P6,1, 1.29E-2,0,1,
12-04-18,19:33:51,CH1,P1  ,1, 2.90E-5,0,1,CH2,P2  ,1, 5.01E-4,1,1,CH3,P3  ,1,-1.00E+0,0,1,CH4,P4  ,1, 2.34E+2,0,1,CH5,P5  ,1, 8.38E+2,0,1,CH6,P6,1, 1.29E-2,0,1,
12-04-18,19:34:52,CH1,P1  ,1, 2.88E-5,0,1,CH2,P2  ,1, 5.01E-4,1,1,CH3,P3  ,1, 0.00E+0,0,1,CH4,P4  ,1, 2.34E+2,0,1,CH5,P5  ,1, 8.37E+2,0,1,CH6,P6,1, 1.29E-2,0,1,
12-04-18,19:35:52,CH1,P1  ,1, 2.86E-5,0,1,CH2,P2  ,1, 5.01E-4,1,1,CH3,P3  ,1, 0.00E+0,0,1,CH4,P4  ,1, 2.34E+2,0,1,CH5,P5  ,1, 8.37E+2,0,1,CH6,P6,1, 1.28E-2,0,1,
12-04-18,19:36:53,CH1,P1  ,1, 2.84E-5,0,1,CH2,P2  ,1, 5.01E-4,1,1,CH3,P3  ,1,-1.00E+0,0,1,CH4,P4  ,1, 2.34E+2,0,1,CH5,P5  ,1, 8.38E+2,0,1,CH6,P6,1, 1.28E-2,0,1,
12-04-18,19:37:53,CH1,P1  ,1, 2.83E-5,0,1,CH2,P2  ,1, 5.01E-4,1,1,CH3,P3  ,1, 0.00E+0,0,1,CH4,P4  ,1, 2.34E+2,0,1,CH5,P5  ,1, 8.39E+2,0,1,CH6,P6,1, 1.28E-2,0,1,
12-04-18,19:38:53,CH1,P1  ,1, 2.80E-5,0,1,CH2,P2  ,1, 5.01E-4,1,1,CH3,P3  ,1, 0.00E+0,0,1,CH4,P4  ,1, 2.34E+2,0,1,CH5,P5  ,1, 8.38E+2,0,1,CH6,P6,1, 1.27E-2,0,1,
12-04-18,19:39:53,CH1,P1  ,1, 2.79E-5,0,1,CH2,P2  ,1, 5.01E-4,1,1,CH3,P3  ,1, 0.00E+0,0,1,CH4,P4  ,1, 2.34E+2,0,1,CH5,P5  ,1, 8.38E+2,0,1,CH6,P6,1, 1.27E-2,0,1,
12-04-18,19:40:53,CH1,P1  ,1, 2.77E-5,0,1,CH2,P2  ,1, 5.01E-4,1,1,CH3,P3  ,1,-1.00E+0,0,1,CH4,P4  ,1, 2.34E+2,0,1,CH5,P5  ,1, 8.38E+2,0,1,CH6,P6,1, 1.26E-2,0,1,
12-04-18,19:41:53,CH1,P1  ,1, 2.76E-5,0,1,CH2,P2  ,1, 5.01E-4,1,1,CH3,P3  ,1, 0.00E+0,0,1,CH4,P4  ,1, 2.34E+2,0,1,CH5,P5  ,1, 8.38E+2,0,1,CH6,P6,1, 1.26E-2,0,1,
12-04-18,19:42:54,CH1,P1  ,1, 2.75E-5,0,1,CH2,P2  ,1, 5.01E-4,1,1,CH3,P3  ,1,-1.00E+0,0,1,CH4,P4  ,1, 2.34E+2,0,1,CH5,P5  ,1, 8.37E+2,0,1,CH6,P6,1, 1.26E-2,0,1,
12-04-18,19:43:54,CH1,P1  ,1, 2.72E-5,0,1,CH2,P2  ,1, 5.01E-4,1,1,CH3,P3  ,1, 0.00E+0,0,1,CH4,P4  ,1, 2.34E+2,0,1,CH5,P5  ,1, 8.37E+2,0,1,CH6,P6,1, 1.26E-2,0,1,
12-04-18,19:44:54,CH1,P1  ,1, 2.70E-5,0,1,CH2,P2  ,1, 5.01E-4,1,1,CH3,P3  ,1, 0.00E+0,0,1,CH4,P4  ,1, 2.34E+2,0,1,CH5,P5  ,1, 8.37E+2,0,1,CH6,P6,1, 1.25E-2,0,1,
12-04-18,19:45:55,CH1,P1  ,1, 2.72E-5,0,1,CH2,P2  ,1, 5.01E-4,1,1,CH3,P3  ,1, 0.00E+0,0,1,CH4,P4  ,1, 2.34E+2,0,1,CH5,P5  ,1, 8.39E+2,0,1,CH6,P6,1, 1.25E-2,0,1,
12-04-18,19:46:56,CH1,P1  ,1, 2.66E-5,0,1,CH2,P2  ,1, 5.01E-4,1,1,CH3,P3  ,1, 0.00E+0,0,1,CH4,P4  ,1, 2.34E+2,0,1,CH5,P5  ,1, 8.36E+2,0,1,CH6,P6,1, 1.25E-2,0,1,
12-04-18,19:47:56,CH1,P1  ,1, 2.64E-5,0,1,CH2,P2  ,1, 5.01E-4,1,1,CH3,P3  ,1,-1.00E+0,0,1,CH4,P4  ,1, 2.34E+2,0,1,CH5,P5  ,1, 8.37E+2,0,1,CH6,P6,1, 1.24E-2,0,1,
12-04-18,19:48:56,CH1,P1  ,1, 2.62E-5,0,1,CH2,P2  ,1, 5.01E-4,1,1,CH3,P3  ,1,-1.00E+0,0,1,CH4,P4  ,1, 2.34E+2,0,1,CH5,P5  ,1, 8.37E+2,0,1,CH6,P6,1, 1.24E-2,0,1,
12-04-18,19:49:56,CH1,P1  ,1, 2.60E-5,0,1,CH2,P2  ,1, 5.01E-4,1,1,CH3,P3  ,1,-1.00E+0,0,1,CH4,P4  ,1, 2.34E+2,0,1,CH5,P5  ,1, 8.38E+2,0,1,CH6,P6,1, 1.23E-2,0,1,
12-04-18,19:50:57,CH1,P1  ,1, 2.58E-5,0,1,CH2,P2  ,1, 5.01E-4,1,1,CH3,P3  ,1,-1.00E+0,0,1,CH4,P4  ,1, 2.34E+2,0,1,CH5,P5  ,1, 8.38E+2,0,1,CH6,P6,1, 1.23E-2,0,1,
12-04-18,19:51:57,CH1,P1  ,1, 2.57E-5,0,1,CH2,P2  ,1, 5.01E-4,1,1,CH3,P3  ,1,-1.00E+0,0,1,CH4,P4  ,1, 2.34E+2,0,1,CH5,P5  ,1, 8.38E+2,0,1,CH6,P6,1, 1.22E-2,0,1,
12-04-18,19:52:57,CH1,P1  ,1, 2.55E-5,0,1,CH2,P2  ,1, 5.01E-4,1,1,CH3,P3  ,1,-1.00E+0,0,1,CH4,P4  ,1, 2.34E+2,0,1,CH5,P5  ,1, 8.38E+2,0,1,CH6,P6,1, 1.22E-2,0,1,
12-04-18,19:53:58,CH1,P1  ,1, 2.54E-5,0,1,CH2,P2  ,1, 5.01E-4,1,1,CH3,P3  ,1, 0.00E+0,0,1,CH4,P4  ,1, 2.34E+2,0,1,CH5,P5  ,1, 8.38E+2,0,1,CH6,P6,1, 1.22E-2,0,1,
12-04-18,19:54:58,CH1,P1  ,1, 2.52E-5,0,1,CH2,P2  ,1, 5.01E-4,1,1,CH3,P3  ,1, 0.00E+0,0,1,CH4,P4  ,1, 2.34E+2,0,1,CH5,P5  ,1, 8.38E+2,0,1,CH6,P6,1, 1.22E-2,0,1,
12-04-18,19:55:59,CH1,P1  ,1, 2.50E-5,0,1,CH2,P2  ,1, 5.01E-4,1,1,CH3,P3  ,1,-1.00E+0,0,1,CH4,P4  ,1, 2.34E+2,0,1,CH5,P5  ,1, 8.38E+2,0,1,CH6,P6,1, 1.21E-2,0,1,
12-04-18,19:56:59,CH1,P1  ,1, 2.49E-5,0,1,CH2,P2  ,1, 5.01E-4,1,1,CH3,P3  ,1, 0.00E+0,0,1,CH4,P4  ,1, 2.34E+2,0,1,CH5,P5  ,1, 8.37E+2,0,1,CH6,P6,1, 1.21E-2,0,1,
12-04-18,19:57:59,CH1,P1  ,1, 2.48E-5,0,1,CH2,P2  ,1, 5.01E-4,1,1,CH3,P3  ,1,-1.00E+0,0,1,CH4,P4  ,1, 2.34E+2,0,1,CH5,P5  ,1, 8.37E+2,0,1,CH6,P6,1, 1.20E-2,0,1,
12-04-18,19:58:59,CH1,P1  ,1, 2.47E-5,0,1,CH2,P2  ,1, 5.01E-4,1,1,CH3,P3  ,1, 0.00E+0,0,1,CH4,P4  ,1, 2.34E+2,0,1,CH5,P5  ,1, 8.38E+2,0,1,CH6,P6,1, 1.20E-2,0,1,
12-04-18,20:00:00,CH1,P1  ,1, 2.47E-5,0,1,CH2,P2  ,1, 5.01E-4,1,1,CH3,P3  ,1,-1.00E+0,0,1,CH4,P4  ,1, 2.34E+2,0,1,CH5,P5  ,1, 8.38E+2,0,1,CH6,P6,1, 1.19E-2,0,1,
12-04-18,20:01:00,CH1,P1  ,1, 2.47E-5,0,1,CH2,P2  ,1, 5.01E-4,1,1,CH3,P3  ,1, 0.00E+0,0,1,CH4,P4  ,1, 2.34E+2,0,1,CH5,P5  ,1, 8.38E+2,0,1,CH6,P6,1, 1.20E-2,0,1,
12-04-18,20:02:00,CH1,P1  ,1, 2.48E-5,0,1,CH2,P2  ,1, 5.01E-4,1,1,CH3,P3  ,1,-1.00E+0,0,1,CH4,P4  ,1, 2.34E+2,0,1,CH5,P5  ,1, 8.37E+2,0,1,CH6,P6,1, 1.19E-2,0,1,
12-04-18,20:03:00,CH1,P1  ,1, 2.48E-5,0,1,CH2,P2  ,1, 5.01E-4,1,1,CH3,P3  ,1, 0.00E+0,0,1,CH4,P4  ,1, 2.34E+2,0,1,CH5,P5  ,1, 8.37E+2,0,1,CH6,P6,1, 1.20E-2,0,1,
12-04-18,20:04:00,CH1,P1  ,1, 2.47E-5,0,1,CH2,P2  ,1, 5.01E-4,1,1,CH3,P3  ,1, 0.00E+0,0,1,CH4,P4  ,1, 2.34E+2,0,1,CH5,P5  ,1, 8.38E+2,0,1,CH6,P6,1, 1.19E-2,0,1,
12-04-18,20:05:01,CH1,P1  ,1, 2.46E-5,0,1,CH2,P2  ,1, 5.01E-4,1,1,CH3,P3  ,1, 0.00E+0,0,1,CH4,P4  ,1, 2.34E+2,0,1,CH5,P5  ,1, 8.38E+2,0,1,CH6,P6,1, 1.18E-2,0,1,
12-04-18,20:06:01,CH1,P1  ,1, 2.45E-5,0,1,CH2,P2  ,1, 5.01E-4,1,1,CH3,P3  ,1,-1.00E+0,0,1,CH4,P4  ,1, 2.34E+2,0,1,CH5,P5  ,1, 8.38E+2,0,1,CH6,P6,1, 1.18E-2,0,1,
12-04-18,20:07:02,CH1,P1  ,1, 2.44E-5,0,1,CH2,P2  ,1, 5.01E-4,1,1,CH3,P3  ,1,-1.00E+0,0,1,CH4,P4  ,1, 2.34E+2,0,1,CH5,P5  ,1, 8.38E+2,0,1,CH6,P6,1, 1.18E-2,0,1,
12-04-18,20:08:02,CH1,P1  ,1, 2.42E-5,0,1,CH2,P2  ,1, 5.01E-4,1,1,CH3,P3  ,1, 0.00E+0,0,1,CH4,P4  ,1, 2.34E+2,0,1,CH5,P5  ,1, 8.37E+2,0,1,CH6,P6,1, 1.17E-2,0,1,
12-04-18,20:09:02,CH1,P1  ,1, 2.40E-5,0,1,CH2,P2  ,1, 5.01E-4,1,1,CH3,P3  ,1, 0.00E+0,0,1,CH4,P4  ,1, 2.34E+2,0,1,CH5,P5  ,1, 8.38E+2,0,1,CH6,P6,1, 1.17E-2,0,1,
12-04-18,20:10:03,CH1,P1  ,1, 2.39E-5,0,1,CH2,P2  ,1, 5.01E-4,1,1,CH3,P3  ,1, 0.00E+0,0,1,CH4,P4  ,1, 2.34E+2,0,1,CH5,P5  ,1, 8.38E+2,0,1,CH6,P6,1, 1.17E-2,0,1,
12-04-18,20:11:04,CH1,P1  ,1, 2.37E-5,0,1,CH2,P2  ,1, 5.01E-4,1,1,CH3,P3  ,1,-1.00E+0,0,1,CH4,P4  ,1, 2.34E+2,0,1,CH5,P5  ,1, 8.37E+2,0,1,CH6,P6,1, 1.17E-2,0,1,
12-04-18,20:12:04,CH1,P1  ,1, 2.36E-5,0,1,CH2,P2  ,1, 5.01E-4,1,1,CH3,P3  ,1,-1.00E+0,0,1,CH4,P4  ,1, 2.34E+2,0,1,CH5,P5  ,1, 8.38E+2,0,1,CH6,P6,1, 1.17E-2,0,1,
12-04-18,20:13:04,CH1,P1  ,1, 2.35E-5,0,1,CH2,P2  ,1, 5.01E-4,1,1,CH3,P3  ,1,-1.00E+0,0,1,CH4,P4  ,1, 2.34E+2,0,1,CH5,P5  ,1, 8.38E+2,0,1,CH6,P6,1, 1.17E-2,0,1,
12-04-18,20:14:04,CH1,P1  ,1, 2.33E-5,0,1,CH2,P2  ,1, 5.01E-4,1,1,CH3,P3  ,1,-1.00E+0,0,1,CH4,P4  ,1, 2.34E+2,0,1,CH5,P5  ,1, 8.38E+2,0,1,CH6,P6,1, 1.16E-2,0,1,
12-04-18,20:15:05,CH1,P1  ,1, 2.31E-5,0,1,CH2,P2  ,1, 5.01E-4,1,1,CH3,P3  ,1,-1.00E+0,0,1,CH4,P4  ,1, 2.34E+2,0,1,CH5,P5  ,1, 8.38E+2,0,1,CH6,P6,1, 1.16E-2,0,1,
12-04-18,20:16:05,CH1,P1  ,1, 2.30E-5,0,1,CH2,P2  ,1, 5.01E-4,1,1,CH3,P3  ,1, 0.00E+0,0,1,CH4,P4  ,1, 2.34E+2,0,1,CH5,P5  ,1, 8.38E+2,0,1,CH6,P6,1, 1.16E-2,0,1,
12-04-18,20:17:06,CH1,P1  ,1, 2.29E-5,0,1,CH2,P2  ,1, 5.01E-4,1,1,CH3,P3  ,1,-1.00E+0,0,1,CH4,P4  ,1, 2.34E+2,0,1,CH5,P5  ,1, 8.37E+2,0,1,CH6,P6,1, 1.16E-2,0,1,
12-04-18,20:18:06,CH1,P1  ,1, 2.27E-5,0,1,CH2,P2  ,1, 5.01E-4,1,1,CH3,P3  ,1,-1.00E+0,0,1,CH4,P4  ,1, 2.34E+2,0,1,CH5,P5  ,1, 8.38E+2,0,1,CH6,P6,1, 1.15E-2,0,1,
12-04-18,20:19:06,CH1,P1  ,1, 2.25E-5,0,1,CH2,P2  ,1, 5.01E-4,1,1,CH3,P3  ,1,-1.00E+0,0,1,CH4,P4  ,1, 2.34E+2,0,1,CH5,P5  ,1, 8.37E+2,0,1,CH6,P6,1, 1.15E-2,0,1,
12-04-18,20:20:06,CH1,P1  ,1, 2.24E-5,0,1,CH2,P2  ,1, 5.01E-4,1,1,CH3,P3  ,1, 0.00E+0,0,1,CH4,P4  ,1, 2.34E+2,0,1,CH5,P5  ,1, 8.38E+2,0,1,CH6,P6,1, 1.15E-2,0,1,
12-04-18,20:21:07,CH1,P1  ,1, 2.22E-5,0,1,CH2,P2  ,1, 5.01E-4,1,1,CH3,P3  ,1,-1.00E+0,0,1,CH4,P4  ,1, 2.34E+2,0,1,CH5,P5  ,1, 8.38E+2,0,1,CH6,P6,1, 1.15E-2,0,1,
12-04-18,20:22:07,CH1,P1  ,1, 2.22E-5,0,1,CH2,P2  ,1, 5.01E-4,1,1,CH3,P3  ,1,-1.00E+0,0,1,CH4,P4  ,1, 2.34E+2,0,1,CH5,P5  ,1, 8.38E+2,0,1,CH6,P6,1, 1.15E-2,0,1,
12-04-18,20:23:07,CH1,P1  ,1, 2.21E-5,0,1,CH2,P2  ,1, 5.01E-4,1,1,CH3,P3  ,1, 0.00E+0,0,1,CH4,P4  ,1, 2.34E+2,0,1,CH5,P5  ,1, 8.38E+2,0,1,CH6,P6,1, 1.15E-2,0,1,
12-04-18,20:24:08,CH1,P1  ,1, 2.19E-5,0,1,CH2,P2  ,1, 5.01E-4,1,1,CH3,P3  ,1, 0.00E+0,0,1,CH4,P4  ,1, 2.34E+2,0,1,CH5,P5  ,1, 8.38E+2,0,1,CH6,P6,1, 1.14E-2,0,1,
12-04-18,20:25:08,CH1,P1  ,1, 2.19E-5,0,1,CH2,P2  ,1, 5.01E-4,1,1,CH3,P3  ,1,-1.00E+0,0,1,CH4,P4  ,1, 2.34E+2,0,1,CH5,P5  ,1, 8.38E+2,0,1,CH6,P6,1, 1.15E-2,0,1,
12-04-18,20:26:08,CH1,P1  ,1, 2.18E-5,0,1,CH2,P2  ,1, 5.01E-4,1,1,CH3,P3  ,1, 0.00E+0,0,1,CH4,P4  ,1, 2.34E+2,0,1,CH5,P5  ,1, 8.38E+2,0,1,CH6,P6,1, 1.14E-2,0,1,
12-04-18,20:27:09,CH1,P1  ,1, 2.16E-5,0,1,CH2,P2  ,1, 5.01E-4,1,1,CH3,P3  ,1, 0.00E+0,0,1,CH4,P4  ,1, 2.34E+2,0,1,CH5,P5  ,1, 8.37E+2,0,1,CH6,P6,1, 1.14E-2,0,1,
12-04-18,20:28:09,CH1,P1  ,1, 2.15E-5,0,1,CH2,P2  ,1, 5.01E-4,1,1,CH3,P3  ,1,-1.00E+0,0,1,CH4,P4  ,1, 2.34E+2,0,1,CH5,P5  ,1, 8.37E+2,0,1,CH6,P6,1, 1.14E-2,0,1,
12-04-18,20:29:09,CH1,P1  ,1, 2.14E-5,0,1,CH2,P2  ,1, 5.01E-4,1,1,CH3,P3  ,1, 0.00E+0,0,1,CH4,P4  ,1, 2.34E+2,0,1,CH5,P5  ,1, 8.38E+2,0,1,CH6,P6,1, 1.14E-2,0,1,
12-04-18,20:30:09,CH1,P1  ,1, 2.13E-5,0,1,CH2,P2  ,1, 5.01E-4,1,1,CH3,P3  ,1, 0.00E+0,0,1,CH4,P4  ,1, 2.34E+2,0,1,CH5,P5  ,1, 8.39E+2,0,1,CH6,P6,1, 1.13E-2,0,1,
12-04-18,20:31:10,CH1,P1  ,1, 2.12E-5,0,1,CH2,P2  ,1, 5.01E-4,1,1,CH3,P3  ,1, 0.00E+0,0,1,CH4,P4  ,1, 2.34E+2,0,1,CH5,P5  ,1, 8.38E+2,0,1,CH6,P6,1, 1.13E-2,0,1,
12-04-18,20:32:10,CH1,P1  ,1, 2.10E-5,0,1,CH2,P2  ,1, 5.01E-4,1,1,CH3,P3  ,1,-1.00E+0,0,1,CH4,P4  ,1, 2.34E+2,0,1,CH5,P5  ,1, 8.38E+2,0,1,CH6,P6,1, 1.13E-2,0,1,
12-04-18,20:33:11,CH1,P1  ,1, 2.15E-5,0,1,CH2,P2  ,1, 5.01E-4,1,1,CH3,P3  ,1, 0.00E+0,0,1,CH4,P4  ,1, 2.34E+2,0,1,CH5,P5  ,1, 8.38E+2,0,1,CH6,P6,1, 1.13E-2,0,1,
12-04-18,20:34:11,CH1,P1  ,1, 2.08E-5,0,1,CH2,P2  ,1, 5.01E-4,1,1,CH3,P3  ,1,-1.00E+0,0,1,CH4,P4  ,1, 2.34E+2,0,1,CH5,P5  ,1, 8.38E+2,0,1,CH6,P6,1, 1.12E-2,0,1,
12-04-18,20:35:11,CH1,P1  ,1, 2.07E-5,0,1,CH2,P2  ,1, 5.01E-4,1,1,CH3,P3  ,1, 0.00E+0,0,1,CH4,P4  ,1, 2.34E+2,0,1,CH5,P5  ,1, 8.38E+2,0,1,CH6,P6,1, 1.12E-2,0,1,
12-04-18,20:36:12,CH1,P1  ,1, 2.06E-5,0,1,CH2,P2  ,1, 5.01E-4,1,1,CH3,P3  ,1, 0.00E+0,0,1,CH4,P4  ,1, 2.34E+2,0,1,CH5,P5  ,1, 8.37E+2,0,1,CH6,P6,1, 1.12E-2,0,1,
12-04-18,20:37:11,CH1,P1  ,1, 2.06E-5,0,1,CH2,P2  ,1, 5.01E-4,1,1,CH3,P3  ,1, 0.00E+0,0,1,CH4,P4  ,1, 2.34E+2,0,1,CH5,P5  ,1, 8.38E+2,0,1,CH6,P6,1, 1.12E-2,0,1,
12-04-18,20:38:12,CH1,P1  ,1, 2.04E-5,0,1,CH2,P2  ,1, 5.01E-4,1,1,CH3,P3  ,1,-1.00E+0,0,1,CH4,P4  ,1, 2.34E+2,0,1,CH5,P5  ,1, 8.37E+2,0,1,CH6,P6,1, 1.11E-2,0,1,
12-04-18,20:39:12,CH1,P1  ,1, 2.03E-5,0,1,CH2,P2  ,1, 5.01E-4,1,1,CH3,P3  ,1, 0.00E+0,0,1,CH4,P4  ,1, 2.34E+2,0,1,CH5,P5  ,1, 8.38E+2,0,1,CH6,P6,1, 1.11E-2,0,1,
12-04-18,20:40:12,CH1,P1  ,1, 2.03E-5,0,1,CH2,P2  ,1, 5.01E-4,1,1,CH3,P3  ,1,-1.00E+0,0,1,CH4,P4  ,1, 2.34E+2,0,1,CH5,P5  ,1, 8.37E+2,0,1,CH6,P6,1, 1.11E-2,0,1,
12-04-18,20:41:13,CH1,P1  ,1, 2.01E-5,0,1,CH2,P2  ,1, 5.01E-4,1,1,CH3,P3  ,1, 0.00E+0,0,1,CH4,P4  ,1, 2.34E+2,0,1,CH5,P5  ,1, 8.38E+2,0,1,CH6,P6,1, 1.11E-2,0,1,
12-04-18,20:42:13,CH1,P1  ,1, 2.01E-5,0,1,CH2,P2  ,1, 5.01E-4,1,1,CH3,P3  ,1, 0.00E+0,0,1,CH4,P4  ,1, 2.34E+2,0,1,CH5,P5  ,1, 8.39E+2,0,1,CH6,P6,1, 1.10E-2,0,1,
12-04-18,20:43:13,CH1,P1  ,1, 2.00E-5,0,1,CH2,P2  ,1, 5.01E-4,1,1,CH3,P3  ,1,-1.00E+0,0,1,CH4,P4  ,1, 2.34E+2,0,1,CH5,P5  ,1, 8.38E+2,0,1,CH6,P6,1, 1.10E-2,0,1,
12-04-18,20:44:13,CH1,P1  ,1, 1.99E-5,0,1,CH2,P2  ,1, 5.01E-4,1,1,CH3,P3  ,1,-1.00E+0,0,1,CH4,P4  ,1, 2.34E+2,0,1,CH5,P5  ,1, 8.37E+2,0,1,CH6,P6,1, 1.10E-2,0,1,
12-04-18,20:45:14,CH1,P1  ,1, 1.97E-5,0,1,CH2,P2  ,1, 5.01E-4,1,1,CH3,P3  ,1,-1.00E+0,0,1,CH4,P4  ,1, 2.34E+2,0,1,CH5,P5  ,1, 8.38E+2,0,1,CH6,P6,1, 1.10E-2,0,1,
12-04-18,20:46:14,CH1,P1  ,1, 1.97E-5,0,1,CH2,P2  ,1, 5.01E-4,1,1,CH3,P3  ,1, 0.00E+0,0,1,CH4,P4  ,1, 2.34E+2,0,1,CH5,P5  ,1, 8.38E+2,0,1,CH6,P6,1, 1.09E-2,0,1,
12-04-18,20:47:15,CH1,P1  ,1, 1.96E-5,0,1,CH2,P2  ,1, 5.01E-4,1,1,CH3,P3  ,1, 0.00E+0,0,1,CH4,P4  ,1, 2.34E+2,0,1,CH5,P5  ,1, 8.38E+2,0,1,CH6,P6,1, 1.09E-2,0,1,
12-04-18,20:48:15,CH1,P1  ,1, 1.95E-5,0,1,CH2,P2  ,1, 5.01E-4,1,1,CH3,P3  ,1,-1.00E+0,0,1,CH4,P4  ,1, 2.34E+2,0,1,CH5,P5  ,1, 8.38E+2,0,1,CH6,P6,1, 1.09E-2,0,1,
12-04-18,20:49:15,CH1,P1  ,1, 1.94E-5,0,1,CH2,P2  ,1, 5.01E-4,1,1,CH3,P3  ,1, 0.00E+0,0,1,CH4,P4  ,1, 2.34E+2,0,1,CH5,P5  ,1, 8.38E+2,0,1,CH6,P6,1, 1.09E-2,0,1,
12-04-18,20:50:15,CH1,P1  ,1, 1.94E-5,0,1,CH2,P2  ,1, 5.01E-4,1,1,CH3,P3  ,1,-1.00E+0,0,1,CH4,P4  ,1, 2.34E+2,0,1,CH5,P5  ,1, 8.38E+2,0,1,CH6,P6,1, 1.08E-2,0,1,
12-04-18,20:51:15,CH1,P1  ,1, 1.93E-5,0,1,CH2,P2  ,1, 5.01E-4,1,1,CH3,P3  ,1, 0.00E+0,0,1,CH4,P4  ,1, 2.34E+2,0,1,CH5,P5  ,1, 8.39E+2,0,1,CH6,P6,1, 1.08E-2,0,1,
12-04-18,20:52:15,CH1,P1  ,1, 1.92E-5,0,1,CH2,P2  ,1, 5.01E-4,1,1,CH3,P3  ,1,-1.00E+0,0,1,CH4,P4  ,1, 2.34E+2,0,1,CH5,P5  ,1, 8.38E+2,0,1,CH6,P6,1, 1.08E-2,0,1,
12-04-18,20:53:15,CH1,P1  ,1, 1.91E-5,0,1,CH2,P2  ,1, 5.01E-4,1,1,CH3,P3  ,1,-1.00E+0,0,1,CH4,P4  ,1, 2.34E+2,0,1,CH5,P5  ,1, 8.38E+2,0,1,CH6,P6,1, 1.08E-2,0,1,
12-04-18,20:54:15,CH1,P1  ,1, 1.91E-5,0,1,CH2,P2  ,1, 5.01E-4,1,1,CH3,P3  ,1, 0.00E+0,0,1,CH4,P4  ,1, 2.34E+2,0,1,CH5,P5  ,1, 8.38E+2,0,1,CH6,P6,1, 1.08E-2,0,1,
12-04-18,20:55:16,CH1,P1  ,1, 1.91E-5,0,1,CH2,P2  ,1, 5.01E-4,1,1,CH3,P3  ,1, 0.00E+0,0,1,CH4,P4  ,1, 2.34E+2,0,1,CH5,P5  ,1, 8.38E+2,0,1,CH6,P6,1, 1.08E-2,0,1,
12-04-18,20:56:16,CH1,P1  ,1, 1.89E-5,0,1,CH2,P2  ,1, 5.01E-4,1,1,CH3,P3  ,1, 0.00E+0,0,1,CH4,P4  ,1, 2.34E+2,0,1,CH5,P5  ,1, 8.37E+2,0,1,CH6,P6,1, 1.08E-2,0,1,
12-04-18,20:57:16,CH1,P1  ,1, 1.89E-5,0,1,CH2,P2  ,1, 5.01E-4,1,1,CH3,P3  ,1,-1.00E+0,0,1,CH4,P4  ,1, 2.34E+2,0,1,CH5,P5  ,1, 8.37E+2,0,1,CH6,P6,1, 1.08E-2,0,1,
12-04-18,20:58:16,CH1,P1  ,1, 1.89E-5,0,1,CH2,P2  ,1, 5.01E-4,1,1,CH3,P3  ,1, 0.00E+0,0,1,CH4,P4  ,1, 2.34E+2,0,1,CH5,P5  ,1, 8.38E+2,0,1,CH6,P6,1, 1.07E-2,0,1,
12-04-18,20:59:16,CH1,P1  ,1, 1.88E-5,0,1,CH2,P2  ,1, 5.01E-4,1,1,CH3,P3  ,1, 0.00E+0,0,1,CH4,P4  ,1, 2.34E+2,0,1,CH5,P5  ,1, 8.38E+2,0,1,CH6,P6,1, 1.07E-2,0,1,
12-04-18,21:00:17,CH1,P1  ,1, 1.87E-5,0,1,CH2,P2  ,1, 5.01E-4,1,1,CH3,P3  ,1,-1.00E+0,0,1,CH4,P4  ,1, 2.34E+2,0,1,CH5,P5  ,1, 8.38E+2,0,1,CH6,P6,1, 1.07E-2,0,1,
12-04-18,21:01:17,CH1,P1  ,1, 1.87E-5,0,1,CH2,P2  ,1, 5.01E-4,1,1,CH3,P3  ,1, 0.00E+0,0,1,CH4,P4  ,1, 2.34E+2,0,1,CH5,P5  ,1, 8.38E+2,0,1,CH6,P6,1, 1.06E-2,0,1,
12-04-18,21:02:17,CH1,P1  ,1, 1.86E-5,0,1,CH2,P2  ,1, 5.01E-4,1,1,CH3,P3  ,1, 0.00E+0,0,1,CH4,P4  ,1, 2.34E+2,0,1,CH5,P5  ,1, 8.38E+2,0,1,CH6,P6,1, 1.06E-2,0,1,
12-04-18,21:03:18,CH1,P1  ,1, 1.85E-5,0,1,CH2,P2  ,1, 5.01E-4,1,1,CH3,P3  ,1,-1.00E+0,0,1,CH4,P4  ,1, 2.34E+2,0,1,CH5,P5  ,1, 8.39E+2,0,1,CH6,P6,1, 1.06E-2,0,1,
12-04-18,21:04:18,CH1,P1  ,1, 1.84E-5,0,1,CH2,P2  ,1, 5.01E-4,1,1,CH3,P3  ,1, 0.00E+0,0,1,CH4,P4  ,1, 2.34E+2,0,1,CH5,P5  ,1, 8.38E+2,0,1,CH6,P6,1, 1.06E-2,0,1,
12-04-18,21:05:18,CH1,P1  ,1, 1.84E-5,0,1,CH2,P2  ,1, 5.01E-4,1,1,CH3,P3  ,1, 0.00E+0,0,1,CH4,P4  ,1, 2.34E+2,0,1,CH5,P5  ,1, 8.38E+2,0,1,CH6,P6,1, 1.06E-2,0,1,
12-04-18,21:06:18,CH1,P1  ,1, 1.83E-5,0,1,CH2,P2  ,1, 5.01E-4,1,1,CH3,P3  ,1,-1.00E+0,0,1,CH4,P4  ,1, 2.34E+2,0,1,CH5,P5  ,1, 8.38E+2,0,1,CH6,P6,1, 1.06E-2,0,1,
12-04-18,21:07:18,CH1,P1  ,1, 1.83E-5,0,1,CH2,P2  ,1, 5.01E-4,1,1,CH3,P3  ,1,-1.00E+0,0,1,CH4,P4  ,1, 2.34E+2,0,1,CH5,P5  ,1, 8.37E+2,0,1,CH6,P6,1, 1.06E-2,0,1,
12-04-18,21:08:19,CH1,P1  ,1, 1.82E-5,0,1,CH2,P2  ,1, 5.01E-4,1,1,CH3,P3  ,1,-1.00E+0,0,1,CH4,P4  ,1, 2.34E+2,0,1,CH5,P5  ,1, 8.38E+2,0,1,CH6,P6,1, 1.06E-2,0,1,
12-04-18,21:09:19,CH1,P1  ,1, 1.81E-5,0,1,CH2,P2  ,1, 5.01E-4,1,1,CH3,P3  ,1, 0.00E+0,0,1,CH4,P4  ,1, 2.34E+2,0,1,CH5,P5  ,1, 8.38E+2,0,1,CH6,P6,1, 1.06E-2,0,1,
12-04-18,21:10:19,CH1,P1  ,1, 1.80E-5,0,1,CH2,P2  ,1, 5.01E-4,1,1,CH3,P3  ,1,-1.00E+0,0,1,CH4,P4  ,1, 2.34E+2,0,1,CH5,P5  ,1, 8.39E+2,0,1,CH6,P6,1, 1.06E-2,0,1,
12-04-18,21:11:19,CH1,P1  ,1, 1.80E-5,0,1,CH2,P2  ,1, 5.01E-4,1,1,CH3,P3  ,1,-1.00E+0,0,1,CH4,P4  ,1, 2.34E+2,0,1,CH5,P5  ,1, 8.38E+2,0,1,CH6,P6,1, 1.06E-2,0,1,
12-04-18,21:12:19,CH1,P1  ,1, 1.79E-5,0,1,CH2,P2  ,1, 5.01E-4,1,1,CH3,P3  ,1,-1.00E+0,0,1,CH4,P4  ,1, 2.34E+2,0,1,CH5,P5  ,1, 8.38E+2,0,1,CH6,P6,1, 1.06E-2,0,1,
12-04-18,21:13:20,CH1,P1  ,1, 1.79E-5,0,1,CH2,P2  ,1, 5.01E-4,1,1,CH3,P3  ,1,-1.00E+0,0,1,CH4,P4  ,1, 2.34E+2,0,1,CH5,P5  ,1, 8.38E+2,0,1,CH6,P6,1, 1.06E-2,0,1,
12-04-18,21:14:20,CH1,P1  ,1, 1.78E-5,0,1,CH2,P2  ,1, 5.01E-4,1,1,CH3,P3  ,1, 0.00E+0,0,1,CH4,P4  ,1, 2.34E+2,0,1,CH5,P5  ,1, 8.38E+2,0,1,CH6,P6,1, 1.06E-2,0,1,
12-04-18,21:15:20,CH1,P1  ,1, 1.77E-5,0,1,CH2,P2  ,1, 5.01E-4,1,1,CH3,P3  ,1, 0.00E+0,0,1,CH4,P4  ,1, 2.34E+2,0,1,CH5,P5  ,1, 8.37E+2,0,1,CH6,P6,1, 1.05E-2,0,1,
12-04-18,21:16:20,CH1,P1  ,1, 1.76E-5,0,1,CH2,P2  ,1, 5.01E-4,1,1,CH3,P3  ,1,-1.00E+0,0,1,CH4,P4  ,1, 2.34E+2,0,1,CH5,P5  ,1, 8.38E+2,0,1,CH6,P6,1, 1.05E-2,0,1,
12-04-18,21:17:20,CH1,P1  ,1, 1.76E-5,0,1,CH2,P2  ,1, 5.01E-4,1,1,CH3,P3  ,1, 0.00E+0,0,1,CH4,P4  ,1, 2.34E+2,0,1,CH5,P5  ,1, 8.38E+2,0,1,CH6,P6,1, 1.05E-2,0,1,
12-04-18,21:18:20,CH1,P1  ,1, 1.75E-5,0,1,CH2,P2  ,1, 5.01E-4,1,1,CH3,P3  ,1,-1.00E+0,0,1,CH4,P4  ,1, 2.34E+2,0,1,CH5,P5  ,1, 8.39E+2,0,1,CH6,P6,1, 1.05E-2,0,1,
12-04-18,21:19:20,CH1,P1  ,1, 1.75E-5,0,1,CH2,P2  ,1, 5.01E-4,1,1,CH3,P3  ,1,-1.00E+0,0,1,CH4,P4  ,1, 2.34E+2,0,1,CH5,P5  ,1, 8.38E+2,0,1,CH6,P6,1, 1.05E-2,0,1,
12-04-18,21:20:21,CH1,P1  ,1, 1.75E-5,0,1,CH2,P2  ,1, 5.01E-4,1,1,CH3,P3  ,1,-1.00E+0,0,1,CH4,P4  ,1, 2.34E+2,0,1,CH5,P5  ,1, 8.38E+2,0,1,CH6,P6,1, 1.05E-2,0,1,
12-04-18,21:21:21,CH1,P1  ,1, 1.73E-5,0,1,CH2,P2  ,1, 5.01E-4,1,1,CH3,P3  ,1,-1.00E+0,0,1,CH4,P4  ,1, 2.34E+2,0,1,CH5,P5  ,1, 8.38E+2,0,1,CH6,P6,1, 1.05E-2,0,1,
12-04-18,21:22:21,CH1,P1  ,1, 1.73E-5,0,1,CH2,P2  ,1, 5.01E-4,1,1,CH3,P3  ,1, 0.00E+0,0,1,CH4,P4  ,1, 2.34E+2,0,1,CH5,P5  ,1, 8.38E+2,0,1,CH6,P6,1, 1.05E-2,0,1,
12-04-18,21:23:21,CH1,P1  ,1, 1.73E-5,0,1,CH2,P2  ,1, 5.01E-4,1,1,CH3,P3  ,1,-1.00E+0,0,1,CH4,P4  ,1, 2.34E+2,0,1,CH5,P5  ,1, 8.38E+2,0,1,CH6,P6,1, 1.05E-2,0,1,
12-04-18,21:24:21,CH1,P1  ,1, 1.72E-5,0,1,CH2,P2  ,1, 5.01E-4,1,1,CH3,P3  ,1, 0.00E+0,0,1,CH4,P4  ,1, 2.34E+2,0,1,CH5,P5  ,1, 8.38E+2,0,1,CH6,P6,1, 1.05E-2,0,1,
12-04-18,21:25:21,CH1,P1  ,1, 1.71E-5,0,1,CH2,P2  ,1, 5.01E-4,1,1,CH3,P3  ,1, 0.00E+0,0,1,CH4,P4  ,1, 2.34E+2,0,1,CH5,P5  ,1, 8.38E+2,0,1,CH6,P6,1, 1.05E-2,0,1,
12-04-18,21:26:22,CH1,P1  ,1, 1.70E-5,0,1,CH2,P2  ,1, 5.01E-4,1,1,CH3,P3  ,1,-1.00E+0,0,1,CH4,P4  ,1, 2.34E+2,0,1,CH5,P5  ,1, 8.38E+2,0,1,CH6,P6,1, 1.05E-2,0,1,
12-04-18,21:27:22,CH1,P1  ,1, 1.70E-5,0,1,CH2,P2  ,1, 5.01E-4,1,1,CH3,P3  ,1,-1.00E+0,0,1,CH4,P4  ,1, 2.34E+2,0,1,CH5,P5  ,1, 8.38E+2,0,1,CH6,P6,1, 1.04E-2,0,1,
12-04-18,21:28:22,CH1,P1  ,1, 1.69E-5,0,1,CH2,P2  ,1, 5.01E-4,1,1,CH3,P3  ,1, 0.00E+0,0,1,CH4,P4  ,1, 2.34E+2,0,1,CH5,P5  ,1, 8.38E+2,0,1,CH6,P6,1, 1.04E-2,0,1,
12-04-18,21:29:23,CH1,P1  ,1, 1.69E-5,0,1,CH2,P2  ,1, 5.01E-4,1,1,CH3,P3  ,1,-1.00E+0,0,1,CH4,P4  ,1, 2.34E+2,0,1,CH5,P5  ,1, 8.38E+2,0,1,CH6,P6,1, 1.04E-2,0,1,
12-04-18,21:30:23,CH1,P1  ,1, 1.68E-5,0,1,CH2,P2  ,1, 5.01E-4,1,1,CH3,P3  ,1,-1.00E+0,0,1,CH4,P4  ,1, 2.34E+2,0,1,CH5,P5  ,1, 8.38E+2,0,1,CH6,P6,1, 1.03E-2,0,1,
12-04-18,21:31:23,CH1,P1  ,1, 1.69E-5,0,1,CH2,P2  ,1, 5.01E-4,1,1,CH3,P3  ,1, 0.00E+0,0,1,CH4,P4  ,1, 2.34E+2,0,1,CH5,P5  ,1, 8.38E+2,0,1,CH6,P6,1, 1.03E-2,0,1,
12-04-18,21:32:24,CH1,P1  ,1, 1.68E-5,0,1,CH2,P2  ,1, 5.01E-4,1,1,CH3,P3  ,1, 0.00E+0,0,1,CH4,P4  ,1, 2.34E+2,0,1,CH5,P5  ,1, 8.38E+2,0,1,CH6,P6,1, 1.03E-2,0,1,
12-04-18,21:33:24,CH1,P1  ,1, 1.67E-5,0,1,CH2,P2  ,1, 5.01E-4,1,1,CH3,P3  ,1,-1.00E+0,0,1,CH4,P4  ,1, 2.34E+2,0,1,CH5,P5  ,1, 8.38E+2,0,1,CH6,P6,1, 1.03E-2,0,1,
12-04-18,21:34:24,CH1,P1  ,1, 1.67E-5,0,1,CH2,P2  ,1, 5.01E-4,1,1,CH3,P3  ,1, 0.00E+0,0,1,CH4,P4  ,1, 2.34E+2,0,1,CH5,P5  ,1, 8.38E+2,0,1,CH6,P6,1, 1.03E-2,0,1,
12-04-18,21:35:24,CH1,P1  ,1, 1.66E-5,0,1,CH2,P2  ,1, 5.01E-4,1,1,CH3,P3  ,1, 0.00E+0,0,1,CH4,P4  ,1, 2.34E+2,0,1,CH5,P5  ,1, 8.38E+2,0,1,CH6,P6,1, 1.03E-2,0,1,
12-04-18,21:36:24,CH1,P1  ,1, 1.84E-5,0,1,CH2,P2  ,1, 5.01E-4,1,1,CH3,P3  ,1,-1.00E+0,0,1,CH4,P4  ,1, 2.34E+2,0,1,CH5,P5  ,1, 8.38E+2,0,1,CH6,P6,1, 1.03E-2,0,1,
12-04-18,21:37:24,CH1,P1  ,1, 1.70E-5,0,1,CH2,P2  ,1, 5.01E-4,1,1,CH3,P3  ,1, 0.00E+0,0,1,CH4,P4  ,1, 2.34E+2,0,1,CH5,P5  ,1, 8.38E+2,0,1,CH6,P6,1, 1.03E-2,0,1,
12-04-18,21:38:24,CH1,P1  ,1, 1.65E-5,0,1,CH2,P2  ,1, 5.01E-4,1,1,CH3,P3  ,1, 0.00E+0,0,1,CH4,P4  ,1, 2.34E+2,0,1,CH5,P5  ,1, 8.37E+2,0,1,CH6,P6,1, 1.03E-2,0,1,
12-04-18,21:39:24,CH1,P1  ,1, 1.64E-5,0,1,CH2,P2  ,1, 5.01E-4,1,1,CH3,P3  ,1,-1.00E+0,0,1,CH4,P4  ,1, 2.34E+2,0,1,CH5,P5  ,1, 8.38E+2,0,1,CH6,P6,1, 1.03E-2,0,1,
12-04-18,21:40:25,CH1,P1  ,1, 1.63E-5,0,1,CH2,P2  ,1, 5.01E-4,1,1,CH3,P3  ,1, 0.00E+0,0,1,CH4,P4  ,1, 2.34E+2,0,1,CH5,P5  ,1, 8.38E+2,0,1,CH6,P6,1, 1.03E-2,0,1,
12-04-18,21:41:25,CH1,P1  ,1, 1.62E-5,0,1,CH2,P2  ,1, 5.01E-4,1,1,CH3,P3  ,1,-1.00E+0,0,1,CH4,P4  ,1, 2.34E+2,0,1,CH5,P5  ,1, 8.38E+2,0,1,CH6,P6,1, 1.03E-2,0,1,
12-04-18,21:42:26,CH1,P1  ,1, 1.62E-5,0,1,CH2,P2  ,1, 5.01E-4,1,1,CH3,P3  ,1, 0.00E+0,0,1,CH4,P4  ,1, 2.34E+2,0,1,CH5,P5  ,1, 8.38E+2,0,1,CH6,P6,1, 1.02E-2,0,1,
12-04-18,21:43:26,CH1,P1  ,1, 1.62E-5,0,1,CH2,P2  ,1, 5.01E-4,1,1,CH3,P3  ,1,-1.00E+0,0,1,CH4,P4  ,1, 2.34E+2,0,1,CH5,P5  ,1, 8.37E+2,0,1,CH6,P6,1, 1.02E-2,0,1,
12-04-18,21:44:27,CH1,P1  ,1, 1.61E-5,0,1,CH2,P2  ,1, 5.01E-4,1,1,CH3,P3  ,1,-1.00E+0,0,1,CH4,P4  ,1, 2.34E+2,0,1,CH5,P5  ,1, 8.38E+2,0,1,CH6,P6,1, 1.02E-2,0,1,
12-04-18,21:45:27,CH1,P1  ,1, 1.61E-5,0,1,CH2,P2  ,1, 5.01E-4,1,1,CH3,P3  ,1, 0.00E+0,0,1,CH4,P4  ,1, 2.34E+2,0,1,CH5,P5  ,1, 8.38E+2,0,1,CH6,P6,1, 1.01E-2,0,1,
12-04-18,21:46:27,CH1,P1  ,1, 1.61E-5,0,1,CH2,P2  ,1, 5.01E-4,1,1,CH3,P3  ,1, 0.00E+0,0,1,CH4,P4  ,1, 2.34E+2,0,1,CH5,P5  ,1, 8.37E+2,0,1,CH6,P6,1, 1.01E-2,0,1,
12-04-18,21:47:27,CH1,P1  ,1, 1.60E-5,0,1,CH2,P2  ,1, 5.01E-4,1,1,CH3,P3  ,1, 0.00E+0,0,1,CH4,P4  ,1, 2.34E+2,0,1,CH5,P5  ,1, 8.38E+2,0,1,CH6,P6,1, 1.01E-2,0,1,
12-04-18,21:48:27,CH1,P1  ,1, 1.60E-5,0,1,CH2,P2  ,1, 5.01E-4,1,1,CH3,P3  ,1,-1.00E+0,0,1,CH4,P4  ,1, 2.34E+2,0,1,CH5,P5  ,1, 8.38E+2,0,1,CH6,P6,1, 1.01E-2,0,1,
12-04-18,21:49:28,CH1,P1  ,1, 1.59E-5,0,1,CH2,P2  ,1, 5.01E-4,1,1,CH3,P3  ,1,-1.00E+0,0,1,CH4,P4  ,1, 2.34E+2,0,1,CH5,P5  ,1, 8.38E+2,0,1,CH6,P6,1, 1.01E-2,0,1,
12-04-18,21:50:28,CH1,P1  ,1, 1.59E-5,0,1,CH2,P2  ,1, 5.01E-4,1,1,CH3,P3  ,1,-1.00E+0,0,1,CH4,P4  ,1, 2.34E+2,0,1,CH5,P5  ,1, 8.38E+2,0,1,CH6,P6,1, 1.01E-2,0,1,
12-04-18,21:51:28,CH1,P1  ,1, 1.58E-5,0,1,CH2,P2  ,1, 5.01E-4,1,1,CH3,P3  ,1,-1.00E+0,0,1,CH4,P4  ,1, 2.34E+2,0,1,CH5,P5  ,1, 8.38E+2,0,1,CH6,P6,1, 1.01E-2,0,1,
12-04-18,21:52:29,CH1,P1  ,1, 1.57E-5,0,1,CH2,P2  ,1, 5.01E-4,1,1,CH3,P3  ,1,-1.00E+0,0,1,CH4,P4  ,1, 2.34E+2,0,1,CH5,P5  ,1, 8.39E+2,0,1,CH6,P6,1, 1.01E-2,0,1,
12-04-18,21:53:29,CH1,P1  ,1, 1.57E-5,0,1,CH2,P2  ,1, 5.01E-4,1,1,CH3,P3  ,1, 0.00E+0,0,1,CH4,P4  ,1, 2.34E+2,0,1,CH5,P5  ,1, 8.37E+2,0,1,CH6,P6,1, 1.01E-2,0,1,
12-04-18,21:54:29,CH1,P1  ,1, 1.57E-5,0,1,CH2,P2  ,1, 5.01E-4,1,1,CH3,P3  ,1, 0.00E+0,0,1,CH4,P4  ,1, 2.34E+2,0,1,CH5,P5  ,1, 8.38E+2,0,1,CH6,P6,1, 1.03E-2,0,1,
12-04-18,21:55:30,CH1,P1  ,1, 1.56E-5,0,1,CH2,P2  ,1, 5.01E-4,1,1,CH3,P3  ,1,-1.00E+0,0,1,CH4,P4  ,1, 2.34E+2,0,1,CH5,P5  ,1, 8.37E+2,0,1,CH6,P6,1, 1.03E-2,0,1,
12-04-18,21:56:30,CH1,P1  ,1, 1.56E-5,0,1,CH2,P2  ,1, 5.01E-4,1,1,CH3,P3  ,1,-1.00E+0,0,1,CH4,P4  ,1, 2.34E+2,0,1,CH5,P5  ,1, 8.38E+2,0,1,CH6,P6,1, 1.02E-2,0,1,
12-04-18,21:57:30,CH1,P1  ,1, 1.56E-5,0,1,CH2,P2  ,1, 5.01E-4,1,1,CH3,P3  ,1,-1.00E+0,0,1,CH4,P4  ,1, 2.34E+2,0,1,CH5,P5  ,1, 8.38E+2,0,1,CH6,P6,1, 1.01E-2,0,1,
12-04-18,21:58:30,CH1,P1  ,1, 1.55E-5,0,1,CH2,P2  ,1, 5.01E-4,1,1,CH3,P3  ,1,-1.00E+0,0,1,CH4,P4  ,1, 2.34E+2,0,1,CH5,P5  ,1, 8.38E+2,0,1,CH6,P6,1, 1.01E-2,0,1,
12-04-18,21:59:30,CH1,P1  ,1, 1.54E-5,0,1,CH2,P2  ,1, 5.01E-4,1,1,CH3,P3  ,1,-1.00E+0,0,1,CH4,P4  ,1, 2.34E+2,0,1,CH5,P5  ,1, 8.38E+2,0,1,CH6,P6,1, 1.00E-2,0,1,
12-04-18,22:00:30,CH1,P1  ,1, 1.54E-5,0,1,CH2,P2  ,1, 5.01E-4,1,1,CH3,P3  ,1,-1.00E+0,0,1,CH4,P4  ,1, 2.34E+2,0,1,CH5,P5  ,1, 8.38E+2,0,1,CH6,P6,1, 1.00E-2,0,1,
12-04-18,22:01:30,CH1,P1  ,1, 1.54E-5,0,1,CH2,P2  ,1, 5.01E-4,1,1,CH3,P3  ,1, 0.00E+0,0,1,CH4,P4  ,1, 2.34E+2,0,1,CH5,P5  ,1, 8.38E+2,0,1,CH6,P6,1, 1.00E-2,0,1,
12-04-18,22:02:31,CH1,P1  ,1, 1.54E-5,0,1,CH2,P2  ,1, 5.01E-4,1,1,CH3,P3  ,1,-1.00E+0,0,1,CH4,P4  ,1, 2.34E+2,0,1,CH5,P5  ,1, 8.38E+2,0,1,CH6,P6,1, 1.00E-2,0,1,
12-04-18,22:03:31,CH1,P1  ,1, 1.53E-5,0,1,CH2,P2  ,1, 5.01E-4,1,1,CH3,P3  ,1, 0.00E+0,0,1,CH4,P4  ,1, 2.34E+2,0,1,CH5,P5  ,1, 8.38E+2,0,1,CH6,P6,1, 1.00E-2,0,1,
12-04-18,22:04:31,CH1,P1  ,1, 1.53E-5,0,1,CH2,P2  ,1, 5.01E-4,1,1,CH3,P3  ,1,-1.00E+0,0,1,CH4,P4  ,1, 2.34E+2,0,1,CH5,P5  ,1, 8.37E+2,0,1,CH6,P6,1, 1.00E-2,0,1,
12-04-18,22:05:31,CH1,P1  ,1, 1.52E-5,0,1,CH2,P2  ,1, 5.01E-4,1,1,CH3,P3  ,1, 0.00E+0,0,1,CH4,P4  ,1, 2.34E+2,0,1,CH5,P5  ,1, 8.37E+2,0,1,CH6,P6,1, 9.97E-3,0,1,
12-04-18,22:06:32,CH1,P1  ,1, 1.52E-5,0,1,CH2,P2  ,1, 5.01E-4,1,1,CH3,P3  ,1, 0.00E+0,0,1,CH4,P4  ,1, 2.34E+2,0,1,CH5,P5  ,1, 8.38E+2,0,1,CH6,P6,1, 9.94E-3,0,1,
12-04-18,22:07:32,CH1,P1  ,1, 1.51E-5,0,1,CH2,P2  ,1, 5.01E-4,1,1,CH3,P3  ,1, 0.00E+0,0,1,CH4,P4  ,1, 2.34E+2,0,1,CH5,P5  ,1, 8.38E+2,0,1,CH6,P6,1, 9.95E-3,0,1,
12-04-18,22:08:33,CH1,P1  ,1, 1.51E-5,0,1,CH2,P2  ,1, 5.01E-4,1,1,CH3,P3  ,1,-1.00E+0,0,1,CH4,P4  ,1, 2.34E+2,0,1,CH5,P5  ,1, 8.38E+2,0,1,CH6,P6,1, 9.90E-3,0,1,
12-04-18,22:09:33,CH1,P1  ,1, 1.52E-5,0,1,CH2,P2  ,1, 5.01E-4,1,1,CH3,P3  ,1, 0.00E+0,0,1,CH4,P4  ,1, 2.34E+2,0,1,CH5,P5  ,1, 8.38E+2,0,1,CH6,P6,1, 9.89E-3,0,1,
12-04-18,22:10:33,CH1,P1  ,1, 1.51E-5,0,1,CH2,P2  ,1, 5.01E-4,1,1,CH3,P3  ,1,-1.00E+0,0,1,CH4,P4  ,1, 2.34E+2,0,1,CH5,P5  ,1, 8.39E+2,0,1,CH6,P6,1, 9.87E-3,0,1,
12-04-18,22:11:33,CH1,P1  ,1, 1.51E-5,0,1,CH2,P2  ,1, 5.01E-4,1,1,CH3,P3  ,1,-1.00E+0,0,1,CH4,P4  ,1, 2.34E+2,0,1,CH5,P5  ,1, 8.39E+2,0,1,CH6,P6,1, 9.89E-3,0,1,
12-04-18,22:12:34,CH1,P1  ,1, 1.50E-5,0,1,CH2,P2  ,1, 5.01E-4,1,1,CH3,P3  ,1, 0.00E+0,0,1,CH4,P4  ,1, 2.34E+2,0,1,CH5,P5  ,1, 8.38E+2,0,1,CH6,P6,1, 9.84E-3,0,1,
12-04-18,22:13:34,CH1,P1  ,1, 1.50E-5,0,1,CH2,P2  ,1, 5.01E-4,1,1,CH3,P3  ,1, 0.00E+0,0,1,CH4,P4  ,1, 2.34E+2,0,1,CH5,P5  ,1, 8.38E+2,0,1,CH6,P6,1, 9.85E-3,0,1,
12-04-18,22:14:35,CH1,P1  ,1, 1.49E-5,0,1,CH2,P2  ,1, 5.01E-4,1,1,CH3,P3  ,1, 0.00E+0,0,1,CH4,P4  ,1, 2.34E+2,0,1,CH5,P5  ,1, 8.38E+2,0,1,CH6,P6,1, 9.86E-3,0,1,
12-04-18,22:15:35,CH1,P1  ,1, 1.49E-5,0,1,CH2,P2  ,1, 5.01E-4,1,1,CH3,P3  ,1,-1.00E+0,0,1,CH4,P4  ,1, 2.34E+2,0,1,CH5,P5  ,1, 8.38E+2,0,1,CH6,P6,1, 9.84E-3,0,1,
12-04-18,22:16:36,CH1,P1  ,1, 1.48E-5,0,1,CH2,P2  ,1, 5.01E-4,1,1,CH3,P3  ,1,-1.00E+0,0,1,CH4,P4  ,1, 2.34E+2,0,1,CH5,P5  ,1, 8.38E+2,0,1,CH6,P6,1, 9.83E-3,0,1,
12-04-18,22:17:36,CH1,P1  ,1, 1.48E-5,0,1,CH2,P2  ,1, 5.01E-4,1,1,CH3,P3  ,1,-1.00E+0,0,1,CH4,P4  ,1, 2.34E+2,0,1,CH5,P5  ,1, 8.38E+2,0,1,CH6,P6,1, 9.84E-3,0,1,
12-04-18,22:18:36,CH1,P1  ,1, 1.47E-5,0,1,CH2,P2  ,1, 5.01E-4,1,1,CH3,P3  ,1, 0.00E+0,0,1,CH4,P4  ,1, 2.34E+2,0,1,CH5,P5  ,1, 8.38E+2,0,1,CH6,P6,1, 9.79E-3,0,1,
12-04-18,22:19:37,CH1,P1  ,1, 1.47E-5,0,1,CH2,P2  ,1, 5.01E-4,1,1,CH3,P3  ,1, 0.00E+0,0,1,CH4,P4  ,1, 2.34E+2,0,1,CH5,P5  ,1, 8.38E+2,0,1,CH6,P6,1, 9.80E-3,0,1,
12-04-18,22:20:37,CH1,P1  ,1, 1.47E-5,0,1,CH2,P2  ,1, 5.01E-4,1,1,CH3,P3  ,1, 0.00E+0,0,1,CH4,P4  ,1, 2.34E+2,0,1,CH5,P5  ,1, 8.37E+2,0,1,CH6,P6,1, 9.82E-3,0,1,
12-04-18,22:21:38,CH1,P1  ,1, 1.46E-5,0,1,CH2,P2  ,1, 5.01E-4,1,1,CH3,P3  ,1,-1.00E+0,0,1,CH4,P4  ,1, 2.34E+2,0,1,CH5,P5  ,1, 8.37E+2,0,1,CH6,P6,1, 9.79E-3,0,1,
12-04-18,22:22:38,CH1,P1  ,1, 1.46E-5,0,1,CH2,P2  ,1, 5.01E-4,1,1,CH3,P3  ,1, 0.00E+0,0,1,CH4,P4  ,1, 2.34E+2,0,1,CH5,P5  ,1, 8.38E+2,0,1,CH6,P6,1, 9.77E-3,0,1,
12-04-18,22:23:38,CH1,P1  ,1, 1.46E-5,0,1,CH2,P2  ,1, 5.01E-4,1,1,CH3,P3  ,1, 0.00E+0,0,1,CH4,P4  ,1, 2.34E+2,0,1,CH5,P5  ,1, 8.38E+2,0,1,CH6,P6,1, 9.77E-3,0,1,
12-04-18,22:24:38,CH1,P1  ,1, 1.45E-5,0,1,CH2,P2  ,1, 5.01E-4,1,1,CH3,P3  ,1, 0.00E+0,0,1,CH4,P4  ,1, 2.34E+2,0,1,CH5,P5  ,1, 8.38E+2,0,1,CH6,P6,1, 9.75E-3,0,1,
12-04-18,22:25:38,CH1,P1  ,1, 1.45E-5,0,1,CH2,P2  ,1, 5.01E-4,1,1,CH3,P3  ,1,-1.00E+0,0,1,CH4,P4  ,1, 2.34E+2,0,1,CH5,P5  ,1, 8.37E+2,0,1,CH6,P6,1, 9.75E-3,0,1,
12-04-18,22:26:39,CH1,P1  ,1, 1.45E-5,0,1,CH2,P2  ,1, 5.01E-4,1,1,CH3,P3  ,1,-1.00E+0,0,1,CH4,P4  ,1, 2.34E+2,0,1,CH5,P5  ,1, 8.38E+2,0,1,CH6,P6,1, 9.74E-3,0,1,
12-04-18,22:27:39,CH1,P1  ,1, 1.44E-5,0,1,CH2,P2  ,1, 5.01E-4,1,1,CH3,P3  ,1,-1.00E+0,0,1,CH4,P4  ,1, 2.34E+2,0,1,CH5,P5  ,1, 8.38E+2,0,1,CH6,P6,1, 9.74E-3,0,1,
12-04-18,22:28:39,CH1,P1  ,1, 1.44E-5,0,1,CH2,P2  ,1, 5.01E-4,1,1,CH3,P3  ,1, 0.00E+0,0,1,CH4,P4  ,1, 2.34E+2,0,1,CH5,P5  ,1, 8.37E+2,0,1,CH6,P6,1, 9.73E-3,0,1,
12-04-18,22:29:40,CH1,P1  ,1, 1.43E-5,0,1,CH2,P2  ,1, 5.01E-4,1,1,CH3,P3  ,1, 0.00E+0,0,1,CH4,P4  ,1, 2.34E+2,0,1,CH5,P5  ,1, 8.38E+2,0,1,CH6,P6,1, 9.73E-3,0,1,
12-04-18,22:30:40,CH1,P1  ,1, 1.43E-5,0,1,CH2,P2  ,1, 5.01E-4,1,1,CH3,P3  ,1,-1.00E+0,0,1,CH4,P4  ,1, 2.34E+2,0,1,CH5,P5  ,1, 8.38E+2,0,1,CH6,P6,1, 9.73E-3,0,1,
12-04-18,22:31:41,CH1,P1  ,1, 1.43E-5,0,1,CH2,P2  ,1, 5.01E-4,1,1,CH3,P3  ,1,-1.00E+0,0,1,CH4,P4  ,1, 2.34E+2,0,1,CH5,P5  ,1, 8.38E+2,0,1,CH6,P6,1, 9.71E-3,0,1,
12-04-18,22:32:41,CH1,P1  ,1, 1.43E-5,0,1,CH2,P2  ,1, 5.01E-4,1,1,CH3,P3  ,1,-1.00E+0,0,1,CH4,P4  ,1, 2.34E+2,0,1,CH5,P5  ,1, 8.37E+2,0,1,CH6,P6,1, 9.71E-3,0,1,
12-04-18,22:33:41,CH1,P1  ,1, 1.42E-5,0,1,CH2,P2  ,1, 5.01E-4,1,1,CH3,P3  ,1, 0.00E+0,0,1,CH4,P4  ,1, 2.34E+2,0,1,CH5,P5  ,1, 8.38E+2,0,1,CH6,P6,1, 9.69E-3,0,1,
12-04-18,22:34:42,CH1,P1  ,1, 1.42E-5,0,1,CH2,P2  ,1, 5.01E-4,1,1,CH3,P3  ,1,-1.00E+0,0,1,CH4,P4  ,1, 2.34E+2,0,1,CH5,P5  ,1, 8.38E+2,0,1,CH6,P6,1, 9.69E-3,0,1,
12-04-18,22:35:42,CH1,P1  ,1, 1.42E-5,0,1,CH2,P2  ,1, 5.01E-4,1,1,CH3,P3  ,1,-1.00E+0,0,1,CH4,P4  ,1, 2.34E+2,0,1,CH5,P5  ,1, 8.38E+2,0,1,CH6,P6,1, 9.68E-3,0,1,
12-04-18,22:36:42,CH1,P1  ,1, 1.42E-5,0,1,CH2,P2  ,1, 5.01E-4,1,1,CH3,P3  ,1,-1.00E+0,0,1,CH4,P4  ,1, 2.34E+2,0,1,CH5,P5  ,1, 8.38E+2,0,1,CH6,P6,1, 9.68E-3,0,1,
12-04-18,22:37:43,CH1,P1  ,1, 1.41E-5,0,1,CH2,P2  ,1, 5.01E-4,1,1,CH3,P3  ,1,-1.00E+0,0,1,CH4,P4  ,1, 2.34E+2,0,1,CH5,P5  ,1, 8.38E+2,0,1,CH6,P6,1, 9.66E-3,0,1,
12-04-18,22:38:43,CH1,P1  ,1, 1.40E-5,0,1,CH2,P2  ,1, 5.01E-4,1,1,CH3,P3  ,1, 0.00E+0,0,1,CH4,P4  ,1, 2.34E+2,0,1,CH5,P5  ,1, 8.38E+2,0,1,CH6,P6,1, 9.67E-3,0,1,
12-04-18,22:39:43,CH1,P1  ,1, 1.40E-5,0,1,CH2,P2  ,1, 5.01E-4,1,1,CH3,P3  ,1,-1.00E+0,0,1,CH4,P4  ,1, 2.34E+2,0,1,CH5,P5  ,1, 8.38E+2,0,1,CH6,P6,1, 9.67E-3,0,1,
12-04-18,22:40:44,CH1,P1  ,1, 1.41E-5,0,1,CH2,P2  ,1, 5.01E-4,1,1,CH3,P3  ,1, 0.00E+0,0,1,CH4,P4  ,1, 2.34E+2,0,1,CH5,P5  ,1, 8.38E+2,0,1,CH6,P6,1, 9.65E-3,0,1,
12-04-18,22:41:44,CH1,P1  ,1, 1.41E-5,0,1,CH2,P2  ,1, 5.01E-4,1,1,CH3,P3  ,1,-1.00E+0,0,1,CH4,P4  ,1, 2.34E+2,0,1,CH5,P5  ,1, 8.38E+2,0,1,CH6,P6,1, 9.63E-3,0,1,
12-04-18,22:42:45,CH1,P1  ,1, 1.40E-5,0,1,CH2,P2  ,1, 5.01E-4,1,1,CH3,P3  ,1, 0.00E+0,0,1,CH4,P4  ,1, 2.34E+2,0,1,CH5,P5  ,1, 8.37E+2,0,1,CH6,P6,1, 9.66E-3,0,1,
12-04-18,22:43:45,CH1,P1  ,1, 1.40E-5,0,1,CH2,P2  ,1, 5.01E-4,1,1,CH3,P3  ,1,-1.00E+0,0,1,CH4,P4  ,1, 2.34E+2,0,1,CH5,P5  ,1, 8.37E+2,0,1,CH6,P6,1, 9.61E-3,0,1,
12-04-18,22:44:46,CH1,P1  ,1, 1.40E-5,0,1,CH2,P2  ,1, 5.01E-4,1,1,CH3,P3  ,1,-1.00E+0,0,1,CH4,P4  ,1, 2.34E+2,0,1,CH5,P5  ,1, 8.38E+2,0,1,CH6,P6,1, 9.62E-3,0,1,
12-04-18,22:45:46,CH1,P1  ,1, 1.39E-5,0,1,CH2,P2  ,1, 5.01E-4,1,1,CH3,P3  ,1, 0.00E+0,0,1,CH4,P4  ,1, 2.34E+2,0,1,CH5,P5  ,1, 8.38E+2,0,1,CH6,P6,1, 9.61E-3,0,1,
12-04-18,22:46:46,CH1,P1  ,1, 1.39E-5,0,1,CH2,P2  ,1, 5.01E-4,1,1,CH3,P3  ,1,-1.00E+0,0,1,CH4,P4  ,1, 2.34E+2,0,1,CH5,P5  ,1, 8.38E+2,0,1,CH6,P6,1, 9.62E-3,0,1,
12-04-18,22:47:47,CH1,P1  ,1, 1.38E-5,0,1,CH2,P2  ,1, 5.01E-4,1,1,CH3,P3  ,1,-1.00E+0,0,1,CH4,P4  ,1, 2.34E+2,0,1,CH5,P5  ,1, 8.38E+2,0,1,CH6,P6,1, 9.59E-3,0,1,
12-04-18,22:48:47,CH1,P1  ,1, 1.38E-5,0,1,CH2,P2  ,1, 5.01E-4,1,1,CH3,P3  ,1, 0.00E+0,0,1,CH4,P4  ,1, 2.34E+2,0,1,CH5,P5  ,1, 8.38E+2,0,1,CH6,P6,1, 9.60E-3,0,1,
12-04-18,22:49:47,CH1,P1  ,1, 1.38E-5,0,1,CH2,P2  ,1, 5.01E-4,1,1,CH3,P3  ,1, 0.00E+0,0,1,CH4,P4  ,1, 2.34E+2,0,1,CH5,P5  ,1, 8.38E+2,0,1,CH6,P6,1, 9.58E-3,0,1,
12-04-18,22:50:48,CH1,P1  ,1, 1.37E-5,0,1,CH2,P2  ,1, 5.01E-4,1,1,CH3,P3  ,1,-1.00E+0,0,1,CH4,P4  ,1, 2.34E+2,0,1,CH5,P5  ,1, 8.38E+2,0,1,CH6,P6,1, 9.57E-3,0,1,
12-04-18,22:51:48,CH1,P1  ,1, 1.50E-5,0,1,CH2,P2  ,1, 5.01E-4,1,1,CH3,P3  ,1,-1.00E+0,0,1,CH4,P4  ,1, 2.34E+2,0,1,CH5,P5  ,1, 8.37E+2,0,1,CH6,P6,1, 9.61E-3,0,1,
12-04-18,22:52:49,CH1,P1  ,1, 1.39E-5,0,1,CH2,P2  ,1, 5.01E-4,1,1,CH3,P3  ,1,-1.00E+0,0,1,CH4,P4  ,1, 2.34E+2,0,1,CH5,P5  ,1, 8.38E+2,0,1,CH6,P6,1, 9.54E-3,0,1,
12-04-18,22:53:49,CH1,P1  ,1, 1.37E-5,0,1,CH2,P2  ,1, 5.01E-4,1,1,CH3,P3  ,1,-1.00E+0,0,1,CH4,P4  ,1, 2.34E+2,0,1,CH5,P5  ,1, 8.37E+2,0,1,CH6,P6,1, 9.52E-3,0,1,
12-04-18,22:54:50,CH1,P1  ,1, 1.36E-5,0,1,CH2,P2  ,1, 5.01E-4,1,1,CH3,P3  ,1, 0.00E+0,0,1,CH4,P4  ,1, 2.34E+2,0,1,CH5,P5  ,1, 8.38E+2,0,1,CH6,P6,1, 9.50E-3,0,1,
12-04-18,22:55:50,CH1,P1  ,1, 1.36E-5,0,1,CH2,P2  ,1, 5.01E-4,1,1,CH3,P3  ,1,-1.00E+0,0,1,CH4,P4  ,1, 2.34E+2,0,1,CH5,P5  ,1, 8.39E+2,0,1,CH6,P6,1, 9.51E-3,0,1,
12-04-18,22:56:50,CH1,P1  ,1, 1.36E-5,0,1,CH2,P2  ,1, 5.01E-4,1,1,CH3,P3  ,1,-1.00E+0,0,1,CH4,P4  ,1, 2.34E+2,0,1,CH5,P5  ,1, 8.38E+2,0,1,CH6,P6,1, 9.48E-3,0,1,
12-04-18,22:57:51,CH1,P1  ,1, 1.35E-5,0,1,CH2,P2  ,1, 5.01E-4,1,1,CH3,P3  ,1,-1.00E+0,0,1,CH4,P4  ,1, 2.34E+2,0,1,CH5,P5  ,1, 8.38E+2,0,1,CH6,P6,1, 9.47E-3,0,1,
12-04-18,22:58:51,CH1,P1  ,1, 1.35E-5,0,1,CH2,P2  ,1, 5.01E-4,1,1,CH3,P3  ,1,-1.00E+0,0,1,CH4,P4  ,1, 2.34E+2,0,1,CH5,P5  ,1, 8.38E+2,0,1,CH6,P6,1, 9.46E-3,0,1,
12-04-18,22:59:51,CH1,P1  ,1, 1.35E-5,0,1,CH2,P2  ,1, 5.01E-4,1,1,CH3,P3  ,1,-1.00E+0,0,1,CH4,P4  ,1, 2.34E+2,0,1,CH5,P5  ,1, 8.38E+2,0,1,CH6,P6,1, 9.43E-3,0,1,
12-04-18,23:00:52,CH1,P1  ,1, 1.35E-5,0,1,CH2,P2  ,1, 5.01E-4,1,1,CH3,P3  ,1, 0.00E+0,0,1,CH4,P4  ,1, 2.34E+2,0,1,CH5,P5  ,1, 8.38E+2,0,1,CH6,P6,1, 9.42E-3,0,1,
12-04-18,23:01:53,CH1,P1  ,1, 1.34E-5,0,1,CH2,P2  ,1, 5.01E-4,1,1,CH3,P3  ,1,-1.00E+0,0,1,CH4,P4  ,1, 2.34E+2,0,1,CH5,P5  ,1, 8.38E+2,0,1,CH6,P6,1, 9.45E-3,0,1,
12-04-18,23:02:53,CH1,P1  ,1, 1.34E-5,0,1,CH2,P2  ,1, 5.01E-4,1,1,CH3,P3  ,1, 0.00E+0,0,1,CH4,P4  ,1, 2.34E+2,0,1,CH5,P5  ,1, 8.38E+2,0,1,CH6,P6,1, 9.41E-3,0,1,
12-04-18,23:03:53,CH1,P1  ,1, 1.34E-5,0,1,CH2,P2  ,1, 5.01E-4,1,1,CH3,P3  ,1, 0.00E+0,0,1,CH4,P4  ,1, 2.34E+2,0,1,CH5,P5  ,1, 8.38E+2,0,1,CH6,P6,1, 9.41E-3,0,1,
12-04-18,23:04:54,CH1,P1  ,1, 1.33E-5,0,1,CH2,P2  ,1, 5.01E-4,1,1,CH3,P3  ,1, 0.00E+0,0,1,CH4,P4  ,1, 2.34E+2,0,1,CH5,P5  ,1, 8.38E+2,0,1,CH6,P6,1, 9.41E-3,0,1,
12-04-18,23:05:54,CH1,P1  ,1, 1.33E-5,0,1,CH2,P2  ,1, 5.01E-4,1,1,CH3,P3  ,1, 0.00E+0,0,1,CH4,P4  ,1, 2.34E+2,0,1,CH5,P5  ,1, 8.38E+2,0,1,CH6,P6,1, 9.42E-3,0,1,
12-04-18,23:06:54,CH1,P1  ,1, 1.33E-5,0,1,CH2,P2  ,1, 5.01E-4,1,1,CH3,P3  ,1, 0.00E+0,0,1,CH4,P4  ,1, 2.34E+2,0,1,CH5,P5  ,1, 8.38E+2,0,1,CH6,P6,1, 9.40E-3,0,1,
12-04-18,23:07:55,CH1,P1  ,1, 1.33E-5,0,1,CH2,P2  ,1, 5.01E-4,1,1,CH3,P3  ,1,-1.00E+0,0,1,CH4,P4  ,1, 2.34E+2,0,1,CH5,P5  ,1, 8.37E+2,0,1,CH6,P6,1, 9.40E-3,0,1,
12-04-18,23:08:55,CH1,P1  ,1, 1.33E-5,0,1,CH2,P2  ,1, 5.01E-4,1,1,CH3,P3  ,1,-1.00E+0,0,1,CH4,P4  ,1, 2.34E+2,0,1,CH5,P5  ,1, 8.39E+2,0,1,CH6,P6,1, 9.41E-3,0,1,
12-04-18,23:09:55,CH1,P1  ,1, 1.32E-5,0,1,CH2,P2  ,1, 5.01E-4,1,1,CH3,P3  ,1,-1.00E+0,0,1,CH4,P4  ,1, 2.34E+2,0,1,CH5,P5  ,1, 8.39E+2,0,1,CH6,P6,1, 9.40E-3,0,1,
12-04-18,23:10:56,CH1,P1  ,1, 1.33E-5,0,1,CH2,P2  ,1, 5.01E-4,1,1,CH3,P3  ,1,-1.00E+0,0,1,CH4,P4  ,1, 2.34E+2,0,1,CH5,P5  ,1, 8.38E+2,0,1,CH6,P6,1, 9.40E-3,0,1,
12-04-18,23:11:56,CH1,P1  ,1, 1.32E-5,0,1,CH2,P2  ,1, 5.01E-4,1,1,CH3,P3  ,1, 0.00E+0,0,1,CH4,P4  ,1, 2.34E+2,0,1,CH5,P5  ,1, 8.37E+2,0,1,CH6,P6,1, 9.38E-3,0,1,
12-04-18,23:12:57,CH1,P1  ,1, 1.32E-5,0,1,CH2,P2  ,1, 5.01E-4,1,1,CH3,P3  ,1,-1.00E+0,0,1,CH4,P4  ,1, 2.34E+2,0,1,CH5,P5  ,1, 8.38E+2,0,1,CH6,P6,1, 9.39E-3,0,1,
12-04-18,23:13:57,CH1,P1  ,1, 1.32E-5,0,1,CH2,P2  ,1, 5.01E-4,1,1,CH3,P3  ,1, 0.00E+0,0,1,CH4,P4  ,1, 2.34E+2,0,1,CH5,P5  ,1, 8.37E+2,0,1,CH6,P6,1, 9.39E-3,0,1,
12-04-18,23:14:58,CH1,P1  ,1, 1.31E-5,0,1,CH2,P2  ,1, 5.01E-4,1,1,CH3,P3  ,1,-1.00E+0,0,1,CH4,P4  ,1, 2.34E+2,0,1,CH5,P5  ,1, 8.37E+2,0,1,CH6,P6,1, 9.39E-3,0,1,
12-04-18,23:15:58,CH1,P1  ,1, 1.31E-5,0,1,CH2,P2  ,1, 5.01E-4,1,1,CH3,P3  ,1, 0.00E+0,0,1,CH4,P4  ,1, 2.34E+2,0,1,CH5,P5  ,1, 8.38E+2,0,1,CH6,P6,1, 9.39E-3,0,1,
12-04-18,23:16:59,CH1,P1  ,1, 1.31E-5,0,1,CH2,P2  ,1, 5.01E-4,1,1,CH3,P3  ,1, 0.00E+0,0,1,CH4,P4  ,1, 2.34E+2,0,1,CH5,P5  ,1, 8.38E+2,0,1,CH6,P6,1, 9.37E-3,0,1,
12-04-18,23:17:59,CH1,P1  ,1, 1.31E-5,0,1,CH2,P2  ,1, 5.01E-4,1,1,CH3,P3  ,1, 0.00E+0,0,1,CH4,P4  ,1, 2.34E+2,0,1,CH5,P5  ,1, 8.37E+2,0,1,CH6,P6,1, 9.39E-3,0,1,
12-04-18,23:19:00,CH1,P1  ,1, 1.31E-5,0,1,CH2,P2  ,1, 5.01E-4,1,1,CH3,P3  ,1,-1.00E+0,0,1,CH4,P4  ,1, 2.34E+2,0,1,CH5,P5  ,1, 8.38E+2,0,1,CH6,P6,1, 9.36E-3,0,1,
12-04-18,23:20:00,CH1,P1  ,1, 1.31E-5,0,1,CH2,P2  ,1, 5.01E-4,1,1,CH3,P3  ,1, 0.00E+0,0,1,CH4,P4  ,1, 2.34E+2,0,1,CH5,P5  ,1, 8.38E+2,0,1,CH6,P6,1, 9.36E-3,0,1,
12-04-18,23:21:00,CH1,P1  ,1, 1.31E-5,0,1,CH2,P2  ,1, 5.01E-4,1,1,CH3,P3  ,1,-1.00E+0,0,1,CH4,P4  ,1, 2.34E+2,0,1,CH5,P5  ,1, 8.38E+2,0,1,CH6,P6,1, 9.35E-3,0,1,
12-04-18,23:22:01,CH1,P1  ,1, 1.30E-5,0,1,CH2,P2  ,1, 5.01E-4,1,1,CH3,P3  ,1, 0.00E+0,0,1,CH4,P4  ,1, 2.34E+2,0,1,CH5,P5  ,1, 8.38E+2,0,1,CH6,P6,1, 9.32E-3,0,1,
12-04-18,23:23:01,CH1,P1  ,1, 1.30E-5,0,1,CH2,P2  ,1, 5.01E-4,1,1,CH3,P3  ,1, 0.00E+0,0,1,CH4,P4  ,1, 2.34E+2,0,1,CH5,P5  ,1, 8.38E+2,0,1,CH6,P6,1, 9.31E-3,0,1,
12-04-18,23:24:02,CH1,P1  ,1, 1.30E-5,0,1,CH2,P2  ,1, 5.01E-4,1,1,CH3,P3  ,1,-1.00E+0,0,1,CH4,P4  ,1, 2.34E+2,0,1,CH5,P5  ,1, 8.38E+2,0,1,CH6,P6,1, 9.31E-3,0,1,
12-04-18,23:25:02,CH1,P1  ,1, 1.29E-5,0,1,CH2,P2  ,1, 5.01E-4,1,1,CH3,P3  ,1, 0.00E+0,0,1,CH4,P4  ,1, 2.34E+2,0,1,CH5,P5  ,1, 8.37E+2,0,1,CH6,P6,1, 9.29E-3,0,1,
12-04-18,23:26:03,CH1,P1  ,1, 1.29E-5,0,1,CH2,P2  ,1, 5.01E-4,1,1,CH3,P3  ,1, 0.00E+0,0,1,CH4,P4  ,1, 2.34E+2,0,1,CH5,P5  ,1, 8.38E+2,0,1,CH6,P6,1, 9.27E-3,0,1,
12-04-18,23:27:03,CH1,P1  ,1, 1.29E-5,0,1,CH2,P2  ,1, 5.01E-4,1,1,CH3,P3  ,1,-1.00E+0,0,1,CH4,P4  ,1, 2.34E+2,0,1,CH5,P5  ,1, 8.37E+2,0,1,CH6,P6,1, 9.23E-3,0,1,
12-04-18,23:28:03,CH1,P1  ,1, 1.28E-5,0,1,CH2,P2  ,1, 5.01E-4,1,1,CH3,P3  ,1,-1.00E+0,0,1,CH4,P4  ,1, 2.34E+2,0,1,CH5,P5  ,1, 8.38E+2,0,1,CH6,P6,1, 9.23E-3,0,1,
12-04-18,23:29:04,CH1,P1  ,1, 1.28E-5,0,1,CH2,P2  ,1, 5.01E-4,1,1,CH3,P3  ,1, 0.00E+0,0,1,CH4,P4  ,1, 2.34E+2,0,1,CH5,P5  ,1, 8.38E+2,0,1,CH6,P6,1, 9.24E-3,0,1,
12-04-18,23:30:04,CH1,P1  ,1, 1.28E-5,0,1,CH2,P2  ,1, 5.01E-4,1,1,CH3,P3  ,1,-1.00E+0,0,1,CH4,P4  ,1, 2.34E+2,0,1,CH5,P5  ,1, 8.38E+2,0,1,CH6,P6,1, 9.21E-3,0,1,
12-04-18,23:31:05,CH1,P1  ,1, 1.27E-5,0,1,CH2,P2  ,1, 5.01E-4,1,1,CH3,P3  ,1, 0.00E+0,0,1,CH4,P4  ,1, 2.34E+2,0,1,CH5,P5  ,1, 8.38E+2,0,1,CH6,P6,1, 9.21E-3,0,1,
12-04-18,23:32:05,CH1,P1  ,1, 1.27E-5,0,1,CH2,P2  ,1, 5.01E-4,1,1,CH3,P3  ,1, 0.00E+0,0,1,CH4,P4  ,1, 2.34E+2,0,1,CH5,P5  ,1, 8.38E+2,0,1,CH6,P6,1, 9.20E-3,0,1,
12-04-18,23:33:06,CH1,P1  ,1, 1.27E-5,0,1,CH2,P2  ,1, 5.01E-4,1,1,CH3,P3  ,1,-1.00E+0,0,1,CH4,P4  ,1, 2.34E+2,0,1,CH5,P5  ,1, 8.38E+2,0,1,CH6,P6,1, 9.17E-3,0,1,
12-04-18,23:34:06,CH1,P1  ,1, 1.26E-5,0,1,CH2,P2  ,1, 5.01E-4,1,1,CH3,P3  ,1, 0.00E+0,0,1,CH4,P4  ,1, 2.34E+2,0,1,CH5,P5  ,1, 8.38E+2,0,1,CH6,P6,1, 9.17E-3,0,1,
12-04-18,23:35:06,CH1,P1  ,1, 1.26E-5,0,1,CH2,P2  ,1, 5.01E-4,1,1,CH3,P3  ,1, 0.00E+0,0,1,CH4,P4  ,1, 2.34E+2,0,1,CH5,P5  ,1, 8.37E+2,0,1,CH6,P6,1, 9.17E-3,0,1,
12-04-18,23:36:07,CH1,P1  ,1, 1.26E-5,0,1,CH2,P2  ,1, 5.01E-4,1,1,CH3,P3  ,1, 0.00E+0,0,1,CH4,P4  ,1, 2.34E+2,0,1,CH5,P5  ,1, 8.38E+2,0,1,CH6,P6,1, 9.17E-3,0,1,
12-04-18,23:37:07,CH1,P1  ,1, 1.26E-5,0,1,CH2,P2  ,1, 5.01E-4,1,1,CH3,P3  ,1,-1.00E+0,0,1,CH4,P4  ,1, 2.34E+2,0,1,CH5,P5  ,1, 8.38E+2,0,1,CH6,P6,1, 9.16E-3,0,1,
12-04-18,23:38:08,CH1,P1  ,1, 1.25E-5,0,1,CH2,P2  ,1, 5.01E-4,1,1,CH3,P3  ,1, 0.00E+0,0,1,CH4,P4  ,1, 2.34E+2,0,1,CH5,P5  ,1, 8.38E+2,0,1,CH6,P6,1, 9.17E-3,0,1,
12-04-18,23:39:08,CH1,P1  ,1, 1.25E-5,0,1,CH2,P2  ,1, 5.01E-4,1,1,CH3,P3  ,1, 0.00E+0,0,1,CH4,P4  ,1, 2.34E+2,0,1,CH5,P5  ,1, 8.38E+2,0,1,CH6,P6,1, 9.17E-3,0,1,
12-04-18,23:40:09,CH1,P1  ,1, 1.25E-5,0,1,CH2,P2  ,1, 5.01E-4,1,1,CH3,P3  ,1, 0.00E+0,0,1,CH4,P4  ,1, 2.34E+2,0,1,CH5,P5  ,1, 8.38E+2,0,1,CH6,P6,1, 9.15E-3,0,1,
12-04-18,23:41:09,CH1,P1  ,1, 1.24E-5,0,1,CH2,P2  ,1, 5.01E-4,1,1,CH3,P3  ,1,-1.00E+0,0,1,CH4,P4  ,1, 2.34E+2,0,1,CH5,P5  ,1, 8.37E+2,0,1,CH6,P6,1, 9.15E-3,0,1,
12-04-18,23:42:09,CH1,P1  ,1, 1.24E-5,0,1,CH2,P2  ,1, 5.01E-4,1,1,CH3,P3  ,1, 0.00E+0,0,1,CH4,P4  ,1, 2.34E+2,0,1,CH5,P5  ,1, 8.38E+2,0,1,CH6,P6,1, 9.15E-3,0,1,
12-04-18,23:43:10,CH1,P1  ,1, 1.24E-5,0,1,CH2,P2  ,1, 5.01E-4,1,1,CH3,P3  ,1, 0.00E+0,0,1,CH4,P4  ,1, 2.34E+2,0,1,CH5,P5  ,1, 8.37E+2,0,1,CH6,P6,1, 9.16E-3,0,1,
12-04-18,23:44:10,CH1,P1  ,1, 1.23E-5,0,1,CH2,P2  ,1, 5.01E-4,1,1,CH3,P3  ,1,-1.00E+0,0,1,CH4,P4  ,1, 2.34E+2,0,1,CH5,P5  ,1, 8.38E+2,0,1,CH6,P6,1, 9.14E-3,0,1,
12-04-18,23:45:11,CH1,P1  ,1, 1.23E-5,0,1,CH2,P2  ,1, 5.01E-4,1,1,CH3,P3  ,1, 0.00E+0,0,1,CH4,P4  ,1, 2.34E+2,0,1,CH5,P5  ,1, 8.37E+2,0,1,CH6,P6,1, 9.14E-3,0,1,
12-04-18,23:46:11,CH1,P1  ,1, 1.23E-5,0,1,CH2,P2  ,1, 5.01E-4,1,1,CH3,P3  ,1, 0.00E+0,0,1,CH4,P4  ,1, 2.34E+2,0,1,CH5,P5  ,1, 8.38E+2,0,1,CH6,P6,1, 9.12E-3,0,1,
12-04-18,23:47:12,CH1,P1  ,1, 1.22E-5,0,1,CH2,P2  ,1, 5.01E-4,1,1,CH3,P3  ,1,-1.00E+0,0,1,CH4,P4  ,1, 2.34E+2,0,1,CH5,P5  ,1, 8.37E+2,0,1,CH6,P6,1, 9.14E-3,0,1,
12-04-18,23:48:12,CH1,P1  ,1, 1.22E-5,0,1,CH2,P2  ,1, 5.01E-4,1,1,CH3,P3  ,1,-1.00E+0,0,1,CH4,P4  ,1, 2.34E+2,0,1,CH5,P5  ,1, 8.37E+2,0,1,CH6,P6,1, 9.11E-3,0,1,
12-04-18,23:49:12,CH1,P1  ,1, 1.22E-5,0,1,CH2,P2  ,1, 5.01E-4,1,1,CH3,P3  ,1, 0.00E+0,0,1,CH4,P4  ,1, 2.34E+2,0,1,CH5,P5  ,1, 8.37E+2,0,1,CH6,P6,1, 9.11E-3,0,1,
12-04-18,23:50:13,CH1,P1  ,1, 1.22E-5,0,1,CH2,P2  ,1, 5.01E-4,1,1,CH3,P3  ,1, 0.00E+0,0,1,CH4,P4  ,1, 2.34E+2,0,1,CH5,P5  ,1, 8.37E+2,0,1,CH6,P6,1, 9.10E-3,0,1,
12-04-18,23:51:13,CH1,P1  ,1, 1.22E-5,0,1,CH2,P2  ,1, 5.01E-4,1,1,CH3,P3  ,1,-1.00E+0,0,1,CH4,P4  ,1, 2.34E+2,0,1,CH5,P5  ,1, 8.38E+2,0,1,CH6,P6,1, 9.10E-3,0,1,
12-04-18,23:52:13,CH1,P1  ,1, 1.22E-5,0,1,CH2,P2  ,1, 5.01E-4,1,1,CH3,P3  ,1, 0.00E+0,0,1,CH4,P4  ,1, 2.34E+2,0,1,CH5,P5  ,1, 8.38E+2,0,1,CH6,P6,1, 9.12E-3,0,1,
12-04-18,23:53:14,CH1,P1  ,1, 1.22E-5,0,1,CH2,P2  ,1, 5.01E-4,1,1,CH3,P3  ,1, 0.00E+0,0,1,CH4,P4  ,1, 2.34E+2,0,1,CH5,P5  ,1, 8.38E+2,0,1,CH6,P6,1, 9.08E-3,0,1,
12-04-18,23:54:15,CH1,P1  ,1, 1.21E-5,0,1,CH2,P2  ,1, 5.01E-4,1,1,CH3,P3  ,1,-1.00E+0,0,1,CH4,P4  ,1, 2.34E+2,0,1,CH5,P5  ,1, 8.38E+2,0,1,CH6,P6,1, 9.09E-3,0,1,
12-04-18,23:55:15,CH1,P1  ,1, 1.21E-5,0,1,CH2,P2  ,1, 5.01E-4,1,1,CH3,P3  ,1,-1.00E+0,0,1,CH4,P4  ,1, 2.34E+2,0,1,CH5,P5  ,1, 8.38E+2,0,1,CH6,P6,1, 9.08E-3,0,1,
12-04-18,23:56:15,CH1,P1  ,1, 1.21E-5,0,1,CH2,P2  ,1, 5.01E-4,1,1,CH3,P3  ,1, 0.00E+0,0,1,CH4,P4  ,1, 2.34E+2,0,1,CH5,P5  ,1, 8.38E+2,0,1,CH6,P6,1, 9.07E-3,0,1,
12-04-18,23:57:16,CH1,P1  ,1, 1.21E-5,0,1,CH2,P2  ,1, 5.01E-4,1,1,CH3,P3  ,1,-1.00E+0,0,1,CH4,P4  ,1, 2.34E+2,0,1,CH5,P5  ,1, 8.37E+2,0,1,CH6,P6,1, 9.06E-3,0,1,
12-04-18,23:58:16,CH1,P1  ,1, 1.21E-5,0,1,CH2,P2  ,1, 5.01E-4,1,1,CH3,P3  ,1, 0.00E+0,0,1,CH4,P4  ,1, 2.34E+2,0,1,CH5,P5  ,1, 8.38E+2,0,1,CH6,P6,1, 9.07E-3,0,1,
12-04-18,23:59:16,CH1,P1  ,1, 1.20E-5,0,1,CH2,P2  ,1, 5.01E-4,1,1,CH3,P3  ,1, 0.00E+0,0,1,CH4,P4  ,1, 2.34E+2,0,1,CH5,P5  ,1, 8.38E+2,0,1,CH6,P6,1, 9.10E-3,0,1,
